[2024-05-30T07:46:39.090+0000] {local_task_job_runner.py:120} INFO - ::group::Pre task execution logs
[2024-05-30T07:46:39.112+0000] {taskinstance.py:2076} INFO - Dependencies all met for dep_context=non-requeueable deps ti=<TaskInstance: example_complex.search_catalog manual__2024-05-30T07:46:29.496104+00:00 [queued]>
[2024-05-30T07:46:39.123+0000] {taskinstance.py:2076} INFO - Dependencies all met for dep_context=requeueable deps ti=<TaskInstance: example_complex.search_catalog manual__2024-05-30T07:46:29.496104+00:00 [queued]>
[2024-05-30T07:46:39.124+0000] {taskinstance.py:2306} INFO - Starting attempt 1 of 1
[2024-05-30T07:46:39.135+0000] {taskinstance.py:2330} INFO - Executing <Task(BashOperator): search_catalog> on 2024-05-30 07:46:29.496104+00:00
[2024-05-30T07:46:39.150+0000] {logging_mixin.py:188} WARNING - /home/***/.local/lib/python3.12/site-packages/***/task/task_runner/standard_task_runner.py:61 DeprecationWarning: This process (pid=3657) is multi-threaded, use of fork() may lead to deadlocks in the child.
[2024-05-30T07:46:39.151+0000] {standard_task_runner.py:63} INFO - Started process 3671 to run task
[2024-05-30T07:46:39.145+0000] {standard_task_runner.py:90} INFO - Running: ['***', 'tasks', 'run', 'example_complex', 'search_catalog', 'manual__2024-05-30T07:46:29.496104+00:00', '--job-id', '28', '--raw', '--subdir', '/home/***/.local/lib/python3.12/site-packages/***/example_dags/example_complex.py', '--cfg-path', '/tmp/tmpmaah4n8h']
[2024-05-30T07:46:39.154+0000] {standard_task_runner.py:91} INFO - Job 28: Subtask search_catalog
[2024-05-30T07:46:39.202+0000] {task_command.py:426} INFO - Running <TaskInstance: example_complex.search_catalog manual__2024-05-30T07:46:29.496104+00:00 [running]> on host fc2d9abb473f
[2024-05-30T07:46:39.252+0000] {taskinstance.py:2648} INFO - Exporting env vars: AIRFLOW_CTX_DAG_OWNER='***' AIRFLOW_CTX_DAG_ID='example_complex' AIRFLOW_CTX_TASK_ID='search_catalog' AIRFLOW_CTX_EXECUTION_DATE='2024-05-30T07:46:29.496104+00:00' AIRFLOW_CTX_TRY_NUMBER='1' AIRFLOW_CTX_DAG_RUN_ID='manual__2024-05-30T07:46:29.496104+00:00'
[2024-05-30T07:46:39.253+0000] {taskinstance.py:430} INFO - ::endgroup::
[2024-05-30T07:46:39.253+0000] {subprocess.py:63} INFO - Tmp dir root location: /tmp
[2024-05-30T07:46:39.254+0000] {subprocess.py:75} INFO - Running command: ['/usr/bin/bash', '-c', 'echo search_catalog']
[2024-05-30T07:46:39.272+0000] {subprocess.py:86} INFO - Output:
[2024-05-30T07:46:39.274+0000] {subprocess.py:93} INFO - search_catalog
[2024-05-30T07:46:39.274+0000] {subprocess.py:97} INFO - Command exited with return code 0
[2024-05-30T07:46:39.274+0000] {taskinstance.py:441} INFO - ::group::Post task execution logs
[2024-05-30T07:46:39.294+0000] {taskinstance.py:1206} INFO - Marking task as SUCCESS. dag_id=example_complex, task_id=search_catalog, run_id=manual__2024-05-30T07:46:29.496104+00:00, execution_date=20240530T074629, start_date=20240530T074639, end_date=20240530T074639
[2024-05-30T07:46:39.340+0000] {local_task_job_runner.py:240} INFO - Task exited with return code 0
[2024-05-30T07:46:39.360+0000] {taskinstance.py:3498} INFO - 1 downstream tasks scheduled from follow-on schedule check
[2024-05-30T07:46:39.361+0000] {local_task_job_runner.py:222} INFO - ::endgroup::
