[2024-05-30T07:46:39.093+0000] {local_task_job_runner.py:120} INFO - ::group::Pre task execution logs
[2024-05-30T07:46:39.114+0000] {taskinstance.py:2076} INFO - Dependencies all met for dep_context=non-requeueable deps ti=<TaskInstance: example_complex.update_tag manual__2024-05-30T07:46:29.496104+00:00 [queued]>
[2024-05-30T07:46:39.123+0000] {taskinstance.py:2076} INFO - Dependencies all met for dep_context=requeueable deps ti=<TaskInstance: example_complex.update_tag manual__2024-05-30T07:46:29.496104+00:00 [queued]>
[2024-05-30T07:46:39.124+0000] {taskinstance.py:2306} INFO - Starting attempt 1 of 1
[2024-05-30T07:46:39.133+0000] {taskinstance.py:2330} INFO - Executing <Task(BashOperator): update_tag> on 2024-05-30 07:46:29.496104+00:00
[2024-05-30T07:46:39.143+0000] {logging_mixin.py:188} WARNING - /home/***/.local/lib/python3.12/site-packages/***/task/task_runner/standard_task_runner.py:61 DeprecationWarning: This process (pid=3662) is multi-threaded, use of fork() may lead to deadlocks in the child.
[2024-05-30T07:46:39.145+0000] {standard_task_runner.py:63} INFO - Started process 3670 to run task
[2024-05-30T07:46:39.149+0000] {standard_task_runner.py:90} INFO - Running: ['***', 'tasks', 'run', 'example_complex', 'update_tag', 'manual__2024-05-30T07:46:29.496104+00:00', '--job-id', '27', '--raw', '--subdir', '/home/***/.local/lib/python3.12/site-packages/***/example_dags/example_complex.py', '--cfg-path', '/tmp/tmpmxt7qshl']
[2024-05-30T07:46:39.151+0000] {standard_task_runner.py:91} INFO - Job 27: Subtask update_tag
[2024-05-30T07:46:39.198+0000] {task_command.py:426} INFO - Running <TaskInstance: example_complex.update_tag manual__2024-05-30T07:46:29.496104+00:00 [running]> on host fc2d9abb473f
[2024-05-30T07:46:39.254+0000] {taskinstance.py:2648} INFO - Exporting env vars: AIRFLOW_CTX_DAG_OWNER='***' AIRFLOW_CTX_DAG_ID='example_complex' AIRFLOW_CTX_TASK_ID='update_tag' AIRFLOW_CTX_EXECUTION_DATE='2024-05-30T07:46:29.496104+00:00' AIRFLOW_CTX_TRY_NUMBER='1' AIRFLOW_CTX_DAG_RUN_ID='manual__2024-05-30T07:46:29.496104+00:00'
[2024-05-30T07:46:39.256+0000] {taskinstance.py:430} INFO - ::endgroup::
[2024-05-30T07:46:39.256+0000] {subprocess.py:63} INFO - Tmp dir root location: /tmp
[2024-05-30T07:46:39.257+0000] {subprocess.py:75} INFO - Running command: ['/usr/bin/bash', '-c', 'echo update_tag']
[2024-05-30T07:46:39.269+0000] {subprocess.py:86} INFO - Output:
[2024-05-30T07:46:39.271+0000] {subprocess.py:93} INFO - update_tag
[2024-05-30T07:46:39.271+0000] {subprocess.py:97} INFO - Command exited with return code 0
[2024-05-30T07:46:39.272+0000] {taskinstance.py:441} INFO - ::group::Post task execution logs
[2024-05-30T07:46:39.297+0000] {taskinstance.py:1206} INFO - Marking task as SUCCESS. dag_id=example_complex, task_id=update_tag, run_id=manual__2024-05-30T07:46:29.496104+00:00, execution_date=20240530T074629, start_date=20240530T074639, end_date=20240530T074639
[2024-05-30T07:46:39.319+0000] {local_task_job_runner.py:240} INFO - Task exited with return code 0
[2024-05-30T07:46:39.335+0000] {taskinstance.py:3498} INFO - 1 downstream tasks scheduled from follow-on schedule check
[2024-05-30T07:46:39.337+0000] {local_task_job_runner.py:222} INFO - ::endgroup::
