[2024-05-30T07:40:19.229+0000] {processor.py:161} INFO - Started process (PID=379) to work on /home/airflow/.local/lib/python3.12/site-packages/airflow/example_dags/example_sensors.py
[2024-05-30T07:40:19.231+0000] {processor.py:830} INFO - Processing file /home/airflow/.local/lib/python3.12/site-packages/airflow/example_dags/example_sensors.py for tasks to queue
[2024-05-30T07:40:19.232+0000] {logging_mixin.py:188} INFO - [2024-05-30T07:40:19.231+0000] {dagbag.py:545} INFO - Filling up the DagBag from /home/airflow/.local/lib/python3.12/site-packages/airflow/example_dags/example_sensors.py
[2024-05-30T07:40:19.237+0000] {processor.py:840} INFO - DAG(s) 'example_sensors' retrieved from /home/airflow/.local/lib/python3.12/site-packages/airflow/example_dags/example_sensors.py
[2024-05-30T07:40:19.286+0000] {logging_mixin.py:188} INFO - [2024-05-30T07:40:19.285+0000] {override.py:1829} INFO - Created Permission View: can delete on DAG:example_sensors
[2024-05-30T07:40:19.289+0000] {logging_mixin.py:188} INFO - [2024-05-30T07:40:19.289+0000] {override.py:1829} INFO - Created Permission View: can edit on DAG:example_sensors
[2024-05-30T07:40:19.291+0000] {logging_mixin.py:188} INFO - [2024-05-30T07:40:19.291+0000] {override.py:1829} INFO - Created Permission View: can read on DAG:example_sensors
[2024-05-30T07:40:19.292+0000] {logging_mixin.py:188} INFO - [2024-05-30T07:40:19.292+0000] {dag.py:3096} INFO - Sync 1 DAGs
[2024-05-30T07:40:19.297+0000] {logging_mixin.py:188} INFO - [2024-05-30T07:40:19.297+0000] {dag.py:3118} INFO - Creating ORM DAG for example_sensors
[2024-05-30T07:40:19.298+0000] {logging_mixin.py:188} INFO - [2024-05-30T07:40:19.297+0000] {dag.py:3954} INFO - Setting next_dagrun for example_sensors to None, run_after=None
[2024-05-30T07:40:19.304+0000] {processor.py:183} INFO - Processing /home/airflow/.local/lib/python3.12/site-packages/airflow/example_dags/example_sensors.py took 0.079 seconds
[2024-05-30T07:40:49.563+0000] {processor.py:161} INFO - Started process (PID=643) to work on /home/airflow/.local/lib/python3.12/site-packages/airflow/example_dags/example_sensors.py
[2024-05-30T07:40:49.563+0000] {processor.py:830} INFO - Processing file /home/airflow/.local/lib/python3.12/site-packages/airflow/example_dags/example_sensors.py for tasks to queue
[2024-05-30T07:40:49.564+0000] {logging_mixin.py:188} INFO - [2024-05-30T07:40:49.564+0000] {dagbag.py:545} INFO - Filling up the DagBag from /home/airflow/.local/lib/python3.12/site-packages/airflow/example_dags/example_sensors.py
[2024-05-30T07:40:49.568+0000] {processor.py:840} INFO - DAG(s) 'example_sensors' retrieved from /home/airflow/.local/lib/python3.12/site-packages/airflow/example_dags/example_sensors.py
[2024-05-30T07:40:49.579+0000] {logging_mixin.py:188} INFO - [2024-05-30T07:40:49.579+0000] {dag.py:3096} INFO - Sync 1 DAGs
[2024-05-30T07:40:49.584+0000] {logging_mixin.py:188} INFO - [2024-05-30T07:40:49.584+0000] {dag.py:3954} INFO - Setting next_dagrun for example_sensors to None, run_after=None
[2024-05-30T07:40:49.591+0000] {processor.py:183} INFO - Processing /home/airflow/.local/lib/python3.12/site-packages/airflow/example_dags/example_sensors.py took 0.031 seconds
[2024-05-30T07:41:20.204+0000] {processor.py:161} INFO - Started process (PID=905) to work on /home/airflow/.local/lib/python3.12/site-packages/airflow/example_dags/example_sensors.py
[2024-05-30T07:41:20.204+0000] {processor.py:830} INFO - Processing file /home/airflow/.local/lib/python3.12/site-packages/airflow/example_dags/example_sensors.py for tasks to queue
[2024-05-30T07:41:20.205+0000] {logging_mixin.py:188} INFO - [2024-05-30T07:41:20.205+0000] {dagbag.py:545} INFO - Filling up the DagBag from /home/airflow/.local/lib/python3.12/site-packages/airflow/example_dags/example_sensors.py
[2024-05-30T07:41:20.209+0000] {processor.py:840} INFO - DAG(s) 'example_sensors' retrieved from /home/airflow/.local/lib/python3.12/site-packages/airflow/example_dags/example_sensors.py
[2024-05-30T07:41:20.221+0000] {logging_mixin.py:188} INFO - [2024-05-30T07:41:20.221+0000] {dag.py:3096} INFO - Sync 1 DAGs
[2024-05-30T07:41:20.227+0000] {logging_mixin.py:188} INFO - [2024-05-30T07:41:20.226+0000] {dag.py:3954} INFO - Setting next_dagrun for example_sensors to None, run_after=None
[2024-05-30T07:41:20.233+0000] {processor.py:183} INFO - Processing /home/airflow/.local/lib/python3.12/site-packages/airflow/example_dags/example_sensors.py took 0.032 seconds
[2024-05-30T07:41:50.760+0000] {processor.py:161} INFO - Started process (PID=1167) to work on /home/airflow/.local/lib/python3.12/site-packages/airflow/example_dags/example_sensors.py
[2024-05-30T07:41:50.760+0000] {processor.py:830} INFO - Processing file /home/airflow/.local/lib/python3.12/site-packages/airflow/example_dags/example_sensors.py for tasks to queue
[2024-05-30T07:41:50.761+0000] {logging_mixin.py:188} INFO - [2024-05-30T07:41:50.761+0000] {dagbag.py:545} INFO - Filling up the DagBag from /home/airflow/.local/lib/python3.12/site-packages/airflow/example_dags/example_sensors.py
[2024-05-30T07:41:50.765+0000] {processor.py:840} INFO - DAG(s) 'example_sensors' retrieved from /home/airflow/.local/lib/python3.12/site-packages/airflow/example_dags/example_sensors.py
[2024-05-30T07:41:50.778+0000] {logging_mixin.py:188} INFO - [2024-05-30T07:41:50.778+0000] {dag.py:3096} INFO - Sync 1 DAGs
[2024-05-30T07:41:50.783+0000] {logging_mixin.py:188} INFO - [2024-05-30T07:41:50.783+0000] {dag.py:3954} INFO - Setting next_dagrun for example_sensors to None, run_after=None
[2024-05-30T07:41:50.790+0000] {processor.py:183} INFO - Processing /home/airflow/.local/lib/python3.12/site-packages/airflow/example_dags/example_sensors.py took 0.033 seconds
[2024-05-30T07:42:21.391+0000] {processor.py:161} INFO - Started process (PID=1429) to work on /home/airflow/.local/lib/python3.12/site-packages/airflow/example_dags/example_sensors.py
[2024-05-30T07:42:21.392+0000] {processor.py:830} INFO - Processing file /home/airflow/.local/lib/python3.12/site-packages/airflow/example_dags/example_sensors.py for tasks to queue
[2024-05-30T07:42:21.393+0000] {logging_mixin.py:188} INFO - [2024-05-30T07:42:21.393+0000] {dagbag.py:545} INFO - Filling up the DagBag from /home/airflow/.local/lib/python3.12/site-packages/airflow/example_dags/example_sensors.py
[2024-05-30T07:42:21.397+0000] {processor.py:840} INFO - DAG(s) 'example_sensors' retrieved from /home/airflow/.local/lib/python3.12/site-packages/airflow/example_dags/example_sensors.py
[2024-05-30T07:42:21.409+0000] {logging_mixin.py:188} INFO - [2024-05-30T07:42:21.409+0000] {dag.py:3096} INFO - Sync 1 DAGs
[2024-05-30T07:42:21.414+0000] {logging_mixin.py:188} INFO - [2024-05-30T07:42:21.414+0000] {dag.py:3954} INFO - Setting next_dagrun for example_sensors to None, run_after=None
[2024-05-30T07:42:21.421+0000] {processor.py:183} INFO - Processing /home/airflow/.local/lib/python3.12/site-packages/airflow/example_dags/example_sensors.py took 0.033 seconds
[2024-05-30T07:42:52.168+0000] {processor.py:161} INFO - Started process (PID=1691) to work on /home/airflow/.local/lib/python3.12/site-packages/airflow/example_dags/example_sensors.py
[2024-05-30T07:42:52.168+0000] {processor.py:830} INFO - Processing file /home/airflow/.local/lib/python3.12/site-packages/airflow/example_dags/example_sensors.py for tasks to queue
[2024-05-30T07:42:52.169+0000] {logging_mixin.py:188} INFO - [2024-05-30T07:42:52.169+0000] {dagbag.py:545} INFO - Filling up the DagBag from /home/airflow/.local/lib/python3.12/site-packages/airflow/example_dags/example_sensors.py
[2024-05-30T07:42:52.173+0000] {processor.py:840} INFO - DAG(s) 'example_sensors' retrieved from /home/airflow/.local/lib/python3.12/site-packages/airflow/example_dags/example_sensors.py
[2024-05-30T07:42:52.186+0000] {logging_mixin.py:188} INFO - [2024-05-30T07:42:52.186+0000] {dag.py:3096} INFO - Sync 1 DAGs
[2024-05-30T07:42:52.192+0000] {logging_mixin.py:188} INFO - [2024-05-30T07:42:52.192+0000] {dag.py:3954} INFO - Setting next_dagrun for example_sensors to None, run_after=None
[2024-05-30T07:42:52.199+0000] {processor.py:183} INFO - Processing /home/airflow/.local/lib/python3.12/site-packages/airflow/example_dags/example_sensors.py took 0.035 seconds
[2024-05-30T07:43:22.248+0000] {processor.py:161} INFO - Started process (PID=1953) to work on /home/airflow/.local/lib/python3.12/site-packages/airflow/example_dags/example_sensors.py
[2024-05-30T07:43:22.249+0000] {processor.py:830} INFO - Processing file /home/airflow/.local/lib/python3.12/site-packages/airflow/example_dags/example_sensors.py for tasks to queue
[2024-05-30T07:43:22.250+0000] {logging_mixin.py:188} INFO - [2024-05-30T07:43:22.250+0000] {dagbag.py:545} INFO - Filling up the DagBag from /home/airflow/.local/lib/python3.12/site-packages/airflow/example_dags/example_sensors.py
[2024-05-30T07:43:22.254+0000] {processor.py:840} INFO - DAG(s) 'example_sensors' retrieved from /home/airflow/.local/lib/python3.12/site-packages/airflow/example_dags/example_sensors.py
[2024-05-30T07:43:22.266+0000] {logging_mixin.py:188} INFO - [2024-05-30T07:43:22.266+0000] {dag.py:3096} INFO - Sync 1 DAGs
[2024-05-30T07:43:22.271+0000] {logging_mixin.py:188} INFO - [2024-05-30T07:43:22.271+0000] {dag.py:3954} INFO - Setting next_dagrun for example_sensors to None, run_after=None
[2024-05-30T07:43:22.279+0000] {processor.py:183} INFO - Processing /home/airflow/.local/lib/python3.12/site-packages/airflow/example_dags/example_sensors.py took 0.033 seconds
[2024-05-30T07:43:53.030+0000] {processor.py:161} INFO - Started process (PID=2215) to work on /home/airflow/.local/lib/python3.12/site-packages/airflow/example_dags/example_sensors.py
[2024-05-30T07:43:53.031+0000] {processor.py:830} INFO - Processing file /home/airflow/.local/lib/python3.12/site-packages/airflow/example_dags/example_sensors.py for tasks to queue
[2024-05-30T07:43:53.032+0000] {logging_mixin.py:188} INFO - [2024-05-30T07:43:53.031+0000] {dagbag.py:545} INFO - Filling up the DagBag from /home/airflow/.local/lib/python3.12/site-packages/airflow/example_dags/example_sensors.py
[2024-05-30T07:43:53.036+0000] {processor.py:840} INFO - DAG(s) 'example_sensors' retrieved from /home/airflow/.local/lib/python3.12/site-packages/airflow/example_dags/example_sensors.py
[2024-05-30T07:43:53.049+0000] {logging_mixin.py:188} INFO - [2024-05-30T07:43:53.049+0000] {dag.py:3096} INFO - Sync 1 DAGs
[2024-05-30T07:43:53.054+0000] {logging_mixin.py:188} INFO - [2024-05-30T07:43:53.054+0000] {dag.py:3954} INFO - Setting next_dagrun for example_sensors to None, run_after=None
[2024-05-30T07:43:53.062+0000] {processor.py:183} INFO - Processing /home/airflow/.local/lib/python3.12/site-packages/airflow/example_dags/example_sensors.py took 0.035 seconds
[2024-05-30T07:44:23.668+0000] {processor.py:161} INFO - Started process (PID=2475) to work on /home/airflow/.local/lib/python3.12/site-packages/airflow/example_dags/example_sensors.py
[2024-05-30T07:44:23.668+0000] {processor.py:830} INFO - Processing file /home/airflow/.local/lib/python3.12/site-packages/airflow/example_dags/example_sensors.py for tasks to queue
[2024-05-30T07:44:23.669+0000] {logging_mixin.py:188} INFO - [2024-05-30T07:44:23.669+0000] {dagbag.py:545} INFO - Filling up the DagBag from /home/airflow/.local/lib/python3.12/site-packages/airflow/example_dags/example_sensors.py
[2024-05-30T07:44:23.674+0000] {processor.py:840} INFO - DAG(s) 'example_sensors' retrieved from /home/airflow/.local/lib/python3.12/site-packages/airflow/example_dags/example_sensors.py
[2024-05-30T07:44:23.684+0000] {logging_mixin.py:188} INFO - [2024-05-30T07:44:23.684+0000] {dag.py:3096} INFO - Sync 1 DAGs
[2024-05-30T07:44:23.689+0000] {logging_mixin.py:188} INFO - [2024-05-30T07:44:23.689+0000] {dag.py:3954} INFO - Setting next_dagrun for example_sensors to None, run_after=None
[2024-05-30T07:44:23.696+0000] {processor.py:183} INFO - Processing /home/airflow/.local/lib/python3.12/site-packages/airflow/example_dags/example_sensors.py took 0.031 seconds
[2024-05-30T07:44:54.415+0000] {processor.py:161} INFO - Started process (PID=2739) to work on /home/airflow/.local/lib/python3.12/site-packages/airflow/example_dags/example_sensors.py
[2024-05-30T07:44:54.415+0000] {processor.py:830} INFO - Processing file /home/airflow/.local/lib/python3.12/site-packages/airflow/example_dags/example_sensors.py for tasks to queue
[2024-05-30T07:44:54.416+0000] {logging_mixin.py:188} INFO - [2024-05-30T07:44:54.416+0000] {dagbag.py:545} INFO - Filling up the DagBag from /home/airflow/.local/lib/python3.12/site-packages/airflow/example_dags/example_sensors.py
[2024-05-30T07:44:54.420+0000] {processor.py:840} INFO - DAG(s) 'example_sensors' retrieved from /home/airflow/.local/lib/python3.12/site-packages/airflow/example_dags/example_sensors.py
[2024-05-30T07:44:54.432+0000] {logging_mixin.py:188} INFO - [2024-05-30T07:44:54.432+0000] {dag.py:3096} INFO - Sync 1 DAGs
[2024-05-30T07:44:54.437+0000] {logging_mixin.py:188} INFO - [2024-05-30T07:44:54.437+0000] {dag.py:3954} INFO - Setting next_dagrun for example_sensors to None, run_after=None
[2024-05-30T07:44:54.445+0000] {processor.py:183} INFO - Processing /home/airflow/.local/lib/python3.12/site-packages/airflow/example_dags/example_sensors.py took 0.033 seconds
[2024-05-30T07:45:25.397+0000] {processor.py:161} INFO - Started process (PID=2999) to work on /home/airflow/.local/lib/python3.12/site-packages/airflow/example_dags/example_sensors.py
[2024-05-30T07:45:25.398+0000] {processor.py:830} INFO - Processing file /home/airflow/.local/lib/python3.12/site-packages/airflow/example_dags/example_sensors.py for tasks to queue
[2024-05-30T07:45:25.399+0000] {logging_mixin.py:188} INFO - [2024-05-30T07:45:25.399+0000] {dagbag.py:545} INFO - Filling up the DagBag from /home/airflow/.local/lib/python3.12/site-packages/airflow/example_dags/example_sensors.py
[2024-05-30T07:45:25.406+0000] {processor.py:840} INFO - DAG(s) 'example_sensors' retrieved from /home/airflow/.local/lib/python3.12/site-packages/airflow/example_dags/example_sensors.py
[2024-05-30T07:45:25.421+0000] {logging_mixin.py:188} INFO - [2024-05-30T07:45:25.421+0000] {dag.py:3096} INFO - Sync 1 DAGs
[2024-05-30T07:45:25.430+0000] {logging_mixin.py:188} INFO - [2024-05-30T07:45:25.430+0000] {dag.py:3954} INFO - Setting next_dagrun for example_sensors to None, run_after=None
[2024-05-30T07:45:25.443+0000] {processor.py:183} INFO - Processing /home/airflow/.local/lib/python3.12/site-packages/airflow/example_dags/example_sensors.py took 0.049 seconds
[2024-05-30T07:45:55.459+0000] {processor.py:161} INFO - Started process (PID=3263) to work on /home/airflow/.local/lib/python3.12/site-packages/airflow/example_dags/example_sensors.py
[2024-05-30T07:45:55.460+0000] {processor.py:830} INFO - Processing file /home/airflow/.local/lib/python3.12/site-packages/airflow/example_dags/example_sensors.py for tasks to queue
[2024-05-30T07:45:55.461+0000] {logging_mixin.py:188} INFO - [2024-05-30T07:45:55.461+0000] {dagbag.py:545} INFO - Filling up the DagBag from /home/airflow/.local/lib/python3.12/site-packages/airflow/example_dags/example_sensors.py
[2024-05-30T07:45:55.465+0000] {processor.py:840} INFO - DAG(s) 'example_sensors' retrieved from /home/airflow/.local/lib/python3.12/site-packages/airflow/example_dags/example_sensors.py
[2024-05-30T07:45:55.475+0000] {logging_mixin.py:188} INFO - [2024-05-30T07:45:55.475+0000] {dag.py:3096} INFO - Sync 1 DAGs
[2024-05-30T07:45:55.481+0000] {logging_mixin.py:188} INFO - [2024-05-30T07:45:55.480+0000] {dag.py:3954} INFO - Setting next_dagrun for example_sensors to None, run_after=None
[2024-05-30T07:45:55.487+0000] {processor.py:183} INFO - Processing /home/airflow/.local/lib/python3.12/site-packages/airflow/example_dags/example_sensors.py took 0.031 seconds
[2024-05-30T07:46:26.104+0000] {processor.py:161} INFO - Started process (PID=3525) to work on /home/airflow/.local/lib/python3.12/site-packages/airflow/example_dags/example_sensors.py
[2024-05-30T07:46:26.105+0000] {processor.py:830} INFO - Processing file /home/airflow/.local/lib/python3.12/site-packages/airflow/example_dags/example_sensors.py for tasks to queue
[2024-05-30T07:46:26.106+0000] {logging_mixin.py:188} INFO - [2024-05-30T07:46:26.106+0000] {dagbag.py:545} INFO - Filling up the DagBag from /home/airflow/.local/lib/python3.12/site-packages/airflow/example_dags/example_sensors.py
[2024-05-30T07:46:26.111+0000] {processor.py:840} INFO - DAG(s) 'example_sensors' retrieved from /home/airflow/.local/lib/python3.12/site-packages/airflow/example_dags/example_sensors.py
[2024-05-30T07:46:26.124+0000] {logging_mixin.py:188} INFO - [2024-05-30T07:46:26.124+0000] {dag.py:3096} INFO - Sync 1 DAGs
[2024-05-30T07:46:26.130+0000] {logging_mixin.py:188} INFO - [2024-05-30T07:46:26.130+0000] {dag.py:3954} INFO - Setting next_dagrun for example_sensors to None, run_after=None
[2024-05-30T07:46:26.139+0000] {processor.py:183} INFO - Processing /home/airflow/.local/lib/python3.12/site-packages/airflow/example_dags/example_sensors.py took 0.038 seconds
[2024-05-30T07:46:56.768+0000] {processor.py:161} INFO - Started process (PID=3935) to work on /home/airflow/.local/lib/python3.12/site-packages/airflow/example_dags/example_sensors.py
[2024-05-30T07:46:56.768+0000] {processor.py:830} INFO - Processing file /home/airflow/.local/lib/python3.12/site-packages/airflow/example_dags/example_sensors.py for tasks to queue
[2024-05-30T07:46:56.769+0000] {logging_mixin.py:188} INFO - [2024-05-30T07:46:56.769+0000] {dagbag.py:545} INFO - Filling up the DagBag from /home/airflow/.local/lib/python3.12/site-packages/airflow/example_dags/example_sensors.py
[2024-05-30T07:46:56.774+0000] {processor.py:840} INFO - DAG(s) 'example_sensors' retrieved from /home/airflow/.local/lib/python3.12/site-packages/airflow/example_dags/example_sensors.py
[2024-05-30T07:46:56.785+0000] {logging_mixin.py:188} INFO - [2024-05-30T07:46:56.785+0000] {dag.py:3096} INFO - Sync 1 DAGs
[2024-05-30T07:46:56.791+0000] {logging_mixin.py:188} INFO - [2024-05-30T07:46:56.790+0000] {dag.py:3954} INFO - Setting next_dagrun for example_sensors to None, run_after=None
[2024-05-30T07:46:56.798+0000] {processor.py:183} INFO - Processing /home/airflow/.local/lib/python3.12/site-packages/airflow/example_dags/example_sensors.py took 0.033 seconds
[2024-05-30T07:47:27.474+0000] {processor.py:161} INFO - Started process (PID=4195) to work on /home/airflow/.local/lib/python3.12/site-packages/airflow/example_dags/example_sensors.py
[2024-05-30T07:47:27.475+0000] {processor.py:830} INFO - Processing file /home/airflow/.local/lib/python3.12/site-packages/airflow/example_dags/example_sensors.py for tasks to queue
[2024-05-30T07:47:27.476+0000] {logging_mixin.py:188} INFO - [2024-05-30T07:47:27.476+0000] {dagbag.py:545} INFO - Filling up the DagBag from /home/airflow/.local/lib/python3.12/site-packages/airflow/example_dags/example_sensors.py
[2024-05-30T07:47:27.481+0000] {processor.py:840} INFO - DAG(s) 'example_sensors' retrieved from /home/airflow/.local/lib/python3.12/site-packages/airflow/example_dags/example_sensors.py
[2024-05-30T07:47:27.492+0000] {logging_mixin.py:188} INFO - [2024-05-30T07:47:27.492+0000] {dag.py:3096} INFO - Sync 1 DAGs
[2024-05-30T07:47:27.498+0000] {logging_mixin.py:188} INFO - [2024-05-30T07:47:27.498+0000] {dag.py:3954} INFO - Setting next_dagrun for example_sensors to None, run_after=None
[2024-05-30T07:47:27.505+0000] {processor.py:183} INFO - Processing /home/airflow/.local/lib/python3.12/site-packages/airflow/example_dags/example_sensors.py took 0.035 seconds
[2024-05-30T07:47:58.070+0000] {processor.py:161} INFO - Started process (PID=4459) to work on /home/airflow/.local/lib/python3.12/site-packages/airflow/example_dags/example_sensors.py
[2024-05-30T07:47:58.071+0000] {processor.py:830} INFO - Processing file /home/airflow/.local/lib/python3.12/site-packages/airflow/example_dags/example_sensors.py for tasks to queue
[2024-05-30T07:47:58.072+0000] {logging_mixin.py:188} INFO - [2024-05-30T07:47:58.072+0000] {dagbag.py:545} INFO - Filling up the DagBag from /home/airflow/.local/lib/python3.12/site-packages/airflow/example_dags/example_sensors.py
[2024-05-30T07:47:58.076+0000] {processor.py:840} INFO - DAG(s) 'example_sensors' retrieved from /home/airflow/.local/lib/python3.12/site-packages/airflow/example_dags/example_sensors.py
[2024-05-30T07:47:58.087+0000] {logging_mixin.py:188} INFO - [2024-05-30T07:47:58.087+0000] {dag.py:3096} INFO - Sync 1 DAGs
[2024-05-30T07:47:58.092+0000] {logging_mixin.py:188} INFO - [2024-05-30T07:47:58.092+0000] {dag.py:3954} INFO - Setting next_dagrun for example_sensors to None, run_after=None
[2024-05-30T07:47:58.099+0000] {processor.py:183} INFO - Processing /home/airflow/.local/lib/python3.12/site-packages/airflow/example_dags/example_sensors.py took 0.032 seconds
[2024-05-30T07:48:28.915+0000] {processor.py:161} INFO - Started process (PID=4721) to work on /home/airflow/.local/lib/python3.12/site-packages/airflow/example_dags/example_sensors.py
[2024-05-30T07:48:28.915+0000] {processor.py:830} INFO - Processing file /home/airflow/.local/lib/python3.12/site-packages/airflow/example_dags/example_sensors.py for tasks to queue
[2024-05-30T07:48:28.916+0000] {logging_mixin.py:188} INFO - [2024-05-30T07:48:28.916+0000] {dagbag.py:545} INFO - Filling up the DagBag from /home/airflow/.local/lib/python3.12/site-packages/airflow/example_dags/example_sensors.py
[2024-05-30T07:48:28.921+0000] {processor.py:840} INFO - DAG(s) 'example_sensors' retrieved from /home/airflow/.local/lib/python3.12/site-packages/airflow/example_dags/example_sensors.py
[2024-05-30T07:48:28.933+0000] {logging_mixin.py:188} INFO - [2024-05-30T07:48:28.933+0000] {dag.py:3096} INFO - Sync 1 DAGs
[2024-05-30T07:48:28.938+0000] {logging_mixin.py:188} INFO - [2024-05-30T07:48:28.938+0000] {dag.py:3954} INFO - Setting next_dagrun for example_sensors to None, run_after=None
[2024-05-30T07:48:28.946+0000] {processor.py:183} INFO - Processing /home/airflow/.local/lib/python3.12/site-packages/airflow/example_dags/example_sensors.py took 0.035 seconds
[2024-05-30T07:48:58.995+0000] {processor.py:161} INFO - Started process (PID=4986) to work on /home/airflow/.local/lib/python3.12/site-packages/airflow/example_dags/example_sensors.py
[2024-05-30T07:48:58.996+0000] {processor.py:830} INFO - Processing file /home/airflow/.local/lib/python3.12/site-packages/airflow/example_dags/example_sensors.py for tasks to queue
[2024-05-30T07:48:58.997+0000] {logging_mixin.py:188} INFO - [2024-05-30T07:48:58.997+0000] {dagbag.py:545} INFO - Filling up the DagBag from /home/airflow/.local/lib/python3.12/site-packages/airflow/example_dags/example_sensors.py
[2024-05-30T07:48:59.001+0000] {processor.py:840} INFO - DAG(s) 'example_sensors' retrieved from /home/airflow/.local/lib/python3.12/site-packages/airflow/example_dags/example_sensors.py
[2024-05-30T07:48:59.013+0000] {logging_mixin.py:188} INFO - [2024-05-30T07:48:59.013+0000] {dag.py:3096} INFO - Sync 1 DAGs
[2024-05-30T07:48:59.020+0000] {logging_mixin.py:188} INFO - [2024-05-30T07:48:59.019+0000] {dag.py:3954} INFO - Setting next_dagrun for example_sensors to None, run_after=None
[2024-05-30T07:48:59.027+0000] {processor.py:183} INFO - Processing /home/airflow/.local/lib/python3.12/site-packages/airflow/example_dags/example_sensors.py took 0.035 seconds
[2024-05-30T07:49:29.721+0000] {processor.py:161} INFO - Started process (PID=5245) to work on /home/airflow/.local/lib/python3.12/site-packages/airflow/example_dags/example_sensors.py
[2024-05-30T07:49:29.721+0000] {processor.py:830} INFO - Processing file /home/airflow/.local/lib/python3.12/site-packages/airflow/example_dags/example_sensors.py for tasks to queue
[2024-05-30T07:49:29.722+0000] {logging_mixin.py:188} INFO - [2024-05-30T07:49:29.722+0000] {dagbag.py:545} INFO - Filling up the DagBag from /home/airflow/.local/lib/python3.12/site-packages/airflow/example_dags/example_sensors.py
[2024-05-30T07:49:29.727+0000] {processor.py:840} INFO - DAG(s) 'example_sensors' retrieved from /home/airflow/.local/lib/python3.12/site-packages/airflow/example_dags/example_sensors.py
[2024-05-30T07:49:29.739+0000] {logging_mixin.py:188} INFO - [2024-05-30T07:49:29.739+0000] {dag.py:3096} INFO - Sync 1 DAGs
[2024-05-30T07:49:29.744+0000] {logging_mixin.py:188} INFO - [2024-05-30T07:49:29.744+0000] {dag.py:3954} INFO - Setting next_dagrun for example_sensors to None, run_after=None
[2024-05-30T07:49:29.752+0000] {processor.py:183} INFO - Processing /home/airflow/.local/lib/python3.12/site-packages/airflow/example_dags/example_sensors.py took 0.034 seconds
[2024-05-30T07:50:00.355+0000] {processor.py:161} INFO - Started process (PID=5505) to work on /home/airflow/.local/lib/python3.12/site-packages/airflow/example_dags/example_sensors.py
[2024-05-30T07:50:00.356+0000] {processor.py:830} INFO - Processing file /home/airflow/.local/lib/python3.12/site-packages/airflow/example_dags/example_sensors.py for tasks to queue
[2024-05-30T07:50:00.357+0000] {logging_mixin.py:188} INFO - [2024-05-30T07:50:00.357+0000] {dagbag.py:545} INFO - Filling up the DagBag from /home/airflow/.local/lib/python3.12/site-packages/airflow/example_dags/example_sensors.py
[2024-05-30T07:50:00.362+0000] {processor.py:840} INFO - DAG(s) 'example_sensors' retrieved from /home/airflow/.local/lib/python3.12/site-packages/airflow/example_dags/example_sensors.py
[2024-05-30T07:50:00.373+0000] {logging_mixin.py:188} INFO - [2024-05-30T07:50:00.373+0000] {dag.py:3096} INFO - Sync 1 DAGs
[2024-05-30T07:50:00.379+0000] {logging_mixin.py:188} INFO - [2024-05-30T07:50:00.379+0000] {dag.py:3954} INFO - Setting next_dagrun for example_sensors to None, run_after=None
[2024-05-30T07:50:00.386+0000] {processor.py:183} INFO - Processing /home/airflow/.local/lib/python3.12/site-packages/airflow/example_dags/example_sensors.py took 0.033 seconds
[2024-05-30T07:50:31.105+0000] {processor.py:161} INFO - Started process (PID=5767) to work on /home/airflow/.local/lib/python3.12/site-packages/airflow/example_dags/example_sensors.py
[2024-05-30T07:50:31.105+0000] {processor.py:830} INFO - Processing file /home/airflow/.local/lib/python3.12/site-packages/airflow/example_dags/example_sensors.py for tasks to queue
[2024-05-30T07:50:31.106+0000] {logging_mixin.py:188} INFO - [2024-05-30T07:50:31.106+0000] {dagbag.py:545} INFO - Filling up the DagBag from /home/airflow/.local/lib/python3.12/site-packages/airflow/example_dags/example_sensors.py
[2024-05-30T07:50:31.110+0000] {processor.py:840} INFO - DAG(s) 'example_sensors' retrieved from /home/airflow/.local/lib/python3.12/site-packages/airflow/example_dags/example_sensors.py
[2024-05-30T07:50:31.121+0000] {logging_mixin.py:188} INFO - [2024-05-30T07:50:31.121+0000] {dag.py:3096} INFO - Sync 1 DAGs
[2024-05-30T07:50:31.126+0000] {logging_mixin.py:188} INFO - [2024-05-30T07:50:31.126+0000] {dag.py:3954} INFO - Setting next_dagrun for example_sensors to None, run_after=None
[2024-05-30T07:50:31.133+0000] {processor.py:183} INFO - Processing /home/airflow/.local/lib/python3.12/site-packages/airflow/example_dags/example_sensors.py took 0.031 seconds
[2024-05-30T07:51:01.739+0000] {processor.py:161} INFO - Started process (PID=6030) to work on /home/airflow/.local/lib/python3.12/site-packages/airflow/example_dags/example_sensors.py
[2024-05-30T07:51:01.740+0000] {processor.py:830} INFO - Processing file /home/airflow/.local/lib/python3.12/site-packages/airflow/example_dags/example_sensors.py for tasks to queue
[2024-05-30T07:51:01.741+0000] {logging_mixin.py:188} INFO - [2024-05-30T07:51:01.740+0000] {dagbag.py:545} INFO - Filling up the DagBag from /home/airflow/.local/lib/python3.12/site-packages/airflow/example_dags/example_sensors.py
[2024-05-30T07:51:01.745+0000] {processor.py:840} INFO - DAG(s) 'example_sensors' retrieved from /home/airflow/.local/lib/python3.12/site-packages/airflow/example_dags/example_sensors.py
[2024-05-30T07:51:01.757+0000] {logging_mixin.py:188} INFO - [2024-05-30T07:51:01.757+0000] {dag.py:3096} INFO - Sync 1 DAGs
[2024-05-30T07:51:01.763+0000] {logging_mixin.py:188} INFO - [2024-05-30T07:51:01.763+0000] {dag.py:3954} INFO - Setting next_dagrun for example_sensors to None, run_after=None
[2024-05-30T07:51:01.770+0000] {processor.py:183} INFO - Processing /home/airflow/.local/lib/python3.12/site-packages/airflow/example_dags/example_sensors.py took 0.034 seconds
