[2024-05-30T07:40:18.174+0000] {processor.py:161} INFO - Started process (PID=286) to work on /home/airflow/.local/lib/python3.12/site-packages/airflow/example_dags/example_xcom.py
[2024-05-30T07:40:18.174+0000] {processor.py:830} INFO - Processing file /home/airflow/.local/lib/python3.12/site-packages/airflow/example_dags/example_xcom.py for tasks to queue
[2024-05-30T07:40:18.175+0000] {logging_mixin.py:188} INFO - [2024-05-30T07:40:18.175+0000] {dagbag.py:545} INFO - Filling up the DagBag from /home/airflow/.local/lib/python3.12/site-packages/airflow/example_dags/example_xcom.py
[2024-05-30T07:40:18.179+0000] {processor.py:840} INFO - DAG(s) 'example_xcom' retrieved from /home/airflow/.local/lib/python3.12/site-packages/airflow/example_dags/example_xcom.py
[2024-05-30T07:40:18.225+0000] {logging_mixin.py:188} INFO - [2024-05-30T07:40:18.225+0000] {override.py:1829} INFO - Created Permission View: can delete on DAG:example_xcom
[2024-05-30T07:40:18.228+0000] {logging_mixin.py:188} INFO - [2024-05-30T07:40:18.228+0000] {override.py:1829} INFO - Created Permission View: can edit on DAG:example_xcom
[2024-05-30T07:40:18.230+0000] {logging_mixin.py:188} INFO - [2024-05-30T07:40:18.230+0000] {override.py:1829} INFO - Created Permission View: can read on DAG:example_xcom
[2024-05-30T07:40:18.230+0000] {logging_mixin.py:188} INFO - [2024-05-30T07:40:18.230+0000] {dag.py:3096} INFO - Sync 1 DAGs
[2024-05-30T07:40:18.235+0000] {logging_mixin.py:188} INFO - [2024-05-30T07:40:18.235+0000] {dag.py:3118} INFO - Creating ORM DAG for example_xcom
[2024-05-30T07:40:18.241+0000] {logging_mixin.py:188} INFO - [2024-05-30T07:40:18.241+0000] {dag.py:3954} INFO - Setting next_dagrun for example_xcom to 2021-01-01 00:00:00+00:00, run_after=2021-01-01 00:00:00+00:00
[2024-05-30T07:40:18.247+0000] {processor.py:183} INFO - Processing /home/airflow/.local/lib/python3.12/site-packages/airflow/example_dags/example_xcom.py took 0.076 seconds
[2024-05-30T07:40:49.074+0000] {processor.py:161} INFO - Started process (PID=548) to work on /home/airflow/.local/lib/python3.12/site-packages/airflow/example_dags/example_xcom.py
[2024-05-30T07:40:49.074+0000] {processor.py:830} INFO - Processing file /home/airflow/.local/lib/python3.12/site-packages/airflow/example_dags/example_xcom.py for tasks to queue
[2024-05-30T07:40:49.075+0000] {logging_mixin.py:188} INFO - [2024-05-30T07:40:49.075+0000] {dagbag.py:545} INFO - Filling up the DagBag from /home/airflow/.local/lib/python3.12/site-packages/airflow/example_dags/example_xcom.py
[2024-05-30T07:40:49.079+0000] {processor.py:840} INFO - DAG(s) 'example_xcom' retrieved from /home/airflow/.local/lib/python3.12/site-packages/airflow/example_dags/example_xcom.py
[2024-05-30T07:40:49.088+0000] {logging_mixin.py:188} INFO - [2024-05-30T07:40:49.088+0000] {dag.py:3096} INFO - Sync 1 DAGs
[2024-05-30T07:40:49.096+0000] {logging_mixin.py:188} INFO - [2024-05-30T07:40:49.096+0000] {dag.py:3954} INFO - Setting next_dagrun for example_xcom to 2021-01-01 00:00:00+00:00, run_after=2021-01-01 00:00:00+00:00
[2024-05-30T07:40:49.102+0000] {processor.py:183} INFO - Processing /home/airflow/.local/lib/python3.12/site-packages/airflow/example_dags/example_xcom.py took 0.031 seconds
[2024-05-30T07:41:19.674+0000] {processor.py:161} INFO - Started process (PID=810) to work on /home/airflow/.local/lib/python3.12/site-packages/airflow/example_dags/example_xcom.py
[2024-05-30T07:41:19.674+0000] {processor.py:830} INFO - Processing file /home/airflow/.local/lib/python3.12/site-packages/airflow/example_dags/example_xcom.py for tasks to queue
[2024-05-30T07:41:19.675+0000] {logging_mixin.py:188} INFO - [2024-05-30T07:41:19.675+0000] {dagbag.py:545} INFO - Filling up the DagBag from /home/airflow/.local/lib/python3.12/site-packages/airflow/example_dags/example_xcom.py
[2024-05-30T07:41:19.679+0000] {processor.py:840} INFO - DAG(s) 'example_xcom' retrieved from /home/airflow/.local/lib/python3.12/site-packages/airflow/example_dags/example_xcom.py
[2024-05-30T07:41:19.688+0000] {logging_mixin.py:188} INFO - [2024-05-30T07:41:19.688+0000] {dag.py:3096} INFO - Sync 1 DAGs
[2024-05-30T07:41:19.696+0000] {logging_mixin.py:188} INFO - [2024-05-30T07:41:19.696+0000] {dag.py:3954} INFO - Setting next_dagrun for example_xcom to 2021-01-01 00:00:00+00:00, run_after=2021-01-01 00:00:00+00:00
[2024-05-30T07:41:19.703+0000] {processor.py:183} INFO - Processing /home/airflow/.local/lib/python3.12/site-packages/airflow/example_dags/example_xcom.py took 0.031 seconds
[2024-05-30T07:41:50.224+0000] {processor.py:161} INFO - Started process (PID=1072) to work on /home/airflow/.local/lib/python3.12/site-packages/airflow/example_dags/example_xcom.py
[2024-05-30T07:41:50.225+0000] {processor.py:830} INFO - Processing file /home/airflow/.local/lib/python3.12/site-packages/airflow/example_dags/example_xcom.py for tasks to queue
[2024-05-30T07:41:50.225+0000] {logging_mixin.py:188} INFO - [2024-05-30T07:41:50.225+0000] {dagbag.py:545} INFO - Filling up the DagBag from /home/airflow/.local/lib/python3.12/site-packages/airflow/example_dags/example_xcom.py
[2024-05-30T07:41:50.229+0000] {processor.py:840} INFO - DAG(s) 'example_xcom' retrieved from /home/airflow/.local/lib/python3.12/site-packages/airflow/example_dags/example_xcom.py
[2024-05-30T07:41:50.238+0000] {logging_mixin.py:188} INFO - [2024-05-30T07:41:50.238+0000] {dag.py:3096} INFO - Sync 1 DAGs
[2024-05-30T07:41:50.246+0000] {logging_mixin.py:188} INFO - [2024-05-30T07:41:50.246+0000] {dag.py:3954} INFO - Setting next_dagrun for example_xcom to 2021-01-01 00:00:00+00:00, run_after=2021-01-01 00:00:00+00:00
[2024-05-30T07:41:50.253+0000] {processor.py:183} INFO - Processing /home/airflow/.local/lib/python3.12/site-packages/airflow/example_dags/example_xcom.py took 0.031 seconds
[2024-05-30T07:42:20.875+0000] {processor.py:161} INFO - Started process (PID=1334) to work on /home/airflow/.local/lib/python3.12/site-packages/airflow/example_dags/example_xcom.py
[2024-05-30T07:42:20.875+0000] {processor.py:830} INFO - Processing file /home/airflow/.local/lib/python3.12/site-packages/airflow/example_dags/example_xcom.py for tasks to queue
[2024-05-30T07:42:20.876+0000] {logging_mixin.py:188} INFO - [2024-05-30T07:42:20.876+0000] {dagbag.py:545} INFO - Filling up the DagBag from /home/airflow/.local/lib/python3.12/site-packages/airflow/example_dags/example_xcom.py
[2024-05-30T07:42:20.880+0000] {processor.py:840} INFO - DAG(s) 'example_xcom' retrieved from /home/airflow/.local/lib/python3.12/site-packages/airflow/example_dags/example_xcom.py
[2024-05-30T07:42:20.890+0000] {logging_mixin.py:188} INFO - [2024-05-30T07:42:20.890+0000] {dag.py:3096} INFO - Sync 1 DAGs
[2024-05-30T07:42:20.898+0000] {logging_mixin.py:188} INFO - [2024-05-30T07:42:20.898+0000] {dag.py:3954} INFO - Setting next_dagrun for example_xcom to 2021-01-01 00:00:00+00:00, run_after=2021-01-01 00:00:00+00:00
[2024-05-30T07:42:20.905+0000] {processor.py:183} INFO - Processing /home/airflow/.local/lib/python3.12/site-packages/airflow/example_dags/example_xcom.py took 0.033 seconds
[2024-05-30T07:42:51.577+0000] {processor.py:161} INFO - Started process (PID=1596) to work on /home/airflow/.local/lib/python3.12/site-packages/airflow/example_dags/example_xcom.py
[2024-05-30T07:42:51.578+0000] {processor.py:830} INFO - Processing file /home/airflow/.local/lib/python3.12/site-packages/airflow/example_dags/example_xcom.py for tasks to queue
[2024-05-30T07:42:51.579+0000] {logging_mixin.py:188} INFO - [2024-05-30T07:42:51.578+0000] {dagbag.py:545} INFO - Filling up the DagBag from /home/airflow/.local/lib/python3.12/site-packages/airflow/example_dags/example_xcom.py
[2024-05-30T07:42:51.582+0000] {processor.py:840} INFO - DAG(s) 'example_xcom' retrieved from /home/airflow/.local/lib/python3.12/site-packages/airflow/example_dags/example_xcom.py
[2024-05-30T07:42:51.592+0000] {logging_mixin.py:188} INFO - [2024-05-30T07:42:51.592+0000] {dag.py:3096} INFO - Sync 1 DAGs
[2024-05-30T07:42:51.601+0000] {logging_mixin.py:188} INFO - [2024-05-30T07:42:51.601+0000] {dag.py:3954} INFO - Setting next_dagrun for example_xcom to 2021-01-01 00:00:00+00:00, run_after=2021-01-01 00:00:00+00:00
[2024-05-30T07:42:51.608+0000] {processor.py:183} INFO - Processing /home/airflow/.local/lib/python3.12/site-packages/airflow/example_dags/example_xcom.py took 0.033 seconds
[2024-05-30T07:43:21.695+0000] {processor.py:161} INFO - Started process (PID=1858) to work on /home/airflow/.local/lib/python3.12/site-packages/airflow/example_dags/example_xcom.py
[2024-05-30T07:43:21.695+0000] {processor.py:830} INFO - Processing file /home/airflow/.local/lib/python3.12/site-packages/airflow/example_dags/example_xcom.py for tasks to queue
[2024-05-30T07:43:21.696+0000] {logging_mixin.py:188} INFO - [2024-05-30T07:43:21.696+0000] {dagbag.py:545} INFO - Filling up the DagBag from /home/airflow/.local/lib/python3.12/site-packages/airflow/example_dags/example_xcom.py
[2024-05-30T07:43:21.700+0000] {processor.py:840} INFO - DAG(s) 'example_xcom' retrieved from /home/airflow/.local/lib/python3.12/site-packages/airflow/example_dags/example_xcom.py
[2024-05-30T07:43:21.711+0000] {logging_mixin.py:188} INFO - [2024-05-30T07:43:21.711+0000] {dag.py:3096} INFO - Sync 1 DAGs
[2024-05-30T07:43:21.720+0000] {logging_mixin.py:188} INFO - [2024-05-30T07:43:21.719+0000] {dag.py:3954} INFO - Setting next_dagrun for example_xcom to 2021-01-01 00:00:00+00:00, run_after=2021-01-01 00:00:00+00:00
[2024-05-30T07:43:21.727+0000] {processor.py:183} INFO - Processing /home/airflow/.local/lib/python3.12/site-packages/airflow/example_dags/example_xcom.py took 0.035 seconds
[2024-05-30T07:43:52.377+0000] {processor.py:161} INFO - Started process (PID=2118) to work on /home/airflow/.local/lib/python3.12/site-packages/airflow/example_dags/example_xcom.py
[2024-05-30T07:43:52.377+0000] {processor.py:830} INFO - Processing file /home/airflow/.local/lib/python3.12/site-packages/airflow/example_dags/example_xcom.py for tasks to queue
[2024-05-30T07:43:52.378+0000] {logging_mixin.py:188} INFO - [2024-05-30T07:43:52.378+0000] {dagbag.py:545} INFO - Filling up the DagBag from /home/airflow/.local/lib/python3.12/site-packages/airflow/example_dags/example_xcom.py
[2024-05-30T07:43:52.382+0000] {processor.py:840} INFO - DAG(s) 'example_xcom' retrieved from /home/airflow/.local/lib/python3.12/site-packages/airflow/example_dags/example_xcom.py
[2024-05-30T07:43:52.391+0000] {logging_mixin.py:188} INFO - [2024-05-30T07:43:52.391+0000] {dag.py:3096} INFO - Sync 1 DAGs
[2024-05-30T07:43:52.400+0000] {logging_mixin.py:188} INFO - [2024-05-30T07:43:52.400+0000] {dag.py:3954} INFO - Setting next_dagrun for example_xcom to 2021-01-01 00:00:00+00:00, run_after=2021-01-01 00:00:00+00:00
[2024-05-30T07:43:52.407+0000] {processor.py:183} INFO - Processing /home/airflow/.local/lib/python3.12/site-packages/airflow/example_dags/example_xcom.py took 0.033 seconds
[2024-05-30T07:44:23.125+0000] {processor.py:161} INFO - Started process (PID=2382) to work on /home/airflow/.local/lib/python3.12/site-packages/airflow/example_dags/example_xcom.py
[2024-05-30T07:44:23.125+0000] {processor.py:830} INFO - Processing file /home/airflow/.local/lib/python3.12/site-packages/airflow/example_dags/example_xcom.py for tasks to queue
[2024-05-30T07:44:23.126+0000] {logging_mixin.py:188} INFO - [2024-05-30T07:44:23.126+0000] {dagbag.py:545} INFO - Filling up the DagBag from /home/airflow/.local/lib/python3.12/site-packages/airflow/example_dags/example_xcom.py
[2024-05-30T07:44:23.130+0000] {processor.py:840} INFO - DAG(s) 'example_xcom' retrieved from /home/airflow/.local/lib/python3.12/site-packages/airflow/example_dags/example_xcom.py
[2024-05-30T07:44:23.139+0000] {logging_mixin.py:188} INFO - [2024-05-30T07:44:23.139+0000] {dag.py:3096} INFO - Sync 1 DAGs
[2024-05-30T07:44:23.148+0000] {logging_mixin.py:188} INFO - [2024-05-30T07:44:23.148+0000] {dag.py:3954} INFO - Setting next_dagrun for example_xcom to 2021-01-01 00:00:00+00:00, run_after=2021-01-01 00:00:00+00:00
[2024-05-30T07:44:23.154+0000] {processor.py:183} INFO - Processing /home/airflow/.local/lib/python3.12/site-packages/airflow/example_dags/example_xcom.py took 0.033 seconds
[2024-05-30T07:44:53.897+0000] {processor.py:161} INFO - Started process (PID=2644) to work on /home/airflow/.local/lib/python3.12/site-packages/airflow/example_dags/example_xcom.py
[2024-05-30T07:44:53.898+0000] {processor.py:830} INFO - Processing file /home/airflow/.local/lib/python3.12/site-packages/airflow/example_dags/example_xcom.py for tasks to queue
[2024-05-30T07:44:53.899+0000] {logging_mixin.py:188} INFO - [2024-05-30T07:44:53.899+0000] {dagbag.py:545} INFO - Filling up the DagBag from /home/airflow/.local/lib/python3.12/site-packages/airflow/example_dags/example_xcom.py
[2024-05-30T07:44:53.903+0000] {processor.py:840} INFO - DAG(s) 'example_xcom' retrieved from /home/airflow/.local/lib/python3.12/site-packages/airflow/example_dags/example_xcom.py
[2024-05-30T07:44:53.913+0000] {logging_mixin.py:188} INFO - [2024-05-30T07:44:53.913+0000] {dag.py:3096} INFO - Sync 1 DAGs
[2024-05-30T07:44:53.921+0000] {logging_mixin.py:188} INFO - [2024-05-30T07:44:53.921+0000] {dag.py:3954} INFO - Setting next_dagrun for example_xcom to 2021-01-01 00:00:00+00:00, run_after=2021-01-01 00:00:00+00:00
[2024-05-30T07:44:53.929+0000] {processor.py:183} INFO - Processing /home/airflow/.local/lib/python3.12/site-packages/airflow/example_dags/example_xcom.py took 0.034 seconds
[2024-05-30T07:45:24.589+0000] {processor.py:161} INFO - Started process (PID=2906) to work on /home/airflow/.local/lib/python3.12/site-packages/airflow/example_dags/example_xcom.py
[2024-05-30T07:45:24.589+0000] {processor.py:830} INFO - Processing file /home/airflow/.local/lib/python3.12/site-packages/airflow/example_dags/example_xcom.py for tasks to queue
[2024-05-30T07:45:24.590+0000] {logging_mixin.py:188} INFO - [2024-05-30T07:45:24.590+0000] {dagbag.py:545} INFO - Filling up the DagBag from /home/airflow/.local/lib/python3.12/site-packages/airflow/example_dags/example_xcom.py
[2024-05-30T07:45:24.594+0000] {processor.py:840} INFO - DAG(s) 'example_xcom' retrieved from /home/airflow/.local/lib/python3.12/site-packages/airflow/example_dags/example_xcom.py
[2024-05-30T07:45:24.604+0000] {logging_mixin.py:188} INFO - [2024-05-30T07:45:24.603+0000] {dag.py:3096} INFO - Sync 1 DAGs
[2024-05-30T07:45:24.613+0000] {logging_mixin.py:188} INFO - [2024-05-30T07:45:24.613+0000] {dag.py:3954} INFO - Setting next_dagrun for example_xcom to 2021-01-01 00:00:00+00:00, run_after=2021-01-01 00:00:00+00:00
[2024-05-30T07:45:24.622+0000] {processor.py:183} INFO - Processing /home/airflow/.local/lib/python3.12/site-packages/airflow/example_dags/example_xcom.py took 0.035 seconds
[2024-05-30T07:45:54.882+0000] {processor.py:161} INFO - Started process (PID=3168) to work on /home/airflow/.local/lib/python3.12/site-packages/airflow/example_dags/example_xcom.py
[2024-05-30T07:45:54.883+0000] {processor.py:830} INFO - Processing file /home/airflow/.local/lib/python3.12/site-packages/airflow/example_dags/example_xcom.py for tasks to queue
[2024-05-30T07:45:54.884+0000] {logging_mixin.py:188} INFO - [2024-05-30T07:45:54.884+0000] {dagbag.py:545} INFO - Filling up the DagBag from /home/airflow/.local/lib/python3.12/site-packages/airflow/example_dags/example_xcom.py
[2024-05-30T07:45:54.887+0000] {processor.py:840} INFO - DAG(s) 'example_xcom' retrieved from /home/airflow/.local/lib/python3.12/site-packages/airflow/example_dags/example_xcom.py
[2024-05-30T07:45:54.897+0000] {logging_mixin.py:188} INFO - [2024-05-30T07:45:54.897+0000] {dag.py:3096} INFO - Sync 1 DAGs
[2024-05-30T07:45:54.905+0000] {logging_mixin.py:188} INFO - [2024-05-30T07:45:54.905+0000] {dag.py:3954} INFO - Setting next_dagrun for example_xcom to 2021-01-01 00:00:00+00:00, run_after=2021-01-01 00:00:00+00:00
[2024-05-30T07:45:54.912+0000] {processor.py:183} INFO - Processing /home/airflow/.local/lib/python3.12/site-packages/airflow/example_dags/example_xcom.py took 0.032 seconds
[2024-05-30T07:46:25.532+0000] {processor.py:161} INFO - Started process (PID=3428) to work on /home/airflow/.local/lib/python3.12/site-packages/airflow/example_dags/example_xcom.py
[2024-05-30T07:46:25.532+0000] {processor.py:830} INFO - Processing file /home/airflow/.local/lib/python3.12/site-packages/airflow/example_dags/example_xcom.py for tasks to queue
[2024-05-30T07:46:25.533+0000] {logging_mixin.py:188} INFO - [2024-05-30T07:46:25.533+0000] {dagbag.py:545} INFO - Filling up the DagBag from /home/airflow/.local/lib/python3.12/site-packages/airflow/example_dags/example_xcom.py
[2024-05-30T07:46:25.537+0000] {processor.py:840} INFO - DAG(s) 'example_xcom' retrieved from /home/airflow/.local/lib/python3.12/site-packages/airflow/example_dags/example_xcom.py
[2024-05-30T07:46:25.547+0000] {logging_mixin.py:188} INFO - [2024-05-30T07:46:25.546+0000] {dag.py:3096} INFO - Sync 1 DAGs
[2024-05-30T07:46:25.556+0000] {logging_mixin.py:188} INFO - [2024-05-30T07:46:25.556+0000] {dag.py:3954} INFO - Setting next_dagrun for example_xcom to 2021-01-01 00:00:00+00:00, run_after=2021-01-01 00:00:00+00:00
[2024-05-30T07:46:25.564+0000] {processor.py:183} INFO - Processing /home/airflow/.local/lib/python3.12/site-packages/airflow/example_dags/example_xcom.py took 0.036 seconds
[2024-05-30T07:46:56.195+0000] {processor.py:161} INFO - Started process (PID=3840) to work on /home/airflow/.local/lib/python3.12/site-packages/airflow/example_dags/example_xcom.py
[2024-05-30T07:46:56.195+0000] {processor.py:830} INFO - Processing file /home/airflow/.local/lib/python3.12/site-packages/airflow/example_dags/example_xcom.py for tasks to queue
[2024-05-30T07:46:56.196+0000] {logging_mixin.py:188} INFO - [2024-05-30T07:46:56.196+0000] {dagbag.py:545} INFO - Filling up the DagBag from /home/airflow/.local/lib/python3.12/site-packages/airflow/example_dags/example_xcom.py
[2024-05-30T07:46:56.200+0000] {processor.py:840} INFO - DAG(s) 'example_xcom' retrieved from /home/airflow/.local/lib/python3.12/site-packages/airflow/example_dags/example_xcom.py
[2024-05-30T07:46:56.215+0000] {logging_mixin.py:188} INFO - [2024-05-30T07:46:56.215+0000] {dag.py:3096} INFO - Sync 1 DAGs
[2024-05-30T07:46:56.223+0000] {logging_mixin.py:188} INFO - [2024-05-30T07:46:56.223+0000] {dag.py:3954} INFO - Setting next_dagrun for example_xcom to 2021-01-01 00:00:00+00:00, run_after=2021-01-01 00:00:00+00:00
[2024-05-30T07:46:56.230+0000] {processor.py:183} INFO - Processing /home/airflow/.local/lib/python3.12/site-packages/airflow/example_dags/example_xcom.py took 0.039 seconds
[2024-05-30T07:47:26.934+0000] {processor.py:161} INFO - Started process (PID=4102) to work on /home/airflow/.local/lib/python3.12/site-packages/airflow/example_dags/example_xcom.py
[2024-05-30T07:47:26.934+0000] {processor.py:830} INFO - Processing file /home/airflow/.local/lib/python3.12/site-packages/airflow/example_dags/example_xcom.py for tasks to queue
[2024-05-30T07:47:26.935+0000] {logging_mixin.py:188} INFO - [2024-05-30T07:47:26.935+0000] {dagbag.py:545} INFO - Filling up the DagBag from /home/airflow/.local/lib/python3.12/site-packages/airflow/example_dags/example_xcom.py
[2024-05-30T07:47:26.939+0000] {processor.py:840} INFO - DAG(s) 'example_xcom' retrieved from /home/airflow/.local/lib/python3.12/site-packages/airflow/example_dags/example_xcom.py
[2024-05-30T07:47:26.948+0000] {logging_mixin.py:188} INFO - [2024-05-30T07:47:26.948+0000] {dag.py:3096} INFO - Sync 1 DAGs
[2024-05-30T07:47:26.956+0000] {logging_mixin.py:188} INFO - [2024-05-30T07:47:26.956+0000] {dag.py:3954} INFO - Setting next_dagrun for example_xcom to 2021-01-01 00:00:00+00:00, run_after=2021-01-01 00:00:00+00:00
[2024-05-30T07:47:26.963+0000] {processor.py:183} INFO - Processing /home/airflow/.local/lib/python3.12/site-packages/airflow/example_dags/example_xcom.py took 0.032 seconds
[2024-05-30T07:47:57.579+0000] {processor.py:161} INFO - Started process (PID=4364) to work on /home/airflow/.local/lib/python3.12/site-packages/airflow/example_dags/example_xcom.py
[2024-05-30T07:47:57.580+0000] {processor.py:830} INFO - Processing file /home/airflow/.local/lib/python3.12/site-packages/airflow/example_dags/example_xcom.py for tasks to queue
[2024-05-30T07:47:57.581+0000] {logging_mixin.py:188} INFO - [2024-05-30T07:47:57.581+0000] {dagbag.py:545} INFO - Filling up the DagBag from /home/airflow/.local/lib/python3.12/site-packages/airflow/example_dags/example_xcom.py
[2024-05-30T07:47:57.585+0000] {processor.py:840} INFO - DAG(s) 'example_xcom' retrieved from /home/airflow/.local/lib/python3.12/site-packages/airflow/example_dags/example_xcom.py
[2024-05-30T07:47:57.594+0000] {logging_mixin.py:188} INFO - [2024-05-30T07:47:57.594+0000] {dag.py:3096} INFO - Sync 1 DAGs
[2024-05-30T07:47:57.603+0000] {logging_mixin.py:188} INFO - [2024-05-30T07:47:57.603+0000] {dag.py:3954} INFO - Setting next_dagrun for example_xcom to 2021-01-01 00:00:00+00:00, run_after=2021-01-01 00:00:00+00:00
[2024-05-30T07:47:57.610+0000] {processor.py:183} INFO - Processing /home/airflow/.local/lib/python3.12/site-packages/airflow/example_dags/example_xcom.py took 0.033 seconds
[2024-05-30T07:48:28.356+0000] {processor.py:161} INFO - Started process (PID=4626) to work on /home/airflow/.local/lib/python3.12/site-packages/airflow/example_dags/example_xcom.py
[2024-05-30T07:48:28.357+0000] {processor.py:830} INFO - Processing file /home/airflow/.local/lib/python3.12/site-packages/airflow/example_dags/example_xcom.py for tasks to queue
[2024-05-30T07:48:28.358+0000] {logging_mixin.py:188} INFO - [2024-05-30T07:48:28.357+0000] {dagbag.py:545} INFO - Filling up the DagBag from /home/airflow/.local/lib/python3.12/site-packages/airflow/example_dags/example_xcom.py
[2024-05-30T07:48:28.362+0000] {processor.py:840} INFO - DAG(s) 'example_xcom' retrieved from /home/airflow/.local/lib/python3.12/site-packages/airflow/example_dags/example_xcom.py
[2024-05-30T07:48:28.372+0000] {logging_mixin.py:188} INFO - [2024-05-30T07:48:28.372+0000] {dag.py:3096} INFO - Sync 1 DAGs
[2024-05-30T07:48:28.381+0000] {logging_mixin.py:188} INFO - [2024-05-30T07:48:28.381+0000] {dag.py:3954} INFO - Setting next_dagrun for example_xcom to 2021-01-01 00:00:00+00:00, run_after=2021-01-01 00:00:00+00:00
[2024-05-30T07:48:28.389+0000] {processor.py:183} INFO - Processing /home/airflow/.local/lib/python3.12/site-packages/airflow/example_dags/example_xcom.py took 0.036 seconds
[2024-05-30T07:48:58.435+0000] {processor.py:161} INFO - Started process (PID=4888) to work on /home/airflow/.local/lib/python3.12/site-packages/airflow/example_dags/example_xcom.py
[2024-05-30T07:48:58.436+0000] {processor.py:830} INFO - Processing file /home/airflow/.local/lib/python3.12/site-packages/airflow/example_dags/example_xcom.py for tasks to queue
[2024-05-30T07:48:58.437+0000] {logging_mixin.py:188} INFO - [2024-05-30T07:48:58.436+0000] {dagbag.py:545} INFO - Filling up the DagBag from /home/airflow/.local/lib/python3.12/site-packages/airflow/example_dags/example_xcom.py
[2024-05-30T07:48:58.440+0000] {processor.py:840} INFO - DAG(s) 'example_xcom' retrieved from /home/airflow/.local/lib/python3.12/site-packages/airflow/example_dags/example_xcom.py
[2024-05-30T07:48:58.450+0000] {logging_mixin.py:188} INFO - [2024-05-30T07:48:58.450+0000] {dag.py:3096} INFO - Sync 1 DAGs
[2024-05-30T07:48:58.458+0000] {logging_mixin.py:188} INFO - [2024-05-30T07:48:58.458+0000] {dag.py:3954} INFO - Setting next_dagrun for example_xcom to 2021-01-01 00:00:00+00:00, run_after=2021-01-01 00:00:00+00:00
[2024-05-30T07:48:58.465+0000] {processor.py:183} INFO - Processing /home/airflow/.local/lib/python3.12/site-packages/airflow/example_dags/example_xcom.py took 0.032 seconds
[2024-05-30T07:49:29.160+0000] {processor.py:161} INFO - Started process (PID=5150) to work on /home/airflow/.local/lib/python3.12/site-packages/airflow/example_dags/example_xcom.py
[2024-05-30T07:49:29.161+0000] {processor.py:830} INFO - Processing file /home/airflow/.local/lib/python3.12/site-packages/airflow/example_dags/example_xcom.py for tasks to queue
[2024-05-30T07:49:29.162+0000] {logging_mixin.py:188} INFO - [2024-05-30T07:49:29.162+0000] {dagbag.py:545} INFO - Filling up the DagBag from /home/airflow/.local/lib/python3.12/site-packages/airflow/example_dags/example_xcom.py
[2024-05-30T07:49:29.166+0000] {processor.py:840} INFO - DAG(s) 'example_xcom' retrieved from /home/airflow/.local/lib/python3.12/site-packages/airflow/example_dags/example_xcom.py
[2024-05-30T07:49:29.176+0000] {logging_mixin.py:188} INFO - [2024-05-30T07:49:29.176+0000] {dag.py:3096} INFO - Sync 1 DAGs
[2024-05-30T07:49:29.185+0000] {logging_mixin.py:188} INFO - [2024-05-30T07:49:29.185+0000] {dag.py:3954} INFO - Setting next_dagrun for example_xcom to 2021-01-01 00:00:00+00:00, run_after=2021-01-01 00:00:00+00:00
[2024-05-30T07:49:29.192+0000] {processor.py:183} INFO - Processing /home/airflow/.local/lib/python3.12/site-packages/airflow/example_dags/example_xcom.py took 0.036 seconds
[2024-05-30T07:49:59.855+0000] {processor.py:161} INFO - Started process (PID=5412) to work on /home/airflow/.local/lib/python3.12/site-packages/airflow/example_dags/example_xcom.py
[2024-05-30T07:49:59.855+0000] {processor.py:830} INFO - Processing file /home/airflow/.local/lib/python3.12/site-packages/airflow/example_dags/example_xcom.py for tasks to queue
[2024-05-30T07:49:59.857+0000] {logging_mixin.py:188} INFO - [2024-05-30T07:49:59.856+0000] {dagbag.py:545} INFO - Filling up the DagBag from /home/airflow/.local/lib/python3.12/site-packages/airflow/example_dags/example_xcom.py
[2024-05-30T07:49:59.861+0000] {processor.py:840} INFO - DAG(s) 'example_xcom' retrieved from /home/airflow/.local/lib/python3.12/site-packages/airflow/example_dags/example_xcom.py
[2024-05-30T07:49:59.870+0000] {logging_mixin.py:188} INFO - [2024-05-30T07:49:59.870+0000] {dag.py:3096} INFO - Sync 1 DAGs
[2024-05-30T07:49:59.879+0000] {logging_mixin.py:188} INFO - [2024-05-30T07:49:59.879+0000] {dag.py:3954} INFO - Setting next_dagrun for example_xcom to 2021-01-01 00:00:00+00:00, run_after=2021-01-01 00:00:00+00:00
[2024-05-30T07:49:59.887+0000] {processor.py:183} INFO - Processing /home/airflow/.local/lib/python3.12/site-packages/airflow/example_dags/example_xcom.py took 0.035 seconds
[2024-05-30T07:50:30.493+0000] {processor.py:161} INFO - Started process (PID=5672) to work on /home/airflow/.local/lib/python3.12/site-packages/airflow/example_dags/example_xcom.py
[2024-05-30T07:50:30.494+0000] {processor.py:830} INFO - Processing file /home/airflow/.local/lib/python3.12/site-packages/airflow/example_dags/example_xcom.py for tasks to queue
[2024-05-30T07:50:30.495+0000] {logging_mixin.py:188} INFO - [2024-05-30T07:50:30.495+0000] {dagbag.py:545} INFO - Filling up the DagBag from /home/airflow/.local/lib/python3.12/site-packages/airflow/example_dags/example_xcom.py
[2024-05-30T07:50:30.498+0000] {processor.py:840} INFO - DAG(s) 'example_xcom' retrieved from /home/airflow/.local/lib/python3.12/site-packages/airflow/example_dags/example_xcom.py
[2024-05-30T07:50:30.508+0000] {logging_mixin.py:188} INFO - [2024-05-30T07:50:30.508+0000] {dag.py:3096} INFO - Sync 1 DAGs
[2024-05-30T07:50:30.517+0000] {logging_mixin.py:188} INFO - [2024-05-30T07:50:30.517+0000] {dag.py:3954} INFO - Setting next_dagrun for example_xcom to 2021-01-01 00:00:00+00:00, run_after=2021-01-01 00:00:00+00:00
[2024-05-30T07:50:30.524+0000] {processor.py:183} INFO - Processing /home/airflow/.local/lib/python3.12/site-packages/airflow/example_dags/example_xcom.py took 0.034 seconds
[2024-05-30T07:51:01.233+0000] {processor.py:161} INFO - Started process (PID=5937) to work on /home/airflow/.local/lib/python3.12/site-packages/airflow/example_dags/example_xcom.py
[2024-05-30T07:51:01.233+0000] {processor.py:830} INFO - Processing file /home/airflow/.local/lib/python3.12/site-packages/airflow/example_dags/example_xcom.py for tasks to queue
[2024-05-30T07:51:01.234+0000] {logging_mixin.py:188} INFO - [2024-05-30T07:51:01.234+0000] {dagbag.py:545} INFO - Filling up the DagBag from /home/airflow/.local/lib/python3.12/site-packages/airflow/example_dags/example_xcom.py
[2024-05-30T07:51:01.238+0000] {processor.py:840} INFO - DAG(s) 'example_xcom' retrieved from /home/airflow/.local/lib/python3.12/site-packages/airflow/example_dags/example_xcom.py
[2024-05-30T07:51:01.247+0000] {logging_mixin.py:188} INFO - [2024-05-30T07:51:01.247+0000] {dag.py:3096} INFO - Sync 1 DAGs
[2024-05-30T07:51:01.255+0000] {logging_mixin.py:188} INFO - [2024-05-30T07:51:01.255+0000] {dag.py:3954} INFO - Setting next_dagrun for example_xcom to 2021-01-01 00:00:00+00:00, run_after=2021-01-01 00:00:00+00:00
[2024-05-30T07:51:01.263+0000] {processor.py:183} INFO - Processing /home/airflow/.local/lib/python3.12/site-packages/airflow/example_dags/example_xcom.py took 0.033 seconds
