[2024-05-30T07:40:18.363+0000] {processor.py:161} INFO - Started process (PID=299) to work on /home/airflow/.local/lib/python3.12/site-packages/airflow/example_dags/example_display_name.py
[2024-05-30T07:40:18.364+0000] {processor.py:830} INFO - Processing file /home/airflow/.local/lib/python3.12/site-packages/airflow/example_dags/example_display_name.py for tasks to queue
[2024-05-30T07:40:18.366+0000] {logging_mixin.py:188} INFO - [2024-05-30T07:40:18.366+0000] {dagbag.py:545} INFO - Filling up the DagBag from /home/airflow/.local/lib/python3.12/site-packages/airflow/example_dags/example_display_name.py
[2024-05-30T07:40:18.371+0000] {processor.py:840} INFO - DAG(s) 'example_display_name' retrieved from /home/airflow/.local/lib/python3.12/site-packages/airflow/example_dags/example_display_name.py
[2024-05-30T07:40:18.425+0000] {logging_mixin.py:188} INFO - [2024-05-30T07:40:18.425+0000] {override.py:1829} INFO - Created Permission View: can delete on DAG:example_display_name
[2024-05-30T07:40:18.429+0000] {logging_mixin.py:188} INFO - [2024-05-30T07:40:18.429+0000] {override.py:1829} INFO - Created Permission View: can edit on DAG:example_display_name
[2024-05-30T07:40:18.430+0000] {logging_mixin.py:188} INFO - [2024-05-30T07:40:18.430+0000] {override.py:1829} INFO - Created Permission View: can read on DAG:example_display_name
[2024-05-30T07:40:18.431+0000] {logging_mixin.py:188} INFO - [2024-05-30T07:40:18.431+0000] {dag.py:3096} INFO - Sync 1 DAGs
[2024-05-30T07:40:18.436+0000] {logging_mixin.py:188} INFO - [2024-05-30T07:40:18.436+0000] {dag.py:3118} INFO - Creating ORM DAG for example_display_name
[2024-05-30T07:40:18.436+0000] {logging_mixin.py:188} INFO - [2024-05-30T07:40:18.436+0000] {dag.py:3954} INFO - Setting next_dagrun for example_display_name to None, run_after=None
[2024-05-30T07:40:18.443+0000] {processor.py:183} INFO - Processing /home/airflow/.local/lib/python3.12/site-packages/airflow/example_dags/example_display_name.py took 0.085 seconds
[2024-05-30T07:40:49.164+0000] {processor.py:161} INFO - Started process (PID=563) to work on /home/airflow/.local/lib/python3.12/site-packages/airflow/example_dags/example_display_name.py
[2024-05-30T07:40:49.164+0000] {processor.py:830} INFO - Processing file /home/airflow/.local/lib/python3.12/site-packages/airflow/example_dags/example_display_name.py for tasks to queue
[2024-05-30T07:40:49.165+0000] {logging_mixin.py:188} INFO - [2024-05-30T07:40:49.165+0000] {dagbag.py:545} INFO - Filling up the DagBag from /home/airflow/.local/lib/python3.12/site-packages/airflow/example_dags/example_display_name.py
[2024-05-30T07:40:49.168+0000] {processor.py:840} INFO - DAG(s) 'example_display_name' retrieved from /home/airflow/.local/lib/python3.12/site-packages/airflow/example_dags/example_display_name.py
[2024-05-30T07:40:49.177+0000] {logging_mixin.py:188} INFO - [2024-05-30T07:40:49.177+0000] {dag.py:3096} INFO - Sync 1 DAGs
[2024-05-30T07:40:49.183+0000] {logging_mixin.py:188} INFO - [2024-05-30T07:40:49.183+0000] {dag.py:3954} INFO - Setting next_dagrun for example_display_name to None, run_after=None
[2024-05-30T07:40:49.189+0000] {processor.py:183} INFO - Processing /home/airflow/.local/lib/python3.12/site-packages/airflow/example_dags/example_display_name.py took 0.028 seconds
[2024-05-30T07:41:19.766+0000] {processor.py:161} INFO - Started process (PID=825) to work on /home/airflow/.local/lib/python3.12/site-packages/airflow/example_dags/example_display_name.py
[2024-05-30T07:41:19.766+0000] {processor.py:830} INFO - Processing file /home/airflow/.local/lib/python3.12/site-packages/airflow/example_dags/example_display_name.py for tasks to queue
[2024-05-30T07:41:19.767+0000] {logging_mixin.py:188} INFO - [2024-05-30T07:41:19.767+0000] {dagbag.py:545} INFO - Filling up the DagBag from /home/airflow/.local/lib/python3.12/site-packages/airflow/example_dags/example_display_name.py
[2024-05-30T07:41:19.770+0000] {processor.py:840} INFO - DAG(s) 'example_display_name' retrieved from /home/airflow/.local/lib/python3.12/site-packages/airflow/example_dags/example_display_name.py
[2024-05-30T07:41:19.779+0000] {logging_mixin.py:188} INFO - [2024-05-30T07:41:19.779+0000] {dag.py:3096} INFO - Sync 1 DAGs
[2024-05-30T07:41:19.784+0000] {logging_mixin.py:188} INFO - [2024-05-30T07:41:19.784+0000] {dag.py:3954} INFO - Setting next_dagrun for example_display_name to None, run_after=None
[2024-05-30T07:41:19.791+0000] {processor.py:183} INFO - Processing /home/airflow/.local/lib/python3.12/site-packages/airflow/example_dags/example_display_name.py took 0.028 seconds
[2024-05-30T07:41:50.315+0000] {processor.py:161} INFO - Started process (PID=1087) to work on /home/airflow/.local/lib/python3.12/site-packages/airflow/example_dags/example_display_name.py
[2024-05-30T07:41:50.315+0000] {processor.py:830} INFO - Processing file /home/airflow/.local/lib/python3.12/site-packages/airflow/example_dags/example_display_name.py for tasks to queue
[2024-05-30T07:41:50.316+0000] {logging_mixin.py:188} INFO - [2024-05-30T07:41:50.316+0000] {dagbag.py:545} INFO - Filling up the DagBag from /home/airflow/.local/lib/python3.12/site-packages/airflow/example_dags/example_display_name.py
[2024-05-30T07:41:50.319+0000] {processor.py:840} INFO - DAG(s) 'example_display_name' retrieved from /home/airflow/.local/lib/python3.12/site-packages/airflow/example_dags/example_display_name.py
[2024-05-30T07:41:50.328+0000] {logging_mixin.py:188} INFO - [2024-05-30T07:41:50.328+0000] {dag.py:3096} INFO - Sync 1 DAGs
[2024-05-30T07:41:50.333+0000] {logging_mixin.py:188} INFO - [2024-05-30T07:41:50.333+0000] {dag.py:3954} INFO - Setting next_dagrun for example_display_name to None, run_after=None
[2024-05-30T07:41:50.340+0000] {processor.py:183} INFO - Processing /home/airflow/.local/lib/python3.12/site-packages/airflow/example_dags/example_display_name.py took 0.027 seconds
[2024-05-30T07:42:20.926+0000] {processor.py:161} INFO - Started process (PID=1347) to work on /home/airflow/.local/lib/python3.12/site-packages/airflow/example_dags/example_display_name.py
[2024-05-30T07:42:20.926+0000] {processor.py:830} INFO - Processing file /home/airflow/.local/lib/python3.12/site-packages/airflow/example_dags/example_display_name.py for tasks to queue
[2024-05-30T07:42:20.927+0000] {logging_mixin.py:188} INFO - [2024-05-30T07:42:20.927+0000] {dagbag.py:545} INFO - Filling up the DagBag from /home/airflow/.local/lib/python3.12/site-packages/airflow/example_dags/example_display_name.py
[2024-05-30T07:42:20.930+0000] {processor.py:840} INFO - DAG(s) 'example_display_name' retrieved from /home/airflow/.local/lib/python3.12/site-packages/airflow/example_dags/example_display_name.py
[2024-05-30T07:42:20.939+0000] {logging_mixin.py:188} INFO - [2024-05-30T07:42:20.939+0000] {dag.py:3096} INFO - Sync 1 DAGs
[2024-05-30T07:42:20.943+0000] {logging_mixin.py:188} INFO - [2024-05-30T07:42:20.943+0000] {dag.py:3954} INFO - Setting next_dagrun for example_display_name to None, run_after=None
[2024-05-30T07:42:20.951+0000] {processor.py:183} INFO - Processing /home/airflow/.local/lib/python3.12/site-packages/airflow/example_dags/example_display_name.py took 0.027 seconds
[2024-05-30T07:42:51.673+0000] {processor.py:161} INFO - Started process (PID=1611) to work on /home/airflow/.local/lib/python3.12/site-packages/airflow/example_dags/example_display_name.py
[2024-05-30T07:42:51.673+0000] {processor.py:830} INFO - Processing file /home/airflow/.local/lib/python3.12/site-packages/airflow/example_dags/example_display_name.py for tasks to queue
[2024-05-30T07:42:51.674+0000] {logging_mixin.py:188} INFO - [2024-05-30T07:42:51.674+0000] {dagbag.py:545} INFO - Filling up the DagBag from /home/airflow/.local/lib/python3.12/site-packages/airflow/example_dags/example_display_name.py
[2024-05-30T07:42:51.678+0000] {processor.py:840} INFO - DAG(s) 'example_display_name' retrieved from /home/airflow/.local/lib/python3.12/site-packages/airflow/example_dags/example_display_name.py
[2024-05-30T07:42:51.688+0000] {logging_mixin.py:188} INFO - [2024-05-30T07:42:51.688+0000] {dag.py:3096} INFO - Sync 1 DAGs
[2024-05-30T07:42:51.693+0000] {logging_mixin.py:188} INFO - [2024-05-30T07:42:51.693+0000] {dag.py:3954} INFO - Setting next_dagrun for example_display_name to None, run_after=None
[2024-05-30T07:42:51.701+0000] {processor.py:183} INFO - Processing /home/airflow/.local/lib/python3.12/site-packages/airflow/example_dags/example_display_name.py took 0.031 seconds
[2024-05-30T07:43:21.750+0000] {processor.py:161} INFO - Started process (PID=1871) to work on /home/airflow/.local/lib/python3.12/site-packages/airflow/example_dags/example_display_name.py
[2024-05-30T07:43:21.750+0000] {processor.py:830} INFO - Processing file /home/airflow/.local/lib/python3.12/site-packages/airflow/example_dags/example_display_name.py for tasks to queue
[2024-05-30T07:43:21.751+0000] {logging_mixin.py:188} INFO - [2024-05-30T07:43:21.751+0000] {dagbag.py:545} INFO - Filling up the DagBag from /home/airflow/.local/lib/python3.12/site-packages/airflow/example_dags/example_display_name.py
[2024-05-30T07:43:21.754+0000] {processor.py:840} INFO - DAG(s) 'example_display_name' retrieved from /home/airflow/.local/lib/python3.12/site-packages/airflow/example_dags/example_display_name.py
[2024-05-30T07:43:21.763+0000] {logging_mixin.py:188} INFO - [2024-05-30T07:43:21.763+0000] {dag.py:3096} INFO - Sync 1 DAGs
[2024-05-30T07:43:21.768+0000] {logging_mixin.py:188} INFO - [2024-05-30T07:43:21.768+0000] {dag.py:3954} INFO - Setting next_dagrun for example_display_name to None, run_after=None
[2024-05-30T07:43:21.776+0000] {processor.py:183} INFO - Processing /home/airflow/.local/lib/python3.12/site-packages/airflow/example_dags/example_display_name.py took 0.029 seconds
[2024-05-30T07:43:52.486+0000] {processor.py:161} INFO - Started process (PID=2133) to work on /home/airflow/.local/lib/python3.12/site-packages/airflow/example_dags/example_display_name.py
[2024-05-30T07:43:52.487+0000] {processor.py:830} INFO - Processing file /home/airflow/.local/lib/python3.12/site-packages/airflow/example_dags/example_display_name.py for tasks to queue
[2024-05-30T07:43:52.488+0000] {logging_mixin.py:188} INFO - [2024-05-30T07:43:52.488+0000] {dagbag.py:545} INFO - Filling up the DagBag from /home/airflow/.local/lib/python3.12/site-packages/airflow/example_dags/example_display_name.py
[2024-05-30T07:43:52.491+0000] {processor.py:840} INFO - DAG(s) 'example_display_name' retrieved from /home/airflow/.local/lib/python3.12/site-packages/airflow/example_dags/example_display_name.py
[2024-05-30T07:43:52.501+0000] {logging_mixin.py:188} INFO - [2024-05-30T07:43:52.501+0000] {dag.py:3096} INFO - Sync 1 DAGs
[2024-05-30T07:43:52.506+0000] {logging_mixin.py:188} INFO - [2024-05-30T07:43:52.506+0000] {dag.py:3954} INFO - Setting next_dagrun for example_display_name to None, run_after=None
[2024-05-30T07:43:52.514+0000] {processor.py:183} INFO - Processing /home/airflow/.local/lib/python3.12/site-packages/airflow/example_dags/example_display_name.py took 0.031 seconds
[2024-05-30T07:44:23.218+0000] {processor.py:161} INFO - Started process (PID=2397) to work on /home/airflow/.local/lib/python3.12/site-packages/airflow/example_dags/example_display_name.py
[2024-05-30T07:44:23.219+0000] {processor.py:830} INFO - Processing file /home/airflow/.local/lib/python3.12/site-packages/airflow/example_dags/example_display_name.py for tasks to queue
[2024-05-30T07:44:23.220+0000] {logging_mixin.py:188} INFO - [2024-05-30T07:44:23.220+0000] {dagbag.py:545} INFO - Filling up the DagBag from /home/airflow/.local/lib/python3.12/site-packages/airflow/example_dags/example_display_name.py
[2024-05-30T07:44:23.223+0000] {processor.py:840} INFO - DAG(s) 'example_display_name' retrieved from /home/airflow/.local/lib/python3.12/site-packages/airflow/example_dags/example_display_name.py
[2024-05-30T07:44:23.232+0000] {logging_mixin.py:188} INFO - [2024-05-30T07:44:23.232+0000] {dag.py:3096} INFO - Sync 1 DAGs
[2024-05-30T07:44:23.237+0000] {logging_mixin.py:188} INFO - [2024-05-30T07:44:23.237+0000] {dag.py:3954} INFO - Setting next_dagrun for example_display_name to None, run_after=None
[2024-05-30T07:44:23.244+0000] {processor.py:183} INFO - Processing /home/airflow/.local/lib/python3.12/site-packages/airflow/example_dags/example_display_name.py took 0.028 seconds
[2024-05-30T07:44:53.996+0000] {processor.py:161} INFO - Started process (PID=2659) to work on /home/airflow/.local/lib/python3.12/site-packages/airflow/example_dags/example_display_name.py
[2024-05-30T07:44:53.996+0000] {processor.py:830} INFO - Processing file /home/airflow/.local/lib/python3.12/site-packages/airflow/example_dags/example_display_name.py for tasks to queue
[2024-05-30T07:44:53.997+0000] {logging_mixin.py:188} INFO - [2024-05-30T07:44:53.997+0000] {dagbag.py:545} INFO - Filling up the DagBag from /home/airflow/.local/lib/python3.12/site-packages/airflow/example_dags/example_display_name.py
[2024-05-30T07:44:54.000+0000] {processor.py:840} INFO - DAG(s) 'example_display_name' retrieved from /home/airflow/.local/lib/python3.12/site-packages/airflow/example_dags/example_display_name.py
[2024-05-30T07:44:54.009+0000] {logging_mixin.py:188} INFO - [2024-05-30T07:44:54.009+0000] {dag.py:3096} INFO - Sync 1 DAGs
[2024-05-30T07:44:54.014+0000] {logging_mixin.py:188} INFO - [2024-05-30T07:44:54.014+0000] {dag.py:3954} INFO - Setting next_dagrun for example_display_name to None, run_after=None
[2024-05-30T07:44:54.021+0000] {processor.py:183} INFO - Processing /home/airflow/.local/lib/python3.12/site-packages/airflow/example_dags/example_display_name.py took 0.028 seconds
[2024-05-30T07:45:24.691+0000] {processor.py:161} INFO - Started process (PID=2921) to work on /home/airflow/.local/lib/python3.12/site-packages/airflow/example_dags/example_display_name.py
[2024-05-30T07:45:24.692+0000] {processor.py:830} INFO - Processing file /home/airflow/.local/lib/python3.12/site-packages/airflow/example_dags/example_display_name.py for tasks to queue
[2024-05-30T07:45:24.693+0000] {logging_mixin.py:188} INFO - [2024-05-30T07:45:24.692+0000] {dagbag.py:545} INFO - Filling up the DagBag from /home/airflow/.local/lib/python3.12/site-packages/airflow/example_dags/example_display_name.py
[2024-05-30T07:45:24.696+0000] {processor.py:840} INFO - DAG(s) 'example_display_name' retrieved from /home/airflow/.local/lib/python3.12/site-packages/airflow/example_dags/example_display_name.py
[2024-05-30T07:45:24.713+0000] {logging_mixin.py:188} INFO - [2024-05-30T07:45:24.713+0000] {dag.py:3096} INFO - Sync 1 DAGs
[2024-05-30T07:45:24.722+0000] {logging_mixin.py:188} INFO - [2024-05-30T07:45:24.722+0000] {dag.py:3954} INFO - Setting next_dagrun for example_display_name to None, run_after=None
[2024-05-30T07:45:24.732+0000] {processor.py:183} INFO - Processing /home/airflow/.local/lib/python3.12/site-packages/airflow/example_dags/example_display_name.py took 0.044 seconds
[2024-05-30T07:45:54.976+0000] {processor.py:161} INFO - Started process (PID=3183) to work on /home/airflow/.local/lib/python3.12/site-packages/airflow/example_dags/example_display_name.py
[2024-05-30T07:45:54.977+0000] {processor.py:830} INFO - Processing file /home/airflow/.local/lib/python3.12/site-packages/airflow/example_dags/example_display_name.py for tasks to queue
[2024-05-30T07:45:54.978+0000] {logging_mixin.py:188} INFO - [2024-05-30T07:45:54.978+0000] {dagbag.py:545} INFO - Filling up the DagBag from /home/airflow/.local/lib/python3.12/site-packages/airflow/example_dags/example_display_name.py
[2024-05-30T07:45:54.981+0000] {processor.py:840} INFO - DAG(s) 'example_display_name' retrieved from /home/airflow/.local/lib/python3.12/site-packages/airflow/example_dags/example_display_name.py
[2024-05-30T07:45:54.990+0000] {logging_mixin.py:188} INFO - [2024-05-30T07:45:54.990+0000] {dag.py:3096} INFO - Sync 1 DAGs
[2024-05-30T07:45:54.996+0000] {logging_mixin.py:188} INFO - [2024-05-30T07:45:54.995+0000] {dag.py:3954} INFO - Setting next_dagrun for example_display_name to None, run_after=None
[2024-05-30T07:45:55.002+0000] {processor.py:183} INFO - Processing /home/airflow/.local/lib/python3.12/site-packages/airflow/example_dags/example_display_name.py took 0.029 seconds
[2024-05-30T07:46:25.620+0000] {processor.py:161} INFO - Started process (PID=3443) to work on /home/airflow/.local/lib/python3.12/site-packages/airflow/example_dags/example_display_name.py
[2024-05-30T07:46:25.621+0000] {processor.py:830} INFO - Processing file /home/airflow/.local/lib/python3.12/site-packages/airflow/example_dags/example_display_name.py for tasks to queue
[2024-05-30T07:46:25.622+0000] {logging_mixin.py:188} INFO - [2024-05-30T07:46:25.622+0000] {dagbag.py:545} INFO - Filling up the DagBag from /home/airflow/.local/lib/python3.12/site-packages/airflow/example_dags/example_display_name.py
[2024-05-30T07:46:25.625+0000] {processor.py:840} INFO - DAG(s) 'example_display_name' retrieved from /home/airflow/.local/lib/python3.12/site-packages/airflow/example_dags/example_display_name.py
[2024-05-30T07:46:25.636+0000] {logging_mixin.py:188} INFO - [2024-05-30T07:46:25.636+0000] {dag.py:3096} INFO - Sync 1 DAGs
[2024-05-30T07:46:25.642+0000] {logging_mixin.py:188} INFO - [2024-05-30T07:46:25.641+0000] {dag.py:3954} INFO - Setting next_dagrun for example_display_name to None, run_after=None
[2024-05-30T07:46:25.650+0000] {processor.py:183} INFO - Processing /home/airflow/.local/lib/python3.12/site-packages/airflow/example_dags/example_display_name.py took 0.033 seconds
[2024-05-30T07:46:56.298+0000] {processor.py:161} INFO - Started process (PID=3855) to work on /home/airflow/.local/lib/python3.12/site-packages/airflow/example_dags/example_display_name.py
[2024-05-30T07:46:56.299+0000] {processor.py:830} INFO - Processing file /home/airflow/.local/lib/python3.12/site-packages/airflow/example_dags/example_display_name.py for tasks to queue
[2024-05-30T07:46:56.300+0000] {logging_mixin.py:188} INFO - [2024-05-30T07:46:56.300+0000] {dagbag.py:545} INFO - Filling up the DagBag from /home/airflow/.local/lib/python3.12/site-packages/airflow/example_dags/example_display_name.py
[2024-05-30T07:46:56.303+0000] {processor.py:840} INFO - DAG(s) 'example_display_name' retrieved from /home/airflow/.local/lib/python3.12/site-packages/airflow/example_dags/example_display_name.py
[2024-05-30T07:46:56.312+0000] {logging_mixin.py:188} INFO - [2024-05-30T07:46:56.312+0000] {dag.py:3096} INFO - Sync 1 DAGs
[2024-05-30T07:46:56.317+0000] {logging_mixin.py:188} INFO - [2024-05-30T07:46:56.317+0000] {dag.py:3954} INFO - Setting next_dagrun for example_display_name to None, run_after=None
[2024-05-30T07:46:56.324+0000] {processor.py:183} INFO - Processing /home/airflow/.local/lib/python3.12/site-packages/airflow/example_dags/example_display_name.py took 0.028 seconds
[2024-05-30T07:47:27.030+0000] {processor.py:161} INFO - Started process (PID=4117) to work on /home/airflow/.local/lib/python3.12/site-packages/airflow/example_dags/example_display_name.py
[2024-05-30T07:47:27.030+0000] {processor.py:830} INFO - Processing file /home/airflow/.local/lib/python3.12/site-packages/airflow/example_dags/example_display_name.py for tasks to queue
[2024-05-30T07:47:27.031+0000] {logging_mixin.py:188} INFO - [2024-05-30T07:47:27.031+0000] {dagbag.py:545} INFO - Filling up the DagBag from /home/airflow/.local/lib/python3.12/site-packages/airflow/example_dags/example_display_name.py
[2024-05-30T07:47:27.034+0000] {processor.py:840} INFO - DAG(s) 'example_display_name' retrieved from /home/airflow/.local/lib/python3.12/site-packages/airflow/example_dags/example_display_name.py
[2024-05-30T07:47:27.044+0000] {logging_mixin.py:188} INFO - [2024-05-30T07:47:27.044+0000] {dag.py:3096} INFO - Sync 1 DAGs
[2024-05-30T07:47:27.049+0000] {logging_mixin.py:188} INFO - [2024-05-30T07:47:27.049+0000] {dag.py:3954} INFO - Setting next_dagrun for example_display_name to None, run_after=None
[2024-05-30T07:47:27.056+0000] {processor.py:183} INFO - Processing /home/airflow/.local/lib/python3.12/site-packages/airflow/example_dags/example_display_name.py took 0.029 seconds
[2024-05-30T07:47:57.675+0000] {processor.py:161} INFO - Started process (PID=4379) to work on /home/airflow/.local/lib/python3.12/site-packages/airflow/example_dags/example_display_name.py
[2024-05-30T07:47:57.676+0000] {processor.py:830} INFO - Processing file /home/airflow/.local/lib/python3.12/site-packages/airflow/example_dags/example_display_name.py for tasks to queue
[2024-05-30T07:47:57.677+0000] {logging_mixin.py:188} INFO - [2024-05-30T07:47:57.677+0000] {dagbag.py:545} INFO - Filling up the DagBag from /home/airflow/.local/lib/python3.12/site-packages/airflow/example_dags/example_display_name.py
[2024-05-30T07:47:57.680+0000] {processor.py:840} INFO - DAG(s) 'example_display_name' retrieved from /home/airflow/.local/lib/python3.12/site-packages/airflow/example_dags/example_display_name.py
[2024-05-30T07:47:57.689+0000] {logging_mixin.py:188} INFO - [2024-05-30T07:47:57.689+0000] {dag.py:3096} INFO - Sync 1 DAGs
[2024-05-30T07:47:57.694+0000] {logging_mixin.py:188} INFO - [2024-05-30T07:47:57.694+0000] {dag.py:3954} INFO - Setting next_dagrun for example_display_name to None, run_after=None
[2024-05-30T07:47:57.701+0000] {processor.py:183} INFO - Processing /home/airflow/.local/lib/python3.12/site-packages/airflow/example_dags/example_display_name.py took 0.028 seconds
[2024-05-30T07:48:28.411+0000] {processor.py:161} INFO - Started process (PID=4639) to work on /home/airflow/.local/lib/python3.12/site-packages/airflow/example_dags/example_display_name.py
[2024-05-30T07:48:28.412+0000] {processor.py:830} INFO - Processing file /home/airflow/.local/lib/python3.12/site-packages/airflow/example_dags/example_display_name.py for tasks to queue
[2024-05-30T07:48:28.413+0000] {logging_mixin.py:188} INFO - [2024-05-30T07:48:28.413+0000] {dagbag.py:545} INFO - Filling up the DagBag from /home/airflow/.local/lib/python3.12/site-packages/airflow/example_dags/example_display_name.py
[2024-05-30T07:48:28.416+0000] {processor.py:840} INFO - DAG(s) 'example_display_name' retrieved from /home/airflow/.local/lib/python3.12/site-packages/airflow/example_dags/example_display_name.py
[2024-05-30T07:48:28.424+0000] {logging_mixin.py:188} INFO - [2024-05-30T07:48:28.424+0000] {dag.py:3096} INFO - Sync 1 DAGs
[2024-05-30T07:48:28.429+0000] {logging_mixin.py:188} INFO - [2024-05-30T07:48:28.429+0000] {dag.py:3954} INFO - Setting next_dagrun for example_display_name to None, run_after=None
[2024-05-30T07:48:28.436+0000] {processor.py:183} INFO - Processing /home/airflow/.local/lib/python3.12/site-packages/airflow/example_dags/example_display_name.py took 0.028 seconds
[2024-05-30T07:48:58.529+0000] {processor.py:161} INFO - Started process (PID=4901) to work on /home/airflow/.local/lib/python3.12/site-packages/airflow/example_dags/example_display_name.py
[2024-05-30T07:48:58.530+0000] {processor.py:830} INFO - Processing file /home/airflow/.local/lib/python3.12/site-packages/airflow/example_dags/example_display_name.py for tasks to queue
[2024-05-30T07:48:58.530+0000] {logging_mixin.py:188} INFO - [2024-05-30T07:48:58.530+0000] {dagbag.py:545} INFO - Filling up the DagBag from /home/airflow/.local/lib/python3.12/site-packages/airflow/example_dags/example_display_name.py
[2024-05-30T07:48:58.533+0000] {processor.py:840} INFO - DAG(s) 'example_display_name' retrieved from /home/airflow/.local/lib/python3.12/site-packages/airflow/example_dags/example_display_name.py
[2024-05-30T07:48:58.543+0000] {logging_mixin.py:188} INFO - [2024-05-30T07:48:58.543+0000] {dag.py:3096} INFO - Sync 1 DAGs
[2024-05-30T07:48:58.548+0000] {logging_mixin.py:188} INFO - [2024-05-30T07:48:58.548+0000] {dag.py:3954} INFO - Setting next_dagrun for example_display_name to None, run_after=None
[2024-05-30T07:48:58.555+0000] {processor.py:183} INFO - Processing /home/airflow/.local/lib/python3.12/site-packages/airflow/example_dags/example_display_name.py took 0.029 seconds
[2024-05-30T07:49:29.219+0000] {processor.py:161} INFO - Started process (PID=5163) to work on /home/airflow/.local/lib/python3.12/site-packages/airflow/example_dags/example_display_name.py
[2024-05-30T07:49:29.219+0000] {processor.py:830} INFO - Processing file /home/airflow/.local/lib/python3.12/site-packages/airflow/example_dags/example_display_name.py for tasks to queue
[2024-05-30T07:49:29.220+0000] {logging_mixin.py:188} INFO - [2024-05-30T07:49:29.220+0000] {dagbag.py:545} INFO - Filling up the DagBag from /home/airflow/.local/lib/python3.12/site-packages/airflow/example_dags/example_display_name.py
[2024-05-30T07:49:29.223+0000] {processor.py:840} INFO - DAG(s) 'example_display_name' retrieved from /home/airflow/.local/lib/python3.12/site-packages/airflow/example_dags/example_display_name.py
[2024-05-30T07:49:29.232+0000] {logging_mixin.py:188} INFO - [2024-05-30T07:49:29.232+0000] {dag.py:3096} INFO - Sync 1 DAGs
[2024-05-30T07:49:29.237+0000] {logging_mixin.py:188} INFO - [2024-05-30T07:49:29.237+0000] {dag.py:3954} INFO - Setting next_dagrun for example_display_name to None, run_after=None
[2024-05-30T07:49:29.244+0000] {processor.py:183} INFO - Processing /home/airflow/.local/lib/python3.12/site-packages/airflow/example_dags/example_display_name.py took 0.029 seconds
[2024-05-30T07:49:59.914+0000] {processor.py:161} INFO - Started process (PID=5425) to work on /home/airflow/.local/lib/python3.12/site-packages/airflow/example_dags/example_display_name.py
[2024-05-30T07:49:59.914+0000] {processor.py:830} INFO - Processing file /home/airflow/.local/lib/python3.12/site-packages/airflow/example_dags/example_display_name.py for tasks to queue
[2024-05-30T07:49:59.916+0000] {logging_mixin.py:188} INFO - [2024-05-30T07:49:59.916+0000] {dagbag.py:545} INFO - Filling up the DagBag from /home/airflow/.local/lib/python3.12/site-packages/airflow/example_dags/example_display_name.py
[2024-05-30T07:49:59.919+0000] {processor.py:840} INFO - DAG(s) 'example_display_name' retrieved from /home/airflow/.local/lib/python3.12/site-packages/airflow/example_dags/example_display_name.py
[2024-05-30T07:49:59.928+0000] {logging_mixin.py:188} INFO - [2024-05-30T07:49:59.928+0000] {dag.py:3096} INFO - Sync 1 DAGs
[2024-05-30T07:49:59.933+0000] {logging_mixin.py:188} INFO - [2024-05-30T07:49:59.933+0000] {dag.py:3954} INFO - Setting next_dagrun for example_display_name to None, run_after=None
[2024-05-30T07:49:59.940+0000] {processor.py:183} INFO - Processing /home/airflow/.local/lib/python3.12/site-packages/airflow/example_dags/example_display_name.py took 0.029 seconds
[2024-05-30T07:50:30.587+0000] {processor.py:161} INFO - Started process (PID=5687) to work on /home/airflow/.local/lib/python3.12/site-packages/airflow/example_dags/example_display_name.py
[2024-05-30T07:50:30.587+0000] {processor.py:830} INFO - Processing file /home/airflow/.local/lib/python3.12/site-packages/airflow/example_dags/example_display_name.py for tasks to queue
[2024-05-30T07:50:30.588+0000] {logging_mixin.py:188} INFO - [2024-05-30T07:50:30.588+0000] {dagbag.py:545} INFO - Filling up the DagBag from /home/airflow/.local/lib/python3.12/site-packages/airflow/example_dags/example_display_name.py
[2024-05-30T07:50:30.591+0000] {processor.py:840} INFO - DAG(s) 'example_display_name' retrieved from /home/airflow/.local/lib/python3.12/site-packages/airflow/example_dags/example_display_name.py
[2024-05-30T07:50:30.600+0000] {logging_mixin.py:188} INFO - [2024-05-30T07:50:30.600+0000] {dag.py:3096} INFO - Sync 1 DAGs
[2024-05-30T07:50:30.606+0000] {logging_mixin.py:188} INFO - [2024-05-30T07:50:30.606+0000] {dag.py:3954} INFO - Setting next_dagrun for example_display_name to None, run_after=None
[2024-05-30T07:50:30.613+0000] {processor.py:183} INFO - Processing /home/airflow/.local/lib/python3.12/site-packages/airflow/example_dags/example_display_name.py took 0.029 seconds
[2024-05-30T07:51:01.330+0000] {processor.py:161} INFO - Started process (PID=5952) to work on /home/airflow/.local/lib/python3.12/site-packages/airflow/example_dags/example_display_name.py
[2024-05-30T07:51:01.331+0000] {processor.py:830} INFO - Processing file /home/airflow/.local/lib/python3.12/site-packages/airflow/example_dags/example_display_name.py for tasks to queue
[2024-05-30T07:51:01.332+0000] {logging_mixin.py:188} INFO - [2024-05-30T07:51:01.331+0000] {dagbag.py:545} INFO - Filling up the DagBag from /home/airflow/.local/lib/python3.12/site-packages/airflow/example_dags/example_display_name.py
[2024-05-30T07:51:01.335+0000] {processor.py:840} INFO - DAG(s) 'example_display_name' retrieved from /home/airflow/.local/lib/python3.12/site-packages/airflow/example_dags/example_display_name.py
[2024-05-30T07:51:01.344+0000] {logging_mixin.py:188} INFO - [2024-05-30T07:51:01.344+0000] {dag.py:3096} INFO - Sync 1 DAGs
[2024-05-30T07:51:01.350+0000] {logging_mixin.py:188} INFO - [2024-05-30T07:51:01.350+0000] {dag.py:3954} INFO - Setting next_dagrun for example_display_name to None, run_after=None
[2024-05-30T07:51:01.357+0000] {processor.py:183} INFO - Processing /home/airflow/.local/lib/python3.12/site-packages/airflow/example_dags/example_display_name.py took 0.030 seconds
