[2024-05-30T07:40:17.152+0000] {processor.py:161} INFO - Started process (PID=184) to work on /home/airflow/.local/lib/python3.12/site-packages/airflow/example_dags/example_bash_decorator.py
[2024-05-30T07:40:17.152+0000] {processor.py:830} INFO - Processing file /home/airflow/.local/lib/python3.12/site-packages/airflow/example_dags/example_bash_decorator.py for tasks to queue
[2024-05-30T07:40:17.153+0000] {logging_mixin.py:188} INFO - [2024-05-30T07:40:17.153+0000] {dagbag.py:545} INFO - Filling up the DagBag from /home/airflow/.local/lib/python3.12/site-packages/airflow/example_dags/example_bash_decorator.py
[2024-05-30T07:40:17.161+0000] {processor.py:840} INFO - DAG(s) 'example_bash_decorator' retrieved from /home/airflow/.local/lib/python3.12/site-packages/airflow/example_dags/example_bash_decorator.py
[2024-05-30T07:40:17.209+0000] {logging_mixin.py:188} INFO - [2024-05-30T07:40:17.209+0000] {override.py:1829} INFO - Created Permission View: can delete on DAG:example_bash_decorator
[2024-05-30T07:40:17.213+0000] {logging_mixin.py:188} INFO - [2024-05-30T07:40:17.213+0000] {override.py:1829} INFO - Created Permission View: can edit on DAG:example_bash_decorator
[2024-05-30T07:40:17.215+0000] {logging_mixin.py:188} INFO - [2024-05-30T07:40:17.215+0000] {override.py:1829} INFO - Created Permission View: can read on DAG:example_bash_decorator
[2024-05-30T07:40:17.215+0000] {logging_mixin.py:188} INFO - [2024-05-30T07:40:17.215+0000] {dag.py:3096} INFO - Sync 1 DAGs
[2024-05-30T07:40:17.219+0000] {logging_mixin.py:188} INFO - [2024-05-30T07:40:17.219+0000] {dag.py:3118} INFO - Creating ORM DAG for example_bash_decorator
[2024-05-30T07:40:17.219+0000] {logging_mixin.py:188} INFO - [2024-05-30T07:40:17.219+0000] {dag.py:3954} INFO - Setting next_dagrun for example_bash_decorator to None, run_after=None
[2024-05-30T07:40:17.225+0000] {processor.py:183} INFO - Processing /home/airflow/.local/lib/python3.12/site-packages/airflow/example_dags/example_bash_decorator.py took 0.076 seconds
[2024-05-30T07:40:47.518+0000] {processor.py:161} INFO - Started process (PID=446) to work on /home/airflow/.local/lib/python3.12/site-packages/airflow/example_dags/example_bash_decorator.py
[2024-05-30T07:40:47.518+0000] {processor.py:830} INFO - Processing file /home/airflow/.local/lib/python3.12/site-packages/airflow/example_dags/example_bash_decorator.py for tasks to queue
[2024-05-30T07:40:47.519+0000] {logging_mixin.py:188} INFO - [2024-05-30T07:40:47.519+0000] {dagbag.py:545} INFO - Filling up the DagBag from /home/airflow/.local/lib/python3.12/site-packages/airflow/example_dags/example_bash_decorator.py
[2024-05-30T07:40:47.525+0000] {processor.py:840} INFO - DAG(s) 'example_bash_decorator' retrieved from /home/airflow/.local/lib/python3.12/site-packages/airflow/example_dags/example_bash_decorator.py
[2024-05-30T07:40:47.535+0000] {logging_mixin.py:188} INFO - [2024-05-30T07:40:47.535+0000] {dag.py:3096} INFO - Sync 1 DAGs
[2024-05-30T07:40:47.540+0000] {logging_mixin.py:188} INFO - [2024-05-30T07:40:47.540+0000] {dag.py:3954} INFO - Setting next_dagrun for example_bash_decorator to None, run_after=None
[2024-05-30T07:40:47.547+0000] {processor.py:183} INFO - Processing /home/airflow/.local/lib/python3.12/site-packages/airflow/example_dags/example_bash_decorator.py took 0.032 seconds
[2024-05-30T07:41:18.111+0000] {processor.py:161} INFO - Started process (PID=708) to work on /home/airflow/.local/lib/python3.12/site-packages/airflow/example_dags/example_bash_decorator.py
[2024-05-30T07:41:18.111+0000] {processor.py:830} INFO - Processing file /home/airflow/.local/lib/python3.12/site-packages/airflow/example_dags/example_bash_decorator.py for tasks to queue
[2024-05-30T07:41:18.112+0000] {logging_mixin.py:188} INFO - [2024-05-30T07:41:18.112+0000] {dagbag.py:545} INFO - Filling up the DagBag from /home/airflow/.local/lib/python3.12/site-packages/airflow/example_dags/example_bash_decorator.py
[2024-05-30T07:41:18.118+0000] {processor.py:840} INFO - DAG(s) 'example_bash_decorator' retrieved from /home/airflow/.local/lib/python3.12/site-packages/airflow/example_dags/example_bash_decorator.py
[2024-05-30T07:41:18.128+0000] {logging_mixin.py:188} INFO - [2024-05-30T07:41:18.128+0000] {dag.py:3096} INFO - Sync 1 DAGs
[2024-05-30T07:41:18.134+0000] {logging_mixin.py:188} INFO - [2024-05-30T07:41:18.134+0000] {dag.py:3954} INFO - Setting next_dagrun for example_bash_decorator to None, run_after=None
[2024-05-30T07:41:18.141+0000] {processor.py:183} INFO - Processing /home/airflow/.local/lib/python3.12/site-packages/airflow/example_dags/example_bash_decorator.py took 0.034 seconds
[2024-05-30T07:41:48.671+0000] {processor.py:161} INFO - Started process (PID=970) to work on /home/airflow/.local/lib/python3.12/site-packages/airflow/example_dags/example_bash_decorator.py
[2024-05-30T07:41:48.672+0000] {processor.py:830} INFO - Processing file /home/airflow/.local/lib/python3.12/site-packages/airflow/example_dags/example_bash_decorator.py for tasks to queue
[2024-05-30T07:41:48.672+0000] {logging_mixin.py:188} INFO - [2024-05-30T07:41:48.672+0000] {dagbag.py:545} INFO - Filling up the DagBag from /home/airflow/.local/lib/python3.12/site-packages/airflow/example_dags/example_bash_decorator.py
[2024-05-30T07:41:48.678+0000] {processor.py:840} INFO - DAG(s) 'example_bash_decorator' retrieved from /home/airflow/.local/lib/python3.12/site-packages/airflow/example_dags/example_bash_decorator.py
[2024-05-30T07:41:48.688+0000] {logging_mixin.py:188} INFO - [2024-05-30T07:41:48.688+0000] {dag.py:3096} INFO - Sync 1 DAGs
[2024-05-30T07:41:48.693+0000] {logging_mixin.py:188} INFO - [2024-05-30T07:41:48.693+0000] {dag.py:3954} INFO - Setting next_dagrun for example_bash_decorator to None, run_after=None
[2024-05-30T07:41:48.700+0000] {processor.py:183} INFO - Processing /home/airflow/.local/lib/python3.12/site-packages/airflow/example_dags/example_bash_decorator.py took 0.032 seconds
[2024-05-30T07:42:19.285+0000] {processor.py:161} INFO - Started process (PID=1232) to work on /home/airflow/.local/lib/python3.12/site-packages/airflow/example_dags/example_bash_decorator.py
[2024-05-30T07:42:19.285+0000] {processor.py:830} INFO - Processing file /home/airflow/.local/lib/python3.12/site-packages/airflow/example_dags/example_bash_decorator.py for tasks to queue
[2024-05-30T07:42:19.286+0000] {logging_mixin.py:188} INFO - [2024-05-30T07:42:19.286+0000] {dagbag.py:545} INFO - Filling up the DagBag from /home/airflow/.local/lib/python3.12/site-packages/airflow/example_dags/example_bash_decorator.py
[2024-05-30T07:42:19.292+0000] {processor.py:840} INFO - DAG(s) 'example_bash_decorator' retrieved from /home/airflow/.local/lib/python3.12/site-packages/airflow/example_dags/example_bash_decorator.py
[2024-05-30T07:42:19.301+0000] {logging_mixin.py:188} INFO - [2024-05-30T07:42:19.301+0000] {dag.py:3096} INFO - Sync 1 DAGs
[2024-05-30T07:42:19.307+0000] {logging_mixin.py:188} INFO - [2024-05-30T07:42:19.307+0000] {dag.py:3954} INFO - Setting next_dagrun for example_bash_decorator to None, run_after=None
[2024-05-30T07:42:19.314+0000] {processor.py:183} INFO - Processing /home/airflow/.local/lib/python3.12/site-packages/airflow/example_dags/example_bash_decorator.py took 0.032 seconds
[2024-05-30T07:42:49.926+0000] {processor.py:161} INFO - Started process (PID=1494) to work on /home/airflow/.local/lib/python3.12/site-packages/airflow/example_dags/example_bash_decorator.py
[2024-05-30T07:42:49.927+0000] {processor.py:830} INFO - Processing file /home/airflow/.local/lib/python3.12/site-packages/airflow/example_dags/example_bash_decorator.py for tasks to queue
[2024-05-30T07:42:49.929+0000] {logging_mixin.py:188} INFO - [2024-05-30T07:42:49.929+0000] {dagbag.py:545} INFO - Filling up the DagBag from /home/airflow/.local/lib/python3.12/site-packages/airflow/example_dags/example_bash_decorator.py
[2024-05-30T07:42:49.939+0000] {processor.py:840} INFO - DAG(s) 'example_bash_decorator' retrieved from /home/airflow/.local/lib/python3.12/site-packages/airflow/example_dags/example_bash_decorator.py
[2024-05-30T07:42:49.956+0000] {logging_mixin.py:188} INFO - [2024-05-30T07:42:49.956+0000] {dag.py:3096} INFO - Sync 1 DAGs
[2024-05-30T07:42:49.965+0000] {logging_mixin.py:188} INFO - [2024-05-30T07:42:49.965+0000] {dag.py:3954} INFO - Setting next_dagrun for example_bash_decorator to None, run_after=None
[2024-05-30T07:42:49.974+0000] {processor.py:183} INFO - Processing /home/airflow/.local/lib/python3.12/site-packages/airflow/example_dags/example_bash_decorator.py took 0.052 seconds
[2024-05-30T07:43:20.017+0000] {processor.py:161} INFO - Started process (PID=1758) to work on /home/airflow/.local/lib/python3.12/site-packages/airflow/example_dags/example_bash_decorator.py
[2024-05-30T07:43:20.018+0000] {processor.py:830} INFO - Processing file /home/airflow/.local/lib/python3.12/site-packages/airflow/example_dags/example_bash_decorator.py for tasks to queue
[2024-05-30T07:43:20.018+0000] {logging_mixin.py:188} INFO - [2024-05-30T07:43:20.018+0000] {dagbag.py:545} INFO - Filling up the DagBag from /home/airflow/.local/lib/python3.12/site-packages/airflow/example_dags/example_bash_decorator.py
[2024-05-30T07:43:20.025+0000] {processor.py:840} INFO - DAG(s) 'example_bash_decorator' retrieved from /home/airflow/.local/lib/python3.12/site-packages/airflow/example_dags/example_bash_decorator.py
[2024-05-30T07:43:20.035+0000] {logging_mixin.py:188} INFO - [2024-05-30T07:43:20.035+0000] {dag.py:3096} INFO - Sync 1 DAGs
[2024-05-30T07:43:20.040+0000] {logging_mixin.py:188} INFO - [2024-05-30T07:43:20.040+0000] {dag.py:3954} INFO - Setting next_dagrun for example_bash_decorator to None, run_after=None
[2024-05-30T07:43:20.048+0000] {processor.py:183} INFO - Processing /home/airflow/.local/lib/python3.12/site-packages/airflow/example_dags/example_bash_decorator.py took 0.034 seconds
[2024-05-30T07:43:50.744+0000] {processor.py:161} INFO - Started process (PID=2018) to work on /home/airflow/.local/lib/python3.12/site-packages/airflow/example_dags/example_bash_decorator.py
[2024-05-30T07:43:50.745+0000] {processor.py:830} INFO - Processing file /home/airflow/.local/lib/python3.12/site-packages/airflow/example_dags/example_bash_decorator.py for tasks to queue
[2024-05-30T07:43:50.746+0000] {logging_mixin.py:188} INFO - [2024-05-30T07:43:50.746+0000] {dagbag.py:545} INFO - Filling up the DagBag from /home/airflow/.local/lib/python3.12/site-packages/airflow/example_dags/example_bash_decorator.py
[2024-05-30T07:43:50.753+0000] {processor.py:840} INFO - DAG(s) 'example_bash_decorator' retrieved from /home/airflow/.local/lib/python3.12/site-packages/airflow/example_dags/example_bash_decorator.py
[2024-05-30T07:43:50.764+0000] {logging_mixin.py:188} INFO - [2024-05-30T07:43:50.764+0000] {dag.py:3096} INFO - Sync 1 DAGs
[2024-05-30T07:43:50.770+0000] {logging_mixin.py:188} INFO - [2024-05-30T07:43:50.770+0000] {dag.py:3954} INFO - Setting next_dagrun for example_bash_decorator to None, run_after=None
[2024-05-30T07:43:50.777+0000] {processor.py:183} INFO - Processing /home/airflow/.local/lib/python3.12/site-packages/airflow/example_dags/example_bash_decorator.py took 0.036 seconds
[2024-05-30T07:44:21.602+0000] {processor.py:161} INFO - Started process (PID=2282) to work on /home/airflow/.local/lib/python3.12/site-packages/airflow/example_dags/example_bash_decorator.py
[2024-05-30T07:44:21.603+0000] {processor.py:830} INFO - Processing file /home/airflow/.local/lib/python3.12/site-packages/airflow/example_dags/example_bash_decorator.py for tasks to queue
[2024-05-30T07:44:21.604+0000] {logging_mixin.py:188} INFO - [2024-05-30T07:44:21.604+0000] {dagbag.py:545} INFO - Filling up the DagBag from /home/airflow/.local/lib/python3.12/site-packages/airflow/example_dags/example_bash_decorator.py
[2024-05-30T07:44:21.610+0000] {processor.py:840} INFO - DAG(s) 'example_bash_decorator' retrieved from /home/airflow/.local/lib/python3.12/site-packages/airflow/example_dags/example_bash_decorator.py
[2024-05-30T07:44:21.620+0000] {logging_mixin.py:188} INFO - [2024-05-30T07:44:21.620+0000] {dag.py:3096} INFO - Sync 1 DAGs
[2024-05-30T07:44:21.626+0000] {logging_mixin.py:188} INFO - [2024-05-30T07:44:21.625+0000] {dag.py:3954} INFO - Setting next_dagrun for example_bash_decorator to None, run_after=None
[2024-05-30T07:44:21.634+0000] {processor.py:183} INFO - Processing /home/airflow/.local/lib/python3.12/site-packages/airflow/example_dags/example_bash_decorator.py took 0.034 seconds
[2024-05-30T07:44:52.303+0000] {processor.py:161} INFO - Started process (PID=2544) to work on /home/airflow/.local/lib/python3.12/site-packages/airflow/example_dags/example_bash_decorator.py
[2024-05-30T07:44:52.303+0000] {processor.py:830} INFO - Processing file /home/airflow/.local/lib/python3.12/site-packages/airflow/example_dags/example_bash_decorator.py for tasks to queue
[2024-05-30T07:44:52.304+0000] {logging_mixin.py:188} INFO - [2024-05-30T07:44:52.304+0000] {dagbag.py:545} INFO - Filling up the DagBag from /home/airflow/.local/lib/python3.12/site-packages/airflow/example_dags/example_bash_decorator.py
[2024-05-30T07:44:52.311+0000] {processor.py:840} INFO - DAG(s) 'example_bash_decorator' retrieved from /home/airflow/.local/lib/python3.12/site-packages/airflow/example_dags/example_bash_decorator.py
[2024-05-30T07:44:52.321+0000] {logging_mixin.py:188} INFO - [2024-05-30T07:44:52.321+0000] {dag.py:3096} INFO - Sync 1 DAGs
[2024-05-30T07:44:52.326+0000] {logging_mixin.py:188} INFO - [2024-05-30T07:44:52.326+0000] {dag.py:3954} INFO - Setting next_dagrun for example_bash_decorator to None, run_after=None
[2024-05-30T07:44:52.334+0000] {processor.py:183} INFO - Processing /home/airflow/.local/lib/python3.12/site-packages/airflow/example_dags/example_bash_decorator.py took 0.034 seconds
[2024-05-30T07:45:22.995+0000] {processor.py:161} INFO - Started process (PID=2804) to work on /home/airflow/.local/lib/python3.12/site-packages/airflow/example_dags/example_bash_decorator.py
[2024-05-30T07:45:22.996+0000] {processor.py:830} INFO - Processing file /home/airflow/.local/lib/python3.12/site-packages/airflow/example_dags/example_bash_decorator.py for tasks to queue
[2024-05-30T07:45:22.996+0000] {logging_mixin.py:188} INFO - [2024-05-30T07:45:22.996+0000] {dagbag.py:545} INFO - Filling up the DagBag from /home/airflow/.local/lib/python3.12/site-packages/airflow/example_dags/example_bash_decorator.py
[2024-05-30T07:45:23.002+0000] {processor.py:840} INFO - DAG(s) 'example_bash_decorator' retrieved from /home/airflow/.local/lib/python3.12/site-packages/airflow/example_dags/example_bash_decorator.py
[2024-05-30T07:45:23.013+0000] {logging_mixin.py:188} INFO - [2024-05-30T07:45:23.012+0000] {dag.py:3096} INFO - Sync 1 DAGs
[2024-05-30T07:45:23.018+0000] {logging_mixin.py:188} INFO - [2024-05-30T07:45:23.018+0000] {dag.py:3954} INFO - Setting next_dagrun for example_bash_decorator to None, run_after=None
[2024-05-30T07:45:23.026+0000] {processor.py:183} INFO - Processing /home/airflow/.local/lib/python3.12/site-packages/airflow/example_dags/example_bash_decorator.py took 0.034 seconds
[2024-05-30T07:45:53.293+0000] {processor.py:161} INFO - Started process (PID=3068) to work on /home/airflow/.local/lib/python3.12/site-packages/airflow/example_dags/example_bash_decorator.py
[2024-05-30T07:45:53.294+0000] {processor.py:830} INFO - Processing file /home/airflow/.local/lib/python3.12/site-packages/airflow/example_dags/example_bash_decorator.py for tasks to queue
[2024-05-30T07:45:53.295+0000] {logging_mixin.py:188} INFO - [2024-05-30T07:45:53.294+0000] {dagbag.py:545} INFO - Filling up the DagBag from /home/airflow/.local/lib/python3.12/site-packages/airflow/example_dags/example_bash_decorator.py
[2024-05-30T07:45:53.301+0000] {processor.py:840} INFO - DAG(s) 'example_bash_decorator' retrieved from /home/airflow/.local/lib/python3.12/site-packages/airflow/example_dags/example_bash_decorator.py
[2024-05-30T07:45:53.311+0000] {logging_mixin.py:188} INFO - [2024-05-30T07:45:53.311+0000] {dag.py:3096} INFO - Sync 1 DAGs
[2024-05-30T07:45:53.316+0000] {logging_mixin.py:188} INFO - [2024-05-30T07:45:53.316+0000] {dag.py:3954} INFO - Setting next_dagrun for example_bash_decorator to None, run_after=None
[2024-05-30T07:45:53.324+0000] {processor.py:183} INFO - Processing /home/airflow/.local/lib/python3.12/site-packages/airflow/example_dags/example_bash_decorator.py took 0.034 seconds
[2024-05-30T07:46:24.012+0000] {processor.py:161} INFO - Started process (PID=3328) to work on /home/airflow/.local/lib/python3.12/site-packages/airflow/example_dags/example_bash_decorator.py
[2024-05-30T07:46:24.013+0000] {processor.py:830} INFO - Processing file /home/airflow/.local/lib/python3.12/site-packages/airflow/example_dags/example_bash_decorator.py for tasks to queue
[2024-05-30T07:46:24.014+0000] {logging_mixin.py:188} INFO - [2024-05-30T07:46:24.014+0000] {dagbag.py:545} INFO - Filling up the DagBag from /home/airflow/.local/lib/python3.12/site-packages/airflow/example_dags/example_bash_decorator.py
[2024-05-30T07:46:24.020+0000] {processor.py:840} INFO - DAG(s) 'example_bash_decorator' retrieved from /home/airflow/.local/lib/python3.12/site-packages/airflow/example_dags/example_bash_decorator.py
[2024-05-30T07:46:24.031+0000] {logging_mixin.py:188} INFO - [2024-05-30T07:46:24.031+0000] {dag.py:3096} INFO - Sync 1 DAGs
[2024-05-30T07:46:24.036+0000] {logging_mixin.py:188} INFO - [2024-05-30T07:46:24.036+0000] {dag.py:3954} INFO - Setting next_dagrun for example_bash_decorator to None, run_after=None
[2024-05-30T07:46:24.043+0000] {processor.py:183} INFO - Processing /home/airflow/.local/lib/python3.12/site-packages/airflow/example_dags/example_bash_decorator.py took 0.034 seconds
[2024-05-30T07:46:54.602+0000] {processor.py:161} INFO - Started process (PID=3738) to work on /home/airflow/.local/lib/python3.12/site-packages/airflow/example_dags/example_bash_decorator.py
[2024-05-30T07:46:54.603+0000] {processor.py:830} INFO - Processing file /home/airflow/.local/lib/python3.12/site-packages/airflow/example_dags/example_bash_decorator.py for tasks to queue
[2024-05-30T07:46:54.604+0000] {logging_mixin.py:188} INFO - [2024-05-30T07:46:54.604+0000] {dagbag.py:545} INFO - Filling up the DagBag from /home/airflow/.local/lib/python3.12/site-packages/airflow/example_dags/example_bash_decorator.py
[2024-05-30T07:46:54.610+0000] {processor.py:840} INFO - DAG(s) 'example_bash_decorator' retrieved from /home/airflow/.local/lib/python3.12/site-packages/airflow/example_dags/example_bash_decorator.py
[2024-05-30T07:46:54.621+0000] {logging_mixin.py:188} INFO - [2024-05-30T07:46:54.621+0000] {dag.py:3096} INFO - Sync 1 DAGs
[2024-05-30T07:46:54.626+0000] {logging_mixin.py:188} INFO - [2024-05-30T07:46:54.626+0000] {dag.py:3954} INFO - Setting next_dagrun for example_bash_decorator to None, run_after=None
[2024-05-30T07:46:54.633+0000] {processor.py:183} INFO - Processing /home/airflow/.local/lib/python3.12/site-packages/airflow/example_dags/example_bash_decorator.py took 0.034 seconds
[2024-05-30T07:47:25.340+0000] {processor.py:161} INFO - Started process (PID=4000) to work on /home/airflow/.local/lib/python3.12/site-packages/airflow/example_dags/example_bash_decorator.py
[2024-05-30T07:47:25.341+0000] {processor.py:830} INFO - Processing file /home/airflow/.local/lib/python3.12/site-packages/airflow/example_dags/example_bash_decorator.py for tasks to queue
[2024-05-30T07:47:25.342+0000] {logging_mixin.py:188} INFO - [2024-05-30T07:47:25.342+0000] {dagbag.py:545} INFO - Filling up the DagBag from /home/airflow/.local/lib/python3.12/site-packages/airflow/example_dags/example_bash_decorator.py
[2024-05-30T07:47:25.348+0000] {processor.py:840} INFO - DAG(s) 'example_bash_decorator' retrieved from /home/airflow/.local/lib/python3.12/site-packages/airflow/example_dags/example_bash_decorator.py
[2024-05-30T07:47:25.359+0000] {logging_mixin.py:188} INFO - [2024-05-30T07:47:25.359+0000] {dag.py:3096} INFO - Sync 1 DAGs
[2024-05-30T07:47:25.365+0000] {logging_mixin.py:188} INFO - [2024-05-30T07:47:25.365+0000] {dag.py:3954} INFO - Setting next_dagrun for example_bash_decorator to None, run_after=None
[2024-05-30T07:47:25.373+0000] {processor.py:183} INFO - Processing /home/airflow/.local/lib/python3.12/site-packages/airflow/example_dags/example_bash_decorator.py took 0.036 seconds
[2024-05-30T07:47:55.995+0000] {processor.py:161} INFO - Started process (PID=4262) to work on /home/airflow/.local/lib/python3.12/site-packages/airflow/example_dags/example_bash_decorator.py
[2024-05-30T07:47:55.995+0000] {processor.py:830} INFO - Processing file /home/airflow/.local/lib/python3.12/site-packages/airflow/example_dags/example_bash_decorator.py for tasks to queue
[2024-05-30T07:47:55.996+0000] {logging_mixin.py:188} INFO - [2024-05-30T07:47:55.996+0000] {dagbag.py:545} INFO - Filling up the DagBag from /home/airflow/.local/lib/python3.12/site-packages/airflow/example_dags/example_bash_decorator.py
[2024-05-30T07:47:56.002+0000] {processor.py:840} INFO - DAG(s) 'example_bash_decorator' retrieved from /home/airflow/.local/lib/python3.12/site-packages/airflow/example_dags/example_bash_decorator.py
[2024-05-30T07:47:56.012+0000] {logging_mixin.py:188} INFO - [2024-05-30T07:47:56.012+0000] {dag.py:3096} INFO - Sync 1 DAGs
[2024-05-30T07:47:56.017+0000] {logging_mixin.py:188} INFO - [2024-05-30T07:47:56.017+0000] {dag.py:3954} INFO - Setting next_dagrun for example_bash_decorator to None, run_after=None
[2024-05-30T07:47:56.024+0000] {processor.py:183} INFO - Processing /home/airflow/.local/lib/python3.12/site-packages/airflow/example_dags/example_bash_decorator.py took 0.033 seconds
[2024-05-30T07:48:26.728+0000] {processor.py:161} INFO - Started process (PID=4524) to work on /home/airflow/.local/lib/python3.12/site-packages/airflow/example_dags/example_bash_decorator.py
[2024-05-30T07:48:26.729+0000] {processor.py:830} INFO - Processing file /home/airflow/.local/lib/python3.12/site-packages/airflow/example_dags/example_bash_decorator.py for tasks to queue
[2024-05-30T07:48:26.730+0000] {logging_mixin.py:188} INFO - [2024-05-30T07:48:26.730+0000] {dagbag.py:545} INFO - Filling up the DagBag from /home/airflow/.local/lib/python3.12/site-packages/airflow/example_dags/example_bash_decorator.py
[2024-05-30T07:48:26.737+0000] {processor.py:840} INFO - DAG(s) 'example_bash_decorator' retrieved from /home/airflow/.local/lib/python3.12/site-packages/airflow/example_dags/example_bash_decorator.py
[2024-05-30T07:48:26.749+0000] {logging_mixin.py:188} INFO - [2024-05-30T07:48:26.749+0000] {dag.py:3096} INFO - Sync 1 DAGs
[2024-05-30T07:48:26.755+0000] {logging_mixin.py:188} INFO - [2024-05-30T07:48:26.755+0000] {dag.py:3954} INFO - Setting next_dagrun for example_bash_decorator to None, run_after=None
[2024-05-30T07:48:26.763+0000] {processor.py:183} INFO - Processing /home/airflow/.local/lib/python3.12/site-packages/airflow/example_dags/example_bash_decorator.py took 0.039 seconds
[2024-05-30T07:48:56.802+0000] {processor.py:161} INFO - Started process (PID=4786) to work on /home/airflow/.local/lib/python3.12/site-packages/airflow/example_dags/example_bash_decorator.py
[2024-05-30T07:48:56.802+0000] {processor.py:830} INFO - Processing file /home/airflow/.local/lib/python3.12/site-packages/airflow/example_dags/example_bash_decorator.py for tasks to queue
[2024-05-30T07:48:56.803+0000] {logging_mixin.py:188} INFO - [2024-05-30T07:48:56.803+0000] {dagbag.py:545} INFO - Filling up the DagBag from /home/airflow/.local/lib/python3.12/site-packages/airflow/example_dags/example_bash_decorator.py
[2024-05-30T07:48:56.809+0000] {processor.py:840} INFO - DAG(s) 'example_bash_decorator' retrieved from /home/airflow/.local/lib/python3.12/site-packages/airflow/example_dags/example_bash_decorator.py
[2024-05-30T07:48:56.821+0000] {logging_mixin.py:188} INFO - [2024-05-30T07:48:56.821+0000] {dag.py:3096} INFO - Sync 1 DAGs
[2024-05-30T07:48:56.827+0000] {logging_mixin.py:188} INFO - [2024-05-30T07:48:56.827+0000] {dag.py:3954} INFO - Setting next_dagrun for example_bash_decorator to None, run_after=None
[2024-05-30T07:48:56.838+0000] {processor.py:183} INFO - Processing /home/airflow/.local/lib/python3.12/site-packages/airflow/example_dags/example_bash_decorator.py took 0.039 seconds
[2024-05-30T07:49:27.586+0000] {processor.py:161} INFO - Started process (PID=5048) to work on /home/airflow/.local/lib/python3.12/site-packages/airflow/example_dags/example_bash_decorator.py
[2024-05-30T07:49:27.587+0000] {processor.py:830} INFO - Processing file /home/airflow/.local/lib/python3.12/site-packages/airflow/example_dags/example_bash_decorator.py for tasks to queue
[2024-05-30T07:49:27.589+0000] {logging_mixin.py:188} INFO - [2024-05-30T07:49:27.588+0000] {dagbag.py:545} INFO - Filling up the DagBag from /home/airflow/.local/lib/python3.12/site-packages/airflow/example_dags/example_bash_decorator.py
[2024-05-30T07:49:27.595+0000] {processor.py:840} INFO - DAG(s) 'example_bash_decorator' retrieved from /home/airflow/.local/lib/python3.12/site-packages/airflow/example_dags/example_bash_decorator.py
[2024-05-30T07:49:27.606+0000] {logging_mixin.py:188} INFO - [2024-05-30T07:49:27.606+0000] {dag.py:3096} INFO - Sync 1 DAGs
[2024-05-30T07:49:27.611+0000] {logging_mixin.py:188} INFO - [2024-05-30T07:49:27.611+0000] {dag.py:3954} INFO - Setting next_dagrun for example_bash_decorator to None, run_after=None
[2024-05-30T07:49:27.618+0000] {processor.py:183} INFO - Processing /home/airflow/.local/lib/python3.12/site-packages/airflow/example_dags/example_bash_decorator.py took 0.035 seconds
[2024-05-30T07:49:58.261+0000] {processor.py:161} INFO - Started process (PID=5310) to work on /home/airflow/.local/lib/python3.12/site-packages/airflow/example_dags/example_bash_decorator.py
[2024-05-30T07:49:58.262+0000] {processor.py:830} INFO - Processing file /home/airflow/.local/lib/python3.12/site-packages/airflow/example_dags/example_bash_decorator.py for tasks to queue
[2024-05-30T07:49:58.263+0000] {logging_mixin.py:188} INFO - [2024-05-30T07:49:58.263+0000] {dagbag.py:545} INFO - Filling up the DagBag from /home/airflow/.local/lib/python3.12/site-packages/airflow/example_dags/example_bash_decorator.py
[2024-05-30T07:49:58.269+0000] {processor.py:840} INFO - DAG(s) 'example_bash_decorator' retrieved from /home/airflow/.local/lib/python3.12/site-packages/airflow/example_dags/example_bash_decorator.py
[2024-05-30T07:49:58.279+0000] {logging_mixin.py:188} INFO - [2024-05-30T07:49:58.279+0000] {dag.py:3096} INFO - Sync 1 DAGs
[2024-05-30T07:49:58.284+0000] {logging_mixin.py:188} INFO - [2024-05-30T07:49:58.284+0000] {dag.py:3954} INFO - Setting next_dagrun for example_bash_decorator to None, run_after=None
[2024-05-30T07:49:58.292+0000] {processor.py:183} INFO - Processing /home/airflow/.local/lib/python3.12/site-packages/airflow/example_dags/example_bash_decorator.py took 0.033 seconds
[2024-05-30T07:50:28.882+0000] {processor.py:161} INFO - Started process (PID=5572) to work on /home/airflow/.local/lib/python3.12/site-packages/airflow/example_dags/example_bash_decorator.py
[2024-05-30T07:50:28.882+0000] {processor.py:830} INFO - Processing file /home/airflow/.local/lib/python3.12/site-packages/airflow/example_dags/example_bash_decorator.py for tasks to queue
[2024-05-30T07:50:28.883+0000] {logging_mixin.py:188} INFO - [2024-05-30T07:50:28.883+0000] {dagbag.py:545} INFO - Filling up the DagBag from /home/airflow/.local/lib/python3.12/site-packages/airflow/example_dags/example_bash_decorator.py
[2024-05-30T07:50:28.889+0000] {processor.py:840} INFO - DAG(s) 'example_bash_decorator' retrieved from /home/airflow/.local/lib/python3.12/site-packages/airflow/example_dags/example_bash_decorator.py
[2024-05-30T07:50:28.898+0000] {logging_mixin.py:188} INFO - [2024-05-30T07:50:28.898+0000] {dag.py:3096} INFO - Sync 1 DAGs
[2024-05-30T07:50:28.904+0000] {logging_mixin.py:188} INFO - [2024-05-30T07:50:28.904+0000] {dag.py:3954} INFO - Setting next_dagrun for example_bash_decorator to None, run_after=None
[2024-05-30T07:50:28.911+0000] {processor.py:183} INFO - Processing /home/airflow/.local/lib/python3.12/site-packages/airflow/example_dags/example_bash_decorator.py took 0.032 seconds
[2024-05-30T07:50:59.691+0000] {processor.py:161} INFO - Started process (PID=5835) to work on /home/airflow/.local/lib/python3.12/site-packages/airflow/example_dags/example_bash_decorator.py
[2024-05-30T07:50:59.692+0000] {processor.py:830} INFO - Processing file /home/airflow/.local/lib/python3.12/site-packages/airflow/example_dags/example_bash_decorator.py for tasks to queue
[2024-05-30T07:50:59.693+0000] {logging_mixin.py:188} INFO - [2024-05-30T07:50:59.693+0000] {dagbag.py:545} INFO - Filling up the DagBag from /home/airflow/.local/lib/python3.12/site-packages/airflow/example_dags/example_bash_decorator.py
[2024-05-30T07:50:59.700+0000] {processor.py:840} INFO - DAG(s) 'example_bash_decorator' retrieved from /home/airflow/.local/lib/python3.12/site-packages/airflow/example_dags/example_bash_decorator.py
[2024-05-30T07:50:59.710+0000] {logging_mixin.py:188} INFO - [2024-05-30T07:50:59.710+0000] {dag.py:3096} INFO - Sync 1 DAGs
[2024-05-30T07:50:59.716+0000] {logging_mixin.py:188} INFO - [2024-05-30T07:50:59.716+0000] {dag.py:3954} INFO - Setting next_dagrun for example_bash_decorator to None, run_after=None
[2024-05-30T07:50:59.723+0000] {processor.py:183} INFO - Processing /home/airflow/.local/lib/python3.12/site-packages/airflow/example_dags/example_bash_decorator.py took 0.035 seconds
[2024-05-30T07:51:30.284+0000] {processor.py:161} INFO - Started process (PID=6097) to work on /home/airflow/.local/lib/python3.12/site-packages/airflow/example_dags/example_bash_decorator.py
[2024-05-30T07:51:30.285+0000] {processor.py:830} INFO - Processing file /home/airflow/.local/lib/python3.12/site-packages/airflow/example_dags/example_bash_decorator.py for tasks to queue
[2024-05-30T07:51:30.286+0000] {logging_mixin.py:188} INFO - [2024-05-30T07:51:30.286+0000] {dagbag.py:545} INFO - Filling up the DagBag from /home/airflow/.local/lib/python3.12/site-packages/airflow/example_dags/example_bash_decorator.py
[2024-05-30T07:51:30.292+0000] {processor.py:840} INFO - DAG(s) 'example_bash_decorator' retrieved from /home/airflow/.local/lib/python3.12/site-packages/airflow/example_dags/example_bash_decorator.py
[2024-05-30T07:51:30.301+0000] {logging_mixin.py:188} INFO - [2024-05-30T07:51:30.301+0000] {dag.py:3096} INFO - Sync 1 DAGs
[2024-05-30T07:51:30.306+0000] {logging_mixin.py:188} INFO - [2024-05-30T07:51:30.306+0000] {dag.py:3954} INFO - Setting next_dagrun for example_bash_decorator to None, run_after=None
[2024-05-30T07:51:30.314+0000] {processor.py:183} INFO - Processing /home/airflow/.local/lib/python3.12/site-packages/airflow/example_dags/example_bash_decorator.py took 0.033 seconds
