[2024-05-30T07:40:18.382+0000] {processor.py:161} INFO - Started process (PID=304) to work on /home/airflow/.local/lib/python3.12/site-packages/airflow/example_dags/example_branch_operator.py
[2024-05-30T07:40:18.383+0000] {processor.py:830} INFO - Processing file /home/airflow/.local/lib/python3.12/site-packages/airflow/example_dags/example_branch_operator.py for tasks to queue
[2024-05-30T07:40:18.384+0000] {logging_mixin.py:188} INFO - [2024-05-30T07:40:18.384+0000] {dagbag.py:545} INFO - Filling up the DagBag from /home/airflow/.local/lib/python3.12/site-packages/airflow/example_dags/example_branch_operator.py
[2024-05-30T07:40:18.393+0000] {processor.py:840} INFO - DAG(s) 'example_branch_operator' retrieved from /home/airflow/.local/lib/python3.12/site-packages/airflow/example_dags/example_branch_operator.py
[2024-05-30T07:40:18.451+0000] {logging_mixin.py:188} INFO - [2024-05-30T07:40:18.451+0000] {override.py:1829} INFO - Created Permission View: can delete on DAG:example_branch_operator
[2024-05-30T07:40:18.454+0000] {logging_mixin.py:188} INFO - [2024-05-30T07:40:18.454+0000] {override.py:1829} INFO - Created Permission View: can edit on DAG:example_branch_operator
[2024-05-30T07:40:18.456+0000] {logging_mixin.py:188} INFO - [2024-05-30T07:40:18.456+0000] {override.py:1829} INFO - Created Permission View: can read on DAG:example_branch_operator
[2024-05-30T07:40:18.456+0000] {logging_mixin.py:188} INFO - [2024-05-30T07:40:18.456+0000] {dag.py:3096} INFO - Sync 1 DAGs
[2024-05-30T07:40:18.462+0000] {logging_mixin.py:188} INFO - [2024-05-30T07:40:18.462+0000] {dag.py:3118} INFO - Creating ORM DAG for example_branch_operator
[2024-05-30T07:40:18.468+0000] {logging_mixin.py:188} INFO - [2024-05-30T07:40:18.468+0000] {dag.py:3954} INFO - Setting next_dagrun for example_branch_operator to 2024-05-29 00:00:00+00:00, run_after=2024-05-30 00:00:00+00:00
[2024-05-30T07:40:18.475+0000] {processor.py:183} INFO - Processing /home/airflow/.local/lib/python3.12/site-packages/airflow/example_dags/example_branch_operator.py took 0.096 seconds
[2024-05-30T07:40:49.202+0000] {processor.py:161} INFO - Started process (PID=568) to work on /home/airflow/.local/lib/python3.12/site-packages/airflow/example_dags/example_branch_operator.py
[2024-05-30T07:40:49.203+0000] {processor.py:830} INFO - Processing file /home/airflow/.local/lib/python3.12/site-packages/airflow/example_dags/example_branch_operator.py for tasks to queue
[2024-05-30T07:40:49.203+0000] {logging_mixin.py:188} INFO - [2024-05-30T07:40:49.203+0000] {dagbag.py:545} INFO - Filling up the DagBag from /home/airflow/.local/lib/python3.12/site-packages/airflow/example_dags/example_branch_operator.py
[2024-05-30T07:40:49.211+0000] {processor.py:840} INFO - DAG(s) 'example_branch_operator' retrieved from /home/airflow/.local/lib/python3.12/site-packages/airflow/example_dags/example_branch_operator.py
[2024-05-30T07:40:49.223+0000] {logging_mixin.py:188} INFO - [2024-05-30T07:40:49.223+0000] {dag.py:3096} INFO - Sync 1 DAGs
[2024-05-30T07:40:49.232+0000] {logging_mixin.py:188} INFO - [2024-05-30T07:40:49.232+0000] {dag.py:3954} INFO - Setting next_dagrun for example_branch_operator to 2024-05-29 00:00:00+00:00, run_after=2024-05-30 00:00:00+00:00
[2024-05-30T07:40:49.239+0000] {processor.py:183} INFO - Processing /home/airflow/.local/lib/python3.12/site-packages/airflow/example_dags/example_branch_operator.py took 0.040 seconds
[2024-05-30T07:41:19.803+0000] {processor.py:161} INFO - Started process (PID=830) to work on /home/airflow/.local/lib/python3.12/site-packages/airflow/example_dags/example_branch_operator.py
[2024-05-30T07:41:19.804+0000] {processor.py:830} INFO - Processing file /home/airflow/.local/lib/python3.12/site-packages/airflow/example_dags/example_branch_operator.py for tasks to queue
[2024-05-30T07:41:19.805+0000] {logging_mixin.py:188} INFO - [2024-05-30T07:41:19.804+0000] {dagbag.py:545} INFO - Filling up the DagBag from /home/airflow/.local/lib/python3.12/site-packages/airflow/example_dags/example_branch_operator.py
[2024-05-30T07:41:19.813+0000] {processor.py:840} INFO - DAG(s) 'example_branch_operator' retrieved from /home/airflow/.local/lib/python3.12/site-packages/airflow/example_dags/example_branch_operator.py
[2024-05-30T07:41:19.824+0000] {logging_mixin.py:188} INFO - [2024-05-30T07:41:19.824+0000] {dag.py:3096} INFO - Sync 1 DAGs
[2024-05-30T07:41:19.833+0000] {logging_mixin.py:188} INFO - [2024-05-30T07:41:19.833+0000] {dag.py:3954} INFO - Setting next_dagrun for example_branch_operator to 2024-05-29 00:00:00+00:00, run_after=2024-05-30 00:00:00+00:00
[2024-05-30T07:41:19.840+0000] {processor.py:183} INFO - Processing /home/airflow/.local/lib/python3.12/site-packages/airflow/example_dags/example_branch_operator.py took 0.039 seconds
[2024-05-30T07:41:50.352+0000] {processor.py:161} INFO - Started process (PID=1092) to work on /home/airflow/.local/lib/python3.12/site-packages/airflow/example_dags/example_branch_operator.py
[2024-05-30T07:41:50.352+0000] {processor.py:830} INFO - Processing file /home/airflow/.local/lib/python3.12/site-packages/airflow/example_dags/example_branch_operator.py for tasks to queue
[2024-05-30T07:41:50.353+0000] {logging_mixin.py:188} INFO - [2024-05-30T07:41:50.353+0000] {dagbag.py:545} INFO - Filling up the DagBag from /home/airflow/.local/lib/python3.12/site-packages/airflow/example_dags/example_branch_operator.py
[2024-05-30T07:41:50.361+0000] {processor.py:840} INFO - DAG(s) 'example_branch_operator' retrieved from /home/airflow/.local/lib/python3.12/site-packages/airflow/example_dags/example_branch_operator.py
[2024-05-30T07:41:50.373+0000] {logging_mixin.py:188} INFO - [2024-05-30T07:41:50.373+0000] {dag.py:3096} INFO - Sync 1 DAGs
[2024-05-30T07:41:50.382+0000] {logging_mixin.py:188} INFO - [2024-05-30T07:41:50.381+0000] {dag.py:3954} INFO - Setting next_dagrun for example_branch_operator to 2024-05-29 00:00:00+00:00, run_after=2024-05-30 00:00:00+00:00
[2024-05-30T07:41:50.389+0000] {processor.py:183} INFO - Processing /home/airflow/.local/lib/python3.12/site-packages/airflow/example_dags/example_branch_operator.py took 0.040 seconds
[2024-05-30T07:42:20.964+0000] {processor.py:161} INFO - Started process (PID=1354) to work on /home/airflow/.local/lib/python3.12/site-packages/airflow/example_dags/example_branch_operator.py
[2024-05-30T07:42:20.964+0000] {processor.py:830} INFO - Processing file /home/airflow/.local/lib/python3.12/site-packages/airflow/example_dags/example_branch_operator.py for tasks to queue
[2024-05-30T07:42:20.965+0000] {logging_mixin.py:188} INFO - [2024-05-30T07:42:20.965+0000] {dagbag.py:545} INFO - Filling up the DagBag from /home/airflow/.local/lib/python3.12/site-packages/airflow/example_dags/example_branch_operator.py
[2024-05-30T07:42:20.974+0000] {processor.py:840} INFO - DAG(s) 'example_branch_operator' retrieved from /home/airflow/.local/lib/python3.12/site-packages/airflow/example_dags/example_branch_operator.py
[2024-05-30T07:42:20.986+0000] {logging_mixin.py:188} INFO - [2024-05-30T07:42:20.986+0000] {dag.py:3096} INFO - Sync 1 DAGs
[2024-05-30T07:42:20.995+0000] {logging_mixin.py:188} INFO - [2024-05-30T07:42:20.995+0000] {dag.py:3954} INFO - Setting next_dagrun for example_branch_operator to 2024-05-29 00:00:00+00:00, run_after=2024-05-30 00:00:00+00:00
[2024-05-30T07:42:21.002+0000] {processor.py:183} INFO - Processing /home/airflow/.local/lib/python3.12/site-packages/airflow/example_dags/example_branch_operator.py took 0.041 seconds
[2024-05-30T07:42:51.715+0000] {processor.py:161} INFO - Started process (PID=1616) to work on /home/airflow/.local/lib/python3.12/site-packages/airflow/example_dags/example_branch_operator.py
[2024-05-30T07:42:51.715+0000] {processor.py:830} INFO - Processing file /home/airflow/.local/lib/python3.12/site-packages/airflow/example_dags/example_branch_operator.py for tasks to queue
[2024-05-30T07:42:51.716+0000] {logging_mixin.py:188} INFO - [2024-05-30T07:42:51.716+0000] {dagbag.py:545} INFO - Filling up the DagBag from /home/airflow/.local/lib/python3.12/site-packages/airflow/example_dags/example_branch_operator.py
[2024-05-30T07:42:51.724+0000] {processor.py:840} INFO - DAG(s) 'example_branch_operator' retrieved from /home/airflow/.local/lib/python3.12/site-packages/airflow/example_dags/example_branch_operator.py
[2024-05-30T07:42:51.736+0000] {logging_mixin.py:188} INFO - [2024-05-30T07:42:51.736+0000] {dag.py:3096} INFO - Sync 1 DAGs
[2024-05-30T07:42:51.746+0000] {logging_mixin.py:188} INFO - [2024-05-30T07:42:51.745+0000] {dag.py:3954} INFO - Setting next_dagrun for example_branch_operator to 2024-05-29 00:00:00+00:00, run_after=2024-05-30 00:00:00+00:00
[2024-05-30T07:42:51.753+0000] {processor.py:183} INFO - Processing /home/airflow/.local/lib/python3.12/site-packages/airflow/example_dags/example_branch_operator.py took 0.041 seconds
[2024-05-30T07:43:21.789+0000] {processor.py:161} INFO - Started process (PID=1878) to work on /home/airflow/.local/lib/python3.12/site-packages/airflow/example_dags/example_branch_operator.py
[2024-05-30T07:43:21.789+0000] {processor.py:830} INFO - Processing file /home/airflow/.local/lib/python3.12/site-packages/airflow/example_dags/example_branch_operator.py for tasks to queue
[2024-05-30T07:43:21.790+0000] {logging_mixin.py:188} INFO - [2024-05-30T07:43:21.790+0000] {dagbag.py:545} INFO - Filling up the DagBag from /home/airflow/.local/lib/python3.12/site-packages/airflow/example_dags/example_branch_operator.py
[2024-05-30T07:43:21.798+0000] {processor.py:840} INFO - DAG(s) 'example_branch_operator' retrieved from /home/airflow/.local/lib/python3.12/site-packages/airflow/example_dags/example_branch_operator.py
[2024-05-30T07:43:21.810+0000] {logging_mixin.py:188} INFO - [2024-05-30T07:43:21.809+0000] {dag.py:3096} INFO - Sync 1 DAGs
[2024-05-30T07:43:21.818+0000] {logging_mixin.py:188} INFO - [2024-05-30T07:43:21.818+0000] {dag.py:3954} INFO - Setting next_dagrun for example_branch_operator to 2024-05-29 00:00:00+00:00, run_after=2024-05-30 00:00:00+00:00
[2024-05-30T07:43:21.825+0000] {processor.py:183} INFO - Processing /home/airflow/.local/lib/python3.12/site-packages/airflow/example_dags/example_branch_operator.py took 0.039 seconds
[2024-05-30T07:43:52.527+0000] {processor.py:161} INFO - Started process (PID=2138) to work on /home/airflow/.local/lib/python3.12/site-packages/airflow/example_dags/example_branch_operator.py
[2024-05-30T07:43:52.528+0000] {processor.py:830} INFO - Processing file /home/airflow/.local/lib/python3.12/site-packages/airflow/example_dags/example_branch_operator.py for tasks to queue
[2024-05-30T07:43:52.529+0000] {logging_mixin.py:188} INFO - [2024-05-30T07:43:52.529+0000] {dagbag.py:545} INFO - Filling up the DagBag from /home/airflow/.local/lib/python3.12/site-packages/airflow/example_dags/example_branch_operator.py
[2024-05-30T07:43:52.537+0000] {processor.py:840} INFO - DAG(s) 'example_branch_operator' retrieved from /home/airflow/.local/lib/python3.12/site-packages/airflow/example_dags/example_branch_operator.py
[2024-05-30T07:43:52.549+0000] {logging_mixin.py:188} INFO - [2024-05-30T07:43:52.549+0000] {dag.py:3096} INFO - Sync 1 DAGs
[2024-05-30T07:43:52.558+0000] {logging_mixin.py:188} INFO - [2024-05-30T07:43:52.558+0000] {dag.py:3954} INFO - Setting next_dagrun for example_branch_operator to 2024-05-29 00:00:00+00:00, run_after=2024-05-30 00:00:00+00:00
[2024-05-30T07:43:52.565+0000] {processor.py:183} INFO - Processing /home/airflow/.local/lib/python3.12/site-packages/airflow/example_dags/example_branch_operator.py took 0.041 seconds
[2024-05-30T07:44:23.257+0000] {processor.py:161} INFO - Started process (PID=2402) to work on /home/airflow/.local/lib/python3.12/site-packages/airflow/example_dags/example_branch_operator.py
[2024-05-30T07:44:23.258+0000] {processor.py:830} INFO - Processing file /home/airflow/.local/lib/python3.12/site-packages/airflow/example_dags/example_branch_operator.py for tasks to queue
[2024-05-30T07:44:23.259+0000] {logging_mixin.py:188} INFO - [2024-05-30T07:44:23.258+0000] {dagbag.py:545} INFO - Filling up the DagBag from /home/airflow/.local/lib/python3.12/site-packages/airflow/example_dags/example_branch_operator.py
[2024-05-30T07:44:23.267+0000] {processor.py:840} INFO - DAG(s) 'example_branch_operator' retrieved from /home/airflow/.local/lib/python3.12/site-packages/airflow/example_dags/example_branch_operator.py
[2024-05-30T07:44:23.279+0000] {logging_mixin.py:188} INFO - [2024-05-30T07:44:23.278+0000] {dag.py:3096} INFO - Sync 1 DAGs
[2024-05-30T07:44:23.287+0000] {logging_mixin.py:188} INFO - [2024-05-30T07:44:23.287+0000] {dag.py:3954} INFO - Setting next_dagrun for example_branch_operator to 2024-05-29 00:00:00+00:00, run_after=2024-05-30 00:00:00+00:00
[2024-05-30T07:44:23.294+0000] {processor.py:183} INFO - Processing /home/airflow/.local/lib/python3.12/site-packages/airflow/example_dags/example_branch_operator.py took 0.040 seconds
[2024-05-30T07:44:54.034+0000] {processor.py:161} INFO - Started process (PID=2664) to work on /home/airflow/.local/lib/python3.12/site-packages/airflow/example_dags/example_branch_operator.py
[2024-05-30T07:44:54.035+0000] {processor.py:830} INFO - Processing file /home/airflow/.local/lib/python3.12/site-packages/airflow/example_dags/example_branch_operator.py for tasks to queue
[2024-05-30T07:44:54.036+0000] {logging_mixin.py:188} INFO - [2024-05-30T07:44:54.036+0000] {dagbag.py:545} INFO - Filling up the DagBag from /home/airflow/.local/lib/python3.12/site-packages/airflow/example_dags/example_branch_operator.py
[2024-05-30T07:44:54.044+0000] {processor.py:840} INFO - DAG(s) 'example_branch_operator' retrieved from /home/airflow/.local/lib/python3.12/site-packages/airflow/example_dags/example_branch_operator.py
[2024-05-30T07:44:54.056+0000] {logging_mixin.py:188} INFO - [2024-05-30T07:44:54.055+0000] {dag.py:3096} INFO - Sync 1 DAGs
[2024-05-30T07:44:54.065+0000] {logging_mixin.py:188} INFO - [2024-05-30T07:44:54.065+0000] {dag.py:3954} INFO - Setting next_dagrun for example_branch_operator to 2024-05-29 00:00:00+00:00, run_after=2024-05-30 00:00:00+00:00
[2024-05-30T07:44:54.072+0000] {processor.py:183} INFO - Processing /home/airflow/.local/lib/python3.12/site-packages/airflow/example_dags/example_branch_operator.py took 0.041 seconds
[2024-05-30T07:45:24.763+0000] {processor.py:161} INFO - Started process (PID=2926) to work on /home/airflow/.local/lib/python3.12/site-packages/airflow/example_dags/example_branch_operator.py
[2024-05-30T07:45:24.763+0000] {processor.py:830} INFO - Processing file /home/airflow/.local/lib/python3.12/site-packages/airflow/example_dags/example_branch_operator.py for tasks to queue
[2024-05-30T07:45:24.764+0000] {logging_mixin.py:188} INFO - [2024-05-30T07:45:24.764+0000] {dagbag.py:545} INFO - Filling up the DagBag from /home/airflow/.local/lib/python3.12/site-packages/airflow/example_dags/example_branch_operator.py
[2024-05-30T07:45:24.773+0000] {processor.py:840} INFO - DAG(s) 'example_branch_operator' retrieved from /home/airflow/.local/lib/python3.12/site-packages/airflow/example_dags/example_branch_operator.py
[2024-05-30T07:45:24.786+0000] {logging_mixin.py:188} INFO - [2024-05-30T07:45:24.786+0000] {dag.py:3096} INFO - Sync 1 DAGs
[2024-05-30T07:45:24.796+0000] {logging_mixin.py:188} INFO - [2024-05-30T07:45:24.796+0000] {dag.py:3954} INFO - Setting next_dagrun for example_branch_operator to 2024-05-29 00:00:00+00:00, run_after=2024-05-30 00:00:00+00:00
[2024-05-30T07:45:24.803+0000] {processor.py:183} INFO - Processing /home/airflow/.local/lib/python3.12/site-packages/airflow/example_dags/example_branch_operator.py took 0.044 seconds
[2024-05-30T07:45:55.015+0000] {processor.py:161} INFO - Started process (PID=3188) to work on /home/airflow/.local/lib/python3.12/site-packages/airflow/example_dags/example_branch_operator.py
[2024-05-30T07:45:55.016+0000] {processor.py:830} INFO - Processing file /home/airflow/.local/lib/python3.12/site-packages/airflow/example_dags/example_branch_operator.py for tasks to queue
[2024-05-30T07:45:55.017+0000] {logging_mixin.py:188} INFO - [2024-05-30T07:45:55.016+0000] {dagbag.py:545} INFO - Filling up the DagBag from /home/airflow/.local/lib/python3.12/site-packages/airflow/example_dags/example_branch_operator.py
[2024-05-30T07:45:55.025+0000] {processor.py:840} INFO - DAG(s) 'example_branch_operator' retrieved from /home/airflow/.local/lib/python3.12/site-packages/airflow/example_dags/example_branch_operator.py
[2024-05-30T07:45:55.036+0000] {logging_mixin.py:188} INFO - [2024-05-30T07:45:55.036+0000] {dag.py:3096} INFO - Sync 1 DAGs
[2024-05-30T07:45:55.045+0000] {logging_mixin.py:188} INFO - [2024-05-30T07:45:55.045+0000] {dag.py:3954} INFO - Setting next_dagrun for example_branch_operator to 2024-05-29 00:00:00+00:00, run_after=2024-05-30 00:00:00+00:00
[2024-05-30T07:45:55.054+0000] {processor.py:183} INFO - Processing /home/airflow/.local/lib/python3.12/site-packages/airflow/example_dags/example_branch_operator.py took 0.041 seconds
[2024-05-30T07:46:25.649+0000] {processor.py:161} INFO - Started process (PID=3448) to work on /home/airflow/.local/lib/python3.12/site-packages/airflow/example_dags/example_branch_operator.py
[2024-05-30T07:46:25.650+0000] {processor.py:830} INFO - Processing file /home/airflow/.local/lib/python3.12/site-packages/airflow/example_dags/example_branch_operator.py for tasks to queue
[2024-05-30T07:46:25.650+0000] {logging_mixin.py:188} INFO - [2024-05-30T07:46:25.650+0000] {dagbag.py:545} INFO - Filling up the DagBag from /home/airflow/.local/lib/python3.12/site-packages/airflow/example_dags/example_branch_operator.py
[2024-05-30T07:46:25.658+0000] {processor.py:840} INFO - DAG(s) 'example_branch_operator' retrieved from /home/airflow/.local/lib/python3.12/site-packages/airflow/example_dags/example_branch_operator.py
[2024-05-30T07:46:25.671+0000] {logging_mixin.py:188} INFO - [2024-05-30T07:46:25.671+0000] {dag.py:3096} INFO - Sync 1 DAGs
[2024-05-30T07:46:25.681+0000] {logging_mixin.py:188} INFO - [2024-05-30T07:46:25.681+0000] {dag.py:3954} INFO - Setting next_dagrun for example_branch_operator to 2024-05-29 00:00:00+00:00, run_after=2024-05-30 00:00:00+00:00
[2024-05-30T07:46:25.688+0000] {processor.py:183} INFO - Processing /home/airflow/.local/lib/python3.12/site-packages/airflow/example_dags/example_branch_operator.py took 0.042 seconds
[2024-05-30T07:46:56.337+0000] {processor.py:161} INFO - Started process (PID=3860) to work on /home/airflow/.local/lib/python3.12/site-packages/airflow/example_dags/example_branch_operator.py
[2024-05-30T07:46:56.337+0000] {processor.py:830} INFO - Processing file /home/airflow/.local/lib/python3.12/site-packages/airflow/example_dags/example_branch_operator.py for tasks to queue
[2024-05-30T07:46:56.338+0000] {logging_mixin.py:188} INFO - [2024-05-30T07:46:56.338+0000] {dagbag.py:545} INFO - Filling up the DagBag from /home/airflow/.local/lib/python3.12/site-packages/airflow/example_dags/example_branch_operator.py
[2024-05-30T07:46:56.346+0000] {processor.py:840} INFO - DAG(s) 'example_branch_operator' retrieved from /home/airflow/.local/lib/python3.12/site-packages/airflow/example_dags/example_branch_operator.py
[2024-05-30T07:46:56.358+0000] {logging_mixin.py:188} INFO - [2024-05-30T07:46:56.358+0000] {dag.py:3096} INFO - Sync 1 DAGs
[2024-05-30T07:46:56.367+0000] {logging_mixin.py:188} INFO - [2024-05-30T07:46:56.367+0000] {dag.py:3954} INFO - Setting next_dagrun for example_branch_operator to 2024-05-29 00:00:00+00:00, run_after=2024-05-30 00:00:00+00:00
[2024-05-30T07:46:56.374+0000] {processor.py:183} INFO - Processing /home/airflow/.local/lib/python3.12/site-packages/airflow/example_dags/example_branch_operator.py took 0.041 seconds
[2024-05-30T07:47:27.070+0000] {processor.py:161} INFO - Started process (PID=4122) to work on /home/airflow/.local/lib/python3.12/site-packages/airflow/example_dags/example_branch_operator.py
[2024-05-30T07:47:27.071+0000] {processor.py:830} INFO - Processing file /home/airflow/.local/lib/python3.12/site-packages/airflow/example_dags/example_branch_operator.py for tasks to queue
[2024-05-30T07:47:27.071+0000] {logging_mixin.py:188} INFO - [2024-05-30T07:47:27.071+0000] {dagbag.py:545} INFO - Filling up the DagBag from /home/airflow/.local/lib/python3.12/site-packages/airflow/example_dags/example_branch_operator.py
[2024-05-30T07:47:27.079+0000] {processor.py:840} INFO - DAG(s) 'example_branch_operator' retrieved from /home/airflow/.local/lib/python3.12/site-packages/airflow/example_dags/example_branch_operator.py
[2024-05-30T07:47:27.091+0000] {logging_mixin.py:188} INFO - [2024-05-30T07:47:27.091+0000] {dag.py:3096} INFO - Sync 1 DAGs
[2024-05-30T07:47:27.100+0000] {logging_mixin.py:188} INFO - [2024-05-30T07:47:27.100+0000] {dag.py:3954} INFO - Setting next_dagrun for example_branch_operator to 2024-05-29 00:00:00+00:00, run_after=2024-05-30 00:00:00+00:00
[2024-05-30T07:47:27.107+0000] {processor.py:183} INFO - Processing /home/airflow/.local/lib/python3.12/site-packages/airflow/example_dags/example_branch_operator.py took 0.040 seconds
[2024-05-30T07:47:57.714+0000] {processor.py:161} INFO - Started process (PID=4384) to work on /home/airflow/.local/lib/python3.12/site-packages/airflow/example_dags/example_branch_operator.py
[2024-05-30T07:47:57.714+0000] {processor.py:830} INFO - Processing file /home/airflow/.local/lib/python3.12/site-packages/airflow/example_dags/example_branch_operator.py for tasks to queue
[2024-05-30T07:47:57.715+0000] {logging_mixin.py:188} INFO - [2024-05-30T07:47:57.715+0000] {dagbag.py:545} INFO - Filling up the DagBag from /home/airflow/.local/lib/python3.12/site-packages/airflow/example_dags/example_branch_operator.py
[2024-05-30T07:47:57.723+0000] {processor.py:840} INFO - DAG(s) 'example_branch_operator' retrieved from /home/airflow/.local/lib/python3.12/site-packages/airflow/example_dags/example_branch_operator.py
[2024-05-30T07:47:57.735+0000] {logging_mixin.py:188} INFO - [2024-05-30T07:47:57.735+0000] {dag.py:3096} INFO - Sync 1 DAGs
[2024-05-30T07:47:57.744+0000] {logging_mixin.py:188} INFO - [2024-05-30T07:47:57.744+0000] {dag.py:3954} INFO - Setting next_dagrun for example_branch_operator to 2024-05-29 00:00:00+00:00, run_after=2024-05-30 00:00:00+00:00
[2024-05-30T07:47:57.751+0000] {processor.py:183} INFO - Processing /home/airflow/.local/lib/python3.12/site-packages/airflow/example_dags/example_branch_operator.py took 0.040 seconds
[2024-05-30T07:48:28.451+0000] {processor.py:161} INFO - Started process (PID=4646) to work on /home/airflow/.local/lib/python3.12/site-packages/airflow/example_dags/example_branch_operator.py
[2024-05-30T07:48:28.451+0000] {processor.py:830} INFO - Processing file /home/airflow/.local/lib/python3.12/site-packages/airflow/example_dags/example_branch_operator.py for tasks to queue
[2024-05-30T07:48:28.452+0000] {logging_mixin.py:188} INFO - [2024-05-30T07:48:28.452+0000] {dagbag.py:545} INFO - Filling up the DagBag from /home/airflow/.local/lib/python3.12/site-packages/airflow/example_dags/example_branch_operator.py
[2024-05-30T07:48:28.459+0000] {processor.py:840} INFO - DAG(s) 'example_branch_operator' retrieved from /home/airflow/.local/lib/python3.12/site-packages/airflow/example_dags/example_branch_operator.py
[2024-05-30T07:48:28.471+0000] {logging_mixin.py:188} INFO - [2024-05-30T07:48:28.471+0000] {dag.py:3096} INFO - Sync 1 DAGs
[2024-05-30T07:48:28.480+0000] {logging_mixin.py:188} INFO - [2024-05-30T07:48:28.480+0000] {dag.py:3954} INFO - Setting next_dagrun for example_branch_operator to 2024-05-29 00:00:00+00:00, run_after=2024-05-30 00:00:00+00:00
[2024-05-30T07:48:28.487+0000] {processor.py:183} INFO - Processing /home/airflow/.local/lib/python3.12/site-packages/airflow/example_dags/example_branch_operator.py took 0.039 seconds
[2024-05-30T07:48:58.571+0000] {processor.py:161} INFO - Started process (PID=4908) to work on /home/airflow/.local/lib/python3.12/site-packages/airflow/example_dags/example_branch_operator.py
[2024-05-30T07:48:58.572+0000] {processor.py:830} INFO - Processing file /home/airflow/.local/lib/python3.12/site-packages/airflow/example_dags/example_branch_operator.py for tasks to queue
[2024-05-30T07:48:58.574+0000] {logging_mixin.py:188} INFO - [2024-05-30T07:48:58.574+0000] {dagbag.py:545} INFO - Filling up the DagBag from /home/airflow/.local/lib/python3.12/site-packages/airflow/example_dags/example_branch_operator.py
[2024-05-30T07:48:58.582+0000] {processor.py:840} INFO - DAG(s) 'example_branch_operator' retrieved from /home/airflow/.local/lib/python3.12/site-packages/airflow/example_dags/example_branch_operator.py
[2024-05-30T07:48:58.594+0000] {logging_mixin.py:188} INFO - [2024-05-30T07:48:58.594+0000] {dag.py:3096} INFO - Sync 1 DAGs
[2024-05-30T07:48:58.603+0000] {logging_mixin.py:188} INFO - [2024-05-30T07:48:58.603+0000] {dag.py:3954} INFO - Setting next_dagrun for example_branch_operator to 2024-05-29 00:00:00+00:00, run_after=2024-05-30 00:00:00+00:00
[2024-05-30T07:48:58.611+0000] {processor.py:183} INFO - Processing /home/airflow/.local/lib/python3.12/site-packages/airflow/example_dags/example_branch_operator.py took 0.043 seconds
[2024-05-30T07:49:29.258+0000] {processor.py:161} INFO - Started process (PID=5170) to work on /home/airflow/.local/lib/python3.12/site-packages/airflow/example_dags/example_branch_operator.py
[2024-05-30T07:49:29.259+0000] {processor.py:830} INFO - Processing file /home/airflow/.local/lib/python3.12/site-packages/airflow/example_dags/example_branch_operator.py for tasks to queue
[2024-05-30T07:49:29.260+0000] {logging_mixin.py:188} INFO - [2024-05-30T07:49:29.260+0000] {dagbag.py:545} INFO - Filling up the DagBag from /home/airflow/.local/lib/python3.12/site-packages/airflow/example_dags/example_branch_operator.py
[2024-05-30T07:49:29.268+0000] {processor.py:840} INFO - DAG(s) 'example_branch_operator' retrieved from /home/airflow/.local/lib/python3.12/site-packages/airflow/example_dags/example_branch_operator.py
[2024-05-30T07:49:29.282+0000] {logging_mixin.py:188} INFO - [2024-05-30T07:49:29.282+0000] {dag.py:3096} INFO - Sync 1 DAGs
[2024-05-30T07:49:29.291+0000] {logging_mixin.py:188} INFO - [2024-05-30T07:49:29.291+0000] {dag.py:3954} INFO - Setting next_dagrun for example_branch_operator to 2024-05-29 00:00:00+00:00, run_after=2024-05-30 00:00:00+00:00
[2024-05-30T07:49:29.298+0000] {processor.py:183} INFO - Processing /home/airflow/.local/lib/python3.12/site-packages/airflow/example_dags/example_branch_operator.py took 0.043 seconds
[2024-05-30T07:49:59.953+0000] {processor.py:161} INFO - Started process (PID=5432) to work on /home/airflow/.local/lib/python3.12/site-packages/airflow/example_dags/example_branch_operator.py
[2024-05-30T07:49:59.954+0000] {processor.py:830} INFO - Processing file /home/airflow/.local/lib/python3.12/site-packages/airflow/example_dags/example_branch_operator.py for tasks to queue
[2024-05-30T07:49:59.955+0000] {logging_mixin.py:188} INFO - [2024-05-30T07:49:59.954+0000] {dagbag.py:545} INFO - Filling up the DagBag from /home/airflow/.local/lib/python3.12/site-packages/airflow/example_dags/example_branch_operator.py
[2024-05-30T07:49:59.962+0000] {processor.py:840} INFO - DAG(s) 'example_branch_operator' retrieved from /home/airflow/.local/lib/python3.12/site-packages/airflow/example_dags/example_branch_operator.py
[2024-05-30T07:49:59.975+0000] {logging_mixin.py:188} INFO - [2024-05-30T07:49:59.975+0000] {dag.py:3096} INFO - Sync 1 DAGs
[2024-05-30T07:49:59.984+0000] {logging_mixin.py:188} INFO - [2024-05-30T07:49:59.984+0000] {dag.py:3954} INFO - Setting next_dagrun for example_branch_operator to 2024-05-29 00:00:00+00:00, run_after=2024-05-30 00:00:00+00:00
[2024-05-30T07:49:59.992+0000] {processor.py:183} INFO - Processing /home/airflow/.local/lib/python3.12/site-packages/airflow/example_dags/example_branch_operator.py took 0.041 seconds
[2024-05-30T07:50:30.627+0000] {processor.py:161} INFO - Started process (PID=5692) to work on /home/airflow/.local/lib/python3.12/site-packages/airflow/example_dags/example_branch_operator.py
[2024-05-30T07:50:30.627+0000] {processor.py:830} INFO - Processing file /home/airflow/.local/lib/python3.12/site-packages/airflow/example_dags/example_branch_operator.py for tasks to queue
[2024-05-30T07:50:30.628+0000] {logging_mixin.py:188} INFO - [2024-05-30T07:50:30.628+0000] {dagbag.py:545} INFO - Filling up the DagBag from /home/airflow/.local/lib/python3.12/site-packages/airflow/example_dags/example_branch_operator.py
[2024-05-30T07:50:30.636+0000] {processor.py:840} INFO - DAG(s) 'example_branch_operator' retrieved from /home/airflow/.local/lib/python3.12/site-packages/airflow/example_dags/example_branch_operator.py
[2024-05-30T07:50:30.648+0000] {logging_mixin.py:188} INFO - [2024-05-30T07:50:30.648+0000] {dag.py:3096} INFO - Sync 1 DAGs
[2024-05-30T07:50:30.657+0000] {logging_mixin.py:188} INFO - [2024-05-30T07:50:30.657+0000] {dag.py:3954} INFO - Setting next_dagrun for example_branch_operator to 2024-05-29 00:00:00+00:00, run_after=2024-05-30 00:00:00+00:00
[2024-05-30T07:50:30.664+0000] {processor.py:183} INFO - Processing /home/airflow/.local/lib/python3.12/site-packages/airflow/example_dags/example_branch_operator.py took 0.040 seconds
[2024-05-30T07:51:01.333+0000] {processor.py:161} INFO - Started process (PID=5955) to work on /home/airflow/.local/lib/python3.12/site-packages/airflow/example_dags/example_branch_operator.py
[2024-05-30T07:51:01.333+0000] {processor.py:830} INFO - Processing file /home/airflow/.local/lib/python3.12/site-packages/airflow/example_dags/example_branch_operator.py for tasks to queue
[2024-05-30T07:51:01.334+0000] {logging_mixin.py:188} INFO - [2024-05-30T07:51:01.334+0000] {dagbag.py:545} INFO - Filling up the DagBag from /home/airflow/.local/lib/python3.12/site-packages/airflow/example_dags/example_branch_operator.py
[2024-05-30T07:51:01.342+0000] {processor.py:840} INFO - DAG(s) 'example_branch_operator' retrieved from /home/airflow/.local/lib/python3.12/site-packages/airflow/example_dags/example_branch_operator.py
[2024-05-30T07:51:01.354+0000] {logging_mixin.py:188} INFO - [2024-05-30T07:51:01.354+0000] {dag.py:3096} INFO - Sync 1 DAGs
[2024-05-30T07:51:01.364+0000] {logging_mixin.py:188} INFO - [2024-05-30T07:51:01.364+0000] {dag.py:3954} INFO - Setting next_dagrun for example_branch_operator to 2024-05-29 00:00:00+00:00, run_after=2024-05-30 00:00:00+00:00
[2024-05-30T07:51:01.371+0000] {processor.py:183} INFO - Processing /home/airflow/.local/lib/python3.12/site-packages/airflow/example_dags/example_branch_operator.py took 0.041 seconds
