[2024-05-30T07:40:16.967+0000] {processor.py:161} INFO - Started process (PID=171) to work on /home/airflow/.local/lib/python3.12/site-packages/airflow/example_dags/example_latest_only.py
[2024-05-30T07:40:16.967+0000] {processor.py:830} INFO - Processing file /home/airflow/.local/lib/python3.12/site-packages/airflow/example_dags/example_latest_only.py for tasks to queue
[2024-05-30T07:40:16.968+0000] {logging_mixin.py:188} INFO - [2024-05-30T07:40:16.968+0000] {dagbag.py:545} INFO - Filling up the DagBag from /home/airflow/.local/lib/python3.12/site-packages/airflow/example_dags/example_latest_only.py
[2024-05-30T07:40:16.973+0000] {processor.py:840} INFO - DAG(s) 'latest_only' retrieved from /home/airflow/.local/lib/python3.12/site-packages/airflow/example_dags/example_latest_only.py
[2024-05-30T07:40:17.026+0000] {logging_mixin.py:188} INFO - [2024-05-30T07:40:17.025+0000] {override.py:1829} INFO - Created Permission View: can delete on DAG:latest_only
[2024-05-30T07:40:17.029+0000] {logging_mixin.py:188} INFO - [2024-05-30T07:40:17.029+0000] {override.py:1829} INFO - Created Permission View: can edit on DAG:latest_only
[2024-05-30T07:40:17.031+0000] {logging_mixin.py:188} INFO - [2024-05-30T07:40:17.031+0000] {override.py:1829} INFO - Created Permission View: can read on DAG:latest_only
[2024-05-30T07:40:17.031+0000] {logging_mixin.py:188} INFO - [2024-05-30T07:40:17.031+0000] {dag.py:3096} INFO - Sync 1 DAGs
[2024-05-30T07:40:17.036+0000] {logging_mixin.py:188} INFO - [2024-05-30T07:40:17.036+0000] {dag.py:3118} INFO - Creating ORM DAG for latest_only
[2024-05-30T07:40:17.040+0000] {logging_mixin.py:188} INFO - [2024-05-30T07:40:17.040+0000] {dag.py:3954} INFO - Setting next_dagrun for latest_only to 2024-05-30 00:00:00+00:00, run_after=2024-05-30 04:00:00+00:00
[2024-05-30T07:40:17.048+0000] {processor.py:183} INFO - Processing /home/airflow/.local/lib/python3.12/site-packages/airflow/example_dags/example_latest_only.py took 0.084 seconds
[2024-05-30T07:40:47.470+0000] {processor.py:161} INFO - Started process (PID=433) to work on /home/airflow/.local/lib/python3.12/site-packages/airflow/example_dags/example_latest_only.py
[2024-05-30T07:40:47.470+0000] {processor.py:830} INFO - Processing file /home/airflow/.local/lib/python3.12/site-packages/airflow/example_dags/example_latest_only.py for tasks to queue
[2024-05-30T07:40:47.471+0000] {logging_mixin.py:188} INFO - [2024-05-30T07:40:47.471+0000] {dagbag.py:545} INFO - Filling up the DagBag from /home/airflow/.local/lib/python3.12/site-packages/airflow/example_dags/example_latest_only.py
[2024-05-30T07:40:47.474+0000] {processor.py:840} INFO - DAG(s) 'latest_only' retrieved from /home/airflow/.local/lib/python3.12/site-packages/airflow/example_dags/example_latest_only.py
[2024-05-30T07:40:47.483+0000] {logging_mixin.py:188} INFO - [2024-05-30T07:40:47.483+0000] {dag.py:3096} INFO - Sync 1 DAGs
[2024-05-30T07:40:47.493+0000] {logging_mixin.py:188} INFO - [2024-05-30T07:40:47.492+0000] {dag.py:3954} INFO - Setting next_dagrun for latest_only to 2024-05-30 00:00:00+00:00, run_after=2024-05-30 04:00:00+00:00
[2024-05-30T07:40:47.499+0000] {processor.py:183} INFO - Processing /home/airflow/.local/lib/python3.12/site-packages/airflow/example_dags/example_latest_only.py took 0.032 seconds
[2024-05-30T07:41:18.063+0000] {processor.py:161} INFO - Started process (PID=695) to work on /home/airflow/.local/lib/python3.12/site-packages/airflow/example_dags/example_latest_only.py
[2024-05-30T07:41:18.063+0000] {processor.py:830} INFO - Processing file /home/airflow/.local/lib/python3.12/site-packages/airflow/example_dags/example_latest_only.py for tasks to queue
[2024-05-30T07:41:18.064+0000] {logging_mixin.py:188} INFO - [2024-05-30T07:41:18.064+0000] {dagbag.py:545} INFO - Filling up the DagBag from /home/airflow/.local/lib/python3.12/site-packages/airflow/example_dags/example_latest_only.py
[2024-05-30T07:41:18.067+0000] {processor.py:840} INFO - DAG(s) 'latest_only' retrieved from /home/airflow/.local/lib/python3.12/site-packages/airflow/example_dags/example_latest_only.py
[2024-05-30T07:41:18.076+0000] {logging_mixin.py:188} INFO - [2024-05-30T07:41:18.076+0000] {dag.py:3096} INFO - Sync 1 DAGs
[2024-05-30T07:41:18.085+0000] {logging_mixin.py:188} INFO - [2024-05-30T07:41:18.085+0000] {dag.py:3954} INFO - Setting next_dagrun for latest_only to 2024-05-30 00:00:00+00:00, run_after=2024-05-30 04:00:00+00:00
[2024-05-30T07:41:18.092+0000] {processor.py:183} INFO - Processing /home/airflow/.local/lib/python3.12/site-packages/airflow/example_dags/example_latest_only.py took 0.032 seconds
[2024-05-30T07:41:48.624+0000] {processor.py:161} INFO - Started process (PID=957) to work on /home/airflow/.local/lib/python3.12/site-packages/airflow/example_dags/example_latest_only.py
[2024-05-30T07:41:48.625+0000] {processor.py:830} INFO - Processing file /home/airflow/.local/lib/python3.12/site-packages/airflow/example_dags/example_latest_only.py for tasks to queue
[2024-05-30T07:41:48.625+0000] {logging_mixin.py:188} INFO - [2024-05-30T07:41:48.625+0000] {dagbag.py:545} INFO - Filling up the DagBag from /home/airflow/.local/lib/python3.12/site-packages/airflow/example_dags/example_latest_only.py
[2024-05-30T07:41:48.628+0000] {processor.py:840} INFO - DAG(s) 'latest_only' retrieved from /home/airflow/.local/lib/python3.12/site-packages/airflow/example_dags/example_latest_only.py
[2024-05-30T07:41:48.637+0000] {logging_mixin.py:188} INFO - [2024-05-30T07:41:48.637+0000] {dag.py:3096} INFO - Sync 1 DAGs
[2024-05-30T07:41:48.646+0000] {logging_mixin.py:188} INFO - [2024-05-30T07:41:48.646+0000] {dag.py:3954} INFO - Setting next_dagrun for latest_only to 2024-05-30 00:00:00+00:00, run_after=2024-05-30 04:00:00+00:00
[2024-05-30T07:41:48.653+0000] {processor.py:183} INFO - Processing /home/airflow/.local/lib/python3.12/site-packages/airflow/example_dags/example_latest_only.py took 0.032 seconds
[2024-05-30T07:42:19.237+0000] {processor.py:161} INFO - Started process (PID=1219) to work on /home/airflow/.local/lib/python3.12/site-packages/airflow/example_dags/example_latest_only.py
[2024-05-30T07:42:19.238+0000] {processor.py:830} INFO - Processing file /home/airflow/.local/lib/python3.12/site-packages/airflow/example_dags/example_latest_only.py for tasks to queue
[2024-05-30T07:42:19.238+0000] {logging_mixin.py:188} INFO - [2024-05-30T07:42:19.238+0000] {dagbag.py:545} INFO - Filling up the DagBag from /home/airflow/.local/lib/python3.12/site-packages/airflow/example_dags/example_latest_only.py
[2024-05-30T07:42:19.241+0000] {processor.py:840} INFO - DAG(s) 'latest_only' retrieved from /home/airflow/.local/lib/python3.12/site-packages/airflow/example_dags/example_latest_only.py
[2024-05-30T07:42:19.250+0000] {logging_mixin.py:188} INFO - [2024-05-30T07:42:19.250+0000] {dag.py:3096} INFO - Sync 1 DAGs
[2024-05-30T07:42:19.259+0000] {logging_mixin.py:188} INFO - [2024-05-30T07:42:19.259+0000] {dag.py:3954} INFO - Setting next_dagrun for latest_only to 2024-05-30 00:00:00+00:00, run_after=2024-05-30 04:00:00+00:00
[2024-05-30T07:42:19.266+0000] {processor.py:183} INFO - Processing /home/airflow/.local/lib/python3.12/site-packages/airflow/example_dags/example_latest_only.py took 0.032 seconds
[2024-05-30T07:42:49.832+0000] {processor.py:161} INFO - Started process (PID=1481) to work on /home/airflow/.local/lib/python3.12/site-packages/airflow/example_dags/example_latest_only.py
[2024-05-30T07:42:49.833+0000] {processor.py:830} INFO - Processing file /home/airflow/.local/lib/python3.12/site-packages/airflow/example_dags/example_latest_only.py for tasks to queue
[2024-05-30T07:42:49.834+0000] {logging_mixin.py:188} INFO - [2024-05-30T07:42:49.833+0000] {dagbag.py:545} INFO - Filling up the DagBag from /home/airflow/.local/lib/python3.12/site-packages/airflow/example_dags/example_latest_only.py
[2024-05-30T07:42:49.836+0000] {processor.py:840} INFO - DAG(s) 'latest_only' retrieved from /home/airflow/.local/lib/python3.12/site-packages/airflow/example_dags/example_latest_only.py
[2024-05-30T07:42:49.846+0000] {logging_mixin.py:188} INFO - [2024-05-30T07:42:49.846+0000] {dag.py:3096} INFO - Sync 1 DAGs
[2024-05-30T07:42:49.855+0000] {logging_mixin.py:188} INFO - [2024-05-30T07:42:49.855+0000] {dag.py:3954} INFO - Setting next_dagrun for latest_only to 2024-05-30 00:00:00+00:00, run_after=2024-05-30 04:00:00+00:00
[2024-05-30T07:42:49.862+0000] {processor.py:183} INFO - Processing /home/airflow/.local/lib/python3.12/site-packages/airflow/example_dags/example_latest_only.py took 0.033 seconds
[2024-05-30T07:43:19.923+0000] {processor.py:161} INFO - Started process (PID=1743) to work on /home/airflow/.local/lib/python3.12/site-packages/airflow/example_dags/example_latest_only.py
[2024-05-30T07:43:19.924+0000] {processor.py:830} INFO - Processing file /home/airflow/.local/lib/python3.12/site-packages/airflow/example_dags/example_latest_only.py for tasks to queue
[2024-05-30T07:43:19.925+0000] {logging_mixin.py:188} INFO - [2024-05-30T07:43:19.924+0000] {dagbag.py:545} INFO - Filling up the DagBag from /home/airflow/.local/lib/python3.12/site-packages/airflow/example_dags/example_latest_only.py
[2024-05-30T07:43:19.927+0000] {processor.py:840} INFO - DAG(s) 'latest_only' retrieved from /home/airflow/.local/lib/python3.12/site-packages/airflow/example_dags/example_latest_only.py
[2024-05-30T07:43:19.936+0000] {logging_mixin.py:188} INFO - [2024-05-30T07:43:19.936+0000] {dag.py:3096} INFO - Sync 1 DAGs
[2024-05-30T07:43:19.945+0000] {logging_mixin.py:188} INFO - [2024-05-30T07:43:19.945+0000] {dag.py:3954} INFO - Setting next_dagrun for latest_only to 2024-05-30 00:00:00+00:00, run_after=2024-05-30 04:00:00+00:00
[2024-05-30T07:43:19.953+0000] {processor.py:183} INFO - Processing /home/airflow/.local/lib/python3.12/site-packages/airflow/example_dags/example_latest_only.py took 0.033 seconds
[2024-05-30T07:43:50.690+0000] {processor.py:161} INFO - Started process (PID=2005) to work on /home/airflow/.local/lib/python3.12/site-packages/airflow/example_dags/example_latest_only.py
[2024-05-30T07:43:50.690+0000] {processor.py:830} INFO - Processing file /home/airflow/.local/lib/python3.12/site-packages/airflow/example_dags/example_latest_only.py for tasks to queue
[2024-05-30T07:43:50.691+0000] {logging_mixin.py:188} INFO - [2024-05-30T07:43:50.691+0000] {dagbag.py:545} INFO - Filling up the DagBag from /home/airflow/.local/lib/python3.12/site-packages/airflow/example_dags/example_latest_only.py
[2024-05-30T07:43:50.694+0000] {processor.py:840} INFO - DAG(s) 'latest_only' retrieved from /home/airflow/.local/lib/python3.12/site-packages/airflow/example_dags/example_latest_only.py
[2024-05-30T07:43:50.703+0000] {logging_mixin.py:188} INFO - [2024-05-30T07:43:50.703+0000] {dag.py:3096} INFO - Sync 1 DAGs
[2024-05-30T07:43:50.712+0000] {logging_mixin.py:188} INFO - [2024-05-30T07:43:50.712+0000] {dag.py:3954} INFO - Setting next_dagrun for latest_only to 2024-05-30 00:00:00+00:00, run_after=2024-05-30 04:00:00+00:00
[2024-05-30T07:43:50.720+0000] {processor.py:183} INFO - Processing /home/airflow/.local/lib/python3.12/site-packages/airflow/example_dags/example_latest_only.py took 0.033 seconds
[2024-05-30T07:44:21.510+0000] {processor.py:161} INFO - Started process (PID=2267) to work on /home/airflow/.local/lib/python3.12/site-packages/airflow/example_dags/example_latest_only.py
[2024-05-30T07:44:21.510+0000] {processor.py:830} INFO - Processing file /home/airflow/.local/lib/python3.12/site-packages/airflow/example_dags/example_latest_only.py for tasks to queue
[2024-05-30T07:44:21.511+0000] {logging_mixin.py:188} INFO - [2024-05-30T07:44:21.511+0000] {dagbag.py:545} INFO - Filling up the DagBag from /home/airflow/.local/lib/python3.12/site-packages/airflow/example_dags/example_latest_only.py
[2024-05-30T07:44:21.513+0000] {processor.py:840} INFO - DAG(s) 'latest_only' retrieved from /home/airflow/.local/lib/python3.12/site-packages/airflow/example_dags/example_latest_only.py
[2024-05-30T07:44:21.522+0000] {logging_mixin.py:188} INFO - [2024-05-30T07:44:21.522+0000] {dag.py:3096} INFO - Sync 1 DAGs
[2024-05-30T07:44:21.531+0000] {logging_mixin.py:188} INFO - [2024-05-30T07:44:21.531+0000] {dag.py:3954} INFO - Setting next_dagrun for latest_only to 2024-05-30 00:00:00+00:00, run_after=2024-05-30 04:00:00+00:00
[2024-05-30T07:44:21.539+0000] {processor.py:183} INFO - Processing /home/airflow/.local/lib/python3.12/site-packages/airflow/example_dags/example_latest_only.py took 0.032 seconds
[2024-05-30T07:44:52.209+0000] {processor.py:161} INFO - Started process (PID=2529) to work on /home/airflow/.local/lib/python3.12/site-packages/airflow/example_dags/example_latest_only.py
[2024-05-30T07:44:52.209+0000] {processor.py:830} INFO - Processing file /home/airflow/.local/lib/python3.12/site-packages/airflow/example_dags/example_latest_only.py for tasks to queue
[2024-05-30T07:44:52.210+0000] {logging_mixin.py:188} INFO - [2024-05-30T07:44:52.210+0000] {dagbag.py:545} INFO - Filling up the DagBag from /home/airflow/.local/lib/python3.12/site-packages/airflow/example_dags/example_latest_only.py
[2024-05-30T07:44:52.212+0000] {processor.py:840} INFO - DAG(s) 'latest_only' retrieved from /home/airflow/.local/lib/python3.12/site-packages/airflow/example_dags/example_latest_only.py
[2024-05-30T07:44:52.221+0000] {logging_mixin.py:188} INFO - [2024-05-30T07:44:52.221+0000] {dag.py:3096} INFO - Sync 1 DAGs
[2024-05-30T07:44:52.231+0000] {logging_mixin.py:188} INFO - [2024-05-30T07:44:52.231+0000] {dag.py:3954} INFO - Setting next_dagrun for latest_only to 2024-05-30 00:00:00+00:00, run_after=2024-05-30 04:00:00+00:00
[2024-05-30T07:44:52.238+0000] {processor.py:183} INFO - Processing /home/airflow/.local/lib/python3.12/site-packages/airflow/example_dags/example_latest_only.py took 0.032 seconds
[2024-05-30T07:45:22.944+0000] {processor.py:161} INFO - Started process (PID=2791) to work on /home/airflow/.local/lib/python3.12/site-packages/airflow/example_dags/example_latest_only.py
[2024-05-30T07:45:22.944+0000] {processor.py:830} INFO - Processing file /home/airflow/.local/lib/python3.12/site-packages/airflow/example_dags/example_latest_only.py for tasks to queue
[2024-05-30T07:45:22.945+0000] {logging_mixin.py:188} INFO - [2024-05-30T07:45:22.945+0000] {dagbag.py:545} INFO - Filling up the DagBag from /home/airflow/.local/lib/python3.12/site-packages/airflow/example_dags/example_latest_only.py
[2024-05-30T07:45:22.948+0000] {processor.py:840} INFO - DAG(s) 'latest_only' retrieved from /home/airflow/.local/lib/python3.12/site-packages/airflow/example_dags/example_latest_only.py
[2024-05-30T07:45:22.957+0000] {logging_mixin.py:188} INFO - [2024-05-30T07:45:22.957+0000] {dag.py:3096} INFO - Sync 1 DAGs
[2024-05-30T07:45:22.966+0000] {logging_mixin.py:188} INFO - [2024-05-30T07:45:22.966+0000] {dag.py:3954} INFO - Setting next_dagrun for latest_only to 2024-05-30 00:00:00+00:00, run_after=2024-05-30 04:00:00+00:00
[2024-05-30T07:45:22.974+0000] {processor.py:183} INFO - Processing /home/airflow/.local/lib/python3.12/site-packages/airflow/example_dags/example_latest_only.py took 0.033 seconds
[2024-05-30T07:45:53.200+0000] {processor.py:161} INFO - Started process (PID=3053) to work on /home/airflow/.local/lib/python3.12/site-packages/airflow/example_dags/example_latest_only.py
[2024-05-30T07:45:53.201+0000] {processor.py:830} INFO - Processing file /home/airflow/.local/lib/python3.12/site-packages/airflow/example_dags/example_latest_only.py for tasks to queue
[2024-05-30T07:45:53.201+0000] {logging_mixin.py:188} INFO - [2024-05-30T07:45:53.201+0000] {dagbag.py:545} INFO - Filling up the DagBag from /home/airflow/.local/lib/python3.12/site-packages/airflow/example_dags/example_latest_only.py
[2024-05-30T07:45:53.204+0000] {processor.py:840} INFO - DAG(s) 'latest_only' retrieved from /home/airflow/.local/lib/python3.12/site-packages/airflow/example_dags/example_latest_only.py
[2024-05-30T07:45:53.213+0000] {logging_mixin.py:188} INFO - [2024-05-30T07:45:53.213+0000] {dag.py:3096} INFO - Sync 1 DAGs
[2024-05-30T07:45:53.222+0000] {logging_mixin.py:188} INFO - [2024-05-30T07:45:53.222+0000] {dag.py:3954} INFO - Setting next_dagrun for latest_only to 2024-05-30 00:00:00+00:00, run_after=2024-05-30 04:00:00+00:00
[2024-05-30T07:45:53.229+0000] {processor.py:183} INFO - Processing /home/airflow/.local/lib/python3.12/site-packages/airflow/example_dags/example_latest_only.py took 0.032 seconds
[2024-05-30T07:46:23.924+0000] {processor.py:161} INFO - Started process (PID=3315) to work on /home/airflow/.local/lib/python3.12/site-packages/airflow/example_dags/example_latest_only.py
[2024-05-30T07:46:23.924+0000] {processor.py:830} INFO - Processing file /home/airflow/.local/lib/python3.12/site-packages/airflow/example_dags/example_latest_only.py for tasks to queue
[2024-05-30T07:46:23.925+0000] {logging_mixin.py:188} INFO - [2024-05-30T07:46:23.925+0000] {dagbag.py:545} INFO - Filling up the DagBag from /home/airflow/.local/lib/python3.12/site-packages/airflow/example_dags/example_latest_only.py
[2024-05-30T07:46:23.927+0000] {processor.py:840} INFO - DAG(s) 'latest_only' retrieved from /home/airflow/.local/lib/python3.12/site-packages/airflow/example_dags/example_latest_only.py
[2024-05-30T07:46:23.936+0000] {logging_mixin.py:188} INFO - [2024-05-30T07:46:23.936+0000] {dag.py:3096} INFO - Sync 1 DAGs
[2024-05-30T07:46:23.945+0000] {logging_mixin.py:188} INFO - [2024-05-30T07:46:23.945+0000] {dag.py:3954} INFO - Setting next_dagrun for latest_only to 2024-05-30 00:00:00+00:00, run_after=2024-05-30 04:00:00+00:00
[2024-05-30T07:46:23.952+0000] {processor.py:183} INFO - Processing /home/airflow/.local/lib/python3.12/site-packages/airflow/example_dags/example_latest_only.py took 0.031 seconds
[2024-05-30T07:46:54.512+0000] {processor.py:161} INFO - Started process (PID=3725) to work on /home/airflow/.local/lib/python3.12/site-packages/airflow/example_dags/example_latest_only.py
[2024-05-30T07:46:54.513+0000] {processor.py:830} INFO - Processing file /home/airflow/.local/lib/python3.12/site-packages/airflow/example_dags/example_latest_only.py for tasks to queue
[2024-05-30T07:46:54.514+0000] {logging_mixin.py:188} INFO - [2024-05-30T07:46:54.514+0000] {dagbag.py:545} INFO - Filling up the DagBag from /home/airflow/.local/lib/python3.12/site-packages/airflow/example_dags/example_latest_only.py
[2024-05-30T07:46:54.517+0000] {processor.py:840} INFO - DAG(s) 'latest_only' retrieved from /home/airflow/.local/lib/python3.12/site-packages/airflow/example_dags/example_latest_only.py
[2024-05-30T07:46:54.526+0000] {logging_mixin.py:188} INFO - [2024-05-30T07:46:54.526+0000] {dag.py:3096} INFO - Sync 1 DAGs
[2024-05-30T07:46:54.535+0000] {logging_mixin.py:188} INFO - [2024-05-30T07:46:54.535+0000] {dag.py:3954} INFO - Setting next_dagrun for latest_only to 2024-05-30 00:00:00+00:00, run_after=2024-05-30 04:00:00+00:00
[2024-05-30T07:46:54.542+0000] {processor.py:183} INFO - Processing /home/airflow/.local/lib/python3.12/site-packages/airflow/example_dags/example_latest_only.py took 0.032 seconds
[2024-05-30T07:47:25.279+0000] {processor.py:161} INFO - Started process (PID=3987) to work on /home/airflow/.local/lib/python3.12/site-packages/airflow/example_dags/example_latest_only.py
[2024-05-30T07:47:25.280+0000] {processor.py:830} INFO - Processing file /home/airflow/.local/lib/python3.12/site-packages/airflow/example_dags/example_latest_only.py for tasks to queue
[2024-05-30T07:47:25.281+0000] {logging_mixin.py:188} INFO - [2024-05-30T07:47:25.281+0000] {dagbag.py:545} INFO - Filling up the DagBag from /home/airflow/.local/lib/python3.12/site-packages/airflow/example_dags/example_latest_only.py
[2024-05-30T07:47:25.284+0000] {processor.py:840} INFO - DAG(s) 'latest_only' retrieved from /home/airflow/.local/lib/python3.12/site-packages/airflow/example_dags/example_latest_only.py
[2024-05-30T07:47:25.297+0000] {logging_mixin.py:188} INFO - [2024-05-30T07:47:25.297+0000] {dag.py:3096} INFO - Sync 1 DAGs
[2024-05-30T07:47:25.309+0000] {logging_mixin.py:188} INFO - [2024-05-30T07:47:25.309+0000] {dag.py:3954} INFO - Setting next_dagrun for latest_only to 2024-05-30 00:00:00+00:00, run_after=2024-05-30 04:00:00+00:00
[2024-05-30T07:47:25.318+0000] {processor.py:183} INFO - Processing /home/airflow/.local/lib/python3.12/site-packages/airflow/example_dags/example_latest_only.py took 0.043 seconds
[2024-05-30T07:47:55.946+0000] {processor.py:161} INFO - Started process (PID=4249) to work on /home/airflow/.local/lib/python3.12/site-packages/airflow/example_dags/example_latest_only.py
[2024-05-30T07:47:55.947+0000] {processor.py:830} INFO - Processing file /home/airflow/.local/lib/python3.12/site-packages/airflow/example_dags/example_latest_only.py for tasks to queue
[2024-05-30T07:47:55.947+0000] {logging_mixin.py:188} INFO - [2024-05-30T07:47:55.947+0000] {dagbag.py:545} INFO - Filling up the DagBag from /home/airflow/.local/lib/python3.12/site-packages/airflow/example_dags/example_latest_only.py
[2024-05-30T07:47:55.950+0000] {processor.py:840} INFO - DAG(s) 'latest_only' retrieved from /home/airflow/.local/lib/python3.12/site-packages/airflow/example_dags/example_latest_only.py
[2024-05-30T07:47:55.959+0000] {logging_mixin.py:188} INFO - [2024-05-30T07:47:55.959+0000] {dag.py:3096} INFO - Sync 1 DAGs
[2024-05-30T07:47:55.968+0000] {logging_mixin.py:188} INFO - [2024-05-30T07:47:55.968+0000] {dag.py:3954} INFO - Setting next_dagrun for latest_only to 2024-05-30 00:00:00+00:00, run_after=2024-05-30 04:00:00+00:00
[2024-05-30T07:47:55.976+0000] {processor.py:183} INFO - Processing /home/airflow/.local/lib/python3.12/site-packages/airflow/example_dags/example_latest_only.py took 0.033 seconds
[2024-05-30T07:48:26.602+0000] {processor.py:161} INFO - Started process (PID=4511) to work on /home/airflow/.local/lib/python3.12/site-packages/airflow/example_dags/example_latest_only.py
[2024-05-30T07:48:26.603+0000] {processor.py:830} INFO - Processing file /home/airflow/.local/lib/python3.12/site-packages/airflow/example_dags/example_latest_only.py for tasks to queue
[2024-05-30T07:48:26.604+0000] {logging_mixin.py:188} INFO - [2024-05-30T07:48:26.604+0000] {dagbag.py:545} INFO - Filling up the DagBag from /home/airflow/.local/lib/python3.12/site-packages/airflow/example_dags/example_latest_only.py
[2024-05-30T07:48:26.608+0000] {processor.py:840} INFO - DAG(s) 'latest_only' retrieved from /home/airflow/.local/lib/python3.12/site-packages/airflow/example_dags/example_latest_only.py
[2024-05-30T07:48:26.619+0000] {logging_mixin.py:188} INFO - [2024-05-30T07:48:26.619+0000] {dag.py:3096} INFO - Sync 1 DAGs
[2024-05-30T07:48:26.630+0000] {logging_mixin.py:188} INFO - [2024-05-30T07:48:26.630+0000] {dag.py:3954} INFO - Setting next_dagrun for latest_only to 2024-05-30 00:00:00+00:00, run_after=2024-05-30 04:00:00+00:00
[2024-05-30T07:48:26.638+0000] {processor.py:183} INFO - Processing /home/airflow/.local/lib/python3.12/site-packages/airflow/example_dags/example_latest_only.py took 0.041 seconds
[2024-05-30T07:48:56.691+0000] {processor.py:161} INFO - Started process (PID=4773) to work on /home/airflow/.local/lib/python3.12/site-packages/airflow/example_dags/example_latest_only.py
[2024-05-30T07:48:56.691+0000] {processor.py:830} INFO - Processing file /home/airflow/.local/lib/python3.12/site-packages/airflow/example_dags/example_latest_only.py for tasks to queue
[2024-05-30T07:48:56.692+0000] {logging_mixin.py:188} INFO - [2024-05-30T07:48:56.692+0000] {dagbag.py:545} INFO - Filling up the DagBag from /home/airflow/.local/lib/python3.12/site-packages/airflow/example_dags/example_latest_only.py
[2024-05-30T07:48:56.694+0000] {processor.py:840} INFO - DAG(s) 'latest_only' retrieved from /home/airflow/.local/lib/python3.12/site-packages/airflow/example_dags/example_latest_only.py
[2024-05-30T07:48:56.703+0000] {logging_mixin.py:188} INFO - [2024-05-30T07:48:56.703+0000] {dag.py:3096} INFO - Sync 1 DAGs
[2024-05-30T07:48:56.712+0000] {logging_mixin.py:188} INFO - [2024-05-30T07:48:56.712+0000] {dag.py:3954} INFO - Setting next_dagrun for latest_only to 2024-05-30 00:00:00+00:00, run_after=2024-05-30 04:00:00+00:00
[2024-05-30T07:48:56.719+0000] {processor.py:183} INFO - Processing /home/airflow/.local/lib/python3.12/site-packages/airflow/example_dags/example_latest_only.py took 0.031 seconds
[2024-05-30T07:49:27.497+0000] {processor.py:161} INFO - Started process (PID=5035) to work on /home/airflow/.local/lib/python3.12/site-packages/airflow/example_dags/example_latest_only.py
[2024-05-30T07:49:27.498+0000] {processor.py:830} INFO - Processing file /home/airflow/.local/lib/python3.12/site-packages/airflow/example_dags/example_latest_only.py for tasks to queue
[2024-05-30T07:49:27.499+0000] {logging_mixin.py:188} INFO - [2024-05-30T07:49:27.499+0000] {dagbag.py:545} INFO - Filling up the DagBag from /home/airflow/.local/lib/python3.12/site-packages/airflow/example_dags/example_latest_only.py
[2024-05-30T07:49:27.501+0000] {processor.py:840} INFO - DAG(s) 'latest_only' retrieved from /home/airflow/.local/lib/python3.12/site-packages/airflow/example_dags/example_latest_only.py
[2024-05-30T07:49:27.510+0000] {logging_mixin.py:188} INFO - [2024-05-30T07:49:27.510+0000] {dag.py:3096} INFO - Sync 1 DAGs
[2024-05-30T07:49:27.520+0000] {logging_mixin.py:188} INFO - [2024-05-30T07:49:27.519+0000] {dag.py:3954} INFO - Setting next_dagrun for latest_only to 2024-05-30 00:00:00+00:00, run_after=2024-05-30 04:00:00+00:00
[2024-05-30T07:49:27.526+0000] {processor.py:183} INFO - Processing /home/airflow/.local/lib/python3.12/site-packages/airflow/example_dags/example_latest_only.py took 0.032 seconds
[2024-05-30T07:49:58.213+0000] {processor.py:161} INFO - Started process (PID=5297) to work on /home/airflow/.local/lib/python3.12/site-packages/airflow/example_dags/example_latest_only.py
[2024-05-30T07:49:58.214+0000] {processor.py:830} INFO - Processing file /home/airflow/.local/lib/python3.12/site-packages/airflow/example_dags/example_latest_only.py for tasks to queue
[2024-05-30T07:49:58.215+0000] {logging_mixin.py:188} INFO - [2024-05-30T07:49:58.215+0000] {dagbag.py:545} INFO - Filling up the DagBag from /home/airflow/.local/lib/python3.12/site-packages/airflow/example_dags/example_latest_only.py
[2024-05-30T07:49:58.217+0000] {processor.py:840} INFO - DAG(s) 'latest_only' retrieved from /home/airflow/.local/lib/python3.12/site-packages/airflow/example_dags/example_latest_only.py
[2024-05-30T07:49:58.227+0000] {logging_mixin.py:188} INFO - [2024-05-30T07:49:58.227+0000] {dag.py:3096} INFO - Sync 1 DAGs
[2024-05-30T07:49:58.236+0000] {logging_mixin.py:188} INFO - [2024-05-30T07:49:58.236+0000] {dag.py:3954} INFO - Setting next_dagrun for latest_only to 2024-05-30 00:00:00+00:00, run_after=2024-05-30 04:00:00+00:00
[2024-05-30T07:49:58.243+0000] {processor.py:183} INFO - Processing /home/airflow/.local/lib/python3.12/site-packages/airflow/example_dags/example_latest_only.py took 0.032 seconds
[2024-05-30T07:50:28.832+0000] {processor.py:161} INFO - Started process (PID=5559) to work on /home/airflow/.local/lib/python3.12/site-packages/airflow/example_dags/example_latest_only.py
[2024-05-30T07:50:28.832+0000] {processor.py:830} INFO - Processing file /home/airflow/.local/lib/python3.12/site-packages/airflow/example_dags/example_latest_only.py for tasks to queue
[2024-05-30T07:50:28.833+0000] {logging_mixin.py:188} INFO - [2024-05-30T07:50:28.833+0000] {dagbag.py:545} INFO - Filling up the DagBag from /home/airflow/.local/lib/python3.12/site-packages/airflow/example_dags/example_latest_only.py
[2024-05-30T07:50:28.836+0000] {processor.py:840} INFO - DAG(s) 'latest_only' retrieved from /home/airflow/.local/lib/python3.12/site-packages/airflow/example_dags/example_latest_only.py
[2024-05-30T07:50:28.845+0000] {logging_mixin.py:188} INFO - [2024-05-30T07:50:28.845+0000] {dag.py:3096} INFO - Sync 1 DAGs
[2024-05-30T07:50:28.855+0000] {logging_mixin.py:188} INFO - [2024-05-30T07:50:28.855+0000] {dag.py:3954} INFO - Setting next_dagrun for latest_only to 2024-05-30 00:00:00+00:00, run_after=2024-05-30 04:00:00+00:00
[2024-05-30T07:50:28.862+0000] {processor.py:183} INFO - Processing /home/airflow/.local/lib/python3.12/site-packages/airflow/example_dags/example_latest_only.py took 0.034 seconds
[2024-05-30T07:50:59.599+0000] {processor.py:161} INFO - Started process (PID=5822) to work on /home/airflow/.local/lib/python3.12/site-packages/airflow/example_dags/example_latest_only.py
[2024-05-30T07:50:59.599+0000] {processor.py:830} INFO - Processing file /home/airflow/.local/lib/python3.12/site-packages/airflow/example_dags/example_latest_only.py for tasks to queue
[2024-05-30T07:50:59.600+0000] {logging_mixin.py:188} INFO - [2024-05-30T07:50:59.600+0000] {dagbag.py:545} INFO - Filling up the DagBag from /home/airflow/.local/lib/python3.12/site-packages/airflow/example_dags/example_latest_only.py
[2024-05-30T07:50:59.603+0000] {processor.py:840} INFO - DAG(s) 'latest_only' retrieved from /home/airflow/.local/lib/python3.12/site-packages/airflow/example_dags/example_latest_only.py
[2024-05-30T07:50:59.612+0000] {logging_mixin.py:188} INFO - [2024-05-30T07:50:59.612+0000] {dag.py:3096} INFO - Sync 1 DAGs
[2024-05-30T07:50:59.623+0000] {logging_mixin.py:188} INFO - [2024-05-30T07:50:59.622+0000] {dag.py:3954} INFO - Setting next_dagrun for latest_only to 2024-05-30 00:00:00+00:00, run_after=2024-05-30 04:00:00+00:00
[2024-05-30T07:50:59.629+0000] {processor.py:183} INFO - Processing /home/airflow/.local/lib/python3.12/site-packages/airflow/example_dags/example_latest_only.py took 0.033 seconds
[2024-05-30T07:51:30.234+0000] {processor.py:161} INFO - Started process (PID=6084) to work on /home/airflow/.local/lib/python3.12/site-packages/airflow/example_dags/example_latest_only.py
[2024-05-30T07:51:30.235+0000] {processor.py:830} INFO - Processing file /home/airflow/.local/lib/python3.12/site-packages/airflow/example_dags/example_latest_only.py for tasks to queue
[2024-05-30T07:51:30.236+0000] {logging_mixin.py:188} INFO - [2024-05-30T07:51:30.236+0000] {dagbag.py:545} INFO - Filling up the DagBag from /home/airflow/.local/lib/python3.12/site-packages/airflow/example_dags/example_latest_only.py
[2024-05-30T07:51:30.238+0000] {processor.py:840} INFO - DAG(s) 'latest_only' retrieved from /home/airflow/.local/lib/python3.12/site-packages/airflow/example_dags/example_latest_only.py
[2024-05-30T07:51:30.248+0000] {logging_mixin.py:188} INFO - [2024-05-30T07:51:30.248+0000] {dag.py:3096} INFO - Sync 1 DAGs
[2024-05-30T07:51:30.258+0000] {logging_mixin.py:188} INFO - [2024-05-30T07:51:30.257+0000] {dag.py:3954} INFO - Setting next_dagrun for latest_only to 2024-05-30 00:00:00+00:00, run_after=2024-05-30 04:00:00+00:00
[2024-05-30T07:51:30.265+0000] {processor.py:183} INFO - Processing /home/airflow/.local/lib/python3.12/site-packages/airflow/example_dags/example_latest_only.py took 0.033 seconds
