[2024-05-30T07:40:17.240+0000] {processor.py:161} INFO - Started process (PID=194) to work on /home/airflow/.local/lib/python3.12/site-packages/airflow/example_dags/example_setup_teardown.py
[2024-05-30T07:40:17.240+0000] {processor.py:830} INFO - Processing file /home/airflow/.local/lib/python3.12/site-packages/airflow/example_dags/example_setup_teardown.py for tasks to queue
[2024-05-30T07:40:17.241+0000] {logging_mixin.py:188} INFO - [2024-05-30T07:40:17.241+0000] {dagbag.py:545} INFO - Filling up the DagBag from /home/airflow/.local/lib/python3.12/site-packages/airflow/example_dags/example_setup_teardown.py
[2024-05-30T07:40:17.246+0000] {processor.py:840} INFO - DAG(s) 'example_setup_teardown' retrieved from /home/airflow/.local/lib/python3.12/site-packages/airflow/example_dags/example_setup_teardown.py
[2024-05-30T07:40:17.293+0000] {logging_mixin.py:188} INFO - [2024-05-30T07:40:17.292+0000] {override.py:1829} INFO - Created Permission View: can delete on DAG:example_setup_teardown
[2024-05-30T07:40:17.296+0000] {logging_mixin.py:188} INFO - [2024-05-30T07:40:17.296+0000] {override.py:1829} INFO - Created Permission View: can edit on DAG:example_setup_teardown
[2024-05-30T07:40:17.298+0000] {logging_mixin.py:188} INFO - [2024-05-30T07:40:17.298+0000] {override.py:1829} INFO - Created Permission View: can read on DAG:example_setup_teardown
[2024-05-30T07:40:17.298+0000] {logging_mixin.py:188} INFO - [2024-05-30T07:40:17.298+0000] {dag.py:3096} INFO - Sync 1 DAGs
[2024-05-30T07:40:17.302+0000] {logging_mixin.py:188} INFO - [2024-05-30T07:40:17.302+0000] {dag.py:3118} INFO - Creating ORM DAG for example_setup_teardown
[2024-05-30T07:40:17.306+0000] {logging_mixin.py:188} INFO - [2024-05-30T07:40:17.306+0000] {dag.py:3954} INFO - Setting next_dagrun for example_setup_teardown to 2024-05-29 00:00:00+00:00, run_after=2024-05-30 00:00:00+00:00
[2024-05-30T07:40:17.313+0000] {processor.py:183} INFO - Processing /home/airflow/.local/lib/python3.12/site-packages/airflow/example_dags/example_setup_teardown.py took 0.076 seconds
[2024-05-30T07:40:47.565+0000] {processor.py:161} INFO - Started process (PID=456) to work on /home/airflow/.local/lib/python3.12/site-packages/airflow/example_dags/example_setup_teardown.py
[2024-05-30T07:40:47.565+0000] {processor.py:830} INFO - Processing file /home/airflow/.local/lib/python3.12/site-packages/airflow/example_dags/example_setup_teardown.py for tasks to queue
[2024-05-30T07:40:47.566+0000] {logging_mixin.py:188} INFO - [2024-05-30T07:40:47.566+0000] {dagbag.py:545} INFO - Filling up the DagBag from /home/airflow/.local/lib/python3.12/site-packages/airflow/example_dags/example_setup_teardown.py
[2024-05-30T07:40:47.570+0000] {processor.py:840} INFO - DAG(s) 'example_setup_teardown' retrieved from /home/airflow/.local/lib/python3.12/site-packages/airflow/example_dags/example_setup_teardown.py
[2024-05-30T07:40:47.578+0000] {logging_mixin.py:188} INFO - [2024-05-30T07:40:47.578+0000] {dag.py:3096} INFO - Sync 1 DAGs
[2024-05-30T07:40:47.586+0000] {logging_mixin.py:188} INFO - [2024-05-30T07:40:47.586+0000] {dag.py:3954} INFO - Setting next_dagrun for example_setup_teardown to 2024-05-29 00:00:00+00:00, run_after=2024-05-30 00:00:00+00:00
[2024-05-30T07:40:47.593+0000] {processor.py:183} INFO - Processing /home/airflow/.local/lib/python3.12/site-packages/airflow/example_dags/example_setup_teardown.py took 0.031 seconds
[2024-05-30T07:41:18.158+0000] {processor.py:161} INFO - Started process (PID=718) to work on /home/airflow/.local/lib/python3.12/site-packages/airflow/example_dags/example_setup_teardown.py
[2024-05-30T07:41:18.159+0000] {processor.py:830} INFO - Processing file /home/airflow/.local/lib/python3.12/site-packages/airflow/example_dags/example_setup_teardown.py for tasks to queue
[2024-05-30T07:41:18.160+0000] {logging_mixin.py:188} INFO - [2024-05-30T07:41:18.160+0000] {dagbag.py:545} INFO - Filling up the DagBag from /home/airflow/.local/lib/python3.12/site-packages/airflow/example_dags/example_setup_teardown.py
[2024-05-30T07:41:18.163+0000] {processor.py:840} INFO - DAG(s) 'example_setup_teardown' retrieved from /home/airflow/.local/lib/python3.12/site-packages/airflow/example_dags/example_setup_teardown.py
[2024-05-30T07:41:18.172+0000] {logging_mixin.py:188} INFO - [2024-05-30T07:41:18.172+0000] {dag.py:3096} INFO - Sync 1 DAGs
[2024-05-30T07:41:18.181+0000] {logging_mixin.py:188} INFO - [2024-05-30T07:41:18.181+0000] {dag.py:3954} INFO - Setting next_dagrun for example_setup_teardown to 2024-05-29 00:00:00+00:00, run_after=2024-05-30 00:00:00+00:00
[2024-05-30T07:41:18.188+0000] {processor.py:183} INFO - Processing /home/airflow/.local/lib/python3.12/site-packages/airflow/example_dags/example_setup_teardown.py took 0.032 seconds
[2024-05-30T07:41:48.717+0000] {processor.py:161} INFO - Started process (PID=980) to work on /home/airflow/.local/lib/python3.12/site-packages/airflow/example_dags/example_setup_teardown.py
[2024-05-30T07:41:48.718+0000] {processor.py:830} INFO - Processing file /home/airflow/.local/lib/python3.12/site-packages/airflow/example_dags/example_setup_teardown.py for tasks to queue
[2024-05-30T07:41:48.719+0000] {logging_mixin.py:188} INFO - [2024-05-30T07:41:48.719+0000] {dagbag.py:545} INFO - Filling up the DagBag from /home/airflow/.local/lib/python3.12/site-packages/airflow/example_dags/example_setup_teardown.py
[2024-05-30T07:41:48.722+0000] {processor.py:840} INFO - DAG(s) 'example_setup_teardown' retrieved from /home/airflow/.local/lib/python3.12/site-packages/airflow/example_dags/example_setup_teardown.py
[2024-05-30T07:41:48.731+0000] {logging_mixin.py:188} INFO - [2024-05-30T07:41:48.731+0000] {dag.py:3096} INFO - Sync 1 DAGs
[2024-05-30T07:41:48.739+0000] {logging_mixin.py:188} INFO - [2024-05-30T07:41:48.739+0000] {dag.py:3954} INFO - Setting next_dagrun for example_setup_teardown to 2024-05-29 00:00:00+00:00, run_after=2024-05-30 00:00:00+00:00
[2024-05-30T07:41:48.746+0000] {processor.py:183} INFO - Processing /home/airflow/.local/lib/python3.12/site-packages/airflow/example_dags/example_setup_teardown.py took 0.032 seconds
[2024-05-30T07:42:19.366+0000] {processor.py:161} INFO - Started process (PID=1244) to work on /home/airflow/.local/lib/python3.12/site-packages/airflow/example_dags/example_setup_teardown.py
[2024-05-30T07:42:19.367+0000] {processor.py:830} INFO - Processing file /home/airflow/.local/lib/python3.12/site-packages/airflow/example_dags/example_setup_teardown.py for tasks to queue
[2024-05-30T07:42:19.368+0000] {logging_mixin.py:188} INFO - [2024-05-30T07:42:19.368+0000] {dagbag.py:545} INFO - Filling up the DagBag from /home/airflow/.local/lib/python3.12/site-packages/airflow/example_dags/example_setup_teardown.py
[2024-05-30T07:42:19.371+0000] {processor.py:840} INFO - DAG(s) 'example_setup_teardown' retrieved from /home/airflow/.local/lib/python3.12/site-packages/airflow/example_dags/example_setup_teardown.py
[2024-05-30T07:42:19.381+0000] {logging_mixin.py:188} INFO - [2024-05-30T07:42:19.381+0000] {dag.py:3096} INFO - Sync 1 DAGs
[2024-05-30T07:42:19.390+0000] {logging_mixin.py:188} INFO - [2024-05-30T07:42:19.390+0000] {dag.py:3954} INFO - Setting next_dagrun for example_setup_teardown to 2024-05-29 00:00:00+00:00, run_after=2024-05-30 00:00:00+00:00
[2024-05-30T07:42:19.397+0000] {processor.py:183} INFO - Processing /home/airflow/.local/lib/python3.12/site-packages/airflow/example_dags/example_setup_teardown.py took 0.033 seconds
[2024-05-30T07:42:49.992+0000] {processor.py:161} INFO - Started process (PID=1504) to work on /home/airflow/.local/lib/python3.12/site-packages/airflow/example_dags/example_setup_teardown.py
[2024-05-30T07:42:49.993+0000] {processor.py:830} INFO - Processing file /home/airflow/.local/lib/python3.12/site-packages/airflow/example_dags/example_setup_teardown.py for tasks to queue
[2024-05-30T07:42:49.994+0000] {logging_mixin.py:188} INFO - [2024-05-30T07:42:49.994+0000] {dagbag.py:545} INFO - Filling up the DagBag from /home/airflow/.local/lib/python3.12/site-packages/airflow/example_dags/example_setup_teardown.py
[2024-05-30T07:42:49.998+0000] {processor.py:840} INFO - DAG(s) 'example_setup_teardown' retrieved from /home/airflow/.local/lib/python3.12/site-packages/airflow/example_dags/example_setup_teardown.py
[2024-05-30T07:42:50.008+0000] {logging_mixin.py:188} INFO - [2024-05-30T07:42:50.008+0000] {dag.py:3096} INFO - Sync 1 DAGs
[2024-05-30T07:42:50.017+0000] {logging_mixin.py:188} INFO - [2024-05-30T07:42:50.017+0000] {dag.py:3954} INFO - Setting next_dagrun for example_setup_teardown to 2024-05-29 00:00:00+00:00, run_after=2024-05-30 00:00:00+00:00
[2024-05-30T07:42:50.025+0000] {processor.py:183} INFO - Processing /home/airflow/.local/lib/python3.12/site-packages/airflow/example_dags/example_setup_teardown.py took 0.036 seconds
[2024-05-30T07:43:20.061+0000] {processor.py:161} INFO - Started process (PID=1768) to work on /home/airflow/.local/lib/python3.12/site-packages/airflow/example_dags/example_setup_teardown.py
[2024-05-30T07:43:20.062+0000] {processor.py:830} INFO - Processing file /home/airflow/.local/lib/python3.12/site-packages/airflow/example_dags/example_setup_teardown.py for tasks to queue
[2024-05-30T07:43:20.063+0000] {logging_mixin.py:188} INFO - [2024-05-30T07:43:20.063+0000] {dagbag.py:545} INFO - Filling up the DagBag from /home/airflow/.local/lib/python3.12/site-packages/airflow/example_dags/example_setup_teardown.py
[2024-05-30T07:43:20.066+0000] {processor.py:840} INFO - DAG(s) 'example_setup_teardown' retrieved from /home/airflow/.local/lib/python3.12/site-packages/airflow/example_dags/example_setup_teardown.py
[2024-05-30T07:43:20.075+0000] {logging_mixin.py:188} INFO - [2024-05-30T07:43:20.075+0000] {dag.py:3096} INFO - Sync 1 DAGs
[2024-05-30T07:43:20.084+0000] {logging_mixin.py:188} INFO - [2024-05-30T07:43:20.084+0000] {dag.py:3954} INFO - Setting next_dagrun for example_setup_teardown to 2024-05-29 00:00:00+00:00, run_after=2024-05-30 00:00:00+00:00
[2024-05-30T07:43:20.091+0000] {processor.py:183} INFO - Processing /home/airflow/.local/lib/python3.12/site-packages/airflow/example_dags/example_setup_teardown.py took 0.032 seconds
[2024-05-30T07:43:50.834+0000] {processor.py:161} INFO - Started process (PID=2030) to work on /home/airflow/.local/lib/python3.12/site-packages/airflow/example_dags/example_setup_teardown.py
[2024-05-30T07:43:50.834+0000] {processor.py:830} INFO - Processing file /home/airflow/.local/lib/python3.12/site-packages/airflow/example_dags/example_setup_teardown.py for tasks to queue
[2024-05-30T07:43:50.835+0000] {logging_mixin.py:188} INFO - [2024-05-30T07:43:50.835+0000] {dagbag.py:545} INFO - Filling up the DagBag from /home/airflow/.local/lib/python3.12/site-packages/airflow/example_dags/example_setup_teardown.py
[2024-05-30T07:43:50.839+0000] {processor.py:840} INFO - DAG(s) 'example_setup_teardown' retrieved from /home/airflow/.local/lib/python3.12/site-packages/airflow/example_dags/example_setup_teardown.py
[2024-05-30T07:43:50.849+0000] {logging_mixin.py:188} INFO - [2024-05-30T07:43:50.849+0000] {dag.py:3096} INFO - Sync 1 DAGs
[2024-05-30T07:43:50.858+0000] {logging_mixin.py:188} INFO - [2024-05-30T07:43:50.858+0000] {dag.py:3954} INFO - Setting next_dagrun for example_setup_teardown to 2024-05-29 00:00:00+00:00, run_after=2024-05-30 00:00:00+00:00
[2024-05-30T07:43:50.866+0000] {processor.py:183} INFO - Processing /home/airflow/.local/lib/python3.12/site-packages/airflow/example_dags/example_setup_teardown.py took 0.035 seconds
[2024-05-30T07:44:21.646+0000] {processor.py:161} INFO - Started process (PID=2292) to work on /home/airflow/.local/lib/python3.12/site-packages/airflow/example_dags/example_setup_teardown.py
[2024-05-30T07:44:21.647+0000] {processor.py:830} INFO - Processing file /home/airflow/.local/lib/python3.12/site-packages/airflow/example_dags/example_setup_teardown.py for tasks to queue
[2024-05-30T07:44:21.648+0000] {logging_mixin.py:188} INFO - [2024-05-30T07:44:21.647+0000] {dagbag.py:545} INFO - Filling up the DagBag from /home/airflow/.local/lib/python3.12/site-packages/airflow/example_dags/example_setup_teardown.py
[2024-05-30T07:44:21.651+0000] {processor.py:840} INFO - DAG(s) 'example_setup_teardown' retrieved from /home/airflow/.local/lib/python3.12/site-packages/airflow/example_dags/example_setup_teardown.py
[2024-05-30T07:44:21.660+0000] {logging_mixin.py:188} INFO - [2024-05-30T07:44:21.660+0000] {dag.py:3096} INFO - Sync 1 DAGs
[2024-05-30T07:44:21.668+0000] {logging_mixin.py:188} INFO - [2024-05-30T07:44:21.668+0000] {dag.py:3954} INFO - Setting next_dagrun for example_setup_teardown to 2024-05-29 00:00:00+00:00, run_after=2024-05-30 00:00:00+00:00
[2024-05-30T07:44:21.675+0000] {processor.py:183} INFO - Processing /home/airflow/.local/lib/python3.12/site-packages/airflow/example_dags/example_setup_teardown.py took 0.031 seconds
[2024-05-30T07:44:52.348+0000] {processor.py:161} INFO - Started process (PID=2554) to work on /home/airflow/.local/lib/python3.12/site-packages/airflow/example_dags/example_setup_teardown.py
[2024-05-30T07:44:52.348+0000] {processor.py:830} INFO - Processing file /home/airflow/.local/lib/python3.12/site-packages/airflow/example_dags/example_setup_teardown.py for tasks to queue
[2024-05-30T07:44:52.349+0000] {logging_mixin.py:188} INFO - [2024-05-30T07:44:52.349+0000] {dagbag.py:545} INFO - Filling up the DagBag from /home/airflow/.local/lib/python3.12/site-packages/airflow/example_dags/example_setup_teardown.py
[2024-05-30T07:44:52.353+0000] {processor.py:840} INFO - DAG(s) 'example_setup_teardown' retrieved from /home/airflow/.local/lib/python3.12/site-packages/airflow/example_dags/example_setup_teardown.py
[2024-05-30T07:44:52.363+0000] {logging_mixin.py:188} INFO - [2024-05-30T07:44:52.363+0000] {dag.py:3096} INFO - Sync 1 DAGs
[2024-05-30T07:44:52.372+0000] {logging_mixin.py:188} INFO - [2024-05-30T07:44:52.372+0000] {dag.py:3954} INFO - Setting next_dagrun for example_setup_teardown to 2024-05-29 00:00:00+00:00, run_after=2024-05-30 00:00:00+00:00
[2024-05-30T07:44:52.379+0000] {processor.py:183} INFO - Processing /home/airflow/.local/lib/python3.12/site-packages/airflow/example_dags/example_setup_teardown.py took 0.034 seconds
[2024-05-30T07:45:23.049+0000] {processor.py:161} INFO - Started process (PID=2814) to work on /home/airflow/.local/lib/python3.12/site-packages/airflow/example_dags/example_setup_teardown.py
[2024-05-30T07:45:23.050+0000] {processor.py:830} INFO - Processing file /home/airflow/.local/lib/python3.12/site-packages/airflow/example_dags/example_setup_teardown.py for tasks to queue
[2024-05-30T07:45:23.051+0000] {logging_mixin.py:188} INFO - [2024-05-30T07:45:23.051+0000] {dagbag.py:545} INFO - Filling up the DagBag from /home/airflow/.local/lib/python3.12/site-packages/airflow/example_dags/example_setup_teardown.py
[2024-05-30T07:45:23.054+0000] {processor.py:840} INFO - DAG(s) 'example_setup_teardown' retrieved from /home/airflow/.local/lib/python3.12/site-packages/airflow/example_dags/example_setup_teardown.py
[2024-05-30T07:45:23.065+0000] {logging_mixin.py:188} INFO - [2024-05-30T07:45:23.065+0000] {dag.py:3096} INFO - Sync 1 DAGs
[2024-05-30T07:45:23.076+0000] {logging_mixin.py:188} INFO - [2024-05-30T07:45:23.076+0000] {dag.py:3954} INFO - Setting next_dagrun for example_setup_teardown to 2024-05-29 00:00:00+00:00, run_after=2024-05-30 00:00:00+00:00
[2024-05-30T07:45:23.084+0000] {processor.py:183} INFO - Processing /home/airflow/.local/lib/python3.12/site-packages/airflow/example_dags/example_setup_teardown.py took 0.037 seconds
[2024-05-30T07:45:53.337+0000] {processor.py:161} INFO - Started process (PID=3078) to work on /home/airflow/.local/lib/python3.12/site-packages/airflow/example_dags/example_setup_teardown.py
[2024-05-30T07:45:53.338+0000] {processor.py:830} INFO - Processing file /home/airflow/.local/lib/python3.12/site-packages/airflow/example_dags/example_setup_teardown.py for tasks to queue
[2024-05-30T07:45:53.338+0000] {logging_mixin.py:188} INFO - [2024-05-30T07:45:53.338+0000] {dagbag.py:545} INFO - Filling up the DagBag from /home/airflow/.local/lib/python3.12/site-packages/airflow/example_dags/example_setup_teardown.py
[2024-05-30T07:45:53.342+0000] {processor.py:840} INFO - DAG(s) 'example_setup_teardown' retrieved from /home/airflow/.local/lib/python3.12/site-packages/airflow/example_dags/example_setup_teardown.py
[2024-05-30T07:45:53.351+0000] {logging_mixin.py:188} INFO - [2024-05-30T07:45:53.351+0000] {dag.py:3096} INFO - Sync 1 DAGs
[2024-05-30T07:45:53.359+0000] {logging_mixin.py:188} INFO - [2024-05-30T07:45:53.359+0000] {dag.py:3954} INFO - Setting next_dagrun for example_setup_teardown to 2024-05-29 00:00:00+00:00, run_after=2024-05-30 00:00:00+00:00
[2024-05-30T07:45:53.366+0000] {processor.py:183} INFO - Processing /home/airflow/.local/lib/python3.12/site-packages/airflow/example_dags/example_setup_teardown.py took 0.032 seconds
[2024-05-30T07:46:24.057+0000] {processor.py:161} INFO - Started process (PID=3338) to work on /home/airflow/.local/lib/python3.12/site-packages/airflow/example_dags/example_setup_teardown.py
[2024-05-30T07:46:24.057+0000] {processor.py:830} INFO - Processing file /home/airflow/.local/lib/python3.12/site-packages/airflow/example_dags/example_setup_teardown.py for tasks to queue
[2024-05-30T07:46:24.058+0000] {logging_mixin.py:188} INFO - [2024-05-30T07:46:24.058+0000] {dagbag.py:545} INFO - Filling up the DagBag from /home/airflow/.local/lib/python3.12/site-packages/airflow/example_dags/example_setup_teardown.py
[2024-05-30T07:46:24.062+0000] {processor.py:840} INFO - DAG(s) 'example_setup_teardown' retrieved from /home/airflow/.local/lib/python3.12/site-packages/airflow/example_dags/example_setup_teardown.py
[2024-05-30T07:46:24.071+0000] {logging_mixin.py:188} INFO - [2024-05-30T07:46:24.071+0000] {dag.py:3096} INFO - Sync 1 DAGs
[2024-05-30T07:46:24.080+0000] {logging_mixin.py:188} INFO - [2024-05-30T07:46:24.080+0000] {dag.py:3954} INFO - Setting next_dagrun for example_setup_teardown to 2024-05-29 00:00:00+00:00, run_after=2024-05-30 00:00:00+00:00
[2024-05-30T07:46:24.088+0000] {processor.py:183} INFO - Processing /home/airflow/.local/lib/python3.12/site-packages/airflow/example_dags/example_setup_teardown.py took 0.034 seconds
[2024-05-30T07:46:54.648+0000] {processor.py:161} INFO - Started process (PID=3748) to work on /home/airflow/.local/lib/python3.12/site-packages/airflow/example_dags/example_setup_teardown.py
[2024-05-30T07:46:54.648+0000] {processor.py:830} INFO - Processing file /home/airflow/.local/lib/python3.12/site-packages/airflow/example_dags/example_setup_teardown.py for tasks to queue
[2024-05-30T07:46:54.649+0000] {logging_mixin.py:188} INFO - [2024-05-30T07:46:54.649+0000] {dagbag.py:545} INFO - Filling up the DagBag from /home/airflow/.local/lib/python3.12/site-packages/airflow/example_dags/example_setup_teardown.py
[2024-05-30T07:46:54.654+0000] {processor.py:840} INFO - DAG(s) 'example_setup_teardown' retrieved from /home/airflow/.local/lib/python3.12/site-packages/airflow/example_dags/example_setup_teardown.py
[2024-05-30T07:46:54.664+0000] {logging_mixin.py:188} INFO - [2024-05-30T07:46:54.664+0000] {dag.py:3096} INFO - Sync 1 DAGs
[2024-05-30T07:46:54.674+0000] {logging_mixin.py:188} INFO - [2024-05-30T07:46:54.674+0000] {dag.py:3954} INFO - Setting next_dagrun for example_setup_teardown to 2024-05-29 00:00:00+00:00, run_after=2024-05-30 00:00:00+00:00
[2024-05-30T07:46:54.682+0000] {processor.py:183} INFO - Processing /home/airflow/.local/lib/python3.12/site-packages/airflow/example_dags/example_setup_teardown.py took 0.037 seconds
[2024-05-30T07:47:25.393+0000] {processor.py:161} INFO - Started process (PID=4010) to work on /home/airflow/.local/lib/python3.12/site-packages/airflow/example_dags/example_setup_teardown.py
[2024-05-30T07:47:25.393+0000] {processor.py:830} INFO - Processing file /home/airflow/.local/lib/python3.12/site-packages/airflow/example_dags/example_setup_teardown.py for tasks to queue
[2024-05-30T07:47:25.394+0000] {logging_mixin.py:188} INFO - [2024-05-30T07:47:25.394+0000] {dagbag.py:545} INFO - Filling up the DagBag from /home/airflow/.local/lib/python3.12/site-packages/airflow/example_dags/example_setup_teardown.py
[2024-05-30T07:47:25.398+0000] {processor.py:840} INFO - DAG(s) 'example_setup_teardown' retrieved from /home/airflow/.local/lib/python3.12/site-packages/airflow/example_dags/example_setup_teardown.py
[2024-05-30T07:47:25.406+0000] {logging_mixin.py:188} INFO - [2024-05-30T07:47:25.406+0000] {dag.py:3096} INFO - Sync 1 DAGs
[2024-05-30T07:47:25.415+0000] {logging_mixin.py:188} INFO - [2024-05-30T07:47:25.415+0000] {dag.py:3954} INFO - Setting next_dagrun for example_setup_teardown to 2024-05-29 00:00:00+00:00, run_after=2024-05-30 00:00:00+00:00
[2024-05-30T07:47:25.422+0000] {processor.py:183} INFO - Processing /home/airflow/.local/lib/python3.12/site-packages/airflow/example_dags/example_setup_teardown.py took 0.033 seconds
[2024-05-30T07:47:56.043+0000] {processor.py:161} INFO - Started process (PID=4272) to work on /home/airflow/.local/lib/python3.12/site-packages/airflow/example_dags/example_setup_teardown.py
[2024-05-30T07:47:56.043+0000] {processor.py:830} INFO - Processing file /home/airflow/.local/lib/python3.12/site-packages/airflow/example_dags/example_setup_teardown.py for tasks to queue
[2024-05-30T07:47:56.044+0000] {logging_mixin.py:188} INFO - [2024-05-30T07:47:56.044+0000] {dagbag.py:545} INFO - Filling up the DagBag from /home/airflow/.local/lib/python3.12/site-packages/airflow/example_dags/example_setup_teardown.py
[2024-05-30T07:47:56.047+0000] {processor.py:840} INFO - DAG(s) 'example_setup_teardown' retrieved from /home/airflow/.local/lib/python3.12/site-packages/airflow/example_dags/example_setup_teardown.py
[2024-05-30T07:47:56.057+0000] {logging_mixin.py:188} INFO - [2024-05-30T07:47:56.056+0000] {dag.py:3096} INFO - Sync 1 DAGs
[2024-05-30T07:47:56.065+0000] {logging_mixin.py:188} INFO - [2024-05-30T07:47:56.065+0000] {dag.py:3954} INFO - Setting next_dagrun for example_setup_teardown to 2024-05-29 00:00:00+00:00, run_after=2024-05-30 00:00:00+00:00
[2024-05-30T07:47:56.073+0000] {processor.py:183} INFO - Processing /home/airflow/.local/lib/python3.12/site-packages/airflow/example_dags/example_setup_teardown.py took 0.033 seconds
[2024-05-30T07:48:26.782+0000] {processor.py:161} INFO - Started process (PID=4534) to work on /home/airflow/.local/lib/python3.12/site-packages/airflow/example_dags/example_setup_teardown.py
[2024-05-30T07:48:26.782+0000] {processor.py:830} INFO - Processing file /home/airflow/.local/lib/python3.12/site-packages/airflow/example_dags/example_setup_teardown.py for tasks to queue
[2024-05-30T07:48:26.783+0000] {logging_mixin.py:188} INFO - [2024-05-30T07:48:26.783+0000] {dagbag.py:545} INFO - Filling up the DagBag from /home/airflow/.local/lib/python3.12/site-packages/airflow/example_dags/example_setup_teardown.py
[2024-05-30T07:48:26.788+0000] {processor.py:840} INFO - DAG(s) 'example_setup_teardown' retrieved from /home/airflow/.local/lib/python3.12/site-packages/airflow/example_dags/example_setup_teardown.py
[2024-05-30T07:48:26.798+0000] {logging_mixin.py:188} INFO - [2024-05-30T07:48:26.798+0000] {dag.py:3096} INFO - Sync 1 DAGs
[2024-05-30T07:48:26.808+0000] {logging_mixin.py:188} INFO - [2024-05-30T07:48:26.808+0000] {dag.py:3954} INFO - Setting next_dagrun for example_setup_teardown to 2024-05-29 00:00:00+00:00, run_after=2024-05-30 00:00:00+00:00
[2024-05-30T07:48:26.815+0000] {processor.py:183} INFO - Processing /home/airflow/.local/lib/python3.12/site-packages/airflow/example_dags/example_setup_teardown.py took 0.037 seconds
[2024-05-30T07:48:56.893+0000] {processor.py:161} INFO - Started process (PID=4798) to work on /home/airflow/.local/lib/python3.12/site-packages/airflow/example_dags/example_setup_teardown.py
[2024-05-30T07:48:56.894+0000] {processor.py:830} INFO - Processing file /home/airflow/.local/lib/python3.12/site-packages/airflow/example_dags/example_setup_teardown.py for tasks to queue
[2024-05-30T07:48:56.895+0000] {logging_mixin.py:188} INFO - [2024-05-30T07:48:56.895+0000] {dagbag.py:545} INFO - Filling up the DagBag from /home/airflow/.local/lib/python3.12/site-packages/airflow/example_dags/example_setup_teardown.py
[2024-05-30T07:48:56.898+0000] {processor.py:840} INFO - DAG(s) 'example_setup_teardown' retrieved from /home/airflow/.local/lib/python3.12/site-packages/airflow/example_dags/example_setup_teardown.py
[2024-05-30T07:48:56.908+0000] {logging_mixin.py:188} INFO - [2024-05-30T07:48:56.908+0000] {dag.py:3096} INFO - Sync 1 DAGs
[2024-05-30T07:48:56.917+0000] {logging_mixin.py:188} INFO - [2024-05-30T07:48:56.917+0000] {dag.py:3954} INFO - Setting next_dagrun for example_setup_teardown to 2024-05-29 00:00:00+00:00, run_after=2024-05-30 00:00:00+00:00
[2024-05-30T07:48:56.925+0000] {processor.py:183} INFO - Processing /home/airflow/.local/lib/python3.12/site-packages/airflow/example_dags/example_setup_teardown.py took 0.035 seconds
[2024-05-30T07:49:27.632+0000] {processor.py:161} INFO - Started process (PID=5058) to work on /home/airflow/.local/lib/python3.12/site-packages/airflow/example_dags/example_setup_teardown.py
[2024-05-30T07:49:27.633+0000] {processor.py:830} INFO - Processing file /home/airflow/.local/lib/python3.12/site-packages/airflow/example_dags/example_setup_teardown.py for tasks to queue
[2024-05-30T07:49:27.634+0000] {logging_mixin.py:188} INFO - [2024-05-30T07:49:27.634+0000] {dagbag.py:545} INFO - Filling up the DagBag from /home/airflow/.local/lib/python3.12/site-packages/airflow/example_dags/example_setup_teardown.py
[2024-05-30T07:49:27.637+0000] {processor.py:840} INFO - DAG(s) 'example_setup_teardown' retrieved from /home/airflow/.local/lib/python3.12/site-packages/airflow/example_dags/example_setup_teardown.py
[2024-05-30T07:49:27.647+0000] {logging_mixin.py:188} INFO - [2024-05-30T07:49:27.647+0000] {dag.py:3096} INFO - Sync 1 DAGs
[2024-05-30T07:49:27.656+0000] {logging_mixin.py:188} INFO - [2024-05-30T07:49:27.656+0000] {dag.py:3954} INFO - Setting next_dagrun for example_setup_teardown to 2024-05-29 00:00:00+00:00, run_after=2024-05-30 00:00:00+00:00
[2024-05-30T07:49:27.663+0000] {processor.py:183} INFO - Processing /home/airflow/.local/lib/python3.12/site-packages/airflow/example_dags/example_setup_teardown.py took 0.033 seconds
