[2024-05-30T07:40:17.452+0000] {processor.py:161} INFO - Started process (PID=216) to work on /home/airflow/.local/lib/python3.12/site-packages/airflow/example_dags/example_task_group.py
[2024-05-30T07:40:17.452+0000] {processor.py:830} INFO - Processing file /home/airflow/.local/lib/python3.12/site-packages/airflow/example_dags/example_task_group.py for tasks to queue
[2024-05-30T07:40:17.453+0000] {logging_mixin.py:188} INFO - [2024-05-30T07:40:17.453+0000] {dagbag.py:545} INFO - Filling up the DagBag from /home/airflow/.local/lib/python3.12/site-packages/airflow/example_dags/example_task_group.py
[2024-05-30T07:40:17.458+0000] {processor.py:840} INFO - DAG(s) 'example_task_group' retrieved from /home/airflow/.local/lib/python3.12/site-packages/airflow/example_dags/example_task_group.py
[2024-05-30T07:40:17.509+0000] {logging_mixin.py:188} INFO - [2024-05-30T07:40:17.509+0000] {override.py:1829} INFO - Created Permission View: can delete on DAG:example_task_group
[2024-05-30T07:40:17.513+0000] {logging_mixin.py:188} INFO - [2024-05-30T07:40:17.512+0000] {override.py:1829} INFO - Created Permission View: can edit on DAG:example_task_group
[2024-05-30T07:40:17.514+0000] {logging_mixin.py:188} INFO - [2024-05-30T07:40:17.514+0000] {override.py:1829} INFO - Created Permission View: can read on DAG:example_task_group
[2024-05-30T07:40:17.514+0000] {logging_mixin.py:188} INFO - [2024-05-30T07:40:17.514+0000] {dag.py:3096} INFO - Sync 1 DAGs
[2024-05-30T07:40:17.518+0000] {logging_mixin.py:188} INFO - [2024-05-30T07:40:17.518+0000] {dag.py:3118} INFO - Creating ORM DAG for example_task_group
[2024-05-30T07:40:17.523+0000] {logging_mixin.py:188} INFO - [2024-05-30T07:40:17.523+0000] {dag.py:3954} INFO - Setting next_dagrun for example_task_group to 2024-05-29 00:00:00+00:00, run_after=2024-05-30 00:00:00+00:00
[2024-05-30T07:40:17.529+0000] {processor.py:183} INFO - Processing /home/airflow/.local/lib/python3.12/site-packages/airflow/example_dags/example_task_group.py took 0.080 seconds
[2024-05-30T07:40:47.691+0000] {processor.py:161} INFO - Started process (PID=476) to work on /home/airflow/.local/lib/python3.12/site-packages/airflow/example_dags/example_task_group.py
[2024-05-30T07:40:47.691+0000] {processor.py:830} INFO - Processing file /home/airflow/.local/lib/python3.12/site-packages/airflow/example_dags/example_task_group.py for tasks to queue
[2024-05-30T07:40:47.692+0000] {logging_mixin.py:188} INFO - [2024-05-30T07:40:47.692+0000] {dagbag.py:545} INFO - Filling up the DagBag from /home/airflow/.local/lib/python3.12/site-packages/airflow/example_dags/example_task_group.py
[2024-05-30T07:40:47.696+0000] {processor.py:840} INFO - DAG(s) 'example_task_group' retrieved from /home/airflow/.local/lib/python3.12/site-packages/airflow/example_dags/example_task_group.py
[2024-05-30T07:40:47.705+0000] {logging_mixin.py:188} INFO - [2024-05-30T07:40:47.705+0000] {dag.py:3096} INFO - Sync 1 DAGs
[2024-05-30T07:40:47.718+0000] {logging_mixin.py:188} INFO - [2024-05-30T07:40:47.718+0000] {dag.py:3954} INFO - Setting next_dagrun for example_task_group to 2024-05-29 00:00:00+00:00, run_after=2024-05-30 00:00:00+00:00
[2024-05-30T07:40:47.726+0000] {processor.py:183} INFO - Processing /home/airflow/.local/lib/python3.12/site-packages/airflow/example_dags/example_task_group.py took 0.038 seconds
[2024-05-30T07:41:18.286+0000] {processor.py:161} INFO - Started process (PID=738) to work on /home/airflow/.local/lib/python3.12/site-packages/airflow/example_dags/example_task_group.py
[2024-05-30T07:41:18.286+0000] {processor.py:830} INFO - Processing file /home/airflow/.local/lib/python3.12/site-packages/airflow/example_dags/example_task_group.py for tasks to queue
[2024-05-30T07:41:18.287+0000] {logging_mixin.py:188} INFO - [2024-05-30T07:41:18.287+0000] {dagbag.py:545} INFO - Filling up the DagBag from /home/airflow/.local/lib/python3.12/site-packages/airflow/example_dags/example_task_group.py
[2024-05-30T07:41:18.291+0000] {processor.py:840} INFO - DAG(s) 'example_task_group' retrieved from /home/airflow/.local/lib/python3.12/site-packages/airflow/example_dags/example_task_group.py
[2024-05-30T07:41:18.300+0000] {logging_mixin.py:188} INFO - [2024-05-30T07:41:18.300+0000] {dag.py:3096} INFO - Sync 1 DAGs
[2024-05-30T07:41:18.310+0000] {logging_mixin.py:188} INFO - [2024-05-30T07:41:18.309+0000] {dag.py:3954} INFO - Setting next_dagrun for example_task_group to 2024-05-29 00:00:00+00:00, run_after=2024-05-30 00:00:00+00:00
[2024-05-30T07:41:18.316+0000] {processor.py:183} INFO - Processing /home/airflow/.local/lib/python3.12/site-packages/airflow/example_dags/example_task_group.py took 0.034 seconds
[2024-05-30T07:41:48.843+0000] {processor.py:161} INFO - Started process (PID=1000) to work on /home/airflow/.local/lib/python3.12/site-packages/airflow/example_dags/example_task_group.py
[2024-05-30T07:41:48.843+0000] {processor.py:830} INFO - Processing file /home/airflow/.local/lib/python3.12/site-packages/airflow/example_dags/example_task_group.py for tasks to queue
[2024-05-30T07:41:48.844+0000] {logging_mixin.py:188} INFO - [2024-05-30T07:41:48.844+0000] {dagbag.py:545} INFO - Filling up the DagBag from /home/airflow/.local/lib/python3.12/site-packages/airflow/example_dags/example_task_group.py
[2024-05-30T07:41:48.848+0000] {processor.py:840} INFO - DAG(s) 'example_task_group' retrieved from /home/airflow/.local/lib/python3.12/site-packages/airflow/example_dags/example_task_group.py
[2024-05-30T07:41:48.857+0000] {logging_mixin.py:188} INFO - [2024-05-30T07:41:48.857+0000] {dag.py:3096} INFO - Sync 1 DAGs
[2024-05-30T07:41:48.866+0000] {logging_mixin.py:188} INFO - [2024-05-30T07:41:48.866+0000] {dag.py:3954} INFO - Setting next_dagrun for example_task_group to 2024-05-29 00:00:00+00:00, run_after=2024-05-30 00:00:00+00:00
[2024-05-30T07:41:48.874+0000] {processor.py:183} INFO - Processing /home/airflow/.local/lib/python3.12/site-packages/airflow/example_dags/example_task_group.py took 0.034 seconds
[2024-05-30T07:42:19.463+0000] {processor.py:161} INFO - Started process (PID=1262) to work on /home/airflow/.local/lib/python3.12/site-packages/airflow/example_dags/example_task_group.py
[2024-05-30T07:42:19.464+0000] {processor.py:830} INFO - Processing file /home/airflow/.local/lib/python3.12/site-packages/airflow/example_dags/example_task_group.py for tasks to queue
[2024-05-30T07:42:19.465+0000] {logging_mixin.py:188} INFO - [2024-05-30T07:42:19.465+0000] {dagbag.py:545} INFO - Filling up the DagBag from /home/airflow/.local/lib/python3.12/site-packages/airflow/example_dags/example_task_group.py
[2024-05-30T07:42:19.468+0000] {processor.py:840} INFO - DAG(s) 'example_task_group' retrieved from /home/airflow/.local/lib/python3.12/site-packages/airflow/example_dags/example_task_group.py
[2024-05-30T07:42:19.478+0000] {logging_mixin.py:188} INFO - [2024-05-30T07:42:19.478+0000] {dag.py:3096} INFO - Sync 1 DAGs
[2024-05-30T07:42:19.487+0000] {logging_mixin.py:188} INFO - [2024-05-30T07:42:19.487+0000] {dag.py:3954} INFO - Setting next_dagrun for example_task_group to 2024-05-29 00:00:00+00:00, run_after=2024-05-30 00:00:00+00:00
[2024-05-30T07:42:19.494+0000] {processor.py:183} INFO - Processing /home/airflow/.local/lib/python3.12/site-packages/airflow/example_dags/example_task_group.py took 0.033 seconds
[2024-05-30T07:42:50.099+0000] {processor.py:161} INFO - Started process (PID=1526) to work on /home/airflow/.local/lib/python3.12/site-packages/airflow/example_dags/example_task_group.py
[2024-05-30T07:42:50.099+0000] {processor.py:830} INFO - Processing file /home/airflow/.local/lib/python3.12/site-packages/airflow/example_dags/example_task_group.py for tasks to queue
[2024-05-30T07:42:50.100+0000] {logging_mixin.py:188} INFO - [2024-05-30T07:42:50.100+0000] {dagbag.py:545} INFO - Filling up the DagBag from /home/airflow/.local/lib/python3.12/site-packages/airflow/example_dags/example_task_group.py
[2024-05-30T07:42:50.104+0000] {processor.py:840} INFO - DAG(s) 'example_task_group' retrieved from /home/airflow/.local/lib/python3.12/site-packages/airflow/example_dags/example_task_group.py
[2024-05-30T07:42:50.114+0000] {logging_mixin.py:188} INFO - [2024-05-30T07:42:50.114+0000] {dag.py:3096} INFO - Sync 1 DAGs
[2024-05-30T07:42:50.123+0000] {logging_mixin.py:188} INFO - [2024-05-30T07:42:50.123+0000] {dag.py:3954} INFO - Setting next_dagrun for example_task_group to 2024-05-29 00:00:00+00:00, run_after=2024-05-30 00:00:00+00:00
[2024-05-30T07:42:50.130+0000] {processor.py:183} INFO - Processing /home/airflow/.local/lib/python3.12/site-packages/airflow/example_dags/example_task_group.py took 0.035 seconds
[2024-05-30T07:43:20.193+0000] {processor.py:161} INFO - Started process (PID=1786) to work on /home/airflow/.local/lib/python3.12/site-packages/airflow/example_dags/example_task_group.py
[2024-05-30T07:43:20.193+0000] {processor.py:830} INFO - Processing file /home/airflow/.local/lib/python3.12/site-packages/airflow/example_dags/example_task_group.py for tasks to queue
[2024-05-30T07:43:20.194+0000] {logging_mixin.py:188} INFO - [2024-05-30T07:43:20.194+0000] {dagbag.py:545} INFO - Filling up the DagBag from /home/airflow/.local/lib/python3.12/site-packages/airflow/example_dags/example_task_group.py
[2024-05-30T07:43:20.198+0000] {processor.py:840} INFO - DAG(s) 'example_task_group' retrieved from /home/airflow/.local/lib/python3.12/site-packages/airflow/example_dags/example_task_group.py
[2024-05-30T07:43:20.208+0000] {logging_mixin.py:188} INFO - [2024-05-30T07:43:20.208+0000] {dag.py:3096} INFO - Sync 1 DAGs
[2024-05-30T07:43:20.217+0000] {logging_mixin.py:188} INFO - [2024-05-30T07:43:20.217+0000] {dag.py:3954} INFO - Setting next_dagrun for example_task_group to 2024-05-29 00:00:00+00:00, run_after=2024-05-30 00:00:00+00:00
[2024-05-30T07:43:20.225+0000] {processor.py:183} INFO - Processing /home/airflow/.local/lib/python3.12/site-packages/airflow/example_dags/example_task_group.py took 0.035 seconds
[2024-05-30T07:43:50.941+0000] {processor.py:161} INFO - Started process (PID=2048) to work on /home/airflow/.local/lib/python3.12/site-packages/airflow/example_dags/example_task_group.py
[2024-05-30T07:43:50.942+0000] {processor.py:830} INFO - Processing file /home/airflow/.local/lib/python3.12/site-packages/airflow/example_dags/example_task_group.py for tasks to queue
[2024-05-30T07:43:50.943+0000] {logging_mixin.py:188} INFO - [2024-05-30T07:43:50.943+0000] {dagbag.py:545} INFO - Filling up the DagBag from /home/airflow/.local/lib/python3.12/site-packages/airflow/example_dags/example_task_group.py
[2024-05-30T07:43:50.947+0000] {processor.py:840} INFO - DAG(s) 'example_task_group' retrieved from /home/airflow/.local/lib/python3.12/site-packages/airflow/example_dags/example_task_group.py
[2024-05-30T07:43:50.957+0000] {logging_mixin.py:188} INFO - [2024-05-30T07:43:50.957+0000] {dag.py:3096} INFO - Sync 1 DAGs
[2024-05-30T07:43:50.967+0000] {logging_mixin.py:188} INFO - [2024-05-30T07:43:50.967+0000] {dag.py:3954} INFO - Setting next_dagrun for example_task_group to 2024-05-29 00:00:00+00:00, run_after=2024-05-30 00:00:00+00:00
[2024-05-30T07:43:50.974+0000] {processor.py:183} INFO - Processing /home/airflow/.local/lib/python3.12/site-packages/airflow/example_dags/example_task_group.py took 0.035 seconds
[2024-05-30T07:44:21.743+0000] {processor.py:161} INFO - Started process (PID=2310) to work on /home/airflow/.local/lib/python3.12/site-packages/airflow/example_dags/example_task_group.py
[2024-05-30T07:44:21.744+0000] {processor.py:830} INFO - Processing file /home/airflow/.local/lib/python3.12/site-packages/airflow/example_dags/example_task_group.py for tasks to queue
[2024-05-30T07:44:21.745+0000] {logging_mixin.py:188} INFO - [2024-05-30T07:44:21.745+0000] {dagbag.py:545} INFO - Filling up the DagBag from /home/airflow/.local/lib/python3.12/site-packages/airflow/example_dags/example_task_group.py
[2024-05-30T07:44:21.748+0000] {processor.py:840} INFO - DAG(s) 'example_task_group' retrieved from /home/airflow/.local/lib/python3.12/site-packages/airflow/example_dags/example_task_group.py
[2024-05-30T07:44:21.758+0000] {logging_mixin.py:188} INFO - [2024-05-30T07:44:21.757+0000] {dag.py:3096} INFO - Sync 1 DAGs
[2024-05-30T07:44:21.767+0000] {logging_mixin.py:188} INFO - [2024-05-30T07:44:21.767+0000] {dag.py:3954} INFO - Setting next_dagrun for example_task_group to 2024-05-29 00:00:00+00:00, run_after=2024-05-30 00:00:00+00:00
[2024-05-30T07:44:21.774+0000] {processor.py:183} INFO - Processing /home/airflow/.local/lib/python3.12/site-packages/airflow/example_dags/example_task_group.py took 0.033 seconds
[2024-05-30T07:44:52.449+0000] {processor.py:161} INFO - Started process (PID=2572) to work on /home/airflow/.local/lib/python3.12/site-packages/airflow/example_dags/example_task_group.py
[2024-05-30T07:44:52.450+0000] {processor.py:830} INFO - Processing file /home/airflow/.local/lib/python3.12/site-packages/airflow/example_dags/example_task_group.py for tasks to queue
[2024-05-30T07:44:52.451+0000] {logging_mixin.py:188} INFO - [2024-05-30T07:44:52.451+0000] {dagbag.py:545} INFO - Filling up the DagBag from /home/airflow/.local/lib/python3.12/site-packages/airflow/example_dags/example_task_group.py
[2024-05-30T07:44:52.455+0000] {processor.py:840} INFO - DAG(s) 'example_task_group' retrieved from /home/airflow/.local/lib/python3.12/site-packages/airflow/example_dags/example_task_group.py
[2024-05-30T07:44:52.466+0000] {logging_mixin.py:188} INFO - [2024-05-30T07:44:52.466+0000] {dag.py:3096} INFO - Sync 1 DAGs
[2024-05-30T07:44:52.476+0000] {logging_mixin.py:188} INFO - [2024-05-30T07:44:52.476+0000] {dag.py:3954} INFO - Setting next_dagrun for example_task_group to 2024-05-29 00:00:00+00:00, run_after=2024-05-30 00:00:00+00:00
[2024-05-30T07:44:52.484+0000] {processor.py:183} INFO - Processing /home/airflow/.local/lib/python3.12/site-packages/airflow/example_dags/example_task_group.py took 0.037 seconds
[2024-05-30T07:45:23.163+0000] {processor.py:161} INFO - Started process (PID=2834) to work on /home/airflow/.local/lib/python3.12/site-packages/airflow/example_dags/example_task_group.py
[2024-05-30T07:45:23.163+0000] {processor.py:830} INFO - Processing file /home/airflow/.local/lib/python3.12/site-packages/airflow/example_dags/example_task_group.py for tasks to queue
[2024-05-30T07:45:23.164+0000] {logging_mixin.py:188} INFO - [2024-05-30T07:45:23.164+0000] {dagbag.py:545} INFO - Filling up the DagBag from /home/airflow/.local/lib/python3.12/site-packages/airflow/example_dags/example_task_group.py
[2024-05-30T07:45:23.168+0000] {processor.py:840} INFO - DAG(s) 'example_task_group' retrieved from /home/airflow/.local/lib/python3.12/site-packages/airflow/example_dags/example_task_group.py
[2024-05-30T07:45:23.180+0000] {logging_mixin.py:188} INFO - [2024-05-30T07:45:23.180+0000] {dag.py:3096} INFO - Sync 1 DAGs
[2024-05-30T07:45:23.191+0000] {logging_mixin.py:188} INFO - [2024-05-30T07:45:23.191+0000] {dag.py:3954} INFO - Setting next_dagrun for example_task_group to 2024-05-29 00:00:00+00:00, run_after=2024-05-30 00:00:00+00:00
[2024-05-30T07:45:23.199+0000] {processor.py:183} INFO - Processing /home/airflow/.local/lib/python3.12/site-packages/airflow/example_dags/example_task_group.py took 0.039 seconds
[2024-05-30T07:45:53.441+0000] {processor.py:161} INFO - Started process (PID=3096) to work on /home/airflow/.local/lib/python3.12/site-packages/airflow/example_dags/example_task_group.py
[2024-05-30T07:45:53.442+0000] {processor.py:830} INFO - Processing file /home/airflow/.local/lib/python3.12/site-packages/airflow/example_dags/example_task_group.py for tasks to queue
[2024-05-30T07:45:53.443+0000] {logging_mixin.py:188} INFO - [2024-05-30T07:45:53.443+0000] {dagbag.py:545} INFO - Filling up the DagBag from /home/airflow/.local/lib/python3.12/site-packages/airflow/example_dags/example_task_group.py
[2024-05-30T07:45:53.446+0000] {processor.py:840} INFO - DAG(s) 'example_task_group' retrieved from /home/airflow/.local/lib/python3.12/site-packages/airflow/example_dags/example_task_group.py
[2024-05-30T07:45:53.458+0000] {logging_mixin.py:188} INFO - [2024-05-30T07:45:53.457+0000] {dag.py:3096} INFO - Sync 1 DAGs
[2024-05-30T07:45:53.467+0000] {logging_mixin.py:188} INFO - [2024-05-30T07:45:53.467+0000] {dag.py:3954} INFO - Setting next_dagrun for example_task_group to 2024-05-29 00:00:00+00:00, run_after=2024-05-30 00:00:00+00:00
[2024-05-30T07:45:53.475+0000] {processor.py:183} INFO - Processing /home/airflow/.local/lib/python3.12/site-packages/airflow/example_dags/example_task_group.py took 0.036 seconds
[2024-05-30T07:46:24.152+0000] {processor.py:161} INFO - Started process (PID=3360) to work on /home/airflow/.local/lib/python3.12/site-packages/airflow/example_dags/example_task_group.py
[2024-05-30T07:46:24.152+0000] {processor.py:830} INFO - Processing file /home/airflow/.local/lib/python3.12/site-packages/airflow/example_dags/example_task_group.py for tasks to queue
[2024-05-30T07:46:24.153+0000] {logging_mixin.py:188} INFO - [2024-05-30T07:46:24.153+0000] {dagbag.py:545} INFO - Filling up the DagBag from /home/airflow/.local/lib/python3.12/site-packages/airflow/example_dags/example_task_group.py
[2024-05-30T07:46:24.157+0000] {processor.py:840} INFO - DAG(s) 'example_task_group' retrieved from /home/airflow/.local/lib/python3.12/site-packages/airflow/example_dags/example_task_group.py
[2024-05-30T07:46:24.167+0000] {logging_mixin.py:188} INFO - [2024-05-30T07:46:24.167+0000] {dag.py:3096} INFO - Sync 1 DAGs
[2024-05-30T07:46:24.176+0000] {logging_mixin.py:188} INFO - [2024-05-30T07:46:24.176+0000] {dag.py:3954} INFO - Setting next_dagrun for example_task_group to 2024-05-29 00:00:00+00:00, run_after=2024-05-30 00:00:00+00:00
[2024-05-30T07:46:24.183+0000] {processor.py:183} INFO - Processing /home/airflow/.local/lib/python3.12/site-packages/airflow/example_dags/example_task_group.py took 0.034 seconds
[2024-05-30T07:46:54.759+0000] {processor.py:161} INFO - Started process (PID=3770) to work on /home/airflow/.local/lib/python3.12/site-packages/airflow/example_dags/example_task_group.py
[2024-05-30T07:46:54.760+0000] {processor.py:830} INFO - Processing file /home/airflow/.local/lib/python3.12/site-packages/airflow/example_dags/example_task_group.py for tasks to queue
[2024-05-30T07:46:54.761+0000] {logging_mixin.py:188} INFO - [2024-05-30T07:46:54.761+0000] {dagbag.py:545} INFO - Filling up the DagBag from /home/airflow/.local/lib/python3.12/site-packages/airflow/example_dags/example_task_group.py
[2024-05-30T07:46:54.764+0000] {processor.py:840} INFO - DAG(s) 'example_task_group' retrieved from /home/airflow/.local/lib/python3.12/site-packages/airflow/example_dags/example_task_group.py
[2024-05-30T07:46:54.776+0000] {logging_mixin.py:188} INFO - [2024-05-30T07:46:54.775+0000] {dag.py:3096} INFO - Sync 1 DAGs
[2024-05-30T07:46:54.785+0000] {logging_mixin.py:188} INFO - [2024-05-30T07:46:54.785+0000] {dag.py:3954} INFO - Setting next_dagrun for example_task_group to 2024-05-29 00:00:00+00:00, run_after=2024-05-30 00:00:00+00:00
[2024-05-30T07:46:54.793+0000] {processor.py:183} INFO - Processing /home/airflow/.local/lib/python3.12/site-packages/airflow/example_dags/example_task_group.py took 0.036 seconds
[2024-05-30T07:47:25.525+0000] {processor.py:161} INFO - Started process (PID=4030) to work on /home/airflow/.local/lib/python3.12/site-packages/airflow/example_dags/example_task_group.py
[2024-05-30T07:47:25.526+0000] {processor.py:830} INFO - Processing file /home/airflow/.local/lib/python3.12/site-packages/airflow/example_dags/example_task_group.py for tasks to queue
[2024-05-30T07:47:25.527+0000] {logging_mixin.py:188} INFO - [2024-05-30T07:47:25.527+0000] {dagbag.py:545} INFO - Filling up the DagBag from /home/airflow/.local/lib/python3.12/site-packages/airflow/example_dags/example_task_group.py
[2024-05-30T07:47:25.531+0000] {processor.py:840} INFO - DAG(s) 'example_task_group' retrieved from /home/airflow/.local/lib/python3.12/site-packages/airflow/example_dags/example_task_group.py
[2024-05-30T07:47:25.541+0000] {logging_mixin.py:188} INFO - [2024-05-30T07:47:25.540+0000] {dag.py:3096} INFO - Sync 1 DAGs
[2024-05-30T07:47:25.550+0000] {logging_mixin.py:188} INFO - [2024-05-30T07:47:25.550+0000] {dag.py:3954} INFO - Setting next_dagrun for example_task_group to 2024-05-29 00:00:00+00:00, run_after=2024-05-30 00:00:00+00:00
[2024-05-30T07:47:25.557+0000] {processor.py:183} INFO - Processing /home/airflow/.local/lib/python3.12/site-packages/airflow/example_dags/example_task_group.py took 0.035 seconds
[2024-05-30T07:47:56.172+0000] {processor.py:161} INFO - Started process (PID=4292) to work on /home/airflow/.local/lib/python3.12/site-packages/airflow/example_dags/example_task_group.py
[2024-05-30T07:47:56.172+0000] {processor.py:830} INFO - Processing file /home/airflow/.local/lib/python3.12/site-packages/airflow/example_dags/example_task_group.py for tasks to queue
[2024-05-30T07:47:56.173+0000] {logging_mixin.py:188} INFO - [2024-05-30T07:47:56.173+0000] {dagbag.py:545} INFO - Filling up the DagBag from /home/airflow/.local/lib/python3.12/site-packages/airflow/example_dags/example_task_group.py
[2024-05-30T07:47:56.177+0000] {processor.py:840} INFO - DAG(s) 'example_task_group' retrieved from /home/airflow/.local/lib/python3.12/site-packages/airflow/example_dags/example_task_group.py
[2024-05-30T07:47:56.186+0000] {logging_mixin.py:188} INFO - [2024-05-30T07:47:56.186+0000] {dag.py:3096} INFO - Sync 1 DAGs
[2024-05-30T07:47:56.196+0000] {logging_mixin.py:188} INFO - [2024-05-30T07:47:56.195+0000] {dag.py:3954} INFO - Setting next_dagrun for example_task_group to 2024-05-29 00:00:00+00:00, run_after=2024-05-30 00:00:00+00:00
[2024-05-30T07:47:56.203+0000] {processor.py:183} INFO - Processing /home/airflow/.local/lib/python3.12/site-packages/airflow/example_dags/example_task_group.py took 0.035 seconds
[2024-05-30T07:48:26.902+0000] {processor.py:161} INFO - Started process (PID=4556) to work on /home/airflow/.local/lib/python3.12/site-packages/airflow/example_dags/example_task_group.py
[2024-05-30T07:48:26.903+0000] {processor.py:830} INFO - Processing file /home/airflow/.local/lib/python3.12/site-packages/airflow/example_dags/example_task_group.py for tasks to queue
[2024-05-30T07:48:26.904+0000] {logging_mixin.py:188} INFO - [2024-05-30T07:48:26.904+0000] {dagbag.py:545} INFO - Filling up the DagBag from /home/airflow/.local/lib/python3.12/site-packages/airflow/example_dags/example_task_group.py
[2024-05-30T07:48:26.908+0000] {processor.py:840} INFO - DAG(s) 'example_task_group' retrieved from /home/airflow/.local/lib/python3.12/site-packages/airflow/example_dags/example_task_group.py
[2024-05-30T07:48:26.919+0000] {logging_mixin.py:188} INFO - [2024-05-30T07:48:26.919+0000] {dag.py:3096} INFO - Sync 1 DAGs
[2024-05-30T07:48:26.929+0000] {logging_mixin.py:188} INFO - [2024-05-30T07:48:26.929+0000] {dag.py:3954} INFO - Setting next_dagrun for example_task_group to 2024-05-29 00:00:00+00:00, run_after=2024-05-30 00:00:00+00:00
[2024-05-30T07:48:26.936+0000] {processor.py:183} INFO - Processing /home/airflow/.local/lib/python3.12/site-packages/airflow/example_dags/example_task_group.py took 0.037 seconds
[2024-05-30T07:48:57.032+0000] {processor.py:161} INFO - Started process (PID=4818) to work on /home/airflow/.local/lib/python3.12/site-packages/airflow/example_dags/example_task_group.py
[2024-05-30T07:48:57.033+0000] {processor.py:830} INFO - Processing file /home/airflow/.local/lib/python3.12/site-packages/airflow/example_dags/example_task_group.py for tasks to queue
[2024-05-30T07:48:57.034+0000] {logging_mixin.py:188} INFO - [2024-05-30T07:48:57.034+0000] {dagbag.py:545} INFO - Filling up the DagBag from /home/airflow/.local/lib/python3.12/site-packages/airflow/example_dags/example_task_group.py
[2024-05-30T07:48:57.038+0000] {processor.py:840} INFO - DAG(s) 'example_task_group' retrieved from /home/airflow/.local/lib/python3.12/site-packages/airflow/example_dags/example_task_group.py
[2024-05-30T07:48:57.048+0000] {logging_mixin.py:188} INFO - [2024-05-30T07:48:57.048+0000] {dag.py:3096} INFO - Sync 1 DAGs
[2024-05-30T07:48:57.057+0000] {logging_mixin.py:188} INFO - [2024-05-30T07:48:57.057+0000] {dag.py:3954} INFO - Setting next_dagrun for example_task_group to 2024-05-29 00:00:00+00:00, run_after=2024-05-30 00:00:00+00:00
[2024-05-30T07:48:57.065+0000] {processor.py:183} INFO - Processing /home/airflow/.local/lib/python3.12/site-packages/airflow/example_dags/example_task_group.py took 0.035 seconds
[2024-05-30T07:49:27.730+0000] {processor.py:161} INFO - Started process (PID=5080) to work on /home/airflow/.local/lib/python3.12/site-packages/airflow/example_dags/example_task_group.py
[2024-05-30T07:49:27.731+0000] {processor.py:830} INFO - Processing file /home/airflow/.local/lib/python3.12/site-packages/airflow/example_dags/example_task_group.py for tasks to queue
[2024-05-30T07:49:27.731+0000] {logging_mixin.py:188} INFO - [2024-05-30T07:49:27.731+0000] {dagbag.py:545} INFO - Filling up the DagBag from /home/airflow/.local/lib/python3.12/site-packages/airflow/example_dags/example_task_group.py
[2024-05-30T07:49:27.735+0000] {processor.py:840} INFO - DAG(s) 'example_task_group' retrieved from /home/airflow/.local/lib/python3.12/site-packages/airflow/example_dags/example_task_group.py
[2024-05-30T07:49:27.744+0000] {logging_mixin.py:188} INFO - [2024-05-30T07:49:27.744+0000] {dag.py:3096} INFO - Sync 1 DAGs
[2024-05-30T07:49:27.752+0000] {logging_mixin.py:188} INFO - [2024-05-30T07:49:27.752+0000] {dag.py:3954} INFO - Setting next_dagrun for example_task_group to 2024-05-29 00:00:00+00:00, run_after=2024-05-30 00:00:00+00:00
[2024-05-30T07:49:27.759+0000] {processor.py:183} INFO - Processing /home/airflow/.local/lib/python3.12/site-packages/airflow/example_dags/example_task_group.py took 0.032 seconds
[2024-05-30T07:49:58.448+0000] {processor.py:161} INFO - Started process (PID=5340) to work on /home/airflow/.local/lib/python3.12/site-packages/airflow/example_dags/example_task_group.py
[2024-05-30T07:49:58.448+0000] {processor.py:830} INFO - Processing file /home/airflow/.local/lib/python3.12/site-packages/airflow/example_dags/example_task_group.py for tasks to queue
[2024-05-30T07:49:58.449+0000] {logging_mixin.py:188} INFO - [2024-05-30T07:49:58.449+0000] {dagbag.py:545} INFO - Filling up the DagBag from /home/airflow/.local/lib/python3.12/site-packages/airflow/example_dags/example_task_group.py
[2024-05-30T07:49:58.453+0000] {processor.py:840} INFO - DAG(s) 'example_task_group' retrieved from /home/airflow/.local/lib/python3.12/site-packages/airflow/example_dags/example_task_group.py
[2024-05-30T07:49:58.463+0000] {logging_mixin.py:188} INFO - [2024-05-30T07:49:58.462+0000] {dag.py:3096} INFO - Sync 1 DAGs
[2024-05-30T07:49:58.472+0000] {logging_mixin.py:188} INFO - [2024-05-30T07:49:58.472+0000] {dag.py:3954} INFO - Setting next_dagrun for example_task_group to 2024-05-29 00:00:00+00:00, run_after=2024-05-30 00:00:00+00:00
[2024-05-30T07:49:58.478+0000] {processor.py:183} INFO - Processing /home/airflow/.local/lib/python3.12/site-packages/airflow/example_dags/example_task_group.py took 0.033 seconds
[2024-05-30T07:50:29.064+0000] {processor.py:161} INFO - Started process (PID=5602) to work on /home/airflow/.local/lib/python3.12/site-packages/airflow/example_dags/example_task_group.py
[2024-05-30T07:50:29.065+0000] {processor.py:830} INFO - Processing file /home/airflow/.local/lib/python3.12/site-packages/airflow/example_dags/example_task_group.py for tasks to queue
[2024-05-30T07:50:29.066+0000] {logging_mixin.py:188} INFO - [2024-05-30T07:50:29.066+0000] {dagbag.py:545} INFO - Filling up the DagBag from /home/airflow/.local/lib/python3.12/site-packages/airflow/example_dags/example_task_group.py
[2024-05-30T07:50:29.069+0000] {processor.py:840} INFO - DAG(s) 'example_task_group' retrieved from /home/airflow/.local/lib/python3.12/site-packages/airflow/example_dags/example_task_group.py
[2024-05-30T07:50:29.079+0000] {logging_mixin.py:188} INFO - [2024-05-30T07:50:29.079+0000] {dag.py:3096} INFO - Sync 1 DAGs
[2024-05-30T07:50:29.088+0000] {logging_mixin.py:188} INFO - [2024-05-30T07:50:29.088+0000] {dag.py:3954} INFO - Setting next_dagrun for example_task_group to 2024-05-29 00:00:00+00:00, run_after=2024-05-30 00:00:00+00:00
[2024-05-30T07:50:29.096+0000] {processor.py:183} INFO - Processing /home/airflow/.local/lib/python3.12/site-packages/airflow/example_dags/example_task_group.py took 0.034 seconds
[2024-05-30T07:50:59.842+0000] {processor.py:161} INFO - Started process (PID=5867) to work on /home/airflow/.local/lib/python3.12/site-packages/airflow/example_dags/example_task_group.py
[2024-05-30T07:50:59.842+0000] {processor.py:830} INFO - Processing file /home/airflow/.local/lib/python3.12/site-packages/airflow/example_dags/example_task_group.py for tasks to queue
[2024-05-30T07:50:59.843+0000] {logging_mixin.py:188} INFO - [2024-05-30T07:50:59.843+0000] {dagbag.py:545} INFO - Filling up the DagBag from /home/airflow/.local/lib/python3.12/site-packages/airflow/example_dags/example_task_group.py
[2024-05-30T07:50:59.847+0000] {processor.py:840} INFO - DAG(s) 'example_task_group' retrieved from /home/airflow/.local/lib/python3.12/site-packages/airflow/example_dags/example_task_group.py
[2024-05-30T07:50:59.858+0000] {logging_mixin.py:188} INFO - [2024-05-30T07:50:59.858+0000] {dag.py:3096} INFO - Sync 1 DAGs
[2024-05-30T07:50:59.867+0000] {logging_mixin.py:188} INFO - [2024-05-30T07:50:59.867+0000] {dag.py:3954} INFO - Setting next_dagrun for example_task_group to 2024-05-29 00:00:00+00:00, run_after=2024-05-30 00:00:00+00:00
[2024-05-30T07:50:59.874+0000] {processor.py:183} INFO - Processing /home/airflow/.local/lib/python3.12/site-packages/airflow/example_dags/example_task_group.py took 0.035 seconds
[2024-05-30T07:51:30.470+0000] {processor.py:161} INFO - Started process (PID=6127) to work on /home/airflow/.local/lib/python3.12/site-packages/airflow/example_dags/example_task_group.py
[2024-05-30T07:51:30.471+0000] {processor.py:830} INFO - Processing file /home/airflow/.local/lib/python3.12/site-packages/airflow/example_dags/example_task_group.py for tasks to queue
[2024-05-30T07:51:30.472+0000] {logging_mixin.py:188} INFO - [2024-05-30T07:51:30.472+0000] {dagbag.py:545} INFO - Filling up the DagBag from /home/airflow/.local/lib/python3.12/site-packages/airflow/example_dags/example_task_group.py
[2024-05-30T07:51:30.475+0000] {processor.py:840} INFO - DAG(s) 'example_task_group' retrieved from /home/airflow/.local/lib/python3.12/site-packages/airflow/example_dags/example_task_group.py
[2024-05-30T07:51:30.485+0000] {logging_mixin.py:188} INFO - [2024-05-30T07:51:30.485+0000] {dag.py:3096} INFO - Sync 1 DAGs
[2024-05-30T07:51:30.495+0000] {logging_mixin.py:188} INFO - [2024-05-30T07:51:30.495+0000] {dag.py:3954} INFO - Setting next_dagrun for example_task_group to 2024-05-29 00:00:00+00:00, run_after=2024-05-30 00:00:00+00:00
[2024-05-30T07:51:30.501+0000] {processor.py:183} INFO - Processing /home/airflow/.local/lib/python3.12/site-packages/airflow/example_dags/example_task_group.py took 0.034 seconds
