[2024-05-30T07:40:19.048+0000] {processor.py:161} INFO - Started process (PID=361) to work on /home/airflow/.local/lib/python3.12/site-packages/airflow/example_dags/example_complex.py
[2024-05-30T07:40:19.049+0000] {processor.py:830} INFO - Processing file /home/airflow/.local/lib/python3.12/site-packages/airflow/example_dags/example_complex.py for tasks to queue
[2024-05-30T07:40:19.050+0000] {logging_mixin.py:188} INFO - [2024-05-30T07:40:19.050+0000] {dagbag.py:545} INFO - Filling up the DagBag from /home/airflow/.local/lib/python3.12/site-packages/airflow/example_dags/example_complex.py
[2024-05-30T07:40:19.055+0000] {processor.py:840} INFO - DAG(s) 'example_complex' retrieved from /home/airflow/.local/lib/python3.12/site-packages/airflow/example_dags/example_complex.py
[2024-05-30T07:40:19.105+0000] {logging_mixin.py:188} INFO - [2024-05-30T07:40:19.104+0000] {override.py:1829} INFO - Created Permission View: can delete on DAG:example_complex
[2024-05-30T07:40:19.108+0000] {logging_mixin.py:188} INFO - [2024-05-30T07:40:19.108+0000] {override.py:1829} INFO - Created Permission View: can edit on DAG:example_complex
[2024-05-30T07:40:19.110+0000] {logging_mixin.py:188} INFO - [2024-05-30T07:40:19.110+0000] {override.py:1829} INFO - Created Permission View: can read on DAG:example_complex
[2024-05-30T07:40:19.110+0000] {logging_mixin.py:188} INFO - [2024-05-30T07:40:19.110+0000] {dag.py:3096} INFO - Sync 1 DAGs
[2024-05-30T07:40:19.115+0000] {logging_mixin.py:188} INFO - [2024-05-30T07:40:19.115+0000] {dag.py:3118} INFO - Creating ORM DAG for example_complex
[2024-05-30T07:40:19.115+0000] {logging_mixin.py:188} INFO - [2024-05-30T07:40:19.115+0000] {dag.py:3954} INFO - Setting next_dagrun for example_complex to None, run_after=None
[2024-05-30T07:40:19.123+0000] {processor.py:183} INFO - Processing /home/airflow/.local/lib/python3.12/site-packages/airflow/example_dags/example_complex.py took 0.078 seconds
[2024-05-30T07:40:49.476+0000] {processor.py:161} INFO - Started process (PID=623) to work on /home/airflow/.local/lib/python3.12/site-packages/airflow/example_dags/example_complex.py
[2024-05-30T07:40:49.477+0000] {processor.py:830} INFO - Processing file /home/airflow/.local/lib/python3.12/site-packages/airflow/example_dags/example_complex.py for tasks to queue
[2024-05-30T07:40:49.478+0000] {logging_mixin.py:188} INFO - [2024-05-30T07:40:49.478+0000] {dagbag.py:545} INFO - Filling up the DagBag from /home/airflow/.local/lib/python3.12/site-packages/airflow/example_dags/example_complex.py
[2024-05-30T07:40:49.482+0000] {processor.py:840} INFO - DAG(s) 'example_complex' retrieved from /home/airflow/.local/lib/python3.12/site-packages/airflow/example_dags/example_complex.py
[2024-05-30T07:40:49.496+0000] {logging_mixin.py:188} INFO - [2024-05-30T07:40:49.496+0000] {dag.py:3096} INFO - Sync 1 DAGs
[2024-05-30T07:40:49.501+0000] {logging_mixin.py:188} INFO - [2024-05-30T07:40:49.501+0000] {dag.py:3954} INFO - Setting next_dagrun for example_complex to None, run_after=None
[2024-05-30T07:40:49.508+0000] {processor.py:183} INFO - Processing /home/airflow/.local/lib/python3.12/site-packages/airflow/example_dags/example_complex.py took 0.035 seconds
[2024-05-30T07:41:20.077+0000] {processor.py:161} INFO - Started process (PID=885) to work on /home/airflow/.local/lib/python3.12/site-packages/airflow/example_dags/example_complex.py
[2024-05-30T07:41:20.078+0000] {processor.py:830} INFO - Processing file /home/airflow/.local/lib/python3.12/site-packages/airflow/example_dags/example_complex.py for tasks to queue
[2024-05-30T07:41:20.079+0000] {logging_mixin.py:188} INFO - [2024-05-30T07:41:20.078+0000] {dagbag.py:545} INFO - Filling up the DagBag from /home/airflow/.local/lib/python3.12/site-packages/airflow/example_dags/example_complex.py
[2024-05-30T07:41:20.083+0000] {processor.py:840} INFO - DAG(s) 'example_complex' retrieved from /home/airflow/.local/lib/python3.12/site-packages/airflow/example_dags/example_complex.py
[2024-05-30T07:41:20.095+0000] {logging_mixin.py:188} INFO - [2024-05-30T07:41:20.095+0000] {dag.py:3096} INFO - Sync 1 DAGs
[2024-05-30T07:41:20.101+0000] {logging_mixin.py:188} INFO - [2024-05-30T07:41:20.100+0000] {dag.py:3954} INFO - Setting next_dagrun for example_complex to None, run_after=None
[2024-05-30T07:41:20.107+0000] {processor.py:183} INFO - Processing /home/airflow/.local/lib/python3.12/site-packages/airflow/example_dags/example_complex.py took 0.033 seconds
[2024-05-30T07:41:50.636+0000] {processor.py:161} INFO - Started process (PID=1145) to work on /home/airflow/.local/lib/python3.12/site-packages/airflow/example_dags/example_complex.py
[2024-05-30T07:41:50.636+0000] {processor.py:830} INFO - Processing file /home/airflow/.local/lib/python3.12/site-packages/airflow/example_dags/example_complex.py for tasks to queue
[2024-05-30T07:41:50.637+0000] {logging_mixin.py:188} INFO - [2024-05-30T07:41:50.637+0000] {dagbag.py:545} INFO - Filling up the DagBag from /home/airflow/.local/lib/python3.12/site-packages/airflow/example_dags/example_complex.py
[2024-05-30T07:41:50.641+0000] {processor.py:840} INFO - DAG(s) 'example_complex' retrieved from /home/airflow/.local/lib/python3.12/site-packages/airflow/example_dags/example_complex.py
[2024-05-30T07:41:50.654+0000] {logging_mixin.py:188} INFO - [2024-05-30T07:41:50.654+0000] {dag.py:3096} INFO - Sync 1 DAGs
[2024-05-30T07:41:50.659+0000] {logging_mixin.py:188} INFO - [2024-05-30T07:41:50.659+0000] {dag.py:3954} INFO - Setting next_dagrun for example_complex to None, run_after=None
[2024-05-30T07:41:50.666+0000] {processor.py:183} INFO - Processing /home/airflow/.local/lib/python3.12/site-packages/airflow/example_dags/example_complex.py took 0.033 seconds
[2024-05-30T07:42:21.266+0000] {processor.py:161} INFO - Started process (PID=1409) to work on /home/airflow/.local/lib/python3.12/site-packages/airflow/example_dags/example_complex.py
[2024-05-30T07:42:21.266+0000] {processor.py:830} INFO - Processing file /home/airflow/.local/lib/python3.12/site-packages/airflow/example_dags/example_complex.py for tasks to queue
[2024-05-30T07:42:21.267+0000] {logging_mixin.py:188} INFO - [2024-05-30T07:42:21.267+0000] {dagbag.py:545} INFO - Filling up the DagBag from /home/airflow/.local/lib/python3.12/site-packages/airflow/example_dags/example_complex.py
[2024-05-30T07:42:21.271+0000] {processor.py:840} INFO - DAG(s) 'example_complex' retrieved from /home/airflow/.local/lib/python3.12/site-packages/airflow/example_dags/example_complex.py
[2024-05-30T07:42:21.284+0000] {logging_mixin.py:188} INFO - [2024-05-30T07:42:21.284+0000] {dag.py:3096} INFO - Sync 1 DAGs
[2024-05-30T07:42:21.289+0000] {logging_mixin.py:188} INFO - [2024-05-30T07:42:21.289+0000] {dag.py:3954} INFO - Setting next_dagrun for example_complex to None, run_after=None
[2024-05-30T07:42:21.296+0000] {processor.py:183} INFO - Processing /home/airflow/.local/lib/python3.12/site-packages/airflow/example_dags/example_complex.py took 0.033 seconds
[2024-05-30T07:42:52.020+0000] {processor.py:161} INFO - Started process (PID=1671) to work on /home/airflow/.local/lib/python3.12/site-packages/airflow/example_dags/example_complex.py
[2024-05-30T07:42:52.021+0000] {processor.py:830} INFO - Processing file /home/airflow/.local/lib/python3.12/site-packages/airflow/example_dags/example_complex.py for tasks to queue
[2024-05-30T07:42:52.022+0000] {logging_mixin.py:188} INFO - [2024-05-30T07:42:52.022+0000] {dagbag.py:545} INFO - Filling up the DagBag from /home/airflow/.local/lib/python3.12/site-packages/airflow/example_dags/example_complex.py
[2024-05-30T07:42:52.027+0000] {processor.py:840} INFO - DAG(s) 'example_complex' retrieved from /home/airflow/.local/lib/python3.12/site-packages/airflow/example_dags/example_complex.py
[2024-05-30T07:42:52.041+0000] {logging_mixin.py:188} INFO - [2024-05-30T07:42:52.040+0000] {dag.py:3096} INFO - Sync 1 DAGs
[2024-05-30T07:42:52.046+0000] {logging_mixin.py:188} INFO - [2024-05-30T07:42:52.046+0000] {dag.py:3954} INFO - Setting next_dagrun for example_complex to None, run_after=None
[2024-05-30T07:42:52.053+0000] {processor.py:183} INFO - Processing /home/airflow/.local/lib/python3.12/site-packages/airflow/example_dags/example_complex.py took 0.036 seconds
[2024-05-30T07:43:22.118+0000] {processor.py:161} INFO - Started process (PID=1933) to work on /home/airflow/.local/lib/python3.12/site-packages/airflow/example_dags/example_complex.py
[2024-05-30T07:43:22.118+0000] {processor.py:830} INFO - Processing file /home/airflow/.local/lib/python3.12/site-packages/airflow/example_dags/example_complex.py for tasks to queue
[2024-05-30T07:43:22.119+0000] {logging_mixin.py:188} INFO - [2024-05-30T07:43:22.119+0000] {dagbag.py:545} INFO - Filling up the DagBag from /home/airflow/.local/lib/python3.12/site-packages/airflow/example_dags/example_complex.py
[2024-05-30T07:43:22.124+0000] {processor.py:840} INFO - DAG(s) 'example_complex' retrieved from /home/airflow/.local/lib/python3.12/site-packages/airflow/example_dags/example_complex.py
[2024-05-30T07:43:22.137+0000] {logging_mixin.py:188} INFO - [2024-05-30T07:43:22.137+0000] {dag.py:3096} INFO - Sync 1 DAGs
[2024-05-30T07:43:22.142+0000] {logging_mixin.py:188} INFO - [2024-05-30T07:43:22.142+0000] {dag.py:3954} INFO - Setting next_dagrun for example_complex to None, run_after=None
[2024-05-30T07:43:22.149+0000] {processor.py:183} INFO - Processing /home/airflow/.local/lib/python3.12/site-packages/airflow/example_dags/example_complex.py took 0.034 seconds
[2024-05-30T07:43:52.891+0000] {processor.py:161} INFO - Started process (PID=2193) to work on /home/airflow/.local/lib/python3.12/site-packages/airflow/example_dags/example_complex.py
[2024-05-30T07:43:52.891+0000] {processor.py:830} INFO - Processing file /home/airflow/.local/lib/python3.12/site-packages/airflow/example_dags/example_complex.py for tasks to queue
[2024-05-30T07:43:52.892+0000] {logging_mixin.py:188} INFO - [2024-05-30T07:43:52.892+0000] {dagbag.py:545} INFO - Filling up the DagBag from /home/airflow/.local/lib/python3.12/site-packages/airflow/example_dags/example_complex.py
[2024-05-30T07:43:52.897+0000] {processor.py:840} INFO - DAG(s) 'example_complex' retrieved from /home/airflow/.local/lib/python3.12/site-packages/airflow/example_dags/example_complex.py
[2024-05-30T07:43:52.911+0000] {logging_mixin.py:188} INFO - [2024-05-30T07:43:52.910+0000] {dag.py:3096} INFO - Sync 1 DAGs
[2024-05-30T07:43:52.916+0000] {logging_mixin.py:188} INFO - [2024-05-30T07:43:52.916+0000] {dag.py:3954} INFO - Setting next_dagrun for example_complex to None, run_after=None
[2024-05-30T07:43:52.924+0000] {processor.py:183} INFO - Processing /home/airflow/.local/lib/python3.12/site-packages/airflow/example_dags/example_complex.py took 0.036 seconds
[2024-05-30T07:44:23.578+0000] {processor.py:161} INFO - Started process (PID=2457) to work on /home/airflow/.local/lib/python3.12/site-packages/airflow/example_dags/example_complex.py
[2024-05-30T07:44:23.579+0000] {processor.py:830} INFO - Processing file /home/airflow/.local/lib/python3.12/site-packages/airflow/example_dags/example_complex.py for tasks to queue
[2024-05-30T07:44:23.580+0000] {logging_mixin.py:188} INFO - [2024-05-30T07:44:23.579+0000] {dagbag.py:545} INFO - Filling up the DagBag from /home/airflow/.local/lib/python3.12/site-packages/airflow/example_dags/example_complex.py
[2024-05-30T07:44:23.584+0000] {processor.py:840} INFO - DAG(s) 'example_complex' retrieved from /home/airflow/.local/lib/python3.12/site-packages/airflow/example_dags/example_complex.py
[2024-05-30T07:44:23.598+0000] {logging_mixin.py:188} INFO - [2024-05-30T07:44:23.598+0000] {dag.py:3096} INFO - Sync 1 DAGs
[2024-05-30T07:44:23.603+0000] {logging_mixin.py:188} INFO - [2024-05-30T07:44:23.603+0000] {dag.py:3954} INFO - Setting next_dagrun for example_complex to None, run_after=None
[2024-05-30T07:44:23.610+0000] {processor.py:183} INFO - Processing /home/airflow/.local/lib/python3.12/site-packages/airflow/example_dags/example_complex.py took 0.035 seconds
[2024-05-30T07:44:54.324+0000] {processor.py:161} INFO - Started process (PID=2719) to work on /home/airflow/.local/lib/python3.12/site-packages/airflow/example_dags/example_complex.py
[2024-05-30T07:44:54.325+0000] {processor.py:830} INFO - Processing file /home/airflow/.local/lib/python3.12/site-packages/airflow/example_dags/example_complex.py for tasks to queue
[2024-05-30T07:44:54.326+0000] {logging_mixin.py:188} INFO - [2024-05-30T07:44:54.326+0000] {dagbag.py:545} INFO - Filling up the DagBag from /home/airflow/.local/lib/python3.12/site-packages/airflow/example_dags/example_complex.py
[2024-05-30T07:44:54.331+0000] {processor.py:840} INFO - DAG(s) 'example_complex' retrieved from /home/airflow/.local/lib/python3.12/site-packages/airflow/example_dags/example_complex.py
[2024-05-30T07:44:54.344+0000] {logging_mixin.py:188} INFO - [2024-05-30T07:44:54.344+0000] {dag.py:3096} INFO - Sync 1 DAGs
[2024-05-30T07:44:54.349+0000] {logging_mixin.py:188} INFO - [2024-05-30T07:44:54.349+0000] {dag.py:3954} INFO - Setting next_dagrun for example_complex to None, run_after=None
[2024-05-30T07:44:54.357+0000] {processor.py:183} INFO - Processing /home/airflow/.local/lib/python3.12/site-packages/airflow/example_dags/example_complex.py took 0.035 seconds
[2024-05-30T07:45:25.271+0000] {processor.py:161} INFO - Started process (PID=2981) to work on /home/airflow/.local/lib/python3.12/site-packages/airflow/example_dags/example_complex.py
[2024-05-30T07:45:25.271+0000] {processor.py:830} INFO - Processing file /home/airflow/.local/lib/python3.12/site-packages/airflow/example_dags/example_complex.py for tasks to queue
[2024-05-30T07:45:25.273+0000] {logging_mixin.py:188} INFO - [2024-05-30T07:45:25.272+0000] {dagbag.py:545} INFO - Filling up the DagBag from /home/airflow/.local/lib/python3.12/site-packages/airflow/example_dags/example_complex.py
[2024-05-30T07:45:25.278+0000] {processor.py:840} INFO - DAG(s) 'example_complex' retrieved from /home/airflow/.local/lib/python3.12/site-packages/airflow/example_dags/example_complex.py
[2024-05-30T07:45:25.295+0000] {logging_mixin.py:188} INFO - [2024-05-30T07:45:25.295+0000] {dag.py:3096} INFO - Sync 1 DAGs
[2024-05-30T07:45:25.302+0000] {logging_mixin.py:188} INFO - [2024-05-30T07:45:25.302+0000] {dag.py:3954} INFO - Setting next_dagrun for example_complex to None, run_after=None
[2024-05-30T07:45:25.311+0000] {processor.py:183} INFO - Processing /home/airflow/.local/lib/python3.12/site-packages/airflow/example_dags/example_complex.py took 0.045 seconds
[2024-05-30T07:45:55.362+0000] {processor.py:161} INFO - Started process (PID=3242) to work on /home/airflow/.local/lib/python3.12/site-packages/airflow/example_dags/example_complex.py
[2024-05-30T07:45:55.363+0000] {processor.py:830} INFO - Processing file /home/airflow/.local/lib/python3.12/site-packages/airflow/example_dags/example_complex.py for tasks to queue
[2024-05-30T07:45:55.364+0000] {logging_mixin.py:188} INFO - [2024-05-30T07:45:55.364+0000] {dagbag.py:545} INFO - Filling up the DagBag from /home/airflow/.local/lib/python3.12/site-packages/airflow/example_dags/example_complex.py
[2024-05-30T07:45:55.368+0000] {processor.py:840} INFO - DAG(s) 'example_complex' retrieved from /home/airflow/.local/lib/python3.12/site-packages/airflow/example_dags/example_complex.py
[2024-05-30T07:45:55.383+0000] {logging_mixin.py:188} INFO - [2024-05-30T07:45:55.382+0000] {dag.py:3096} INFO - Sync 1 DAGs
[2024-05-30T07:45:55.388+0000] {logging_mixin.py:188} INFO - [2024-05-30T07:45:55.388+0000] {dag.py:3954} INFO - Setting next_dagrun for example_complex to None, run_after=None
[2024-05-30T07:45:55.396+0000] {processor.py:183} INFO - Processing /home/airflow/.local/lib/python3.12/site-packages/airflow/example_dags/example_complex.py took 0.036 seconds
[2024-05-30T07:46:25.971+0000] {processor.py:161} INFO - Started process (PID=3505) to work on /home/airflow/.local/lib/python3.12/site-packages/airflow/example_dags/example_complex.py
[2024-05-30T07:46:25.972+0000] {processor.py:830} INFO - Processing file /home/airflow/.local/lib/python3.12/site-packages/airflow/example_dags/example_complex.py for tasks to queue
[2024-05-30T07:46:25.973+0000] {logging_mixin.py:188} INFO - [2024-05-30T07:46:25.973+0000] {dagbag.py:545} INFO - Filling up the DagBag from /home/airflow/.local/lib/python3.12/site-packages/airflow/example_dags/example_complex.py
[2024-05-30T07:46:25.977+0000] {processor.py:840} INFO - DAG(s) 'example_complex' retrieved from /home/airflow/.local/lib/python3.12/site-packages/airflow/example_dags/example_complex.py
[2024-05-30T07:46:25.990+0000] {logging_mixin.py:188} INFO - [2024-05-30T07:46:25.990+0000] {dag.py:3096} INFO - Sync 1 DAGs
[2024-05-30T07:46:25.995+0000] {logging_mixin.py:188} INFO - [2024-05-30T07:46:25.995+0000] {dag.py:3954} INFO - Setting next_dagrun for example_complex to None, run_after=None
[2024-05-30T07:46:26.002+0000] {processor.py:183} INFO - Processing /home/airflow/.local/lib/python3.12/site-packages/airflow/example_dags/example_complex.py took 0.033 seconds
[2024-05-30T07:46:56.628+0000] {processor.py:161} INFO - Started process (PID=3915) to work on /home/airflow/.local/lib/python3.12/site-packages/airflow/example_dags/example_complex.py
[2024-05-30T07:46:56.628+0000] {processor.py:830} INFO - Processing file /home/airflow/.local/lib/python3.12/site-packages/airflow/example_dags/example_complex.py for tasks to queue
[2024-05-30T07:46:56.629+0000] {logging_mixin.py:188} INFO - [2024-05-30T07:46:56.629+0000] {dagbag.py:545} INFO - Filling up the DagBag from /home/airflow/.local/lib/python3.12/site-packages/airflow/example_dags/example_complex.py
[2024-05-30T07:46:56.634+0000] {processor.py:840} INFO - DAG(s) 'example_complex' retrieved from /home/airflow/.local/lib/python3.12/site-packages/airflow/example_dags/example_complex.py
[2024-05-30T07:46:56.647+0000] {logging_mixin.py:188} INFO - [2024-05-30T07:46:56.647+0000] {dag.py:3096} INFO - Sync 1 DAGs
[2024-05-30T07:46:56.652+0000] {logging_mixin.py:188} INFO - [2024-05-30T07:46:56.652+0000] {dag.py:3954} INFO - Setting next_dagrun for example_complex to None, run_after=None
[2024-05-30T07:46:56.661+0000] {processor.py:183} INFO - Processing /home/airflow/.local/lib/python3.12/site-packages/airflow/example_dags/example_complex.py took 0.036 seconds
[2024-05-30T07:47:27.381+0000] {processor.py:161} INFO - Started process (PID=4175) to work on /home/airflow/.local/lib/python3.12/site-packages/airflow/example_dags/example_complex.py
[2024-05-30T07:47:27.382+0000] {processor.py:830} INFO - Processing file /home/airflow/.local/lib/python3.12/site-packages/airflow/example_dags/example_complex.py for tasks to queue
[2024-05-30T07:47:27.383+0000] {logging_mixin.py:188} INFO - [2024-05-30T07:47:27.383+0000] {dagbag.py:545} INFO - Filling up the DagBag from /home/airflow/.local/lib/python3.12/site-packages/airflow/example_dags/example_complex.py
[2024-05-30T07:47:27.388+0000] {processor.py:840} INFO - DAG(s) 'example_complex' retrieved from /home/airflow/.local/lib/python3.12/site-packages/airflow/example_dags/example_complex.py
[2024-05-30T07:47:27.401+0000] {logging_mixin.py:188} INFO - [2024-05-30T07:47:27.401+0000] {dag.py:3096} INFO - Sync 1 DAGs
[2024-05-30T07:47:27.406+0000] {logging_mixin.py:188} INFO - [2024-05-30T07:47:27.406+0000] {dag.py:3954} INFO - Setting next_dagrun for example_complex to None, run_after=None
[2024-05-30T07:47:27.414+0000] {processor.py:183} INFO - Processing /home/airflow/.local/lib/python3.12/site-packages/airflow/example_dags/example_complex.py took 0.036 seconds
[2024-05-30T07:47:57.981+0000] {processor.py:161} INFO - Started process (PID=4439) to work on /home/airflow/.local/lib/python3.12/site-packages/airflow/example_dags/example_complex.py
[2024-05-30T07:47:57.982+0000] {processor.py:830} INFO - Processing file /home/airflow/.local/lib/python3.12/site-packages/airflow/example_dags/example_complex.py for tasks to queue
[2024-05-30T07:47:57.983+0000] {logging_mixin.py:188} INFO - [2024-05-30T07:47:57.983+0000] {dagbag.py:545} INFO - Filling up the DagBag from /home/airflow/.local/lib/python3.12/site-packages/airflow/example_dags/example_complex.py
[2024-05-30T07:47:57.988+0000] {processor.py:840} INFO - DAG(s) 'example_complex' retrieved from /home/airflow/.local/lib/python3.12/site-packages/airflow/example_dags/example_complex.py
[2024-05-30T07:47:58.001+0000] {logging_mixin.py:188} INFO - [2024-05-30T07:47:58.001+0000] {dag.py:3096} INFO - Sync 1 DAGs
[2024-05-30T07:47:58.007+0000] {logging_mixin.py:188} INFO - [2024-05-30T07:47:58.007+0000] {dag.py:3954} INFO - Setting next_dagrun for example_complex to None, run_after=None
[2024-05-30T07:47:58.014+0000] {processor.py:183} INFO - Processing /home/airflow/.local/lib/python3.12/site-packages/airflow/example_dags/example_complex.py took 0.036 seconds
[2024-05-30T07:48:28.771+0000] {processor.py:161} INFO - Started process (PID=4701) to work on /home/airflow/.local/lib/python3.12/site-packages/airflow/example_dags/example_complex.py
[2024-05-30T07:48:28.771+0000] {processor.py:830} INFO - Processing file /home/airflow/.local/lib/python3.12/site-packages/airflow/example_dags/example_complex.py for tasks to queue
[2024-05-30T07:48:28.772+0000] {logging_mixin.py:188} INFO - [2024-05-30T07:48:28.772+0000] {dagbag.py:545} INFO - Filling up the DagBag from /home/airflow/.local/lib/python3.12/site-packages/airflow/example_dags/example_complex.py
[2024-05-30T07:48:28.777+0000] {processor.py:840} INFO - DAG(s) 'example_complex' retrieved from /home/airflow/.local/lib/python3.12/site-packages/airflow/example_dags/example_complex.py
[2024-05-30T07:48:28.790+0000] {logging_mixin.py:188} INFO - [2024-05-30T07:48:28.790+0000] {dag.py:3096} INFO - Sync 1 DAGs
[2024-05-30T07:48:28.796+0000] {logging_mixin.py:188} INFO - [2024-05-30T07:48:28.796+0000] {dag.py:3954} INFO - Setting next_dagrun for example_complex to None, run_after=None
[2024-05-30T07:48:28.803+0000] {processor.py:183} INFO - Processing /home/airflow/.local/lib/python3.12/site-packages/airflow/example_dags/example_complex.py took 0.035 seconds
[2024-05-30T07:48:58.886+0000] {processor.py:161} INFO - Started process (PID=4961) to work on /home/airflow/.local/lib/python3.12/site-packages/airflow/example_dags/example_complex.py
[2024-05-30T07:48:58.887+0000] {processor.py:830} INFO - Processing file /home/airflow/.local/lib/python3.12/site-packages/airflow/example_dags/example_complex.py for tasks to queue
[2024-05-30T07:48:58.888+0000] {logging_mixin.py:188} INFO - [2024-05-30T07:48:58.888+0000] {dagbag.py:545} INFO - Filling up the DagBag from /home/airflow/.local/lib/python3.12/site-packages/airflow/example_dags/example_complex.py
[2024-05-30T07:48:58.893+0000] {processor.py:840} INFO - DAG(s) 'example_complex' retrieved from /home/airflow/.local/lib/python3.12/site-packages/airflow/example_dags/example_complex.py
[2024-05-30T07:48:58.906+0000] {logging_mixin.py:188} INFO - [2024-05-30T07:48:58.906+0000] {dag.py:3096} INFO - Sync 1 DAGs
[2024-05-30T07:48:58.912+0000] {logging_mixin.py:188} INFO - [2024-05-30T07:48:58.912+0000] {dag.py:3954} INFO - Setting next_dagrun for example_complex to None, run_after=None
[2024-05-30T07:48:58.919+0000] {processor.py:183} INFO - Processing /home/airflow/.local/lib/python3.12/site-packages/airflow/example_dags/example_complex.py took 0.036 seconds
[2024-05-30T07:49:29.584+0000] {processor.py:161} INFO - Started process (PID=5225) to work on /home/airflow/.local/lib/python3.12/site-packages/airflow/example_dags/example_complex.py
[2024-05-30T07:49:29.585+0000] {processor.py:830} INFO - Processing file /home/airflow/.local/lib/python3.12/site-packages/airflow/example_dags/example_complex.py for tasks to queue
[2024-05-30T07:49:29.586+0000] {logging_mixin.py:188} INFO - [2024-05-30T07:49:29.585+0000] {dagbag.py:545} INFO - Filling up the DagBag from /home/airflow/.local/lib/python3.12/site-packages/airflow/example_dags/example_complex.py
[2024-05-30T07:49:29.590+0000] {processor.py:840} INFO - DAG(s) 'example_complex' retrieved from /home/airflow/.local/lib/python3.12/site-packages/airflow/example_dags/example_complex.py
[2024-05-30T07:49:29.604+0000] {logging_mixin.py:188} INFO - [2024-05-30T07:49:29.604+0000] {dag.py:3096} INFO - Sync 1 DAGs
[2024-05-30T07:49:29.609+0000] {logging_mixin.py:188} INFO - [2024-05-30T07:49:29.609+0000] {dag.py:3954} INFO - Setting next_dagrun for example_complex to None, run_after=None
[2024-05-30T07:49:29.617+0000] {processor.py:183} INFO - Processing /home/airflow/.local/lib/python3.12/site-packages/airflow/example_dags/example_complex.py took 0.036 seconds
