[2024-05-30T07:40:18.771+0000] {processor.py:161} INFO - Started process (PID=339) to work on /home/airflow/.local/lib/python3.12/site-packages/airflow/example_dags/example_latest_only_with_trigger.py
[2024-05-30T07:40:18.772+0000] {processor.py:830} INFO - Processing file /home/airflow/.local/lib/python3.12/site-packages/airflow/example_dags/example_latest_only_with_trigger.py for tasks to queue
[2024-05-30T07:40:18.773+0000] {logging_mixin.py:188} INFO - [2024-05-30T07:40:18.773+0000] {dagbag.py:545} INFO - Filling up the DagBag from /home/airflow/.local/lib/python3.12/site-packages/airflow/example_dags/example_latest_only_with_trigger.py
[2024-05-30T07:40:18.776+0000] {processor.py:840} INFO - DAG(s) 'latest_only_with_trigger' retrieved from /home/airflow/.local/lib/python3.12/site-packages/airflow/example_dags/example_latest_only_with_trigger.py
[2024-05-30T07:40:18.824+0000] {logging_mixin.py:188} INFO - [2024-05-30T07:40:18.824+0000] {override.py:1829} INFO - Created Permission View: can delete on DAG:latest_only_with_trigger
[2024-05-30T07:40:18.828+0000] {logging_mixin.py:188} INFO - [2024-05-30T07:40:18.828+0000] {override.py:1829} INFO - Created Permission View: can edit on DAG:latest_only_with_trigger
[2024-05-30T07:40:18.831+0000] {logging_mixin.py:188} INFO - [2024-05-30T07:40:18.831+0000] {override.py:1829} INFO - Created Permission View: can read on DAG:latest_only_with_trigger
[2024-05-30T07:40:18.831+0000] {logging_mixin.py:188} INFO - [2024-05-30T07:40:18.831+0000] {dag.py:3096} INFO - Sync 1 DAGs
[2024-05-30T07:40:18.835+0000] {logging_mixin.py:188} INFO - [2024-05-30T07:40:18.835+0000] {dag.py:3118} INFO - Creating ORM DAG for latest_only_with_trigger
[2024-05-30T07:40:18.840+0000] {logging_mixin.py:188} INFO - [2024-05-30T07:40:18.839+0000] {dag.py:3954} INFO - Setting next_dagrun for latest_only_with_trigger to 2024-05-30 00:00:00+00:00, run_after=2024-05-30 04:00:00+00:00
[2024-05-30T07:40:18.845+0000] {processor.py:183} INFO - Processing /home/airflow/.local/lib/python3.12/site-packages/airflow/example_dags/example_latest_only_with_trigger.py took 0.077 seconds
[2024-05-30T07:40:49.388+0000] {processor.py:161} INFO - Started process (PID=601) to work on /home/airflow/.local/lib/python3.12/site-packages/airflow/example_dags/example_latest_only_with_trigger.py
[2024-05-30T07:40:49.388+0000] {processor.py:830} INFO - Processing file /home/airflow/.local/lib/python3.12/site-packages/airflow/example_dags/example_latest_only_with_trigger.py for tasks to queue
[2024-05-30T07:40:49.389+0000] {logging_mixin.py:188} INFO - [2024-05-30T07:40:49.389+0000] {dagbag.py:545} INFO - Filling up the DagBag from /home/airflow/.local/lib/python3.12/site-packages/airflow/example_dags/example_latest_only_with_trigger.py
[2024-05-30T07:40:49.392+0000] {processor.py:840} INFO - DAG(s) 'latest_only_with_trigger' retrieved from /home/airflow/.local/lib/python3.12/site-packages/airflow/example_dags/example_latest_only_with_trigger.py
[2024-05-30T07:40:49.401+0000] {logging_mixin.py:188} INFO - [2024-05-30T07:40:49.401+0000] {dag.py:3096} INFO - Sync 1 DAGs
[2024-05-30T07:40:49.410+0000] {logging_mixin.py:188} INFO - [2024-05-30T07:40:49.410+0000] {dag.py:3954} INFO - Setting next_dagrun for latest_only_with_trigger to 2024-05-30 00:00:00+00:00, run_after=2024-05-30 04:00:00+00:00
[2024-05-30T07:40:49.417+0000] {processor.py:183} INFO - Processing /home/airflow/.local/lib/python3.12/site-packages/airflow/example_dags/example_latest_only_with_trigger.py took 0.033 seconds
[2024-05-30T07:41:19.988+0000] {processor.py:161} INFO - Started process (PID=863) to work on /home/airflow/.local/lib/python3.12/site-packages/airflow/example_dags/example_latest_only_with_trigger.py
[2024-05-30T07:41:19.988+0000] {processor.py:830} INFO - Processing file /home/airflow/.local/lib/python3.12/site-packages/airflow/example_dags/example_latest_only_with_trigger.py for tasks to queue
[2024-05-30T07:41:19.989+0000] {logging_mixin.py:188} INFO - [2024-05-30T07:41:19.989+0000] {dagbag.py:545} INFO - Filling up the DagBag from /home/airflow/.local/lib/python3.12/site-packages/airflow/example_dags/example_latest_only_with_trigger.py
[2024-05-30T07:41:19.992+0000] {processor.py:840} INFO - DAG(s) 'latest_only_with_trigger' retrieved from /home/airflow/.local/lib/python3.12/site-packages/airflow/example_dags/example_latest_only_with_trigger.py
[2024-05-30T07:41:20.001+0000] {logging_mixin.py:188} INFO - [2024-05-30T07:41:20.001+0000] {dag.py:3096} INFO - Sync 1 DAGs
[2024-05-30T07:41:20.010+0000] {logging_mixin.py:188} INFO - [2024-05-30T07:41:20.010+0000] {dag.py:3954} INFO - Setting next_dagrun for latest_only_with_trigger to 2024-05-30 00:00:00+00:00, run_after=2024-05-30 04:00:00+00:00
[2024-05-30T07:41:20.017+0000] {processor.py:183} INFO - Processing /home/airflow/.local/lib/python3.12/site-packages/airflow/example_dags/example_latest_only_with_trigger.py took 0.032 seconds
[2024-05-30T07:41:50.541+0000] {processor.py:161} INFO - Started process (PID=1125) to work on /home/airflow/.local/lib/python3.12/site-packages/airflow/example_dags/example_latest_only_with_trigger.py
[2024-05-30T07:41:50.542+0000] {processor.py:830} INFO - Processing file /home/airflow/.local/lib/python3.12/site-packages/airflow/example_dags/example_latest_only_with_trigger.py for tasks to queue
[2024-05-30T07:41:50.543+0000] {logging_mixin.py:188} INFO - [2024-05-30T07:41:50.543+0000] {dagbag.py:545} INFO - Filling up the DagBag from /home/airflow/.local/lib/python3.12/site-packages/airflow/example_dags/example_latest_only_with_trigger.py
[2024-05-30T07:41:50.546+0000] {processor.py:840} INFO - DAG(s) 'latest_only_with_trigger' retrieved from /home/airflow/.local/lib/python3.12/site-packages/airflow/example_dags/example_latest_only_with_trigger.py
[2024-05-30T07:41:50.555+0000] {logging_mixin.py:188} INFO - [2024-05-30T07:41:50.555+0000] {dag.py:3096} INFO - Sync 1 DAGs
[2024-05-30T07:41:50.564+0000] {logging_mixin.py:188} INFO - [2024-05-30T07:41:50.564+0000] {dag.py:3954} INFO - Setting next_dagrun for latest_only_with_trigger to 2024-05-30 00:00:00+00:00, run_after=2024-05-30 04:00:00+00:00
[2024-05-30T07:41:50.571+0000] {processor.py:183} INFO - Processing /home/airflow/.local/lib/python3.12/site-packages/airflow/example_dags/example_latest_only_with_trigger.py took 0.033 seconds
[2024-05-30T07:42:21.170+0000] {processor.py:161} INFO - Started process (PID=1387) to work on /home/airflow/.local/lib/python3.12/site-packages/airflow/example_dags/example_latest_only_with_trigger.py
[2024-05-30T07:42:21.170+0000] {processor.py:830} INFO - Processing file /home/airflow/.local/lib/python3.12/site-packages/airflow/example_dags/example_latest_only_with_trigger.py for tasks to queue
[2024-05-30T07:42:21.171+0000] {logging_mixin.py:188} INFO - [2024-05-30T07:42:21.171+0000] {dagbag.py:545} INFO - Filling up the DagBag from /home/airflow/.local/lib/python3.12/site-packages/airflow/example_dags/example_latest_only_with_trigger.py
[2024-05-30T07:42:21.174+0000] {processor.py:840} INFO - DAG(s) 'latest_only_with_trigger' retrieved from /home/airflow/.local/lib/python3.12/site-packages/airflow/example_dags/example_latest_only_with_trigger.py
[2024-05-30T07:42:21.183+0000] {logging_mixin.py:188} INFO - [2024-05-30T07:42:21.183+0000] {dag.py:3096} INFO - Sync 1 DAGs
[2024-05-30T07:42:21.192+0000] {logging_mixin.py:188} INFO - [2024-05-30T07:42:21.192+0000] {dag.py:3954} INFO - Setting next_dagrun for latest_only_with_trigger to 2024-05-30 00:00:00+00:00, run_after=2024-05-30 04:00:00+00:00
[2024-05-30T07:42:21.200+0000] {processor.py:183} INFO - Processing /home/airflow/.local/lib/python3.12/site-packages/airflow/example_dags/example_latest_only_with_trigger.py took 0.033 seconds
[2024-05-30T07:42:51.908+0000] {processor.py:161} INFO - Started process (PID=1649) to work on /home/airflow/.local/lib/python3.12/site-packages/airflow/example_dags/example_latest_only_with_trigger.py
[2024-05-30T07:42:51.908+0000] {processor.py:830} INFO - Processing file /home/airflow/.local/lib/python3.12/site-packages/airflow/example_dags/example_latest_only_with_trigger.py for tasks to queue
[2024-05-30T07:42:51.909+0000] {logging_mixin.py:188} INFO - [2024-05-30T07:42:51.909+0000] {dagbag.py:545} INFO - Filling up the DagBag from /home/airflow/.local/lib/python3.12/site-packages/airflow/example_dags/example_latest_only_with_trigger.py
[2024-05-30T07:42:51.913+0000] {processor.py:840} INFO - DAG(s) 'latest_only_with_trigger' retrieved from /home/airflow/.local/lib/python3.12/site-packages/airflow/example_dags/example_latest_only_with_trigger.py
[2024-05-30T07:42:51.923+0000] {logging_mixin.py:188} INFO - [2024-05-30T07:42:51.923+0000] {dag.py:3096} INFO - Sync 1 DAGs
[2024-05-30T07:42:51.936+0000] {logging_mixin.py:188} INFO - [2024-05-30T07:42:51.936+0000] {dag.py:3954} INFO - Setting next_dagrun for latest_only_with_trigger to 2024-05-30 00:00:00+00:00, run_after=2024-05-30 04:00:00+00:00
[2024-05-30T07:42:51.949+0000] {processor.py:183} INFO - Processing /home/airflow/.local/lib/python3.12/site-packages/airflow/example_dags/example_latest_only_with_trigger.py took 0.044 seconds
[2024-05-30T07:43:22.020+0000] {processor.py:161} INFO - Started process (PID=1911) to work on /home/airflow/.local/lib/python3.12/site-packages/airflow/example_dags/example_latest_only_with_trigger.py
[2024-05-30T07:43:22.021+0000] {processor.py:830} INFO - Processing file /home/airflow/.local/lib/python3.12/site-packages/airflow/example_dags/example_latest_only_with_trigger.py for tasks to queue
[2024-05-30T07:43:22.022+0000] {logging_mixin.py:188} INFO - [2024-05-30T07:43:22.021+0000] {dagbag.py:545} INFO - Filling up the DagBag from /home/airflow/.local/lib/python3.12/site-packages/airflow/example_dags/example_latest_only_with_trigger.py
[2024-05-30T07:43:22.025+0000] {processor.py:840} INFO - DAG(s) 'latest_only_with_trigger' retrieved from /home/airflow/.local/lib/python3.12/site-packages/airflow/example_dags/example_latest_only_with_trigger.py
[2024-05-30T07:43:22.034+0000] {logging_mixin.py:188} INFO - [2024-05-30T07:43:22.034+0000] {dag.py:3096} INFO - Sync 1 DAGs
[2024-05-30T07:43:22.043+0000] {logging_mixin.py:188} INFO - [2024-05-30T07:43:22.043+0000] {dag.py:3954} INFO - Setting next_dagrun for latest_only_with_trigger to 2024-05-30 00:00:00+00:00, run_after=2024-05-30 04:00:00+00:00
[2024-05-30T07:43:22.051+0000] {processor.py:183} INFO - Processing /home/airflow/.local/lib/python3.12/site-packages/airflow/example_dags/example_latest_only_with_trigger.py took 0.034 seconds
[2024-05-30T07:43:52.791+0000] {processor.py:161} INFO - Started process (PID=2175) to work on /home/airflow/.local/lib/python3.12/site-packages/airflow/example_dags/example_latest_only_with_trigger.py
[2024-05-30T07:43:52.791+0000] {processor.py:830} INFO - Processing file /home/airflow/.local/lib/python3.12/site-packages/airflow/example_dags/example_latest_only_with_trigger.py for tasks to queue
[2024-05-30T07:43:52.792+0000] {logging_mixin.py:188} INFO - [2024-05-30T07:43:52.792+0000] {dagbag.py:545} INFO - Filling up the DagBag from /home/airflow/.local/lib/python3.12/site-packages/airflow/example_dags/example_latest_only_with_trigger.py
[2024-05-30T07:43:52.796+0000] {processor.py:840} INFO - DAG(s) 'latest_only_with_trigger' retrieved from /home/airflow/.local/lib/python3.12/site-packages/airflow/example_dags/example_latest_only_with_trigger.py
[2024-05-30T07:43:52.807+0000] {logging_mixin.py:188} INFO - [2024-05-30T07:43:52.807+0000] {dag.py:3096} INFO - Sync 1 DAGs
[2024-05-30T07:43:52.816+0000] {logging_mixin.py:188} INFO - [2024-05-30T07:43:52.816+0000] {dag.py:3954} INFO - Setting next_dagrun for latest_only_with_trigger to 2024-05-30 00:00:00+00:00, run_after=2024-05-30 04:00:00+00:00
[2024-05-30T07:43:52.823+0000] {processor.py:183} INFO - Processing /home/airflow/.local/lib/python3.12/site-packages/airflow/example_dags/example_latest_only_with_trigger.py took 0.035 seconds
[2024-05-30T07:44:23.446+0000] {processor.py:161} INFO - Started process (PID=2435) to work on /home/airflow/.local/lib/python3.12/site-packages/airflow/example_dags/example_latest_only_with_trigger.py
[2024-05-30T07:44:23.447+0000] {processor.py:830} INFO - Processing file /home/airflow/.local/lib/python3.12/site-packages/airflow/example_dags/example_latest_only_with_trigger.py for tasks to queue
[2024-05-30T07:44:23.448+0000] {logging_mixin.py:188} INFO - [2024-05-30T07:44:23.447+0000] {dagbag.py:545} INFO - Filling up the DagBag from /home/airflow/.local/lib/python3.12/site-packages/airflow/example_dags/example_latest_only_with_trigger.py
[2024-05-30T07:44:23.451+0000] {processor.py:840} INFO - DAG(s) 'latest_only_with_trigger' retrieved from /home/airflow/.local/lib/python3.12/site-packages/airflow/example_dags/example_latest_only_with_trigger.py
[2024-05-30T07:44:23.460+0000] {logging_mixin.py:188} INFO - [2024-05-30T07:44:23.460+0000] {dag.py:3096} INFO - Sync 1 DAGs
[2024-05-30T07:44:23.469+0000] {logging_mixin.py:188} INFO - [2024-05-30T07:44:23.469+0000] {dag.py:3954} INFO - Setting next_dagrun for latest_only_with_trigger to 2024-05-30 00:00:00+00:00, run_after=2024-05-30 04:00:00+00:00
[2024-05-30T07:44:23.476+0000] {processor.py:183} INFO - Processing /home/airflow/.local/lib/python3.12/site-packages/airflow/example_dags/example_latest_only_with_trigger.py took 0.033 seconds
[2024-05-30T07:44:54.232+0000] {processor.py:161} INFO - Started process (PID=2697) to work on /home/airflow/.local/lib/python3.12/site-packages/airflow/example_dags/example_latest_only_with_trigger.py
[2024-05-30T07:44:54.233+0000] {processor.py:830} INFO - Processing file /home/airflow/.local/lib/python3.12/site-packages/airflow/example_dags/example_latest_only_with_trigger.py for tasks to queue
[2024-05-30T07:44:54.234+0000] {logging_mixin.py:188} INFO - [2024-05-30T07:44:54.234+0000] {dagbag.py:545} INFO - Filling up the DagBag from /home/airflow/.local/lib/python3.12/site-packages/airflow/example_dags/example_latest_only_with_trigger.py
[2024-05-30T07:44:54.237+0000] {processor.py:840} INFO - DAG(s) 'latest_only_with_trigger' retrieved from /home/airflow/.local/lib/python3.12/site-packages/airflow/example_dags/example_latest_only_with_trigger.py
[2024-05-30T07:44:54.246+0000] {logging_mixin.py:188} INFO - [2024-05-30T07:44:54.246+0000] {dag.py:3096} INFO - Sync 1 DAGs
[2024-05-30T07:44:54.256+0000] {logging_mixin.py:188} INFO - [2024-05-30T07:44:54.255+0000] {dag.py:3954} INFO - Setting next_dagrun for latest_only_with_trigger to 2024-05-30 00:00:00+00:00, run_after=2024-05-30 04:00:00+00:00
[2024-05-30T07:44:54.263+0000] {processor.py:183} INFO - Processing /home/airflow/.local/lib/python3.12/site-packages/airflow/example_dags/example_latest_only_with_trigger.py took 0.034 seconds
[2024-05-30T07:45:25.055+0000] {processor.py:161} INFO - Started process (PID=2959) to work on /home/airflow/.local/lib/python3.12/site-packages/airflow/example_dags/example_latest_only_with_trigger.py
[2024-05-30T07:45:25.056+0000] {processor.py:830} INFO - Processing file /home/airflow/.local/lib/python3.12/site-packages/airflow/example_dags/example_latest_only_with_trigger.py for tasks to queue
[2024-05-30T07:45:25.060+0000] {logging_mixin.py:188} INFO - [2024-05-30T07:45:25.059+0000] {dagbag.py:545} INFO - Filling up the DagBag from /home/airflow/.local/lib/python3.12/site-packages/airflow/example_dags/example_latest_only_with_trigger.py
[2024-05-30T07:45:25.065+0000] {processor.py:840} INFO - DAG(s) 'latest_only_with_trigger' retrieved from /home/airflow/.local/lib/python3.12/site-packages/airflow/example_dags/example_latest_only_with_trigger.py
[2024-05-30T07:45:25.094+0000] {logging_mixin.py:188} INFO - [2024-05-30T07:45:25.093+0000] {dag.py:3096} INFO - Sync 1 DAGs
[2024-05-30T07:45:25.112+0000] {logging_mixin.py:188} INFO - [2024-05-30T07:45:25.112+0000] {dag.py:3954} INFO - Setting next_dagrun for latest_only_with_trigger to 2024-05-30 00:00:00+00:00, run_after=2024-05-30 04:00:00+00:00
[2024-05-30T07:45:25.131+0000] {processor.py:183} INFO - Processing /home/airflow/.local/lib/python3.12/site-packages/airflow/example_dags/example_latest_only_with_trigger.py took 0.080 seconds
[2024-05-30T07:45:55.232+0000] {processor.py:161} INFO - Started process (PID=3221) to work on /home/airflow/.local/lib/python3.12/site-packages/airflow/example_dags/example_latest_only_with_trigger.py
[2024-05-30T07:45:55.233+0000] {processor.py:830} INFO - Processing file /home/airflow/.local/lib/python3.12/site-packages/airflow/example_dags/example_latest_only_with_trigger.py for tasks to queue
[2024-05-30T07:45:55.234+0000] {logging_mixin.py:188} INFO - [2024-05-30T07:45:55.234+0000] {dagbag.py:545} INFO - Filling up the DagBag from /home/airflow/.local/lib/python3.12/site-packages/airflow/example_dags/example_latest_only_with_trigger.py
[2024-05-30T07:45:55.237+0000] {processor.py:840} INFO - DAG(s) 'latest_only_with_trigger' retrieved from /home/airflow/.local/lib/python3.12/site-packages/airflow/example_dags/example_latest_only_with_trigger.py
[2024-05-30T07:45:55.248+0000] {logging_mixin.py:188} INFO - [2024-05-30T07:45:55.248+0000] {dag.py:3096} INFO - Sync 1 DAGs
[2024-05-30T07:45:55.257+0000] {logging_mixin.py:188} INFO - [2024-05-30T07:45:55.257+0000] {dag.py:3954} INFO - Setting next_dagrun for latest_only_with_trigger to 2024-05-30 00:00:00+00:00, run_after=2024-05-30 04:00:00+00:00
[2024-05-30T07:45:55.264+0000] {processor.py:183} INFO - Processing /home/airflow/.local/lib/python3.12/site-packages/airflow/example_dags/example_latest_only_with_trigger.py took 0.035 seconds
[2024-05-30T07:46:25.856+0000] {processor.py:161} INFO - Started process (PID=3483) to work on /home/airflow/.local/lib/python3.12/site-packages/airflow/example_dags/example_latest_only_with_trigger.py
[2024-05-30T07:46:25.856+0000] {processor.py:830} INFO - Processing file /home/airflow/.local/lib/python3.12/site-packages/airflow/example_dags/example_latest_only_with_trigger.py for tasks to queue
[2024-05-30T07:46:25.857+0000] {logging_mixin.py:188} INFO - [2024-05-30T07:46:25.857+0000] {dagbag.py:545} INFO - Filling up the DagBag from /home/airflow/.local/lib/python3.12/site-packages/airflow/example_dags/example_latest_only_with_trigger.py
[2024-05-30T07:46:25.863+0000] {processor.py:840} INFO - DAG(s) 'latest_only_with_trigger' retrieved from /home/airflow/.local/lib/python3.12/site-packages/airflow/example_dags/example_latest_only_with_trigger.py
[2024-05-30T07:46:25.884+0000] {logging_mixin.py:188} INFO - [2024-05-30T07:46:25.884+0000] {dag.py:3096} INFO - Sync 1 DAGs
[2024-05-30T07:46:25.894+0000] {logging_mixin.py:188} INFO - [2024-05-30T07:46:25.894+0000] {dag.py:3954} INFO - Setting next_dagrun for latest_only_with_trigger to 2024-05-30 00:00:00+00:00, run_after=2024-05-30 04:00:00+00:00
[2024-05-30T07:46:25.902+0000] {processor.py:183} INFO - Processing /home/airflow/.local/lib/python3.12/site-packages/airflow/example_dags/example_latest_only_with_trigger.py took 0.050 seconds
[2024-05-30T07:46:56.530+0000] {processor.py:161} INFO - Started process (PID=3893) to work on /home/airflow/.local/lib/python3.12/site-packages/airflow/example_dags/example_latest_only_with_trigger.py
[2024-05-30T07:46:56.530+0000] {processor.py:830} INFO - Processing file /home/airflow/.local/lib/python3.12/site-packages/airflow/example_dags/example_latest_only_with_trigger.py for tasks to queue
[2024-05-30T07:46:56.531+0000] {logging_mixin.py:188} INFO - [2024-05-30T07:46:56.531+0000] {dagbag.py:545} INFO - Filling up the DagBag from /home/airflow/.local/lib/python3.12/site-packages/airflow/example_dags/example_latest_only_with_trigger.py
[2024-05-30T07:46:56.535+0000] {processor.py:840} INFO - DAG(s) 'latest_only_with_trigger' retrieved from /home/airflow/.local/lib/python3.12/site-packages/airflow/example_dags/example_latest_only_with_trigger.py
[2024-05-30T07:46:56.544+0000] {logging_mixin.py:188} INFO - [2024-05-30T07:46:56.544+0000] {dag.py:3096} INFO - Sync 1 DAGs
[2024-05-30T07:46:56.553+0000] {logging_mixin.py:188} INFO - [2024-05-30T07:46:56.553+0000] {dag.py:3954} INFO - Setting next_dagrun for latest_only_with_trigger to 2024-05-30 00:00:00+00:00, run_after=2024-05-30 04:00:00+00:00
[2024-05-30T07:46:56.561+0000] {processor.py:183} INFO - Processing /home/airflow/.local/lib/python3.12/site-packages/airflow/example_dags/example_latest_only_with_trigger.py took 0.034 seconds
[2024-05-30T07:47:27.274+0000] {processor.py:161} INFO - Started process (PID=4155) to work on /home/airflow/.local/lib/python3.12/site-packages/airflow/example_dags/example_latest_only_with_trigger.py
[2024-05-30T07:47:27.274+0000] {processor.py:830} INFO - Processing file /home/airflow/.local/lib/python3.12/site-packages/airflow/example_dags/example_latest_only_with_trigger.py for tasks to queue
[2024-05-30T07:47:27.276+0000] {logging_mixin.py:188} INFO - [2024-05-30T07:47:27.276+0000] {dagbag.py:545} INFO - Filling up the DagBag from /home/airflow/.local/lib/python3.12/site-packages/airflow/example_dags/example_latest_only_with_trigger.py
[2024-05-30T07:47:27.279+0000] {processor.py:840} INFO - DAG(s) 'latest_only_with_trigger' retrieved from /home/airflow/.local/lib/python3.12/site-packages/airflow/example_dags/example_latest_only_with_trigger.py
[2024-05-30T07:47:27.288+0000] {logging_mixin.py:188} INFO - [2024-05-30T07:47:27.288+0000] {dag.py:3096} INFO - Sync 1 DAGs
[2024-05-30T07:47:27.297+0000] {logging_mixin.py:188} INFO - [2024-05-30T07:47:27.297+0000] {dag.py:3954} INFO - Setting next_dagrun for latest_only_with_trigger to 2024-05-30 00:00:00+00:00, run_after=2024-05-30 04:00:00+00:00
[2024-05-30T07:47:27.305+0000] {processor.py:183} INFO - Processing /home/airflow/.local/lib/python3.12/site-packages/airflow/example_dags/example_latest_only_with_trigger.py took 0.034 seconds
[2024-05-30T07:47:57.882+0000] {processor.py:161} INFO - Started process (PID=4417) to work on /home/airflow/.local/lib/python3.12/site-packages/airflow/example_dags/example_latest_only_with_trigger.py
[2024-05-30T07:47:57.882+0000] {processor.py:830} INFO - Processing file /home/airflow/.local/lib/python3.12/site-packages/airflow/example_dags/example_latest_only_with_trigger.py for tasks to queue
[2024-05-30T07:47:57.883+0000] {logging_mixin.py:188} INFO - [2024-05-30T07:47:57.883+0000] {dagbag.py:545} INFO - Filling up the DagBag from /home/airflow/.local/lib/python3.12/site-packages/airflow/example_dags/example_latest_only_with_trigger.py
[2024-05-30T07:47:57.886+0000] {processor.py:840} INFO - DAG(s) 'latest_only_with_trigger' retrieved from /home/airflow/.local/lib/python3.12/site-packages/airflow/example_dags/example_latest_only_with_trigger.py
[2024-05-30T07:47:57.896+0000] {logging_mixin.py:188} INFO - [2024-05-30T07:47:57.896+0000] {dag.py:3096} INFO - Sync 1 DAGs
[2024-05-30T07:47:57.905+0000] {logging_mixin.py:188} INFO - [2024-05-30T07:47:57.905+0000] {dag.py:3954} INFO - Setting next_dagrun for latest_only_with_trigger to 2024-05-30 00:00:00+00:00, run_after=2024-05-30 04:00:00+00:00
[2024-05-30T07:47:57.913+0000] {processor.py:183} INFO - Processing /home/airflow/.local/lib/python3.12/site-packages/airflow/example_dags/example_latest_only_with_trigger.py took 0.034 seconds
[2024-05-30T07:48:28.672+0000] {processor.py:161} INFO - Started process (PID=4679) to work on /home/airflow/.local/lib/python3.12/site-packages/airflow/example_dags/example_latest_only_with_trigger.py
[2024-05-30T07:48:28.673+0000] {processor.py:830} INFO - Processing file /home/airflow/.local/lib/python3.12/site-packages/airflow/example_dags/example_latest_only_with_trigger.py for tasks to queue
[2024-05-30T07:48:28.674+0000] {logging_mixin.py:188} INFO - [2024-05-30T07:48:28.673+0000] {dagbag.py:545} INFO - Filling up the DagBag from /home/airflow/.local/lib/python3.12/site-packages/airflow/example_dags/example_latest_only_with_trigger.py
[2024-05-30T07:48:28.677+0000] {processor.py:840} INFO - DAG(s) 'latest_only_with_trigger' retrieved from /home/airflow/.local/lib/python3.12/site-packages/airflow/example_dags/example_latest_only_with_trigger.py
[2024-05-30T07:48:28.686+0000] {logging_mixin.py:188} INFO - [2024-05-30T07:48:28.686+0000] {dag.py:3096} INFO - Sync 1 DAGs
[2024-05-30T07:48:28.696+0000] {logging_mixin.py:188} INFO - [2024-05-30T07:48:28.696+0000] {dag.py:3954} INFO - Setting next_dagrun for latest_only_with_trigger to 2024-05-30 00:00:00+00:00, run_after=2024-05-30 04:00:00+00:00
[2024-05-30T07:48:28.703+0000] {processor.py:183} INFO - Processing /home/airflow/.local/lib/python3.12/site-packages/airflow/example_dags/example_latest_only_with_trigger.py took 0.034 seconds
[2024-05-30T07:48:58.782+0000] {processor.py:161} INFO - Started process (PID=4941) to work on /home/airflow/.local/lib/python3.12/site-packages/airflow/example_dags/example_latest_only_with_trigger.py
[2024-05-30T07:48:58.782+0000] {processor.py:830} INFO - Processing file /home/airflow/.local/lib/python3.12/site-packages/airflow/example_dags/example_latest_only_with_trigger.py for tasks to queue
[2024-05-30T07:48:58.783+0000] {logging_mixin.py:188} INFO - [2024-05-30T07:48:58.783+0000] {dagbag.py:545} INFO - Filling up the DagBag from /home/airflow/.local/lib/python3.12/site-packages/airflow/example_dags/example_latest_only_with_trigger.py
[2024-05-30T07:48:58.786+0000] {processor.py:840} INFO - DAG(s) 'latest_only_with_trigger' retrieved from /home/airflow/.local/lib/python3.12/site-packages/airflow/example_dags/example_latest_only_with_trigger.py
[2024-05-30T07:48:58.796+0000] {logging_mixin.py:188} INFO - [2024-05-30T07:48:58.796+0000] {dag.py:3096} INFO - Sync 1 DAGs
[2024-05-30T07:48:58.805+0000] {logging_mixin.py:188} INFO - [2024-05-30T07:48:58.805+0000] {dag.py:3954} INFO - Setting next_dagrun for latest_only_with_trigger to 2024-05-30 00:00:00+00:00, run_after=2024-05-30 04:00:00+00:00
[2024-05-30T07:48:58.812+0000] {processor.py:183} INFO - Processing /home/airflow/.local/lib/python3.12/site-packages/airflow/example_dags/example_latest_only_with_trigger.py took 0.034 seconds
[2024-05-30T07:49:29.485+0000] {processor.py:161} INFO - Started process (PID=5203) to work on /home/airflow/.local/lib/python3.12/site-packages/airflow/example_dags/example_latest_only_with_trigger.py
[2024-05-30T07:49:29.485+0000] {processor.py:830} INFO - Processing file /home/airflow/.local/lib/python3.12/site-packages/airflow/example_dags/example_latest_only_with_trigger.py for tasks to queue
[2024-05-30T07:49:29.487+0000] {logging_mixin.py:188} INFO - [2024-05-30T07:49:29.486+0000] {dagbag.py:545} INFO - Filling up the DagBag from /home/airflow/.local/lib/python3.12/site-packages/airflow/example_dags/example_latest_only_with_trigger.py
[2024-05-30T07:49:29.490+0000] {processor.py:840} INFO - DAG(s) 'latest_only_with_trigger' retrieved from /home/airflow/.local/lib/python3.12/site-packages/airflow/example_dags/example_latest_only_with_trigger.py
[2024-05-30T07:49:29.499+0000] {logging_mixin.py:188} INFO - [2024-05-30T07:49:29.499+0000] {dag.py:3096} INFO - Sync 1 DAGs
[2024-05-30T07:49:29.509+0000] {logging_mixin.py:188} INFO - [2024-05-30T07:49:29.508+0000] {dag.py:3954} INFO - Setting next_dagrun for latest_only_with_trigger to 2024-05-30 00:00:00+00:00, run_after=2024-05-30 04:00:00+00:00
[2024-05-30T07:49:29.516+0000] {processor.py:183} INFO - Processing /home/airflow/.local/lib/python3.12/site-packages/airflow/example_dags/example_latest_only_with_trigger.py took 0.034 seconds
[2024-05-30T07:50:00.167+0000] {processor.py:161} INFO - Started process (PID=5465) to work on /home/airflow/.local/lib/python3.12/site-packages/airflow/example_dags/example_latest_only_with_trigger.py
[2024-05-30T07:50:00.168+0000] {processor.py:830} INFO - Processing file /home/airflow/.local/lib/python3.12/site-packages/airflow/example_dags/example_latest_only_with_trigger.py for tasks to queue
[2024-05-30T07:50:00.169+0000] {logging_mixin.py:188} INFO - [2024-05-30T07:50:00.169+0000] {dagbag.py:545} INFO - Filling up the DagBag from /home/airflow/.local/lib/python3.12/site-packages/airflow/example_dags/example_latest_only_with_trigger.py
[2024-05-30T07:50:00.172+0000] {processor.py:840} INFO - DAG(s) 'latest_only_with_trigger' retrieved from /home/airflow/.local/lib/python3.12/site-packages/airflow/example_dags/example_latest_only_with_trigger.py
[2024-05-30T07:50:00.182+0000] {logging_mixin.py:188} INFO - [2024-05-30T07:50:00.182+0000] {dag.py:3096} INFO - Sync 1 DAGs
[2024-05-30T07:50:00.192+0000] {logging_mixin.py:188} INFO - [2024-05-30T07:50:00.192+0000] {dag.py:3954} INFO - Setting next_dagrun for latest_only_with_trigger to 2024-05-30 00:00:00+00:00, run_after=2024-05-30 04:00:00+00:00
[2024-05-30T07:50:00.199+0000] {processor.py:183} INFO - Processing /home/airflow/.local/lib/python3.12/site-packages/airflow/example_dags/example_latest_only_with_trigger.py took 0.036 seconds
[2024-05-30T07:50:30.868+0000] {processor.py:161} INFO - Started process (PID=5729) to work on /home/airflow/.local/lib/python3.12/site-packages/airflow/example_dags/example_latest_only_with_trigger.py
[2024-05-30T07:50:30.869+0000] {processor.py:830} INFO - Processing file /home/airflow/.local/lib/python3.12/site-packages/airflow/example_dags/example_latest_only_with_trigger.py for tasks to queue
[2024-05-30T07:50:30.870+0000] {logging_mixin.py:188} INFO - [2024-05-30T07:50:30.870+0000] {dagbag.py:545} INFO - Filling up the DagBag from /home/airflow/.local/lib/python3.12/site-packages/airflow/example_dags/example_latest_only_with_trigger.py
[2024-05-30T07:50:30.873+0000] {processor.py:840} INFO - DAG(s) 'latest_only_with_trigger' retrieved from /home/airflow/.local/lib/python3.12/site-packages/airflow/example_dags/example_latest_only_with_trigger.py
[2024-05-30T07:50:30.883+0000] {logging_mixin.py:188} INFO - [2024-05-30T07:50:30.883+0000] {dag.py:3096} INFO - Sync 1 DAGs
[2024-05-30T07:50:30.892+0000] {logging_mixin.py:188} INFO - [2024-05-30T07:50:30.892+0000] {dag.py:3954} INFO - Setting next_dagrun for latest_only_with_trigger to 2024-05-30 00:00:00+00:00, run_after=2024-05-30 04:00:00+00:00
[2024-05-30T07:50:30.899+0000] {processor.py:183} INFO - Processing /home/airflow/.local/lib/python3.12/site-packages/airflow/example_dags/example_latest_only_with_trigger.py took 0.033 seconds
[2024-05-30T07:51:01.552+0000] {processor.py:161} INFO - Started process (PID=5992) to work on /home/airflow/.local/lib/python3.12/site-packages/airflow/example_dags/example_latest_only_with_trigger.py
[2024-05-30T07:51:01.552+0000] {processor.py:830} INFO - Processing file /home/airflow/.local/lib/python3.12/site-packages/airflow/example_dags/example_latest_only_with_trigger.py for tasks to queue
[2024-05-30T07:51:01.553+0000] {logging_mixin.py:188} INFO - [2024-05-30T07:51:01.553+0000] {dagbag.py:545} INFO - Filling up the DagBag from /home/airflow/.local/lib/python3.12/site-packages/airflow/example_dags/example_latest_only_with_trigger.py
[2024-05-30T07:51:01.556+0000] {processor.py:840} INFO - DAG(s) 'latest_only_with_trigger' retrieved from /home/airflow/.local/lib/python3.12/site-packages/airflow/example_dags/example_latest_only_with_trigger.py
[2024-05-30T07:51:01.565+0000] {logging_mixin.py:188} INFO - [2024-05-30T07:51:01.565+0000] {dag.py:3096} INFO - Sync 1 DAGs
[2024-05-30T07:51:01.574+0000] {logging_mixin.py:188} INFO - [2024-05-30T07:51:01.573+0000] {dag.py:3954} INFO - Setting next_dagrun for latest_only_with_trigger to 2024-05-30 00:00:00+00:00, run_after=2024-05-30 04:00:00+00:00
[2024-05-30T07:51:01.580+0000] {processor.py:183} INFO - Processing /home/airflow/.local/lib/python3.12/site-packages/airflow/example_dags/example_latest_only_with_trigger.py took 0.031 seconds
[2024-05-30T07:51:32.274+0000] {processor.py:161} INFO - Started process (PID=6252) to work on /home/airflow/.local/lib/python3.12/site-packages/airflow/example_dags/example_latest_only_with_trigger.py
[2024-05-30T07:51:32.274+0000] {processor.py:830} INFO - Processing file /home/airflow/.local/lib/python3.12/site-packages/airflow/example_dags/example_latest_only_with_trigger.py for tasks to queue
[2024-05-30T07:51:32.275+0000] {logging_mixin.py:188} INFO - [2024-05-30T07:51:32.275+0000] {dagbag.py:545} INFO - Filling up the DagBag from /home/airflow/.local/lib/python3.12/site-packages/airflow/example_dags/example_latest_only_with_trigger.py
[2024-05-30T07:51:32.278+0000] {processor.py:840} INFO - DAG(s) 'latest_only_with_trigger' retrieved from /home/airflow/.local/lib/python3.12/site-packages/airflow/example_dags/example_latest_only_with_trigger.py
[2024-05-30T07:51:32.288+0000] {logging_mixin.py:188} INFO - [2024-05-30T07:51:32.288+0000] {dag.py:3096} INFO - Sync 1 DAGs
[2024-05-30T07:51:32.297+0000] {logging_mixin.py:188} INFO - [2024-05-30T07:51:32.297+0000] {dag.py:3954} INFO - Setting next_dagrun for latest_only_with_trigger to 2024-05-30 00:00:00+00:00, run_after=2024-05-30 04:00:00+00:00
[2024-05-30T07:51:32.304+0000] {processor.py:183} INFO - Processing /home/airflow/.local/lib/python3.12/site-packages/airflow/example_dags/example_latest_only_with_trigger.py took 0.034 seconds
