[2024-05-30T07:40:17.652+0000] {processor.py:161} INFO - Started process (PID=239) to work on /home/airflow/.local/lib/python3.12/site-packages/airflow/example_dags/example_datasets.py
[2024-05-30T07:40:17.653+0000] {processor.py:830} INFO - Processing file /home/airflow/.local/lib/python3.12/site-packages/airflow/example_dags/example_datasets.py for tasks to queue
[2024-05-30T07:40:17.654+0000] {logging_mixin.py:188} INFO - [2024-05-30T07:40:17.654+0000] {dagbag.py:545} INFO - Filling up the DagBag from /home/airflow/.local/lib/python3.12/site-packages/airflow/example_dags/example_datasets.py
[2024-05-30T07:40:17.661+0000] {processor.py:840} INFO - DAG(s) 'dataset_consumes_1', 'conditional_dataset_and_time_based_timetable', 'dataset_produces_1', 'consume_1_or_2_with_dataset_expressions', 'consume_1_and_2_with_dataset_expressions', 'dataset_consumes_unknown_never_scheduled', 'consume_1_or_both_2_and_3_with_dataset_expressions', 'dataset_consumes_1_and_2', 'dataset_consumes_1_never_scheduled', 'dataset_produces_2' retrieved from /home/airflow/.local/lib/python3.12/site-packages/airflow/example_dags/example_datasets.py
[2024-05-30T07:40:17.709+0000] {logging_mixin.py:188} INFO - [2024-05-30T07:40:17.708+0000] {override.py:1829} INFO - Created Permission View: can delete on DAG:dataset_consumes_1
[2024-05-30T07:40:17.712+0000] {logging_mixin.py:188} INFO - [2024-05-30T07:40:17.712+0000] {override.py:1829} INFO - Created Permission View: can edit on DAG:dataset_consumes_1
[2024-05-30T07:40:17.714+0000] {logging_mixin.py:188} INFO - [2024-05-30T07:40:17.714+0000] {override.py:1829} INFO - Created Permission View: can read on DAG:dataset_consumes_1
[2024-05-30T07:40:17.717+0000] {logging_mixin.py:188} INFO - [2024-05-30T07:40:17.717+0000] {override.py:1829} INFO - Created Permission View: can delete on DAG:conditional_dataset_and_time_based_timetable
[2024-05-30T07:40:17.719+0000] {logging_mixin.py:188} INFO - [2024-05-30T07:40:17.719+0000] {override.py:1829} INFO - Created Permission View: can edit on DAG:conditional_dataset_and_time_based_timetable
[2024-05-30T07:40:17.721+0000] {logging_mixin.py:188} INFO - [2024-05-30T07:40:17.721+0000] {override.py:1829} INFO - Created Permission View: can read on DAG:conditional_dataset_and_time_based_timetable
[2024-05-30T07:40:17.724+0000] {logging_mixin.py:188} INFO - [2024-05-30T07:40:17.724+0000] {override.py:1829} INFO - Created Permission View: can delete on DAG:dataset_produces_1
[2024-05-30T07:40:17.726+0000] {logging_mixin.py:188} INFO - [2024-05-30T07:40:17.726+0000] {override.py:1829} INFO - Created Permission View: can edit on DAG:dataset_produces_1
[2024-05-30T07:40:17.728+0000] {logging_mixin.py:188} INFO - [2024-05-30T07:40:17.728+0000] {override.py:1829} INFO - Created Permission View: can read on DAG:dataset_produces_1
[2024-05-30T07:40:17.732+0000] {logging_mixin.py:188} INFO - [2024-05-30T07:40:17.732+0000] {override.py:1829} INFO - Created Permission View: can delete on DAG:consume_1_or_2_with_dataset_expressions
[2024-05-30T07:40:17.735+0000] {logging_mixin.py:188} INFO - [2024-05-30T07:40:17.735+0000] {override.py:1829} INFO - Created Permission View: can edit on DAG:consume_1_or_2_with_dataset_expressions
[2024-05-30T07:40:17.737+0000] {logging_mixin.py:188} INFO - [2024-05-30T07:40:17.737+0000] {override.py:1829} INFO - Created Permission View: can read on DAG:consume_1_or_2_with_dataset_expressions
[2024-05-30T07:40:17.740+0000] {logging_mixin.py:188} INFO - [2024-05-30T07:40:17.740+0000] {override.py:1829} INFO - Created Permission View: can delete on DAG:consume_1_and_2_with_dataset_expressions
[2024-05-30T07:40:17.742+0000] {logging_mixin.py:188} INFO - [2024-05-30T07:40:17.742+0000] {override.py:1829} INFO - Created Permission View: can edit on DAG:consume_1_and_2_with_dataset_expressions
[2024-05-30T07:40:17.744+0000] {logging_mixin.py:188} INFO - [2024-05-30T07:40:17.744+0000] {override.py:1829} INFO - Created Permission View: can read on DAG:consume_1_and_2_with_dataset_expressions
[2024-05-30T07:40:17.747+0000] {logging_mixin.py:188} INFO - [2024-05-30T07:40:17.747+0000] {override.py:1829} INFO - Created Permission View: can delete on DAG:dataset_consumes_unknown_never_scheduled
[2024-05-30T07:40:17.748+0000] {logging_mixin.py:188} INFO - [2024-05-30T07:40:17.748+0000] {override.py:1829} INFO - Created Permission View: can edit on DAG:dataset_consumes_unknown_never_scheduled
[2024-05-30T07:40:17.750+0000] {logging_mixin.py:188} INFO - [2024-05-30T07:40:17.750+0000] {override.py:1829} INFO - Created Permission View: can read on DAG:dataset_consumes_unknown_never_scheduled
[2024-05-30T07:40:17.753+0000] {logging_mixin.py:188} INFO - [2024-05-30T07:40:17.753+0000] {override.py:1829} INFO - Created Permission View: can delete on DAG:consume_1_or_both_2_and_3_with_dataset_expressions
[2024-05-30T07:40:17.755+0000] {logging_mixin.py:188} INFO - [2024-05-30T07:40:17.755+0000] {override.py:1829} INFO - Created Permission View: can edit on DAG:consume_1_or_both_2_and_3_with_dataset_expressions
[2024-05-30T07:40:17.756+0000] {logging_mixin.py:188} INFO - [2024-05-30T07:40:17.756+0000] {override.py:1829} INFO - Created Permission View: can read on DAG:consume_1_or_both_2_and_3_with_dataset_expressions
[2024-05-30T07:40:17.759+0000] {logging_mixin.py:188} INFO - [2024-05-30T07:40:17.759+0000] {override.py:1829} INFO - Created Permission View: can delete on DAG:dataset_consumes_1_and_2
[2024-05-30T07:40:17.761+0000] {logging_mixin.py:188} INFO - [2024-05-30T07:40:17.761+0000] {override.py:1829} INFO - Created Permission View: can edit on DAG:dataset_consumes_1_and_2
[2024-05-30T07:40:17.762+0000] {logging_mixin.py:188} INFO - [2024-05-30T07:40:17.762+0000] {override.py:1829} INFO - Created Permission View: can read on DAG:dataset_consumes_1_and_2
[2024-05-30T07:40:17.765+0000] {logging_mixin.py:188} INFO - [2024-05-30T07:40:17.765+0000] {override.py:1829} INFO - Created Permission View: can delete on DAG:dataset_consumes_1_never_scheduled
[2024-05-30T07:40:17.767+0000] {logging_mixin.py:188} INFO - [2024-05-30T07:40:17.767+0000] {override.py:1829} INFO - Created Permission View: can edit on DAG:dataset_consumes_1_never_scheduled
[2024-05-30T07:40:17.769+0000] {logging_mixin.py:188} INFO - [2024-05-30T07:40:17.769+0000] {override.py:1829} INFO - Created Permission View: can read on DAG:dataset_consumes_1_never_scheduled
[2024-05-30T07:40:17.772+0000] {logging_mixin.py:188} INFO - [2024-05-30T07:40:17.772+0000] {override.py:1829} INFO - Created Permission View: can delete on DAG:dataset_produces_2
[2024-05-30T07:40:17.774+0000] {logging_mixin.py:188} INFO - [2024-05-30T07:40:17.774+0000] {override.py:1829} INFO - Created Permission View: can edit on DAG:dataset_produces_2
[2024-05-30T07:40:17.775+0000] {logging_mixin.py:188} INFO - [2024-05-30T07:40:17.775+0000] {override.py:1829} INFO - Created Permission View: can read on DAG:dataset_produces_2
[2024-05-30T07:40:17.775+0000] {logging_mixin.py:188} INFO - [2024-05-30T07:40:17.775+0000] {dag.py:3096} INFO - Sync 10 DAGs
[2024-05-30T07:40:17.780+0000] {logging_mixin.py:188} INFO - [2024-05-30T07:40:17.780+0000] {dag.py:3118} INFO - Creating ORM DAG for dataset_produces_1
[2024-05-30T07:40:17.780+0000] {logging_mixin.py:188} INFO - [2024-05-30T07:40:17.780+0000] {dag.py:3118} INFO - Creating ORM DAG for conditional_dataset_and_time_based_timetable
[2024-05-30T07:40:17.780+0000] {logging_mixin.py:188} INFO - [2024-05-30T07:40:17.780+0000] {dag.py:3118} INFO - Creating ORM DAG for dataset_produces_2
[2024-05-30T07:40:17.781+0000] {logging_mixin.py:188} INFO - [2024-05-30T07:40:17.781+0000] {dag.py:3118} INFO - Creating ORM DAG for consume_1_or_2_with_dataset_expressions
[2024-05-30T07:40:17.781+0000] {logging_mixin.py:188} INFO - [2024-05-30T07:40:17.781+0000] {dag.py:3118} INFO - Creating ORM DAG for consume_1_and_2_with_dataset_expressions
[2024-05-30T07:40:17.781+0000] {logging_mixin.py:188} INFO - [2024-05-30T07:40:17.781+0000] {dag.py:3118} INFO - Creating ORM DAG for dataset_consumes_unknown_never_scheduled
[2024-05-30T07:40:17.782+0000] {logging_mixin.py:188} INFO - [2024-05-30T07:40:17.782+0000] {dag.py:3118} INFO - Creating ORM DAG for dataset_consumes_1_never_scheduled
[2024-05-30T07:40:17.782+0000] {logging_mixin.py:188} INFO - [2024-05-30T07:40:17.782+0000] {dag.py:3118} INFO - Creating ORM DAG for dataset_consumes_1
[2024-05-30T07:40:17.782+0000] {logging_mixin.py:188} INFO - [2024-05-30T07:40:17.782+0000] {dag.py:3118} INFO - Creating ORM DAG for consume_1_or_both_2_and_3_with_dataset_expressions
[2024-05-30T07:40:17.782+0000] {logging_mixin.py:188} INFO - [2024-05-30T07:40:17.782+0000] {dag.py:3118} INFO - Creating ORM DAG for dataset_consumes_1_and_2
[2024-05-30T07:40:17.786+0000] {logging_mixin.py:188} INFO - [2024-05-30T07:40:17.786+0000] {dag.py:3954} INFO - Setting next_dagrun for conditional_dataset_and_time_based_timetable to 2024-05-29 01:00:00+00:00, run_after=2024-05-29 01:00:00+00:00
[2024-05-30T07:40:17.787+0000] {logging_mixin.py:188} INFO - [2024-05-30T07:40:17.787+0000] {dag.py:3954} INFO - Setting next_dagrun for consume_1_and_2_with_dataset_expressions to None, run_after=None
[2024-05-30T07:40:17.787+0000] {logging_mixin.py:188} INFO - [2024-05-30T07:40:17.787+0000] {dag.py:3954} INFO - Setting next_dagrun for consume_1_or_2_with_dataset_expressions to None, run_after=None
[2024-05-30T07:40:17.787+0000] {logging_mixin.py:188} INFO - [2024-05-30T07:40:17.787+0000] {dag.py:3954} INFO - Setting next_dagrun for consume_1_or_both_2_and_3_with_dataset_expressions to None, run_after=None
[2024-05-30T07:40:17.787+0000] {logging_mixin.py:188} INFO - [2024-05-30T07:40:17.787+0000] {dag.py:3954} INFO - Setting next_dagrun for dataset_consumes_1 to None, run_after=None
[2024-05-30T07:40:17.788+0000] {logging_mixin.py:188} INFO - [2024-05-30T07:40:17.788+0000] {dag.py:3954} INFO - Setting next_dagrun for dataset_consumes_1_and_2 to None, run_after=None
[2024-05-30T07:40:17.788+0000] {logging_mixin.py:188} INFO - [2024-05-30T07:40:17.788+0000] {dag.py:3954} INFO - Setting next_dagrun for dataset_consumes_1_never_scheduled to None, run_after=None
[2024-05-30T07:40:17.788+0000] {logging_mixin.py:188} INFO - [2024-05-30T07:40:17.788+0000] {dag.py:3954} INFO - Setting next_dagrun for dataset_consumes_unknown_never_scheduled to None, run_after=None
[2024-05-30T07:40:17.789+0000] {logging_mixin.py:188} INFO - [2024-05-30T07:40:17.789+0000] {dag.py:3954} INFO - Setting next_dagrun for dataset_produces_1 to 2024-05-29 00:00:00+00:00, run_after=2024-05-30 00:00:00+00:00
[2024-05-30T07:40:17.789+0000] {logging_mixin.py:188} INFO - [2024-05-30T07:40:17.789+0000] {dag.py:3954} INFO - Setting next_dagrun for dataset_produces_2 to None, run_after=None
[2024-05-30T07:40:17.804+0000] {processor.py:183} INFO - Processing /home/airflow/.local/lib/python3.12/site-packages/airflow/example_dags/example_datasets.py took 0.154 seconds
[2024-05-30T07:40:47.828+0000] {processor.py:161} INFO - Started process (PID=503) to work on /home/airflow/.local/lib/python3.12/site-packages/airflow/example_dags/example_datasets.py
[2024-05-30T07:40:47.828+0000] {processor.py:830} INFO - Processing file /home/airflow/.local/lib/python3.12/site-packages/airflow/example_dags/example_datasets.py for tasks to queue
[2024-05-30T07:40:47.829+0000] {logging_mixin.py:188} INFO - [2024-05-30T07:40:47.829+0000] {dagbag.py:545} INFO - Filling up the DagBag from /home/airflow/.local/lib/python3.12/site-packages/airflow/example_dags/example_datasets.py
[2024-05-30T07:40:47.836+0000] {processor.py:840} INFO - DAG(s) 'consume_1_and_2_with_dataset_expressions', 'dataset_consumes_1', 'dataset_consumes_unknown_never_scheduled', 'consume_1_or_both_2_and_3_with_dataset_expressions', 'conditional_dataset_and_time_based_timetable', 'consume_1_or_2_with_dataset_expressions', 'dataset_consumes_1_never_scheduled', 'dataset_consumes_1_and_2', 'dataset_produces_1', 'dataset_produces_2' retrieved from /home/airflow/.local/lib/python3.12/site-packages/airflow/example_dags/example_datasets.py
[2024-05-30T07:40:47.853+0000] {logging_mixin.py:188} INFO - [2024-05-30T07:40:47.853+0000] {dag.py:3096} INFO - Sync 10 DAGs
[2024-05-30T07:40:47.862+0000] {logging_mixin.py:188} INFO - [2024-05-30T07:40:47.862+0000] {dag.py:3954} INFO - Setting next_dagrun for conditional_dataset_and_time_based_timetable to 2024-05-29 01:00:00+00:00, run_after=2024-05-29 01:00:00+00:00
[2024-05-30T07:40:47.864+0000] {logging_mixin.py:188} INFO - [2024-05-30T07:40:47.864+0000] {dag.py:3954} INFO - Setting next_dagrun for consume_1_and_2_with_dataset_expressions to None, run_after=None
[2024-05-30T07:40:47.864+0000] {logging_mixin.py:188} INFO - [2024-05-30T07:40:47.864+0000] {dag.py:3954} INFO - Setting next_dagrun for consume_1_or_2_with_dataset_expressions to None, run_after=None
[2024-05-30T07:40:47.865+0000] {logging_mixin.py:188} INFO - [2024-05-30T07:40:47.865+0000] {dag.py:3954} INFO - Setting next_dagrun for consume_1_or_both_2_and_3_with_dataset_expressions to None, run_after=None
[2024-05-30T07:40:47.865+0000] {logging_mixin.py:188} INFO - [2024-05-30T07:40:47.865+0000] {dag.py:3954} INFO - Setting next_dagrun for dataset_consumes_1 to None, run_after=None
[2024-05-30T07:40:47.866+0000] {logging_mixin.py:188} INFO - [2024-05-30T07:40:47.866+0000] {dag.py:3954} INFO - Setting next_dagrun for dataset_consumes_1_and_2 to None, run_after=None
[2024-05-30T07:40:47.866+0000] {logging_mixin.py:188} INFO - [2024-05-30T07:40:47.866+0000] {dag.py:3954} INFO - Setting next_dagrun for dataset_consumes_1_never_scheduled to None, run_after=None
[2024-05-30T07:40:47.866+0000] {logging_mixin.py:188} INFO - [2024-05-30T07:40:47.866+0000] {dag.py:3954} INFO - Setting next_dagrun for dataset_consumes_unknown_never_scheduled to None, run_after=None
[2024-05-30T07:40:47.867+0000] {logging_mixin.py:188} INFO - [2024-05-30T07:40:47.867+0000] {dag.py:3954} INFO - Setting next_dagrun for dataset_produces_1 to 2024-05-29 00:00:00+00:00, run_after=2024-05-30 00:00:00+00:00
[2024-05-30T07:40:47.868+0000] {logging_mixin.py:188} INFO - [2024-05-30T07:40:47.868+0000] {dag.py:3954} INFO - Setting next_dagrun for dataset_produces_2 to None, run_after=None
[2024-05-30T07:40:47.878+0000] {processor.py:183} INFO - Processing /home/airflow/.local/lib/python3.12/site-packages/airflow/example_dags/example_datasets.py took 0.053 seconds
[2024-05-30T07:41:18.392+0000] {processor.py:161} INFO - Started process (PID=763) to work on /home/airflow/.local/lib/python3.12/site-packages/airflow/example_dags/example_datasets.py
[2024-05-30T07:41:18.392+0000] {processor.py:830} INFO - Processing file /home/airflow/.local/lib/python3.12/site-packages/airflow/example_dags/example_datasets.py for tasks to queue
[2024-05-30T07:41:18.393+0000] {logging_mixin.py:188} INFO - [2024-05-30T07:41:18.393+0000] {dagbag.py:545} INFO - Filling up the DagBag from /home/airflow/.local/lib/python3.12/site-packages/airflow/example_dags/example_datasets.py
[2024-05-30T07:41:18.400+0000] {processor.py:840} INFO - DAG(s) 'dataset_consumes_unknown_never_scheduled', 'dataset_consumes_1_and_2', 'dataset_consumes_1', 'dataset_produces_1', 'conditional_dataset_and_time_based_timetable', 'consume_1_or_both_2_and_3_with_dataset_expressions', 'consume_1_and_2_with_dataset_expressions', 'dataset_consumes_1_never_scheduled', 'consume_1_or_2_with_dataset_expressions', 'dataset_produces_2' retrieved from /home/airflow/.local/lib/python3.12/site-packages/airflow/example_dags/example_datasets.py
[2024-05-30T07:41:18.418+0000] {logging_mixin.py:188} INFO - [2024-05-30T07:41:18.418+0000] {dag.py:3096} INFO - Sync 10 DAGs
[2024-05-30T07:41:18.428+0000] {logging_mixin.py:188} INFO - [2024-05-30T07:41:18.428+0000] {dag.py:3954} INFO - Setting next_dagrun for conditional_dataset_and_time_based_timetable to 2024-05-29 01:00:00+00:00, run_after=2024-05-29 01:00:00+00:00
[2024-05-30T07:41:18.430+0000] {logging_mixin.py:188} INFO - [2024-05-30T07:41:18.430+0000] {dag.py:3954} INFO - Setting next_dagrun for consume_1_and_2_with_dataset_expressions to None, run_after=None
[2024-05-30T07:41:18.431+0000] {logging_mixin.py:188} INFO - [2024-05-30T07:41:18.431+0000] {dag.py:3954} INFO - Setting next_dagrun for consume_1_or_2_with_dataset_expressions to None, run_after=None
[2024-05-30T07:41:18.431+0000] {logging_mixin.py:188} INFO - [2024-05-30T07:41:18.431+0000] {dag.py:3954} INFO - Setting next_dagrun for consume_1_or_both_2_and_3_with_dataset_expressions to None, run_after=None
[2024-05-30T07:41:18.432+0000] {logging_mixin.py:188} INFO - [2024-05-30T07:41:18.432+0000] {dag.py:3954} INFO - Setting next_dagrun for dataset_consumes_1 to None, run_after=None
[2024-05-30T07:41:18.432+0000] {logging_mixin.py:188} INFO - [2024-05-30T07:41:18.432+0000] {dag.py:3954} INFO - Setting next_dagrun for dataset_consumes_1_and_2 to None, run_after=None
[2024-05-30T07:41:18.433+0000] {logging_mixin.py:188} INFO - [2024-05-30T07:41:18.433+0000] {dag.py:3954} INFO - Setting next_dagrun for dataset_consumes_1_never_scheduled to None, run_after=None
[2024-05-30T07:41:18.433+0000] {logging_mixin.py:188} INFO - [2024-05-30T07:41:18.433+0000] {dag.py:3954} INFO - Setting next_dagrun for dataset_consumes_unknown_never_scheduled to None, run_after=None
[2024-05-30T07:41:18.434+0000] {logging_mixin.py:188} INFO - [2024-05-30T07:41:18.434+0000] {dag.py:3954} INFO - Setting next_dagrun for dataset_produces_1 to 2024-05-29 00:00:00+00:00, run_after=2024-05-30 00:00:00+00:00
[2024-05-30T07:41:18.435+0000] {logging_mixin.py:188} INFO - [2024-05-30T07:41:18.435+0000] {dag.py:3954} INFO - Setting next_dagrun for dataset_produces_2 to None, run_after=None
[2024-05-30T07:41:18.447+0000] {processor.py:183} INFO - Processing /home/airflow/.local/lib/python3.12/site-packages/airflow/example_dags/example_datasets.py took 0.058 seconds
[2024-05-30T07:41:48.948+0000] {processor.py:161} INFO - Started process (PID=1025) to work on /home/airflow/.local/lib/python3.12/site-packages/airflow/example_dags/example_datasets.py
[2024-05-30T07:41:48.949+0000] {processor.py:830} INFO - Processing file /home/airflow/.local/lib/python3.12/site-packages/airflow/example_dags/example_datasets.py for tasks to queue
[2024-05-30T07:41:48.950+0000] {logging_mixin.py:188} INFO - [2024-05-30T07:41:48.950+0000] {dagbag.py:545} INFO - Filling up the DagBag from /home/airflow/.local/lib/python3.12/site-packages/airflow/example_dags/example_datasets.py
[2024-05-30T07:41:48.956+0000] {processor.py:840} INFO - DAG(s) 'dataset_produces_1', 'dataset_consumes_1', 'consume_1_or_both_2_and_3_with_dataset_expressions', 'dataset_consumes_1_and_2', 'conditional_dataset_and_time_based_timetable', 'consume_1_and_2_with_dataset_expressions', 'dataset_produces_2', 'dataset_consumes_1_never_scheduled', 'dataset_consumes_unknown_never_scheduled', 'consume_1_or_2_with_dataset_expressions' retrieved from /home/airflow/.local/lib/python3.12/site-packages/airflow/example_dags/example_datasets.py
[2024-05-30T07:41:48.974+0000] {logging_mixin.py:188} INFO - [2024-05-30T07:41:48.974+0000] {dag.py:3096} INFO - Sync 10 DAGs
[2024-05-30T07:41:48.985+0000] {logging_mixin.py:188} INFO - [2024-05-30T07:41:48.985+0000] {dag.py:3954} INFO - Setting next_dagrun for conditional_dataset_and_time_based_timetable to 2024-05-29 01:00:00+00:00, run_after=2024-05-29 01:00:00+00:00
[2024-05-30T07:41:48.987+0000] {logging_mixin.py:188} INFO - [2024-05-30T07:41:48.987+0000] {dag.py:3954} INFO - Setting next_dagrun for consume_1_and_2_with_dataset_expressions to None, run_after=None
[2024-05-30T07:41:48.987+0000] {logging_mixin.py:188} INFO - [2024-05-30T07:41:48.987+0000] {dag.py:3954} INFO - Setting next_dagrun for consume_1_or_2_with_dataset_expressions to None, run_after=None
[2024-05-30T07:41:48.988+0000] {logging_mixin.py:188} INFO - [2024-05-30T07:41:48.988+0000] {dag.py:3954} INFO - Setting next_dagrun for consume_1_or_both_2_and_3_with_dataset_expressions to None, run_after=None
[2024-05-30T07:41:48.988+0000] {logging_mixin.py:188} INFO - [2024-05-30T07:41:48.988+0000] {dag.py:3954} INFO - Setting next_dagrun for dataset_consumes_1 to None, run_after=None
[2024-05-30T07:41:48.989+0000] {logging_mixin.py:188} INFO - [2024-05-30T07:41:48.989+0000] {dag.py:3954} INFO - Setting next_dagrun for dataset_consumes_1_and_2 to None, run_after=None
[2024-05-30T07:41:48.989+0000] {logging_mixin.py:188} INFO - [2024-05-30T07:41:48.989+0000] {dag.py:3954} INFO - Setting next_dagrun for dataset_consumes_1_never_scheduled to None, run_after=None
[2024-05-30T07:41:48.990+0000] {logging_mixin.py:188} INFO - [2024-05-30T07:41:48.990+0000] {dag.py:3954} INFO - Setting next_dagrun for dataset_consumes_unknown_never_scheduled to None, run_after=None
[2024-05-30T07:41:48.991+0000] {logging_mixin.py:188} INFO - [2024-05-30T07:41:48.991+0000] {dag.py:3954} INFO - Setting next_dagrun for dataset_produces_1 to 2024-05-29 00:00:00+00:00, run_after=2024-05-30 00:00:00+00:00
[2024-05-30T07:41:48.991+0000] {logging_mixin.py:188} INFO - [2024-05-30T07:41:48.991+0000] {dag.py:3954} INFO - Setting next_dagrun for dataset_produces_2 to None, run_after=None
[2024-05-30T07:41:49.003+0000] {processor.py:183} INFO - Processing /home/airflow/.local/lib/python3.12/site-packages/airflow/example_dags/example_datasets.py took 0.058 seconds
[2024-05-30T07:42:19.597+0000] {processor.py:161} INFO - Started process (PID=1287) to work on /home/airflow/.local/lib/python3.12/site-packages/airflow/example_dags/example_datasets.py
[2024-05-30T07:42:19.597+0000] {processor.py:830} INFO - Processing file /home/airflow/.local/lib/python3.12/site-packages/airflow/example_dags/example_datasets.py for tasks to queue
[2024-05-30T07:42:19.598+0000] {logging_mixin.py:188} INFO - [2024-05-30T07:42:19.598+0000] {dagbag.py:545} INFO - Filling up the DagBag from /home/airflow/.local/lib/python3.12/site-packages/airflow/example_dags/example_datasets.py
[2024-05-30T07:42:19.604+0000] {processor.py:840} INFO - DAG(s) 'conditional_dataset_and_time_based_timetable', 'dataset_consumes_1_and_2', 'dataset_consumes_1', 'consume_1_and_2_with_dataset_expressions', 'dataset_consumes_unknown_never_scheduled', 'consume_1_or_2_with_dataset_expressions', 'dataset_consumes_1_never_scheduled', 'dataset_produces_1', 'consume_1_or_both_2_and_3_with_dataset_expressions', 'dataset_produces_2' retrieved from /home/airflow/.local/lib/python3.12/site-packages/airflow/example_dags/example_datasets.py
[2024-05-30T07:42:19.623+0000] {logging_mixin.py:188} INFO - [2024-05-30T07:42:19.623+0000] {dag.py:3096} INFO - Sync 10 DAGs
[2024-05-30T07:42:19.633+0000] {logging_mixin.py:188} INFO - [2024-05-30T07:42:19.633+0000] {dag.py:3954} INFO - Setting next_dagrun for conditional_dataset_and_time_based_timetable to 2024-05-29 01:00:00+00:00, run_after=2024-05-29 01:00:00+00:00
[2024-05-30T07:42:19.635+0000] {logging_mixin.py:188} INFO - [2024-05-30T07:42:19.635+0000] {dag.py:3954} INFO - Setting next_dagrun for consume_1_and_2_with_dataset_expressions to None, run_after=None
[2024-05-30T07:42:19.636+0000] {logging_mixin.py:188} INFO - [2024-05-30T07:42:19.636+0000] {dag.py:3954} INFO - Setting next_dagrun for consume_1_or_2_with_dataset_expressions to None, run_after=None
[2024-05-30T07:42:19.637+0000] {logging_mixin.py:188} INFO - [2024-05-30T07:42:19.636+0000] {dag.py:3954} INFO - Setting next_dagrun for consume_1_or_both_2_and_3_with_dataset_expressions to None, run_after=None
[2024-05-30T07:42:19.637+0000] {logging_mixin.py:188} INFO - [2024-05-30T07:42:19.637+0000] {dag.py:3954} INFO - Setting next_dagrun for dataset_consumes_1 to None, run_after=None
[2024-05-30T07:42:19.638+0000] {logging_mixin.py:188} INFO - [2024-05-30T07:42:19.638+0000] {dag.py:3954} INFO - Setting next_dagrun for dataset_consumes_1_and_2 to None, run_after=None
[2024-05-30T07:42:19.638+0000] {logging_mixin.py:188} INFO - [2024-05-30T07:42:19.638+0000] {dag.py:3954} INFO - Setting next_dagrun for dataset_consumes_1_never_scheduled to None, run_after=None
[2024-05-30T07:42:19.639+0000] {logging_mixin.py:188} INFO - [2024-05-30T07:42:19.639+0000] {dag.py:3954} INFO - Setting next_dagrun for dataset_consumes_unknown_never_scheduled to None, run_after=None
[2024-05-30T07:42:19.640+0000] {logging_mixin.py:188} INFO - [2024-05-30T07:42:19.640+0000] {dag.py:3954} INFO - Setting next_dagrun for dataset_produces_1 to 2024-05-29 00:00:00+00:00, run_after=2024-05-30 00:00:00+00:00
[2024-05-30T07:42:19.640+0000] {logging_mixin.py:188} INFO - [2024-05-30T07:42:19.640+0000] {dag.py:3954} INFO - Setting next_dagrun for dataset_produces_2 to None, run_after=None
[2024-05-30T07:42:19.652+0000] {processor.py:183} INFO - Processing /home/airflow/.local/lib/python3.12/site-packages/airflow/example_dags/example_datasets.py took 0.059 seconds
[2024-05-30T07:42:50.254+0000] {processor.py:161} INFO - Started process (PID=1549) to work on /home/airflow/.local/lib/python3.12/site-packages/airflow/example_dags/example_datasets.py
[2024-05-30T07:42:50.255+0000] {processor.py:830} INFO - Processing file /home/airflow/.local/lib/python3.12/site-packages/airflow/example_dags/example_datasets.py for tasks to queue
[2024-05-30T07:42:50.256+0000] {logging_mixin.py:188} INFO - [2024-05-30T07:42:50.256+0000] {dagbag.py:545} INFO - Filling up the DagBag from /home/airflow/.local/lib/python3.12/site-packages/airflow/example_dags/example_datasets.py
[2024-05-30T07:42:50.263+0000] {processor.py:840} INFO - DAG(s) 'dataset_consumes_1_never_scheduled', 'consume_1_and_2_with_dataset_expressions', 'consume_1_or_both_2_and_3_with_dataset_expressions', 'dataset_consumes_unknown_never_scheduled', 'dataset_consumes_1_and_2', 'dataset_produces_2', 'dataset_produces_1', 'conditional_dataset_and_time_based_timetable', 'dataset_consumes_1', 'consume_1_or_2_with_dataset_expressions' retrieved from /home/airflow/.local/lib/python3.12/site-packages/airflow/example_dags/example_datasets.py
[2024-05-30T07:42:50.295+0000] {logging_mixin.py:188} INFO - [2024-05-30T07:42:50.295+0000] {dag.py:3096} INFO - Sync 10 DAGs
[2024-05-30T07:42:50.309+0000] {logging_mixin.py:188} INFO - [2024-05-30T07:42:50.308+0000] {dag.py:3954} INFO - Setting next_dagrun for conditional_dataset_and_time_based_timetable to 2024-05-29 01:00:00+00:00, run_after=2024-05-29 01:00:00+00:00
[2024-05-30T07:42:50.311+0000] {logging_mixin.py:188} INFO - [2024-05-30T07:42:50.310+0000] {dag.py:3954} INFO - Setting next_dagrun for consume_1_and_2_with_dataset_expressions to None, run_after=None
[2024-05-30T07:42:50.311+0000] {logging_mixin.py:188} INFO - [2024-05-30T07:42:50.311+0000] {dag.py:3954} INFO - Setting next_dagrun for consume_1_or_2_with_dataset_expressions to None, run_after=None
[2024-05-30T07:42:50.312+0000] {logging_mixin.py:188} INFO - [2024-05-30T07:42:50.312+0000] {dag.py:3954} INFO - Setting next_dagrun for consume_1_or_both_2_and_3_with_dataset_expressions to None, run_after=None
[2024-05-30T07:42:50.312+0000] {logging_mixin.py:188} INFO - [2024-05-30T07:42:50.312+0000] {dag.py:3954} INFO - Setting next_dagrun for dataset_consumes_1 to None, run_after=None
[2024-05-30T07:42:50.313+0000] {logging_mixin.py:188} INFO - [2024-05-30T07:42:50.313+0000] {dag.py:3954} INFO - Setting next_dagrun for dataset_consumes_1_and_2 to None, run_after=None
[2024-05-30T07:42:50.313+0000] {logging_mixin.py:188} INFO - [2024-05-30T07:42:50.313+0000] {dag.py:3954} INFO - Setting next_dagrun for dataset_consumes_1_never_scheduled to None, run_after=None
[2024-05-30T07:42:50.314+0000] {logging_mixin.py:188} INFO - [2024-05-30T07:42:50.314+0000] {dag.py:3954} INFO - Setting next_dagrun for dataset_consumes_unknown_never_scheduled to None, run_after=None
[2024-05-30T07:42:50.315+0000] {logging_mixin.py:188} INFO - [2024-05-30T07:42:50.315+0000] {dag.py:3954} INFO - Setting next_dagrun for dataset_produces_1 to 2024-05-29 00:00:00+00:00, run_after=2024-05-30 00:00:00+00:00
[2024-05-30T07:42:50.315+0000] {logging_mixin.py:188} INFO - [2024-05-30T07:42:50.315+0000] {dag.py:3954} INFO - Setting next_dagrun for dataset_produces_2 to None, run_after=None
[2024-05-30T07:42:50.332+0000] {processor.py:183} INFO - Processing /home/airflow/.local/lib/python3.12/site-packages/airflow/example_dags/example_datasets.py took 0.081 seconds
[2024-05-30T07:43:20.373+0000] {processor.py:161} INFO - Started process (PID=1813) to work on /home/airflow/.local/lib/python3.12/site-packages/airflow/example_dags/example_datasets.py
[2024-05-30T07:43:20.373+0000] {processor.py:830} INFO - Processing file /home/airflow/.local/lib/python3.12/site-packages/airflow/example_dags/example_datasets.py for tasks to queue
[2024-05-30T07:43:20.374+0000] {logging_mixin.py:188} INFO - [2024-05-30T07:43:20.374+0000] {dagbag.py:545} INFO - Filling up the DagBag from /home/airflow/.local/lib/python3.12/site-packages/airflow/example_dags/example_datasets.py
[2024-05-30T07:43:20.381+0000] {processor.py:840} INFO - DAG(s) 'dataset_produces_2', 'consume_1_or_both_2_and_3_with_dataset_expressions', 'conditional_dataset_and_time_based_timetable', 'dataset_consumes_1_and_2', 'dataset_consumes_1_never_scheduled', 'consume_1_and_2_with_dataset_expressions', 'dataset_produces_1', 'consume_1_or_2_with_dataset_expressions', 'dataset_consumes_unknown_never_scheduled', 'dataset_consumes_1' retrieved from /home/airflow/.local/lib/python3.12/site-packages/airflow/example_dags/example_datasets.py
[2024-05-30T07:43:20.399+0000] {logging_mixin.py:188} INFO - [2024-05-30T07:43:20.399+0000] {dag.py:3096} INFO - Sync 10 DAGs
[2024-05-30T07:43:20.409+0000] {logging_mixin.py:188} INFO - [2024-05-30T07:43:20.409+0000] {dag.py:3954} INFO - Setting next_dagrun for conditional_dataset_and_time_based_timetable to 2024-05-29 01:00:00+00:00, run_after=2024-05-29 01:00:00+00:00
[2024-05-30T07:43:20.410+0000] {logging_mixin.py:188} INFO - [2024-05-30T07:43:20.410+0000] {dag.py:3954} INFO - Setting next_dagrun for consume_1_and_2_with_dataset_expressions to None, run_after=None
[2024-05-30T07:43:20.411+0000] {logging_mixin.py:188} INFO - [2024-05-30T07:43:20.411+0000] {dag.py:3954} INFO - Setting next_dagrun for consume_1_or_2_with_dataset_expressions to None, run_after=None
[2024-05-30T07:43:20.411+0000] {logging_mixin.py:188} INFO - [2024-05-30T07:43:20.411+0000] {dag.py:3954} INFO - Setting next_dagrun for consume_1_or_both_2_and_3_with_dataset_expressions to None, run_after=None
[2024-05-30T07:43:20.412+0000] {logging_mixin.py:188} INFO - [2024-05-30T07:43:20.412+0000] {dag.py:3954} INFO - Setting next_dagrun for dataset_consumes_1 to None, run_after=None
[2024-05-30T07:43:20.412+0000] {logging_mixin.py:188} INFO - [2024-05-30T07:43:20.412+0000] {dag.py:3954} INFO - Setting next_dagrun for dataset_consumes_1_and_2 to None, run_after=None
[2024-05-30T07:43:20.413+0000] {logging_mixin.py:188} INFO - [2024-05-30T07:43:20.413+0000] {dag.py:3954} INFO - Setting next_dagrun for dataset_consumes_1_never_scheduled to None, run_after=None
[2024-05-30T07:43:20.413+0000] {logging_mixin.py:188} INFO - [2024-05-30T07:43:20.413+0000] {dag.py:3954} INFO - Setting next_dagrun for dataset_consumes_unknown_never_scheduled to None, run_after=None
[2024-05-30T07:43:20.414+0000] {logging_mixin.py:188} INFO - [2024-05-30T07:43:20.414+0000] {dag.py:3954} INFO - Setting next_dagrun for dataset_produces_1 to 2024-05-29 00:00:00+00:00, run_after=2024-05-30 00:00:00+00:00
[2024-05-30T07:43:20.414+0000] {logging_mixin.py:188} INFO - [2024-05-30T07:43:20.414+0000] {dag.py:3954} INFO - Setting next_dagrun for dataset_produces_2 to None, run_after=None
[2024-05-30T07:43:20.425+0000] {processor.py:183} INFO - Processing /home/airflow/.local/lib/python3.12/site-packages/airflow/example_dags/example_datasets.py took 0.055 seconds
[2024-05-30T07:43:51.082+0000] {processor.py:161} INFO - Started process (PID=2073) to work on /home/airflow/.local/lib/python3.12/site-packages/airflow/example_dags/example_datasets.py
[2024-05-30T07:43:51.082+0000] {processor.py:830} INFO - Processing file /home/airflow/.local/lib/python3.12/site-packages/airflow/example_dags/example_datasets.py for tasks to queue
[2024-05-30T07:43:51.083+0000] {logging_mixin.py:188} INFO - [2024-05-30T07:43:51.083+0000] {dagbag.py:545} INFO - Filling up the DagBag from /home/airflow/.local/lib/python3.12/site-packages/airflow/example_dags/example_datasets.py
[2024-05-30T07:43:51.089+0000] {processor.py:840} INFO - DAG(s) 'conditional_dataset_and_time_based_timetable', 'consume_1_or_2_with_dataset_expressions', 'dataset_consumes_1_and_2', 'dataset_produces_2', 'consume_1_or_both_2_and_3_with_dataset_expressions', 'dataset_consumes_unknown_never_scheduled', 'consume_1_and_2_with_dataset_expressions', 'dataset_consumes_1_never_scheduled', 'dataset_consumes_1', 'dataset_produces_1' retrieved from /home/airflow/.local/lib/python3.12/site-packages/airflow/example_dags/example_datasets.py
[2024-05-30T07:43:51.114+0000] {logging_mixin.py:188} INFO - [2024-05-30T07:43:51.114+0000] {dag.py:3096} INFO - Sync 10 DAGs
[2024-05-30T07:43:51.125+0000] {logging_mixin.py:188} INFO - [2024-05-30T07:43:51.125+0000] {dag.py:3954} INFO - Setting next_dagrun for conditional_dataset_and_time_based_timetable to 2024-05-29 01:00:00+00:00, run_after=2024-05-29 01:00:00+00:00
[2024-05-30T07:43:51.127+0000] {logging_mixin.py:188} INFO - [2024-05-30T07:43:51.127+0000] {dag.py:3954} INFO - Setting next_dagrun for consume_1_and_2_with_dataset_expressions to None, run_after=None
[2024-05-30T07:43:51.127+0000] {logging_mixin.py:188} INFO - [2024-05-30T07:43:51.127+0000] {dag.py:3954} INFO - Setting next_dagrun for consume_1_or_2_with_dataset_expressions to None, run_after=None
[2024-05-30T07:43:51.128+0000] {logging_mixin.py:188} INFO - [2024-05-30T07:43:51.128+0000] {dag.py:3954} INFO - Setting next_dagrun for consume_1_or_both_2_and_3_with_dataset_expressions to None, run_after=None
[2024-05-30T07:43:51.128+0000] {logging_mixin.py:188} INFO - [2024-05-30T07:43:51.128+0000] {dag.py:3954} INFO - Setting next_dagrun for dataset_consumes_1 to None, run_after=None
[2024-05-30T07:43:51.129+0000] {logging_mixin.py:188} INFO - [2024-05-30T07:43:51.129+0000] {dag.py:3954} INFO - Setting next_dagrun for dataset_consumes_1_and_2 to None, run_after=None
[2024-05-30T07:43:51.129+0000] {logging_mixin.py:188} INFO - [2024-05-30T07:43:51.129+0000] {dag.py:3954} INFO - Setting next_dagrun for dataset_consumes_1_never_scheduled to None, run_after=None
[2024-05-30T07:43:51.130+0000] {logging_mixin.py:188} INFO - [2024-05-30T07:43:51.130+0000] {dag.py:3954} INFO - Setting next_dagrun for dataset_consumes_unknown_never_scheduled to None, run_after=None
[2024-05-30T07:43:51.131+0000] {logging_mixin.py:188} INFO - [2024-05-30T07:43:51.131+0000] {dag.py:3954} INFO - Setting next_dagrun for dataset_produces_1 to 2024-05-29 00:00:00+00:00, run_after=2024-05-30 00:00:00+00:00
[2024-05-30T07:43:51.131+0000] {logging_mixin.py:188} INFO - [2024-05-30T07:43:51.131+0000] {dag.py:3954} INFO - Setting next_dagrun for dataset_produces_2 to None, run_after=None
[2024-05-30T07:43:51.144+0000] {processor.py:183} INFO - Processing /home/airflow/.local/lib/python3.12/site-packages/airflow/example_dags/example_datasets.py took 0.065 seconds
[2024-05-30T07:44:21.874+0000] {processor.py:161} INFO - Started process (PID=2337) to work on /home/airflow/.local/lib/python3.12/site-packages/airflow/example_dags/example_datasets.py
[2024-05-30T07:44:21.874+0000] {processor.py:830} INFO - Processing file /home/airflow/.local/lib/python3.12/site-packages/airflow/example_dags/example_datasets.py for tasks to queue
[2024-05-30T07:44:21.875+0000] {logging_mixin.py:188} INFO - [2024-05-30T07:44:21.875+0000] {dagbag.py:545} INFO - Filling up the DagBag from /home/airflow/.local/lib/python3.12/site-packages/airflow/example_dags/example_datasets.py
[2024-05-30T07:44:21.881+0000] {processor.py:840} INFO - DAG(s) 'dataset_produces_2', 'consume_1_or_2_with_dataset_expressions', 'dataset_produces_1', 'dataset_consumes_1_and_2', 'conditional_dataset_and_time_based_timetable', 'consume_1_and_2_with_dataset_expressions', 'dataset_consumes_unknown_never_scheduled', 'dataset_consumes_1', 'dataset_consumes_1_never_scheduled', 'consume_1_or_both_2_and_3_with_dataset_expressions' retrieved from /home/airflow/.local/lib/python3.12/site-packages/airflow/example_dags/example_datasets.py
[2024-05-30T07:44:21.900+0000] {logging_mixin.py:188} INFO - [2024-05-30T07:44:21.900+0000] {dag.py:3096} INFO - Sync 10 DAGs
[2024-05-30T07:44:21.910+0000] {logging_mixin.py:188} INFO - [2024-05-30T07:44:21.909+0000] {dag.py:3954} INFO - Setting next_dagrun for conditional_dataset_and_time_based_timetable to 2024-05-29 01:00:00+00:00, run_after=2024-05-29 01:00:00+00:00
[2024-05-30T07:44:21.911+0000] {logging_mixin.py:188} INFO - [2024-05-30T07:44:21.911+0000] {dag.py:3954} INFO - Setting next_dagrun for consume_1_and_2_with_dataset_expressions to None, run_after=None
[2024-05-30T07:44:21.912+0000] {logging_mixin.py:188} INFO - [2024-05-30T07:44:21.912+0000] {dag.py:3954} INFO - Setting next_dagrun for consume_1_or_2_with_dataset_expressions to None, run_after=None
[2024-05-30T07:44:21.912+0000] {logging_mixin.py:188} INFO - [2024-05-30T07:44:21.912+0000] {dag.py:3954} INFO - Setting next_dagrun for consume_1_or_both_2_and_3_with_dataset_expressions to None, run_after=None
[2024-05-30T07:44:21.913+0000] {logging_mixin.py:188} INFO - [2024-05-30T07:44:21.913+0000] {dag.py:3954} INFO - Setting next_dagrun for dataset_consumes_1 to None, run_after=None
[2024-05-30T07:44:21.913+0000] {logging_mixin.py:188} INFO - [2024-05-30T07:44:21.913+0000] {dag.py:3954} INFO - Setting next_dagrun for dataset_consumes_1_and_2 to None, run_after=None
[2024-05-30T07:44:21.913+0000] {logging_mixin.py:188} INFO - [2024-05-30T07:44:21.913+0000] {dag.py:3954} INFO - Setting next_dagrun for dataset_consumes_1_never_scheduled to None, run_after=None
[2024-05-30T07:44:21.914+0000] {logging_mixin.py:188} INFO - [2024-05-30T07:44:21.914+0000] {dag.py:3954} INFO - Setting next_dagrun for dataset_consumes_unknown_never_scheduled to None, run_after=None
[2024-05-30T07:44:21.915+0000] {logging_mixin.py:188} INFO - [2024-05-30T07:44:21.915+0000] {dag.py:3954} INFO - Setting next_dagrun for dataset_produces_1 to 2024-05-29 00:00:00+00:00, run_after=2024-05-30 00:00:00+00:00
[2024-05-30T07:44:21.915+0000] {logging_mixin.py:188} INFO - [2024-05-30T07:44:21.915+0000] {dag.py:3954} INFO - Setting next_dagrun for dataset_produces_2 to None, run_after=None
[2024-05-30T07:44:21.926+0000] {processor.py:183} INFO - Processing /home/airflow/.local/lib/python3.12/site-packages/airflow/example_dags/example_datasets.py took 0.055 seconds
[2024-05-30T07:44:52.596+0000] {processor.py:161} INFO - Started process (PID=2597) to work on /home/airflow/.local/lib/python3.12/site-packages/airflow/example_dags/example_datasets.py
[2024-05-30T07:44:52.597+0000] {processor.py:830} INFO - Processing file /home/airflow/.local/lib/python3.12/site-packages/airflow/example_dags/example_datasets.py for tasks to queue
[2024-05-30T07:44:52.597+0000] {logging_mixin.py:188} INFO - [2024-05-30T07:44:52.597+0000] {dagbag.py:545} INFO - Filling up the DagBag from /home/airflow/.local/lib/python3.12/site-packages/airflow/example_dags/example_datasets.py
[2024-05-30T07:44:52.604+0000] {processor.py:840} INFO - DAG(s) 'conditional_dataset_and_time_based_timetable', 'consume_1_or_both_2_and_3_with_dataset_expressions', 'dataset_produces_1', 'dataset_consumes_1', 'dataset_consumes_unknown_never_scheduled', 'consume_1_or_2_with_dataset_expressions', 'dataset_consumes_1_never_scheduled', 'consume_1_and_2_with_dataset_expressions', 'dataset_consumes_1_and_2', 'dataset_produces_2' retrieved from /home/airflow/.local/lib/python3.12/site-packages/airflow/example_dags/example_datasets.py
[2024-05-30T07:44:52.623+0000] {logging_mixin.py:188} INFO - [2024-05-30T07:44:52.623+0000] {dag.py:3096} INFO - Sync 10 DAGs
[2024-05-30T07:44:52.634+0000] {logging_mixin.py:188} INFO - [2024-05-30T07:44:52.634+0000] {dag.py:3954} INFO - Setting next_dagrun for conditional_dataset_and_time_based_timetable to 2024-05-29 01:00:00+00:00, run_after=2024-05-29 01:00:00+00:00
[2024-05-30T07:44:52.636+0000] {logging_mixin.py:188} INFO - [2024-05-30T07:44:52.636+0000] {dag.py:3954} INFO - Setting next_dagrun for consume_1_and_2_with_dataset_expressions to None, run_after=None
[2024-05-30T07:44:52.636+0000] {logging_mixin.py:188} INFO - [2024-05-30T07:44:52.636+0000] {dag.py:3954} INFO - Setting next_dagrun for consume_1_or_2_with_dataset_expressions to None, run_after=None
[2024-05-30T07:44:52.637+0000] {logging_mixin.py:188} INFO - [2024-05-30T07:44:52.637+0000] {dag.py:3954} INFO - Setting next_dagrun for consume_1_or_both_2_and_3_with_dataset_expressions to None, run_after=None
[2024-05-30T07:44:52.637+0000] {logging_mixin.py:188} INFO - [2024-05-30T07:44:52.637+0000] {dag.py:3954} INFO - Setting next_dagrun for dataset_consumes_1 to None, run_after=None
[2024-05-30T07:44:52.638+0000] {logging_mixin.py:188} INFO - [2024-05-30T07:44:52.638+0000] {dag.py:3954} INFO - Setting next_dagrun for dataset_consumes_1_and_2 to None, run_after=None
[2024-05-30T07:44:52.638+0000] {logging_mixin.py:188} INFO - [2024-05-30T07:44:52.638+0000] {dag.py:3954} INFO - Setting next_dagrun for dataset_consumes_1_never_scheduled to None, run_after=None
[2024-05-30T07:44:52.639+0000] {logging_mixin.py:188} INFO - [2024-05-30T07:44:52.639+0000] {dag.py:3954} INFO - Setting next_dagrun for dataset_consumes_unknown_never_scheduled to None, run_after=None
[2024-05-30T07:44:52.640+0000] {logging_mixin.py:188} INFO - [2024-05-30T07:44:52.639+0000] {dag.py:3954} INFO - Setting next_dagrun for dataset_produces_1 to 2024-05-29 00:00:00+00:00, run_after=2024-05-30 00:00:00+00:00
[2024-05-30T07:44:52.640+0000] {logging_mixin.py:188} INFO - [2024-05-30T07:44:52.640+0000] {dag.py:3954} INFO - Setting next_dagrun for dataset_produces_2 to None, run_after=None
[2024-05-30T07:44:52.653+0000] {processor.py:183} INFO - Processing /home/airflow/.local/lib/python3.12/site-packages/airflow/example_dags/example_datasets.py took 0.060 seconds
[2024-05-30T07:45:23.300+0000] {processor.py:161} INFO - Started process (PID=2859) to work on /home/airflow/.local/lib/python3.12/site-packages/airflow/example_dags/example_datasets.py
[2024-05-30T07:45:23.301+0000] {processor.py:830} INFO - Processing file /home/airflow/.local/lib/python3.12/site-packages/airflow/example_dags/example_datasets.py for tasks to queue
[2024-05-30T07:45:23.302+0000] {logging_mixin.py:188} INFO - [2024-05-30T07:45:23.302+0000] {dagbag.py:545} INFO - Filling up the DagBag from /home/airflow/.local/lib/python3.12/site-packages/airflow/example_dags/example_datasets.py
[2024-05-30T07:45:23.309+0000] {processor.py:840} INFO - DAG(s) 'dataset_consumes_unknown_never_scheduled', 'dataset_consumes_1_never_scheduled', 'dataset_produces_2', 'dataset_consumes_1', 'consume_1_or_both_2_and_3_with_dataset_expressions', 'dataset_consumes_1_and_2', 'consume_1_or_2_with_dataset_expressions', 'dataset_produces_1', 'conditional_dataset_and_time_based_timetable', 'consume_1_and_2_with_dataset_expressions' retrieved from /home/airflow/.local/lib/python3.12/site-packages/airflow/example_dags/example_datasets.py
[2024-05-30T07:45:23.328+0000] {logging_mixin.py:188} INFO - [2024-05-30T07:45:23.328+0000] {dag.py:3096} INFO - Sync 10 DAGs
[2024-05-30T07:45:23.339+0000] {logging_mixin.py:188} INFO - [2024-05-30T07:45:23.339+0000] {dag.py:3954} INFO - Setting next_dagrun for conditional_dataset_and_time_based_timetable to 2024-05-29 01:00:00+00:00, run_after=2024-05-29 01:00:00+00:00
[2024-05-30T07:45:23.341+0000] {logging_mixin.py:188} INFO - [2024-05-30T07:45:23.341+0000] {dag.py:3954} INFO - Setting next_dagrun for consume_1_and_2_with_dataset_expressions to None, run_after=None
[2024-05-30T07:45:23.342+0000] {logging_mixin.py:188} INFO - [2024-05-30T07:45:23.341+0000] {dag.py:3954} INFO - Setting next_dagrun for consume_1_or_2_with_dataset_expressions to None, run_after=None
[2024-05-30T07:45:23.342+0000] {logging_mixin.py:188} INFO - [2024-05-30T07:45:23.342+0000] {dag.py:3954} INFO - Setting next_dagrun for consume_1_or_both_2_and_3_with_dataset_expressions to None, run_after=None
[2024-05-30T07:45:23.343+0000] {logging_mixin.py:188} INFO - [2024-05-30T07:45:23.343+0000] {dag.py:3954} INFO - Setting next_dagrun for dataset_consumes_1 to None, run_after=None
[2024-05-30T07:45:23.343+0000] {logging_mixin.py:188} INFO - [2024-05-30T07:45:23.343+0000] {dag.py:3954} INFO - Setting next_dagrun for dataset_consumes_1_and_2 to None, run_after=None
[2024-05-30T07:45:23.344+0000] {logging_mixin.py:188} INFO - [2024-05-30T07:45:23.344+0000] {dag.py:3954} INFO - Setting next_dagrun for dataset_consumes_1_never_scheduled to None, run_after=None
[2024-05-30T07:45:23.344+0000] {logging_mixin.py:188} INFO - [2024-05-30T07:45:23.344+0000] {dag.py:3954} INFO - Setting next_dagrun for dataset_consumes_unknown_never_scheduled to None, run_after=None
[2024-05-30T07:45:23.345+0000] {logging_mixin.py:188} INFO - [2024-05-30T07:45:23.345+0000] {dag.py:3954} INFO - Setting next_dagrun for dataset_produces_1 to 2024-05-29 00:00:00+00:00, run_after=2024-05-30 00:00:00+00:00
[2024-05-30T07:45:23.346+0000] {logging_mixin.py:188} INFO - [2024-05-30T07:45:23.345+0000] {dag.py:3954} INFO - Setting next_dagrun for dataset_produces_2 to None, run_after=None
[2024-05-30T07:45:23.357+0000] {processor.py:183} INFO - Processing /home/airflow/.local/lib/python3.12/site-packages/airflow/example_dags/example_datasets.py took 0.060 seconds
[2024-05-30T07:45:53.623+0000] {processor.py:161} INFO - Started process (PID=3123) to work on /home/airflow/.local/lib/python3.12/site-packages/airflow/example_dags/example_datasets.py
[2024-05-30T07:45:53.624+0000] {processor.py:830} INFO - Processing file /home/airflow/.local/lib/python3.12/site-packages/airflow/example_dags/example_datasets.py for tasks to queue
[2024-05-30T07:45:53.625+0000] {logging_mixin.py:188} INFO - [2024-05-30T07:45:53.625+0000] {dagbag.py:545} INFO - Filling up the DagBag from /home/airflow/.local/lib/python3.12/site-packages/airflow/example_dags/example_datasets.py
[2024-05-30T07:45:53.631+0000] {processor.py:840} INFO - DAG(s) 'consume_1_and_2_with_dataset_expressions', 'dataset_consumes_1_and_2', 'dataset_produces_1', 'conditional_dataset_and_time_based_timetable', 'dataset_consumes_unknown_never_scheduled', 'dataset_consumes_1_never_scheduled', 'consume_1_or_both_2_and_3_with_dataset_expressions', 'dataset_produces_2', 'dataset_consumes_1', 'consume_1_or_2_with_dataset_expressions' retrieved from /home/airflow/.local/lib/python3.12/site-packages/airflow/example_dags/example_datasets.py
[2024-05-30T07:45:53.650+0000] {logging_mixin.py:188} INFO - [2024-05-30T07:45:53.650+0000] {dag.py:3096} INFO - Sync 10 DAGs
[2024-05-30T07:45:53.661+0000] {logging_mixin.py:188} INFO - [2024-05-30T07:45:53.661+0000] {dag.py:3954} INFO - Setting next_dagrun for conditional_dataset_and_time_based_timetable to 2024-05-29 01:00:00+00:00, run_after=2024-05-29 01:00:00+00:00
[2024-05-30T07:45:53.662+0000] {logging_mixin.py:188} INFO - [2024-05-30T07:45:53.662+0000] {dag.py:3954} INFO - Setting next_dagrun for consume_1_and_2_with_dataset_expressions to None, run_after=None
[2024-05-30T07:45:53.663+0000] {logging_mixin.py:188} INFO - [2024-05-30T07:45:53.663+0000] {dag.py:3954} INFO - Setting next_dagrun for consume_1_or_2_with_dataset_expressions to None, run_after=None
[2024-05-30T07:45:53.663+0000] {logging_mixin.py:188} INFO - [2024-05-30T07:45:53.663+0000] {dag.py:3954} INFO - Setting next_dagrun for consume_1_or_both_2_and_3_with_dataset_expressions to None, run_after=None
[2024-05-30T07:45:53.664+0000] {logging_mixin.py:188} INFO - [2024-05-30T07:45:53.664+0000] {dag.py:3954} INFO - Setting next_dagrun for dataset_consumes_1 to None, run_after=None
[2024-05-30T07:45:53.665+0000] {logging_mixin.py:188} INFO - [2024-05-30T07:45:53.664+0000] {dag.py:3954} INFO - Setting next_dagrun for dataset_consumes_1_and_2 to None, run_after=None
[2024-05-30T07:45:53.665+0000] {logging_mixin.py:188} INFO - [2024-05-30T07:45:53.665+0000] {dag.py:3954} INFO - Setting next_dagrun for dataset_consumes_1_never_scheduled to None, run_after=None
[2024-05-30T07:45:53.665+0000] {logging_mixin.py:188} INFO - [2024-05-30T07:45:53.665+0000] {dag.py:3954} INFO - Setting next_dagrun for dataset_consumes_unknown_never_scheduled to None, run_after=None
[2024-05-30T07:45:53.666+0000] {logging_mixin.py:188} INFO - [2024-05-30T07:45:53.666+0000] {dag.py:3954} INFO - Setting next_dagrun for dataset_produces_1 to 2024-05-29 00:00:00+00:00, run_after=2024-05-30 00:00:00+00:00
[2024-05-30T07:45:53.667+0000] {logging_mixin.py:188} INFO - [2024-05-30T07:45:53.667+0000] {dag.py:3954} INFO - Setting next_dagrun for dataset_produces_2 to None, run_after=None
[2024-05-30T07:45:53.679+0000] {processor.py:183} INFO - Processing /home/airflow/.local/lib/python3.12/site-packages/airflow/example_dags/example_datasets.py took 0.059 seconds
[2024-05-30T07:46:24.252+0000] {processor.py:161} INFO - Started process (PID=3383) to work on /home/airflow/.local/lib/python3.12/site-packages/airflow/example_dags/example_datasets.py
[2024-05-30T07:46:24.253+0000] {processor.py:830} INFO - Processing file /home/airflow/.local/lib/python3.12/site-packages/airflow/example_dags/example_datasets.py for tasks to queue
[2024-05-30T07:46:24.254+0000] {logging_mixin.py:188} INFO - [2024-05-30T07:46:24.253+0000] {dagbag.py:545} INFO - Filling up the DagBag from /home/airflow/.local/lib/python3.12/site-packages/airflow/example_dags/example_datasets.py
[2024-05-30T07:46:24.260+0000] {processor.py:840} INFO - DAG(s) 'consume_1_or_both_2_and_3_with_dataset_expressions', 'dataset_consumes_1_never_scheduled', 'dataset_consumes_unknown_never_scheduled', 'dataset_consumes_1', 'consume_1_and_2_with_dataset_expressions', 'dataset_consumes_1_and_2', 'consume_1_or_2_with_dataset_expressions', 'conditional_dataset_and_time_based_timetable', 'dataset_produces_2', 'dataset_produces_1' retrieved from /home/airflow/.local/lib/python3.12/site-packages/airflow/example_dags/example_datasets.py
[2024-05-30T07:46:24.278+0000] {logging_mixin.py:188} INFO - [2024-05-30T07:46:24.278+0000] {dag.py:3096} INFO - Sync 10 DAGs
[2024-05-30T07:46:24.289+0000] {logging_mixin.py:188} INFO - [2024-05-30T07:46:24.289+0000] {dag.py:3954} INFO - Setting next_dagrun for conditional_dataset_and_time_based_timetable to 2024-05-29 01:00:00+00:00, run_after=2024-05-29 01:00:00+00:00
[2024-05-30T07:46:24.291+0000] {logging_mixin.py:188} INFO - [2024-05-30T07:46:24.291+0000] {dag.py:3954} INFO - Setting next_dagrun for consume_1_and_2_with_dataset_expressions to None, run_after=None
[2024-05-30T07:46:24.291+0000] {logging_mixin.py:188} INFO - [2024-05-30T07:46:24.291+0000] {dag.py:3954} INFO - Setting next_dagrun for consume_1_or_2_with_dataset_expressions to None, run_after=None
[2024-05-30T07:46:24.292+0000] {logging_mixin.py:188} INFO - [2024-05-30T07:46:24.292+0000] {dag.py:3954} INFO - Setting next_dagrun for consume_1_or_both_2_and_3_with_dataset_expressions to None, run_after=None
[2024-05-30T07:46:24.292+0000] {logging_mixin.py:188} INFO - [2024-05-30T07:46:24.292+0000] {dag.py:3954} INFO - Setting next_dagrun for dataset_consumes_1 to None, run_after=None
[2024-05-30T07:46:24.293+0000] {logging_mixin.py:188} INFO - [2024-05-30T07:46:24.293+0000] {dag.py:3954} INFO - Setting next_dagrun for dataset_consumes_1_and_2 to None, run_after=None
[2024-05-30T07:46:24.293+0000] {logging_mixin.py:188} INFO - [2024-05-30T07:46:24.293+0000] {dag.py:3954} INFO - Setting next_dagrun for dataset_consumes_1_never_scheduled to None, run_after=None
[2024-05-30T07:46:24.294+0000] {logging_mixin.py:188} INFO - [2024-05-30T07:46:24.294+0000] {dag.py:3954} INFO - Setting next_dagrun for dataset_consumes_unknown_never_scheduled to None, run_after=None
[2024-05-30T07:46:24.295+0000] {logging_mixin.py:188} INFO - [2024-05-30T07:46:24.295+0000] {dag.py:3954} INFO - Setting next_dagrun for dataset_produces_1 to 2024-05-29 00:00:00+00:00, run_after=2024-05-30 00:00:00+00:00
[2024-05-30T07:46:24.295+0000] {logging_mixin.py:188} INFO - [2024-05-30T07:46:24.295+0000] {dag.py:3954} INFO - Setting next_dagrun for dataset_produces_2 to None, run_after=None
[2024-05-30T07:46:24.308+0000] {processor.py:183} INFO - Processing /home/airflow/.local/lib/python3.12/site-packages/airflow/example_dags/example_datasets.py took 0.058 seconds
[2024-05-30T07:46:54.901+0000] {processor.py:161} INFO - Started process (PID=3795) to work on /home/airflow/.local/lib/python3.12/site-packages/airflow/example_dags/example_datasets.py
[2024-05-30T07:46:54.902+0000] {processor.py:830} INFO - Processing file /home/airflow/.local/lib/python3.12/site-packages/airflow/example_dags/example_datasets.py for tasks to queue
[2024-05-30T07:46:54.903+0000] {logging_mixin.py:188} INFO - [2024-05-30T07:46:54.903+0000] {dagbag.py:545} INFO - Filling up the DagBag from /home/airflow/.local/lib/python3.12/site-packages/airflow/example_dags/example_datasets.py
[2024-05-30T07:46:54.910+0000] {processor.py:840} INFO - DAG(s) 'dataset_consumes_1', 'dataset_consumes_1_never_scheduled', 'conditional_dataset_and_time_based_timetable', 'consume_1_or_2_with_dataset_expressions', 'dataset_consumes_unknown_never_scheduled', 'dataset_produces_1', 'consume_1_or_both_2_and_3_with_dataset_expressions', 'dataset_produces_2', 'consume_1_and_2_with_dataset_expressions', 'dataset_consumes_1_and_2' retrieved from /home/airflow/.local/lib/python3.12/site-packages/airflow/example_dags/example_datasets.py
[2024-05-30T07:46:54.929+0000] {logging_mixin.py:188} INFO - [2024-05-30T07:46:54.929+0000] {dag.py:3096} INFO - Sync 10 DAGs
[2024-05-30T07:46:54.940+0000] {logging_mixin.py:188} INFO - [2024-05-30T07:46:54.940+0000] {dag.py:3954} INFO - Setting next_dagrun for conditional_dataset_and_time_based_timetable to 2024-05-29 01:00:00+00:00, run_after=2024-05-29 01:00:00+00:00
[2024-05-30T07:46:54.942+0000] {logging_mixin.py:188} INFO - [2024-05-30T07:46:54.942+0000] {dag.py:3954} INFO - Setting next_dagrun for consume_1_and_2_with_dataset_expressions to None, run_after=None
[2024-05-30T07:46:54.943+0000] {logging_mixin.py:188} INFO - [2024-05-30T07:46:54.943+0000] {dag.py:3954} INFO - Setting next_dagrun for consume_1_or_2_with_dataset_expressions to None, run_after=None
[2024-05-30T07:46:54.943+0000] {logging_mixin.py:188} INFO - [2024-05-30T07:46:54.943+0000] {dag.py:3954} INFO - Setting next_dagrun for consume_1_or_both_2_and_3_with_dataset_expressions to None, run_after=None
[2024-05-30T07:46:54.944+0000] {logging_mixin.py:188} INFO - [2024-05-30T07:46:54.944+0000] {dag.py:3954} INFO - Setting next_dagrun for dataset_consumes_1 to None, run_after=None
[2024-05-30T07:46:54.944+0000] {logging_mixin.py:188} INFO - [2024-05-30T07:46:54.944+0000] {dag.py:3954} INFO - Setting next_dagrun for dataset_consumes_1_and_2 to None, run_after=None
[2024-05-30T07:46:54.945+0000] {logging_mixin.py:188} INFO - [2024-05-30T07:46:54.945+0000] {dag.py:3954} INFO - Setting next_dagrun for dataset_consumes_1_never_scheduled to None, run_after=None
[2024-05-30T07:46:54.945+0000] {logging_mixin.py:188} INFO - [2024-05-30T07:46:54.945+0000] {dag.py:3954} INFO - Setting next_dagrun for dataset_consumes_unknown_never_scheduled to None, run_after=None
[2024-05-30T07:46:54.946+0000] {logging_mixin.py:188} INFO - [2024-05-30T07:46:54.946+0000] {dag.py:3954} INFO - Setting next_dagrun for dataset_produces_1 to 2024-05-29 00:00:00+00:00, run_after=2024-05-30 00:00:00+00:00
[2024-05-30T07:46:54.947+0000] {logging_mixin.py:188} INFO - [2024-05-30T07:46:54.947+0000] {dag.py:3954} INFO - Setting next_dagrun for dataset_produces_2 to None, run_after=None
[2024-05-30T07:46:54.959+0000] {processor.py:183} INFO - Processing /home/airflow/.local/lib/python3.12/site-packages/airflow/example_dags/example_datasets.py took 0.061 seconds
[2024-05-30T07:47:25.638+0000] {processor.py:161} INFO - Started process (PID=4055) to work on /home/airflow/.local/lib/python3.12/site-packages/airflow/example_dags/example_datasets.py
[2024-05-30T07:47:25.639+0000] {processor.py:830} INFO - Processing file /home/airflow/.local/lib/python3.12/site-packages/airflow/example_dags/example_datasets.py for tasks to queue
[2024-05-30T07:47:25.640+0000] {logging_mixin.py:188} INFO - [2024-05-30T07:47:25.640+0000] {dagbag.py:545} INFO - Filling up the DagBag from /home/airflow/.local/lib/python3.12/site-packages/airflow/example_dags/example_datasets.py
[2024-05-30T07:47:25.647+0000] {processor.py:840} INFO - DAG(s) 'consume_1_or_2_with_dataset_expressions', 'dataset_consumes_1_and_2', 'consume_1_or_both_2_and_3_with_dataset_expressions', 'dataset_consumes_unknown_never_scheduled', 'dataset_produces_1', 'dataset_consumes_1_never_scheduled', 'conditional_dataset_and_time_based_timetable', 'dataset_consumes_1', 'dataset_produces_2', 'consume_1_and_2_with_dataset_expressions' retrieved from /home/airflow/.local/lib/python3.12/site-packages/airflow/example_dags/example_datasets.py
[2024-05-30T07:47:25.667+0000] {logging_mixin.py:188} INFO - [2024-05-30T07:47:25.667+0000] {dag.py:3096} INFO - Sync 10 DAGs
[2024-05-30T07:47:25.678+0000] {logging_mixin.py:188} INFO - [2024-05-30T07:47:25.677+0000] {dag.py:3954} INFO - Setting next_dagrun for conditional_dataset_and_time_based_timetable to 2024-05-29 01:00:00+00:00, run_after=2024-05-29 01:00:00+00:00
[2024-05-30T07:47:25.679+0000] {logging_mixin.py:188} INFO - [2024-05-30T07:47:25.679+0000] {dag.py:3954} INFO - Setting next_dagrun for consume_1_and_2_with_dataset_expressions to None, run_after=None
[2024-05-30T07:47:25.680+0000] {logging_mixin.py:188} INFO - [2024-05-30T07:47:25.680+0000] {dag.py:3954} INFO - Setting next_dagrun for consume_1_or_2_with_dataset_expressions to None, run_after=None
[2024-05-30T07:47:25.680+0000] {logging_mixin.py:188} INFO - [2024-05-30T07:47:25.680+0000] {dag.py:3954} INFO - Setting next_dagrun for consume_1_or_both_2_and_3_with_dataset_expressions to None, run_after=None
[2024-05-30T07:47:25.681+0000] {logging_mixin.py:188} INFO - [2024-05-30T07:47:25.681+0000] {dag.py:3954} INFO - Setting next_dagrun for dataset_consumes_1 to None, run_after=None
[2024-05-30T07:47:25.681+0000] {logging_mixin.py:188} INFO - [2024-05-30T07:47:25.681+0000] {dag.py:3954} INFO - Setting next_dagrun for dataset_consumes_1_and_2 to None, run_after=None
[2024-05-30T07:47:25.682+0000] {logging_mixin.py:188} INFO - [2024-05-30T07:47:25.682+0000] {dag.py:3954} INFO - Setting next_dagrun for dataset_consumes_1_never_scheduled to None, run_after=None
[2024-05-30T07:47:25.682+0000] {logging_mixin.py:188} INFO - [2024-05-30T07:47:25.682+0000] {dag.py:3954} INFO - Setting next_dagrun for dataset_consumes_unknown_never_scheduled to None, run_after=None
[2024-05-30T07:47:25.683+0000] {logging_mixin.py:188} INFO - [2024-05-30T07:47:25.683+0000] {dag.py:3954} INFO - Setting next_dagrun for dataset_produces_1 to 2024-05-29 00:00:00+00:00, run_after=2024-05-30 00:00:00+00:00
[2024-05-30T07:47:25.684+0000] {logging_mixin.py:188} INFO - [2024-05-30T07:47:25.684+0000] {dag.py:3954} INFO - Setting next_dagrun for dataset_produces_2 to None, run_after=None
[2024-05-30T07:47:25.697+0000] {processor.py:183} INFO - Processing /home/airflow/.local/lib/python3.12/site-packages/airflow/example_dags/example_datasets.py took 0.061 seconds
[2024-05-30T07:47:56.283+0000] {processor.py:161} INFO - Started process (PID=4317) to work on /home/airflow/.local/lib/python3.12/site-packages/airflow/example_dags/example_datasets.py
[2024-05-30T07:47:56.284+0000] {processor.py:830} INFO - Processing file /home/airflow/.local/lib/python3.12/site-packages/airflow/example_dags/example_datasets.py for tasks to queue
[2024-05-30T07:47:56.285+0000] {logging_mixin.py:188} INFO - [2024-05-30T07:47:56.285+0000] {dagbag.py:545} INFO - Filling up the DagBag from /home/airflow/.local/lib/python3.12/site-packages/airflow/example_dags/example_datasets.py
[2024-05-30T07:47:56.292+0000] {processor.py:840} INFO - DAG(s) 'consume_1_or_2_with_dataset_expressions', 'consume_1_or_both_2_and_3_with_dataset_expressions', 'conditional_dataset_and_time_based_timetable', 'dataset_consumes_unknown_never_scheduled', 'dataset_produces_2', 'consume_1_and_2_with_dataset_expressions', 'dataset_produces_1', 'dataset_consumes_1_never_scheduled', 'dataset_consumes_1_and_2', 'dataset_consumes_1' retrieved from /home/airflow/.local/lib/python3.12/site-packages/airflow/example_dags/example_datasets.py
[2024-05-30T07:47:56.313+0000] {logging_mixin.py:188} INFO - [2024-05-30T07:47:56.313+0000] {dag.py:3096} INFO - Sync 10 DAGs
[2024-05-30T07:47:56.324+0000] {logging_mixin.py:188} INFO - [2024-05-30T07:47:56.323+0000] {dag.py:3954} INFO - Setting next_dagrun for conditional_dataset_and_time_based_timetable to 2024-05-29 01:00:00+00:00, run_after=2024-05-29 01:00:00+00:00
[2024-05-30T07:47:56.325+0000] {logging_mixin.py:188} INFO - [2024-05-30T07:47:56.325+0000] {dag.py:3954} INFO - Setting next_dagrun for consume_1_and_2_with_dataset_expressions to None, run_after=None
[2024-05-30T07:47:56.326+0000] {logging_mixin.py:188} INFO - [2024-05-30T07:47:56.326+0000] {dag.py:3954} INFO - Setting next_dagrun for consume_1_or_2_with_dataset_expressions to None, run_after=None
[2024-05-30T07:47:56.326+0000] {logging_mixin.py:188} INFO - [2024-05-30T07:47:56.326+0000] {dag.py:3954} INFO - Setting next_dagrun for consume_1_or_both_2_and_3_with_dataset_expressions to None, run_after=None
[2024-05-30T07:47:56.327+0000] {logging_mixin.py:188} INFO - [2024-05-30T07:47:56.327+0000] {dag.py:3954} INFO - Setting next_dagrun for dataset_consumes_1 to None, run_after=None
[2024-05-30T07:47:56.328+0000] {logging_mixin.py:188} INFO - [2024-05-30T07:47:56.328+0000] {dag.py:3954} INFO - Setting next_dagrun for dataset_consumes_1_and_2 to None, run_after=None
[2024-05-30T07:47:56.328+0000] {logging_mixin.py:188} INFO - [2024-05-30T07:47:56.328+0000] {dag.py:3954} INFO - Setting next_dagrun for dataset_consumes_1_never_scheduled to None, run_after=None
[2024-05-30T07:47:56.329+0000] {logging_mixin.py:188} INFO - [2024-05-30T07:47:56.329+0000] {dag.py:3954} INFO - Setting next_dagrun for dataset_consumes_unknown_never_scheduled to None, run_after=None
[2024-05-30T07:47:56.329+0000] {logging_mixin.py:188} INFO - [2024-05-30T07:47:56.329+0000] {dag.py:3954} INFO - Setting next_dagrun for dataset_produces_1 to 2024-05-29 00:00:00+00:00, run_after=2024-05-30 00:00:00+00:00
[2024-05-30T07:47:56.330+0000] {logging_mixin.py:188} INFO - [2024-05-30T07:47:56.330+0000] {dag.py:3954} INFO - Setting next_dagrun for dataset_produces_2 to None, run_after=None
[2024-05-30T07:47:56.342+0000] {processor.py:183} INFO - Processing /home/airflow/.local/lib/python3.12/site-packages/airflow/example_dags/example_datasets.py took 0.062 seconds
[2024-05-30T07:48:27.057+0000] {processor.py:161} INFO - Started process (PID=4579) to work on /home/airflow/.local/lib/python3.12/site-packages/airflow/example_dags/example_datasets.py
[2024-05-30T07:48:27.057+0000] {processor.py:830} INFO - Processing file /home/airflow/.local/lib/python3.12/site-packages/airflow/example_dags/example_datasets.py for tasks to queue
[2024-05-30T07:48:27.058+0000] {logging_mixin.py:188} INFO - [2024-05-30T07:48:27.058+0000] {dagbag.py:545} INFO - Filling up the DagBag from /home/airflow/.local/lib/python3.12/site-packages/airflow/example_dags/example_datasets.py
[2024-05-30T07:48:27.066+0000] {processor.py:840} INFO - DAG(s) 'dataset_consumes_1_never_scheduled', 'dataset_consumes_1_and_2', 'consume_1_or_both_2_and_3_with_dataset_expressions', 'dataset_produces_2', 'dataset_consumes_unknown_never_scheduled', 'conditional_dataset_and_time_based_timetable', 'dataset_consumes_1', 'consume_1_and_2_with_dataset_expressions', 'consume_1_or_2_with_dataset_expressions', 'dataset_produces_1' retrieved from /home/airflow/.local/lib/python3.12/site-packages/airflow/example_dags/example_datasets.py
[2024-05-30T07:48:27.086+0000] {logging_mixin.py:188} INFO - [2024-05-30T07:48:27.085+0000] {dag.py:3096} INFO - Sync 10 DAGs
[2024-05-30T07:48:27.097+0000] {logging_mixin.py:188} INFO - [2024-05-30T07:48:27.096+0000] {dag.py:3954} INFO - Setting next_dagrun for conditional_dataset_and_time_based_timetable to 2024-05-29 01:00:00+00:00, run_after=2024-05-29 01:00:00+00:00
[2024-05-30T07:48:27.098+0000] {logging_mixin.py:188} INFO - [2024-05-30T07:48:27.098+0000] {dag.py:3954} INFO - Setting next_dagrun for consume_1_and_2_with_dataset_expressions to None, run_after=None
[2024-05-30T07:48:27.099+0000] {logging_mixin.py:188} INFO - [2024-05-30T07:48:27.099+0000] {dag.py:3954} INFO - Setting next_dagrun for consume_1_or_2_with_dataset_expressions to None, run_after=None
[2024-05-30T07:48:27.099+0000] {logging_mixin.py:188} INFO - [2024-05-30T07:48:27.099+0000] {dag.py:3954} INFO - Setting next_dagrun for consume_1_or_both_2_and_3_with_dataset_expressions to None, run_after=None
[2024-05-30T07:48:27.100+0000] {logging_mixin.py:188} INFO - [2024-05-30T07:48:27.100+0000] {dag.py:3954} INFO - Setting next_dagrun for dataset_consumes_1 to None, run_after=None
[2024-05-30T07:48:27.100+0000] {logging_mixin.py:188} INFO - [2024-05-30T07:48:27.100+0000] {dag.py:3954} INFO - Setting next_dagrun for dataset_consumes_1_and_2 to None, run_after=None
[2024-05-30T07:48:27.101+0000] {logging_mixin.py:188} INFO - [2024-05-30T07:48:27.100+0000] {dag.py:3954} INFO - Setting next_dagrun for dataset_consumes_1_never_scheduled to None, run_after=None
[2024-05-30T07:48:27.101+0000] {logging_mixin.py:188} INFO - [2024-05-30T07:48:27.101+0000] {dag.py:3954} INFO - Setting next_dagrun for dataset_consumes_unknown_never_scheduled to None, run_after=None
[2024-05-30T07:48:27.102+0000] {logging_mixin.py:188} INFO - [2024-05-30T07:48:27.102+0000] {dag.py:3954} INFO - Setting next_dagrun for dataset_produces_1 to 2024-05-29 00:00:00+00:00, run_after=2024-05-30 00:00:00+00:00
[2024-05-30T07:48:27.102+0000] {logging_mixin.py:188} INFO - [2024-05-30T07:48:27.102+0000] {dag.py:3954} INFO - Setting next_dagrun for dataset_produces_2 to None, run_after=None
[2024-05-30T07:48:27.116+0000] {processor.py:183} INFO - Processing /home/airflow/.local/lib/python3.12/site-packages/airflow/example_dags/example_datasets.py took 0.062 seconds
[2024-05-30T07:48:57.168+0000] {processor.py:161} INFO - Started process (PID=4843) to work on /home/airflow/.local/lib/python3.12/site-packages/airflow/example_dags/example_datasets.py
[2024-05-30T07:48:57.169+0000] {processor.py:830} INFO - Processing file /home/airflow/.local/lib/python3.12/site-packages/airflow/example_dags/example_datasets.py for tasks to queue
[2024-05-30T07:48:57.170+0000] {logging_mixin.py:188} INFO - [2024-05-30T07:48:57.170+0000] {dagbag.py:545} INFO - Filling up the DagBag from /home/airflow/.local/lib/python3.12/site-packages/airflow/example_dags/example_datasets.py
[2024-05-30T07:48:57.176+0000] {processor.py:840} INFO - DAG(s) 'dataset_consumes_1_never_scheduled', 'dataset_produces_1', 'dataset_consumes_1_and_2', 'consume_1_or_2_with_dataset_expressions', 'dataset_consumes_1', 'dataset_consumes_unknown_never_scheduled', 'consume_1_or_both_2_and_3_with_dataset_expressions', 'conditional_dataset_and_time_based_timetable', 'consume_1_and_2_with_dataset_expressions', 'dataset_produces_2' retrieved from /home/airflow/.local/lib/python3.12/site-packages/airflow/example_dags/example_datasets.py
[2024-05-30T07:48:57.195+0000] {logging_mixin.py:188} INFO - [2024-05-30T07:48:57.195+0000] {dag.py:3096} INFO - Sync 10 DAGs
[2024-05-30T07:48:57.205+0000] {logging_mixin.py:188} INFO - [2024-05-30T07:48:57.205+0000] {dag.py:3954} INFO - Setting next_dagrun for conditional_dataset_and_time_based_timetable to 2024-05-29 01:00:00+00:00, run_after=2024-05-29 01:00:00+00:00
[2024-05-30T07:48:57.207+0000] {logging_mixin.py:188} INFO - [2024-05-30T07:48:57.207+0000] {dag.py:3954} INFO - Setting next_dagrun for consume_1_and_2_with_dataset_expressions to None, run_after=None
[2024-05-30T07:48:57.207+0000] {logging_mixin.py:188} INFO - [2024-05-30T07:48:57.207+0000] {dag.py:3954} INFO - Setting next_dagrun for consume_1_or_2_with_dataset_expressions to None, run_after=None
[2024-05-30T07:48:57.208+0000] {logging_mixin.py:188} INFO - [2024-05-30T07:48:57.208+0000] {dag.py:3954} INFO - Setting next_dagrun for consume_1_or_both_2_and_3_with_dataset_expressions to None, run_after=None
[2024-05-30T07:48:57.208+0000] {logging_mixin.py:188} INFO - [2024-05-30T07:48:57.208+0000] {dag.py:3954} INFO - Setting next_dagrun for dataset_consumes_1 to None, run_after=None
[2024-05-30T07:48:57.209+0000] {logging_mixin.py:188} INFO - [2024-05-30T07:48:57.209+0000] {dag.py:3954} INFO - Setting next_dagrun for dataset_consumes_1_and_2 to None, run_after=None
[2024-05-30T07:48:57.210+0000] {logging_mixin.py:188} INFO - [2024-05-30T07:48:57.210+0000] {dag.py:3954} INFO - Setting next_dagrun for dataset_consumes_1_never_scheduled to None, run_after=None
[2024-05-30T07:48:57.210+0000] {logging_mixin.py:188} INFO - [2024-05-30T07:48:57.210+0000] {dag.py:3954} INFO - Setting next_dagrun for dataset_consumes_unknown_never_scheduled to None, run_after=None
[2024-05-30T07:48:57.211+0000] {logging_mixin.py:188} INFO - [2024-05-30T07:48:57.211+0000] {dag.py:3954} INFO - Setting next_dagrun for dataset_produces_1 to 2024-05-29 00:00:00+00:00, run_after=2024-05-30 00:00:00+00:00
[2024-05-30T07:48:57.212+0000] {logging_mixin.py:188} INFO - [2024-05-30T07:48:57.212+0000] {dag.py:3954} INFO - Setting next_dagrun for dataset_produces_2 to None, run_after=None
[2024-05-30T07:48:57.223+0000] {processor.py:183} INFO - Processing /home/airflow/.local/lib/python3.12/site-packages/airflow/example_dags/example_datasets.py took 0.058 seconds
[2024-05-30T07:49:27.867+0000] {processor.py:161} INFO - Started process (PID=5105) to work on /home/airflow/.local/lib/python3.12/site-packages/airflow/example_dags/example_datasets.py
[2024-05-30T07:49:27.867+0000] {processor.py:830} INFO - Processing file /home/airflow/.local/lib/python3.12/site-packages/airflow/example_dags/example_datasets.py for tasks to queue
[2024-05-30T07:49:27.869+0000] {logging_mixin.py:188} INFO - [2024-05-30T07:49:27.868+0000] {dagbag.py:545} INFO - Filling up the DagBag from /home/airflow/.local/lib/python3.12/site-packages/airflow/example_dags/example_datasets.py
[2024-05-30T07:49:27.876+0000] {processor.py:840} INFO - DAG(s) 'dataset_produces_2', 'consume_1_or_both_2_and_3_with_dataset_expressions', 'dataset_consumes_1_never_scheduled', 'consume_1_or_2_with_dataset_expressions', 'conditional_dataset_and_time_based_timetable', 'consume_1_and_2_with_dataset_expressions', 'dataset_consumes_unknown_never_scheduled', 'dataset_produces_1', 'dataset_consumes_1', 'dataset_consumes_1_and_2' retrieved from /home/airflow/.local/lib/python3.12/site-packages/airflow/example_dags/example_datasets.py
[2024-05-30T07:49:27.895+0000] {logging_mixin.py:188} INFO - [2024-05-30T07:49:27.895+0000] {dag.py:3096} INFO - Sync 10 DAGs
[2024-05-30T07:49:27.905+0000] {logging_mixin.py:188} INFO - [2024-05-30T07:49:27.905+0000] {dag.py:3954} INFO - Setting next_dagrun for conditional_dataset_and_time_based_timetable to 2024-05-29 01:00:00+00:00, run_after=2024-05-29 01:00:00+00:00
[2024-05-30T07:49:27.906+0000] {logging_mixin.py:188} INFO - [2024-05-30T07:49:27.906+0000] {dag.py:3954} INFO - Setting next_dagrun for consume_1_and_2_with_dataset_expressions to None, run_after=None
[2024-05-30T07:49:27.907+0000] {logging_mixin.py:188} INFO - [2024-05-30T07:49:27.907+0000] {dag.py:3954} INFO - Setting next_dagrun for consume_1_or_2_with_dataset_expressions to None, run_after=None
[2024-05-30T07:49:27.907+0000] {logging_mixin.py:188} INFO - [2024-05-30T07:49:27.907+0000] {dag.py:3954} INFO - Setting next_dagrun for consume_1_or_both_2_and_3_with_dataset_expressions to None, run_after=None
[2024-05-30T07:49:27.908+0000] {logging_mixin.py:188} INFO - [2024-05-30T07:49:27.908+0000] {dag.py:3954} INFO - Setting next_dagrun for dataset_consumes_1 to None, run_after=None
[2024-05-30T07:49:27.908+0000] {logging_mixin.py:188} INFO - [2024-05-30T07:49:27.908+0000] {dag.py:3954} INFO - Setting next_dagrun for dataset_consumes_1_and_2 to None, run_after=None
[2024-05-30T07:49:27.909+0000] {logging_mixin.py:188} INFO - [2024-05-30T07:49:27.909+0000] {dag.py:3954} INFO - Setting next_dagrun for dataset_consumes_1_never_scheduled to None, run_after=None
[2024-05-30T07:49:27.909+0000] {logging_mixin.py:188} INFO - [2024-05-30T07:49:27.909+0000] {dag.py:3954} INFO - Setting next_dagrun for dataset_consumes_unknown_never_scheduled to None, run_after=None
[2024-05-30T07:49:27.910+0000] {logging_mixin.py:188} INFO - [2024-05-30T07:49:27.910+0000] {dag.py:3954} INFO - Setting next_dagrun for dataset_produces_1 to 2024-05-29 00:00:00+00:00, run_after=2024-05-30 00:00:00+00:00
[2024-05-30T07:49:27.911+0000] {logging_mixin.py:188} INFO - [2024-05-30T07:49:27.911+0000] {dag.py:3954} INFO - Setting next_dagrun for dataset_produces_2 to None, run_after=None
[2024-05-30T07:49:27.922+0000] {processor.py:183} INFO - Processing /home/airflow/.local/lib/python3.12/site-packages/airflow/example_dags/example_datasets.py took 0.058 seconds
[2024-05-30T07:49:58.588+0000] {processor.py:161} INFO - Started process (PID=5365) to work on /home/airflow/.local/lib/python3.12/site-packages/airflow/example_dags/example_datasets.py
[2024-05-30T07:49:58.588+0000] {processor.py:830} INFO - Processing file /home/airflow/.local/lib/python3.12/site-packages/airflow/example_dags/example_datasets.py for tasks to queue
[2024-05-30T07:49:58.589+0000] {logging_mixin.py:188} INFO - [2024-05-30T07:49:58.589+0000] {dagbag.py:545} INFO - Filling up the DagBag from /home/airflow/.local/lib/python3.12/site-packages/airflow/example_dags/example_datasets.py
[2024-05-30T07:49:58.595+0000] {processor.py:840} INFO - DAG(s) 'dataset_produces_1', 'dataset_produces_2', 'consume_1_or_2_with_dataset_expressions', 'consume_1_and_2_with_dataset_expressions', 'conditional_dataset_and_time_based_timetable', 'dataset_consumes_1_never_scheduled', 'dataset_consumes_unknown_never_scheduled', 'consume_1_or_both_2_and_3_with_dataset_expressions', 'dataset_consumes_1_and_2', 'dataset_consumes_1' retrieved from /home/airflow/.local/lib/python3.12/site-packages/airflow/example_dags/example_datasets.py
[2024-05-30T07:49:58.615+0000] {logging_mixin.py:188} INFO - [2024-05-30T07:49:58.614+0000] {dag.py:3096} INFO - Sync 10 DAGs
[2024-05-30T07:49:58.625+0000] {logging_mixin.py:188} INFO - [2024-05-30T07:49:58.625+0000] {dag.py:3954} INFO - Setting next_dagrun for conditional_dataset_and_time_based_timetable to 2024-05-29 01:00:00+00:00, run_after=2024-05-29 01:00:00+00:00
[2024-05-30T07:49:58.627+0000] {logging_mixin.py:188} INFO - [2024-05-30T07:49:58.627+0000] {dag.py:3954} INFO - Setting next_dagrun for consume_1_and_2_with_dataset_expressions to None, run_after=None
[2024-05-30T07:49:58.627+0000] {logging_mixin.py:188} INFO - [2024-05-30T07:49:58.627+0000] {dag.py:3954} INFO - Setting next_dagrun for consume_1_or_2_with_dataset_expressions to None, run_after=None
[2024-05-30T07:49:58.628+0000] {logging_mixin.py:188} INFO - [2024-05-30T07:49:58.628+0000] {dag.py:3954} INFO - Setting next_dagrun for consume_1_or_both_2_and_3_with_dataset_expressions to None, run_after=None
[2024-05-30T07:49:58.628+0000] {logging_mixin.py:188} INFO - [2024-05-30T07:49:58.628+0000] {dag.py:3954} INFO - Setting next_dagrun for dataset_consumes_1 to None, run_after=None
[2024-05-30T07:49:58.629+0000] {logging_mixin.py:188} INFO - [2024-05-30T07:49:58.629+0000] {dag.py:3954} INFO - Setting next_dagrun for dataset_consumes_1_and_2 to None, run_after=None
[2024-05-30T07:49:58.629+0000] {logging_mixin.py:188} INFO - [2024-05-30T07:49:58.629+0000] {dag.py:3954} INFO - Setting next_dagrun for dataset_consumes_1_never_scheduled to None, run_after=None
[2024-05-30T07:49:58.630+0000] {logging_mixin.py:188} INFO - [2024-05-30T07:49:58.630+0000] {dag.py:3954} INFO - Setting next_dagrun for dataset_consumes_unknown_never_scheduled to None, run_after=None
[2024-05-30T07:49:58.631+0000] {logging_mixin.py:188} INFO - [2024-05-30T07:49:58.631+0000] {dag.py:3954} INFO - Setting next_dagrun for dataset_produces_1 to 2024-05-29 00:00:00+00:00, run_after=2024-05-30 00:00:00+00:00
[2024-05-30T07:49:58.631+0000] {logging_mixin.py:188} INFO - [2024-05-30T07:49:58.631+0000] {dag.py:3954} INFO - Setting next_dagrun for dataset_produces_2 to None, run_after=None
[2024-05-30T07:49:58.645+0000] {processor.py:183} INFO - Processing /home/airflow/.local/lib/python3.12/site-packages/airflow/example_dags/example_datasets.py took 0.060 seconds
[2024-05-30T07:50:29.202+0000] {processor.py:161} INFO - Started process (PID=5627) to work on /home/airflow/.local/lib/python3.12/site-packages/airflow/example_dags/example_datasets.py
[2024-05-30T07:50:29.203+0000] {processor.py:830} INFO - Processing file /home/airflow/.local/lib/python3.12/site-packages/airflow/example_dags/example_datasets.py for tasks to queue
[2024-05-30T07:50:29.204+0000] {logging_mixin.py:188} INFO - [2024-05-30T07:50:29.204+0000] {dagbag.py:545} INFO - Filling up the DagBag from /home/airflow/.local/lib/python3.12/site-packages/airflow/example_dags/example_datasets.py
[2024-05-30T07:50:29.210+0000] {processor.py:840} INFO - DAG(s) 'consume_1_or_2_with_dataset_expressions', 'dataset_consumes_1_and_2', 'dataset_consumes_1', 'dataset_produces_2', 'consume_1_or_both_2_and_3_with_dataset_expressions', 'dataset_consumes_1_never_scheduled', 'conditional_dataset_and_time_based_timetable', 'dataset_consumes_unknown_never_scheduled', 'dataset_produces_1', 'consume_1_and_2_with_dataset_expressions' retrieved from /home/airflow/.local/lib/python3.12/site-packages/airflow/example_dags/example_datasets.py
[2024-05-30T07:50:29.228+0000] {logging_mixin.py:188} INFO - [2024-05-30T07:50:29.228+0000] {dag.py:3096} INFO - Sync 10 DAGs
[2024-05-30T07:50:29.238+0000] {logging_mixin.py:188} INFO - [2024-05-30T07:50:29.238+0000] {dag.py:3954} INFO - Setting next_dagrun for conditional_dataset_and_time_based_timetable to 2024-05-29 01:00:00+00:00, run_after=2024-05-29 01:00:00+00:00
[2024-05-30T07:50:29.240+0000] {logging_mixin.py:188} INFO - [2024-05-30T07:50:29.240+0000] {dag.py:3954} INFO - Setting next_dagrun for consume_1_and_2_with_dataset_expressions to None, run_after=None
[2024-05-30T07:50:29.241+0000] {logging_mixin.py:188} INFO - [2024-05-30T07:50:29.241+0000] {dag.py:3954} INFO - Setting next_dagrun for consume_1_or_2_with_dataset_expressions to None, run_after=None
[2024-05-30T07:50:29.241+0000] {logging_mixin.py:188} INFO - [2024-05-30T07:50:29.241+0000] {dag.py:3954} INFO - Setting next_dagrun for consume_1_or_both_2_and_3_with_dataset_expressions to None, run_after=None
[2024-05-30T07:50:29.242+0000] {logging_mixin.py:188} INFO - [2024-05-30T07:50:29.242+0000] {dag.py:3954} INFO - Setting next_dagrun for dataset_consumes_1 to None, run_after=None
[2024-05-30T07:50:29.242+0000] {logging_mixin.py:188} INFO - [2024-05-30T07:50:29.242+0000] {dag.py:3954} INFO - Setting next_dagrun for dataset_consumes_1_and_2 to None, run_after=None
[2024-05-30T07:50:29.242+0000] {logging_mixin.py:188} INFO - [2024-05-30T07:50:29.242+0000] {dag.py:3954} INFO - Setting next_dagrun for dataset_consumes_1_never_scheduled to None, run_after=None
[2024-05-30T07:50:29.243+0000] {logging_mixin.py:188} INFO - [2024-05-30T07:50:29.243+0000] {dag.py:3954} INFO - Setting next_dagrun for dataset_consumes_unknown_never_scheduled to None, run_after=None
[2024-05-30T07:50:29.244+0000] {logging_mixin.py:188} INFO - [2024-05-30T07:50:29.244+0000] {dag.py:3954} INFO - Setting next_dagrun for dataset_produces_1 to 2024-05-29 00:00:00+00:00, run_after=2024-05-30 00:00:00+00:00
[2024-05-30T07:50:29.244+0000] {logging_mixin.py:188} INFO - [2024-05-30T07:50:29.244+0000] {dag.py:3954} INFO - Setting next_dagrun for dataset_produces_2 to None, run_after=None
[2024-05-30T07:50:29.256+0000] {processor.py:183} INFO - Processing /home/airflow/.local/lib/python3.12/site-packages/airflow/example_dags/example_datasets.py took 0.057 seconds
[2024-05-30T07:50:59.946+0000] {processor.py:161} INFO - Started process (PID=5890) to work on /home/airflow/.local/lib/python3.12/site-packages/airflow/example_dags/example_datasets.py
[2024-05-30T07:50:59.946+0000] {processor.py:830} INFO - Processing file /home/airflow/.local/lib/python3.12/site-packages/airflow/example_dags/example_datasets.py for tasks to queue
[2024-05-30T07:50:59.947+0000] {logging_mixin.py:188} INFO - [2024-05-30T07:50:59.947+0000] {dagbag.py:545} INFO - Filling up the DagBag from /home/airflow/.local/lib/python3.12/site-packages/airflow/example_dags/example_datasets.py
[2024-05-30T07:50:59.954+0000] {processor.py:840} INFO - DAG(s) 'dataset_produces_1', 'conditional_dataset_and_time_based_timetable', 'dataset_consumes_unknown_never_scheduled', 'dataset_consumes_1', 'consume_1_or_2_with_dataset_expressions', 'dataset_consumes_1_and_2', 'consume_1_and_2_with_dataset_expressions', 'consume_1_or_both_2_and_3_with_dataset_expressions', 'dataset_consumes_1_never_scheduled', 'dataset_produces_2' retrieved from /home/airflow/.local/lib/python3.12/site-packages/airflow/example_dags/example_datasets.py
[2024-05-30T07:50:59.972+0000] {logging_mixin.py:188} INFO - [2024-05-30T07:50:59.972+0000] {dag.py:3096} INFO - Sync 10 DAGs
[2024-05-30T07:50:59.983+0000] {logging_mixin.py:188} INFO - [2024-05-30T07:50:59.982+0000] {dag.py:3954} INFO - Setting next_dagrun for conditional_dataset_and_time_based_timetable to 2024-05-29 01:00:00+00:00, run_after=2024-05-29 01:00:00+00:00
[2024-05-30T07:50:59.984+0000] {logging_mixin.py:188} INFO - [2024-05-30T07:50:59.984+0000] {dag.py:3954} INFO - Setting next_dagrun for consume_1_and_2_with_dataset_expressions to None, run_after=None
[2024-05-30T07:50:59.985+0000] {logging_mixin.py:188} INFO - [2024-05-30T07:50:59.985+0000] {dag.py:3954} INFO - Setting next_dagrun for consume_1_or_2_with_dataset_expressions to None, run_after=None
[2024-05-30T07:50:59.985+0000] {logging_mixin.py:188} INFO - [2024-05-30T07:50:59.985+0000] {dag.py:3954} INFO - Setting next_dagrun for consume_1_or_both_2_and_3_with_dataset_expressions to None, run_after=None
[2024-05-30T07:50:59.986+0000] {logging_mixin.py:188} INFO - [2024-05-30T07:50:59.986+0000] {dag.py:3954} INFO - Setting next_dagrun for dataset_consumes_1 to None, run_after=None
[2024-05-30T07:50:59.986+0000] {logging_mixin.py:188} INFO - [2024-05-30T07:50:59.986+0000] {dag.py:3954} INFO - Setting next_dagrun for dataset_consumes_1_and_2 to None, run_after=None
[2024-05-30T07:50:59.987+0000] {logging_mixin.py:188} INFO - [2024-05-30T07:50:59.987+0000] {dag.py:3954} INFO - Setting next_dagrun for dataset_consumes_1_never_scheduled to None, run_after=None
[2024-05-30T07:50:59.987+0000] {logging_mixin.py:188} INFO - [2024-05-30T07:50:59.987+0000] {dag.py:3954} INFO - Setting next_dagrun for dataset_consumes_unknown_never_scheduled to None, run_after=None
[2024-05-30T07:50:59.988+0000] {logging_mixin.py:188} INFO - [2024-05-30T07:50:59.988+0000] {dag.py:3954} INFO - Setting next_dagrun for dataset_produces_1 to 2024-05-29 00:00:00+00:00, run_after=2024-05-30 00:00:00+00:00
[2024-05-30T07:50:59.989+0000] {logging_mixin.py:188} INFO - [2024-05-30T07:50:59.989+0000] {dag.py:3954} INFO - Setting next_dagrun for dataset_produces_2 to None, run_after=None
[2024-05-30T07:51:00.002+0000] {processor.py:183} INFO - Processing /home/airflow/.local/lib/python3.12/site-packages/airflow/example_dags/example_datasets.py took 0.059 seconds
[2024-05-30T07:51:30.613+0000] {processor.py:161} INFO - Started process (PID=6152) to work on /home/airflow/.local/lib/python3.12/site-packages/airflow/example_dags/example_datasets.py
[2024-05-30T07:51:30.613+0000] {processor.py:830} INFO - Processing file /home/airflow/.local/lib/python3.12/site-packages/airflow/example_dags/example_datasets.py for tasks to queue
[2024-05-30T07:51:30.614+0000] {logging_mixin.py:188} INFO - [2024-05-30T07:51:30.614+0000] {dagbag.py:545} INFO - Filling up the DagBag from /home/airflow/.local/lib/python3.12/site-packages/airflow/example_dags/example_datasets.py
[2024-05-30T07:51:30.620+0000] {processor.py:840} INFO - DAG(s) 'consume_1_or_both_2_and_3_with_dataset_expressions', 'dataset_consumes_1_never_scheduled', 'dataset_consumes_unknown_never_scheduled', 'dataset_consumes_1', 'dataset_produces_1', 'consume_1_or_2_with_dataset_expressions', 'conditional_dataset_and_time_based_timetable', 'consume_1_and_2_with_dataset_expressions', 'dataset_consumes_1_and_2', 'dataset_produces_2' retrieved from /home/airflow/.local/lib/python3.12/site-packages/airflow/example_dags/example_datasets.py
[2024-05-30T07:51:30.638+0000] {logging_mixin.py:188} INFO - [2024-05-30T07:51:30.638+0000] {dag.py:3096} INFO - Sync 10 DAGs
[2024-05-30T07:51:30.649+0000] {logging_mixin.py:188} INFO - [2024-05-30T07:51:30.649+0000] {dag.py:3954} INFO - Setting next_dagrun for conditional_dataset_and_time_based_timetable to 2024-05-29 01:00:00+00:00, run_after=2024-05-29 01:00:00+00:00
[2024-05-30T07:51:30.650+0000] {logging_mixin.py:188} INFO - [2024-05-30T07:51:30.650+0000] {dag.py:3954} INFO - Setting next_dagrun for consume_1_and_2_with_dataset_expressions to None, run_after=None
[2024-05-30T07:51:30.651+0000] {logging_mixin.py:188} INFO - [2024-05-30T07:51:30.651+0000] {dag.py:3954} INFO - Setting next_dagrun for consume_1_or_2_with_dataset_expressions to None, run_after=None
[2024-05-30T07:51:30.651+0000] {logging_mixin.py:188} INFO - [2024-05-30T07:51:30.651+0000] {dag.py:3954} INFO - Setting next_dagrun for consume_1_or_both_2_and_3_with_dataset_expressions to None, run_after=None
[2024-05-30T07:51:30.652+0000] {logging_mixin.py:188} INFO - [2024-05-30T07:51:30.652+0000] {dag.py:3954} INFO - Setting next_dagrun for dataset_consumes_1 to None, run_after=None
[2024-05-30T07:51:30.653+0000] {logging_mixin.py:188} INFO - [2024-05-30T07:51:30.653+0000] {dag.py:3954} INFO - Setting next_dagrun for dataset_consumes_1_and_2 to None, run_after=None
[2024-05-30T07:51:30.653+0000] {logging_mixin.py:188} INFO - [2024-05-30T07:51:30.653+0000] {dag.py:3954} INFO - Setting next_dagrun for dataset_consumes_1_never_scheduled to None, run_after=None
[2024-05-30T07:51:30.654+0000] {logging_mixin.py:188} INFO - [2024-05-30T07:51:30.654+0000] {dag.py:3954} INFO - Setting next_dagrun for dataset_consumes_unknown_never_scheduled to None, run_after=None
[2024-05-30T07:51:30.655+0000] {logging_mixin.py:188} INFO - [2024-05-30T07:51:30.655+0000] {dag.py:3954} INFO - Setting next_dagrun for dataset_produces_1 to 2024-05-29 00:00:00+00:00, run_after=2024-05-30 00:00:00+00:00
[2024-05-30T07:51:30.655+0000] {logging_mixin.py:188} INFO - [2024-05-30T07:51:30.655+0000] {dag.py:3954} INFO - Setting next_dagrun for dataset_produces_2 to None, run_after=None
[2024-05-30T07:51:30.668+0000] {processor.py:183} INFO - Processing /home/airflow/.local/lib/python3.12/site-packages/airflow/example_dags/example_datasets.py took 0.058 seconds
