[2024-05-30T07:40:17.160+0000] {processor.py:161} INFO - Started process (PID=189) to work on /home/airflow/.local/lib/python3.12/site-packages/airflow/example_dags/example_xcomargs.py
[2024-05-30T07:40:17.160+0000] {processor.py:830} INFO - Processing file /home/airflow/.local/lib/python3.12/site-packages/airflow/example_dags/example_xcomargs.py for tasks to queue
[2024-05-30T07:40:17.161+0000] {logging_mixin.py:188} INFO - [2024-05-30T07:40:17.161+0000] {dagbag.py:545} INFO - Filling up the DagBag from /home/airflow/.local/lib/python3.12/site-packages/airflow/example_dags/example_xcomargs.py
[2024-05-30T07:40:17.166+0000] {processor.py:840} INFO - DAG(s) 'example_xcom_args', 'example_xcom_args_with_operators' retrieved from /home/airflow/.local/lib/python3.12/site-packages/airflow/example_dags/example_xcomargs.py
[2024-05-30T07:40:17.212+0000] {logging_mixin.py:188} INFO - [2024-05-30T07:40:17.212+0000] {override.py:1829} INFO - Created Permission View: can delete on DAG:example_xcom_args
[2024-05-30T07:40:17.215+0000] {logging_mixin.py:188} INFO - [2024-05-30T07:40:17.215+0000] {override.py:1829} INFO - Created Permission View: can edit on DAG:example_xcom_args
[2024-05-30T07:40:17.217+0000] {logging_mixin.py:188} INFO - [2024-05-30T07:40:17.217+0000] {override.py:1829} INFO - Created Permission View: can read on DAG:example_xcom_args
[2024-05-30T07:40:17.220+0000] {logging_mixin.py:188} INFO - [2024-05-30T07:40:17.220+0000] {override.py:1829} INFO - Created Permission View: can delete on DAG:example_xcom_args_with_operators
[2024-05-30T07:40:17.222+0000] {logging_mixin.py:188} INFO - [2024-05-30T07:40:17.222+0000] {override.py:1829} INFO - Created Permission View: can edit on DAG:example_xcom_args_with_operators
[2024-05-30T07:40:17.224+0000] {logging_mixin.py:188} INFO - [2024-05-30T07:40:17.224+0000] {override.py:1829} INFO - Created Permission View: can read on DAG:example_xcom_args_with_operators
[2024-05-30T07:40:17.224+0000] {logging_mixin.py:188} INFO - [2024-05-30T07:40:17.224+0000] {dag.py:3096} INFO - Sync 2 DAGs
[2024-05-30T07:40:17.228+0000] {logging_mixin.py:188} INFO - [2024-05-30T07:40:17.228+0000] {dag.py:3118} INFO - Creating ORM DAG for example_xcom_args_with_operators
[2024-05-30T07:40:17.228+0000] {logging_mixin.py:188} INFO - [2024-05-30T07:40:17.228+0000] {dag.py:3118} INFO - Creating ORM DAG for example_xcom_args
[2024-05-30T07:40:17.229+0000] {logging_mixin.py:188} INFO - [2024-05-30T07:40:17.229+0000] {dag.py:3954} INFO - Setting next_dagrun for example_xcom_args to None, run_after=None
[2024-05-30T07:40:17.229+0000] {logging_mixin.py:188} INFO - [2024-05-30T07:40:17.229+0000] {dag.py:3954} INFO - Setting next_dagrun for example_xcom_args_with_operators to None, run_after=None
[2024-05-30T07:40:17.236+0000] {processor.py:183} INFO - Processing /home/airflow/.local/lib/python3.12/site-packages/airflow/example_dags/example_xcomargs.py took 0.079 seconds
[2024-05-30T07:40:47.560+0000] {processor.py:161} INFO - Started process (PID=453) to work on /home/airflow/.local/lib/python3.12/site-packages/airflow/example_dags/example_xcomargs.py
[2024-05-30T07:40:47.560+0000] {processor.py:830} INFO - Processing file /home/airflow/.local/lib/python3.12/site-packages/airflow/example_dags/example_xcomargs.py for tasks to queue
[2024-05-30T07:40:47.561+0000] {logging_mixin.py:188} INFO - [2024-05-30T07:40:47.561+0000] {dagbag.py:545} INFO - Filling up the DagBag from /home/airflow/.local/lib/python3.12/site-packages/airflow/example_dags/example_xcomargs.py
[2024-05-30T07:40:47.566+0000] {processor.py:840} INFO - DAG(s) 'example_xcom_args_with_operators', 'example_xcom_args' retrieved from /home/airflow/.local/lib/python3.12/site-packages/airflow/example_dags/example_xcomargs.py
[2024-05-30T07:40:47.576+0000] {logging_mixin.py:188} INFO - [2024-05-30T07:40:47.576+0000] {dag.py:3096} INFO - Sync 2 DAGs
[2024-05-30T07:40:47.582+0000] {logging_mixin.py:188} INFO - [2024-05-30T07:40:47.581+0000] {dag.py:3954} INFO - Setting next_dagrun for example_xcom_args to None, run_after=None
[2024-05-30T07:40:47.583+0000] {logging_mixin.py:188} INFO - [2024-05-30T07:40:47.583+0000] {dag.py:3954} INFO - Setting next_dagrun for example_xcom_args_with_operators to None, run_after=None
[2024-05-30T07:40:47.590+0000] {processor.py:183} INFO - Processing /home/airflow/.local/lib/python3.12/site-packages/airflow/example_dags/example_xcomargs.py took 0.032 seconds
[2024-05-30T07:41:18.154+0000] {processor.py:161} INFO - Started process (PID=715) to work on /home/airflow/.local/lib/python3.12/site-packages/airflow/example_dags/example_xcomargs.py
[2024-05-30T07:41:18.155+0000] {processor.py:830} INFO - Processing file /home/airflow/.local/lib/python3.12/site-packages/airflow/example_dags/example_xcomargs.py for tasks to queue
[2024-05-30T07:41:18.156+0000] {logging_mixin.py:188} INFO - [2024-05-30T07:41:18.156+0000] {dagbag.py:545} INFO - Filling up the DagBag from /home/airflow/.local/lib/python3.12/site-packages/airflow/example_dags/example_xcomargs.py
[2024-05-30T07:41:18.160+0000] {processor.py:840} INFO - DAG(s) 'example_xcom_args_with_operators', 'example_xcom_args' retrieved from /home/airflow/.local/lib/python3.12/site-packages/airflow/example_dags/example_xcomargs.py
[2024-05-30T07:41:18.170+0000] {logging_mixin.py:188} INFO - [2024-05-30T07:41:18.170+0000] {dag.py:3096} INFO - Sync 2 DAGs
[2024-05-30T07:41:18.176+0000] {logging_mixin.py:188} INFO - [2024-05-30T07:41:18.176+0000] {dag.py:3954} INFO - Setting next_dagrun for example_xcom_args to None, run_after=None
[2024-05-30T07:41:18.178+0000] {logging_mixin.py:188} INFO - [2024-05-30T07:41:18.178+0000] {dag.py:3954} INFO - Setting next_dagrun for example_xcom_args_with_operators to None, run_after=None
[2024-05-30T07:41:18.184+0000] {processor.py:183} INFO - Processing /home/airflow/.local/lib/python3.12/site-packages/airflow/example_dags/example_xcomargs.py took 0.033 seconds
[2024-05-30T07:41:48.713+0000] {processor.py:161} INFO - Started process (PID=977) to work on /home/airflow/.local/lib/python3.12/site-packages/airflow/example_dags/example_xcomargs.py
[2024-05-30T07:41:48.713+0000] {processor.py:830} INFO - Processing file /home/airflow/.local/lib/python3.12/site-packages/airflow/example_dags/example_xcomargs.py for tasks to queue
[2024-05-30T07:41:48.714+0000] {logging_mixin.py:188} INFO - [2024-05-30T07:41:48.714+0000] {dagbag.py:545} INFO - Filling up the DagBag from /home/airflow/.local/lib/python3.12/site-packages/airflow/example_dags/example_xcomargs.py
[2024-05-30T07:41:48.718+0000] {processor.py:840} INFO - DAG(s) 'example_xcom_args', 'example_xcom_args_with_operators' retrieved from /home/airflow/.local/lib/python3.12/site-packages/airflow/example_dags/example_xcomargs.py
[2024-05-30T07:41:48.729+0000] {logging_mixin.py:188} INFO - [2024-05-30T07:41:48.729+0000] {dag.py:3096} INFO - Sync 2 DAGs
[2024-05-30T07:41:48.734+0000] {logging_mixin.py:188} INFO - [2024-05-30T07:41:48.734+0000] {dag.py:3954} INFO - Setting next_dagrun for example_xcom_args to None, run_after=None
[2024-05-30T07:41:48.736+0000] {logging_mixin.py:188} INFO - [2024-05-30T07:41:48.736+0000] {dag.py:3954} INFO - Setting next_dagrun for example_xcom_args_with_operators to None, run_after=None
[2024-05-30T07:41:48.742+0000] {processor.py:183} INFO - Processing /home/airflow/.local/lib/python3.12/site-packages/airflow/example_dags/example_xcomargs.py took 0.032 seconds
[2024-05-30T07:42:19.326+0000] {processor.py:161} INFO - Started process (PID=1239) to work on /home/airflow/.local/lib/python3.12/site-packages/airflow/example_dags/example_xcomargs.py
[2024-05-30T07:42:19.327+0000] {processor.py:830} INFO - Processing file /home/airflow/.local/lib/python3.12/site-packages/airflow/example_dags/example_xcomargs.py for tasks to queue
[2024-05-30T07:42:19.328+0000] {logging_mixin.py:188} INFO - [2024-05-30T07:42:19.328+0000] {dagbag.py:545} INFO - Filling up the DagBag from /home/airflow/.local/lib/python3.12/site-packages/airflow/example_dags/example_xcomargs.py
[2024-05-30T07:42:19.332+0000] {processor.py:840} INFO - DAG(s) 'example_xcom_args_with_operators', 'example_xcom_args' retrieved from /home/airflow/.local/lib/python3.12/site-packages/airflow/example_dags/example_xcomargs.py
[2024-05-30T07:42:19.342+0000] {logging_mixin.py:188} INFO - [2024-05-30T07:42:19.341+0000] {dag.py:3096} INFO - Sync 2 DAGs
[2024-05-30T07:42:19.347+0000] {logging_mixin.py:188} INFO - [2024-05-30T07:42:19.347+0000] {dag.py:3954} INFO - Setting next_dagrun for example_xcom_args to None, run_after=None
[2024-05-30T07:42:19.348+0000] {logging_mixin.py:188} INFO - [2024-05-30T07:42:19.348+0000] {dag.py:3954} INFO - Setting next_dagrun for example_xcom_args_with_operators to None, run_after=None
[2024-05-30T07:42:19.354+0000] {processor.py:183} INFO - Processing /home/airflow/.local/lib/python3.12/site-packages/airflow/example_dags/example_xcomargs.py took 0.030 seconds
[2024-05-30T07:42:49.947+0000] {processor.py:161} INFO - Started process (PID=1499) to work on /home/airflow/.local/lib/python3.12/site-packages/airflow/example_dags/example_xcomargs.py
[2024-05-30T07:42:49.948+0000] {processor.py:830} INFO - Processing file /home/airflow/.local/lib/python3.12/site-packages/airflow/example_dags/example_xcomargs.py for tasks to queue
[2024-05-30T07:42:49.949+0000] {logging_mixin.py:188} INFO - [2024-05-30T07:42:49.949+0000] {dagbag.py:545} INFO - Filling up the DagBag from /home/airflow/.local/lib/python3.12/site-packages/airflow/example_dags/example_xcomargs.py
[2024-05-30T07:42:49.954+0000] {processor.py:840} INFO - DAG(s) 'example_xcom_args', 'example_xcom_args_with_operators' retrieved from /home/airflow/.local/lib/python3.12/site-packages/airflow/example_dags/example_xcomargs.py
[2024-05-30T07:42:49.970+0000] {logging_mixin.py:188} INFO - [2024-05-30T07:42:49.970+0000] {dag.py:3096} INFO - Sync 2 DAGs
[2024-05-30T07:42:49.978+0000] {logging_mixin.py:188} INFO - [2024-05-30T07:42:49.978+0000] {dag.py:3954} INFO - Setting next_dagrun for example_xcom_args to None, run_after=None
[2024-05-30T07:42:49.980+0000] {logging_mixin.py:188} INFO - [2024-05-30T07:42:49.980+0000] {dag.py:3954} INFO - Setting next_dagrun for example_xcom_args_with_operators to None, run_after=None
[2024-05-30T07:42:49.989+0000] {processor.py:183} INFO - Processing /home/airflow/.local/lib/python3.12/site-packages/airflow/example_dags/example_xcomargs.py took 0.047 seconds
[2024-05-30T07:43:20.019+0000] {processor.py:161} INFO - Started process (PID=1761) to work on /home/airflow/.local/lib/python3.12/site-packages/airflow/example_dags/example_xcomargs.py
[2024-05-30T07:43:20.019+0000] {processor.py:830} INFO - Processing file /home/airflow/.local/lib/python3.12/site-packages/airflow/example_dags/example_xcomargs.py for tasks to queue
[2024-05-30T07:43:20.020+0000] {logging_mixin.py:188} INFO - [2024-05-30T07:43:20.020+0000] {dagbag.py:545} INFO - Filling up the DagBag from /home/airflow/.local/lib/python3.12/site-packages/airflow/example_dags/example_xcomargs.py
[2024-05-30T07:43:20.024+0000] {processor.py:840} INFO - DAG(s) 'example_xcom_args', 'example_xcom_args_with_operators' retrieved from /home/airflow/.local/lib/python3.12/site-packages/airflow/example_dags/example_xcomargs.py
[2024-05-30T07:43:20.035+0000] {logging_mixin.py:188} INFO - [2024-05-30T07:43:20.035+0000] {dag.py:3096} INFO - Sync 2 DAGs
[2024-05-30T07:43:20.041+0000] {logging_mixin.py:188} INFO - [2024-05-30T07:43:20.041+0000] {dag.py:3954} INFO - Setting next_dagrun for example_xcom_args to None, run_after=None
[2024-05-30T07:43:20.042+0000] {logging_mixin.py:188} INFO - [2024-05-30T07:43:20.042+0000] {dag.py:3954} INFO - Setting next_dagrun for example_xcom_args_with_operators to None, run_after=None
[2024-05-30T07:43:20.049+0000] {processor.py:183} INFO - Processing /home/airflow/.local/lib/python3.12/site-packages/airflow/example_dags/example_xcomargs.py took 0.032 seconds
[2024-05-30T07:43:50.791+0000] {processor.py:161} INFO - Started process (PID=2025) to work on /home/airflow/.local/lib/python3.12/site-packages/airflow/example_dags/example_xcomargs.py
[2024-05-30T07:43:50.792+0000] {processor.py:830} INFO - Processing file /home/airflow/.local/lib/python3.12/site-packages/airflow/example_dags/example_xcomargs.py for tasks to queue
[2024-05-30T07:43:50.793+0000] {logging_mixin.py:188} INFO - [2024-05-30T07:43:50.792+0000] {dagbag.py:545} INFO - Filling up the DagBag from /home/airflow/.local/lib/python3.12/site-packages/airflow/example_dags/example_xcomargs.py
[2024-05-30T07:43:50.797+0000] {processor.py:840} INFO - DAG(s) 'example_xcom_args', 'example_xcom_args_with_operators' retrieved from /home/airflow/.local/lib/python3.12/site-packages/airflow/example_dags/example_xcomargs.py
[2024-05-30T07:43:50.807+0000] {logging_mixin.py:188} INFO - [2024-05-30T07:43:50.807+0000] {dag.py:3096} INFO - Sync 2 DAGs
[2024-05-30T07:43:50.813+0000] {logging_mixin.py:188} INFO - [2024-05-30T07:43:50.813+0000] {dag.py:3954} INFO - Setting next_dagrun for example_xcom_args to None, run_after=None
[2024-05-30T07:43:50.814+0000] {logging_mixin.py:188} INFO - [2024-05-30T07:43:50.814+0000] {dag.py:3954} INFO - Setting next_dagrun for example_xcom_args_with_operators to None, run_after=None
[2024-05-30T07:43:50.820+0000] {processor.py:183} INFO - Processing /home/airflow/.local/lib/python3.12/site-packages/airflow/example_dags/example_xcomargs.py took 0.032 seconds
[2024-05-30T07:44:21.604+0000] {processor.py:161} INFO - Started process (PID=2285) to work on /home/airflow/.local/lib/python3.12/site-packages/airflow/example_dags/example_xcomargs.py
[2024-05-30T07:44:21.605+0000] {processor.py:830} INFO - Processing file /home/airflow/.local/lib/python3.12/site-packages/airflow/example_dags/example_xcomargs.py for tasks to queue
[2024-05-30T07:44:21.606+0000] {logging_mixin.py:188} INFO - [2024-05-30T07:44:21.606+0000] {dagbag.py:545} INFO - Filling up the DagBag from /home/airflow/.local/lib/python3.12/site-packages/airflow/example_dags/example_xcomargs.py
[2024-05-30T07:44:21.610+0000] {processor.py:840} INFO - DAG(s) 'example_xcom_args_with_operators', 'example_xcom_args' retrieved from /home/airflow/.local/lib/python3.12/site-packages/airflow/example_dags/example_xcomargs.py
[2024-05-30T07:44:21.621+0000] {logging_mixin.py:188} INFO - [2024-05-30T07:44:21.621+0000] {dag.py:3096} INFO - Sync 2 DAGs
[2024-05-30T07:44:21.626+0000] {logging_mixin.py:188} INFO - [2024-05-30T07:44:21.626+0000] {dag.py:3954} INFO - Setting next_dagrun for example_xcom_args to None, run_after=None
[2024-05-30T07:44:21.627+0000] {logging_mixin.py:188} INFO - [2024-05-30T07:44:21.627+0000] {dag.py:3954} INFO - Setting next_dagrun for example_xcom_args_with_operators to None, run_after=None
[2024-05-30T07:44:21.634+0000] {processor.py:183} INFO - Processing /home/airflow/.local/lib/python3.12/site-packages/airflow/example_dags/example_xcomargs.py took 0.032 seconds
[2024-05-30T07:44:52.305+0000] {processor.py:161} INFO - Started process (PID=2547) to work on /home/airflow/.local/lib/python3.12/site-packages/airflow/example_dags/example_xcomargs.py
[2024-05-30T07:44:52.305+0000] {processor.py:830} INFO - Processing file /home/airflow/.local/lib/python3.12/site-packages/airflow/example_dags/example_xcomargs.py for tasks to queue
[2024-05-30T07:44:52.306+0000] {logging_mixin.py:188} INFO - [2024-05-30T07:44:52.306+0000] {dagbag.py:545} INFO - Filling up the DagBag from /home/airflow/.local/lib/python3.12/site-packages/airflow/example_dags/example_xcomargs.py
[2024-05-30T07:44:52.311+0000] {processor.py:840} INFO - DAG(s) 'example_xcom_args_with_operators', 'example_xcom_args' retrieved from /home/airflow/.local/lib/python3.12/site-packages/airflow/example_dags/example_xcomargs.py
[2024-05-30T07:44:52.322+0000] {logging_mixin.py:188} INFO - [2024-05-30T07:44:52.321+0000] {dag.py:3096} INFO - Sync 2 DAGs
[2024-05-30T07:44:52.327+0000] {logging_mixin.py:188} INFO - [2024-05-30T07:44:52.327+0000] {dag.py:3954} INFO - Setting next_dagrun for example_xcom_args to None, run_after=None
[2024-05-30T07:44:52.328+0000] {logging_mixin.py:188} INFO - [2024-05-30T07:44:52.328+0000] {dag.py:3954} INFO - Setting next_dagrun for example_xcom_args_with_operators to None, run_after=None
[2024-05-30T07:44:52.335+0000] {processor.py:183} INFO - Processing /home/airflow/.local/lib/python3.12/site-packages/airflow/example_dags/example_xcomargs.py took 0.033 seconds
[2024-05-30T07:45:23.043+0000] {processor.py:161} INFO - Started process (PID=2811) to work on /home/airflow/.local/lib/python3.12/site-packages/airflow/example_dags/example_xcomargs.py
[2024-05-30T07:45:23.044+0000] {processor.py:830} INFO - Processing file /home/airflow/.local/lib/python3.12/site-packages/airflow/example_dags/example_xcomargs.py for tasks to queue
[2024-05-30T07:45:23.045+0000] {logging_mixin.py:188} INFO - [2024-05-30T07:45:23.045+0000] {dagbag.py:545} INFO - Filling up the DagBag from /home/airflow/.local/lib/python3.12/site-packages/airflow/example_dags/example_xcomargs.py
[2024-05-30T07:45:23.049+0000] {processor.py:840} INFO - DAG(s) 'example_xcom_args_with_operators', 'example_xcom_args' retrieved from /home/airflow/.local/lib/python3.12/site-packages/airflow/example_dags/example_xcomargs.py
[2024-05-30T07:45:23.061+0000] {logging_mixin.py:188} INFO - [2024-05-30T07:45:23.061+0000] {dag.py:3096} INFO - Sync 2 DAGs
[2024-05-30T07:45:23.067+0000] {logging_mixin.py:188} INFO - [2024-05-30T07:45:23.067+0000] {dag.py:3954} INFO - Setting next_dagrun for example_xcom_args to None, run_after=None
[2024-05-30T07:45:23.069+0000] {logging_mixin.py:188} INFO - [2024-05-30T07:45:23.069+0000] {dag.py:3954} INFO - Setting next_dagrun for example_xcom_args_with_operators to None, run_after=None
[2024-05-30T07:45:23.078+0000] {processor.py:183} INFO - Processing /home/airflow/.local/lib/python3.12/site-packages/airflow/example_dags/example_xcomargs.py took 0.037 seconds
[2024-05-30T07:45:53.295+0000] {processor.py:161} INFO - Started process (PID=3071) to work on /home/airflow/.local/lib/python3.12/site-packages/airflow/example_dags/example_xcomargs.py
[2024-05-30T07:45:53.296+0000] {processor.py:830} INFO - Processing file /home/airflow/.local/lib/python3.12/site-packages/airflow/example_dags/example_xcomargs.py for tasks to queue
[2024-05-30T07:45:53.297+0000] {logging_mixin.py:188} INFO - [2024-05-30T07:45:53.297+0000] {dagbag.py:545} INFO - Filling up the DagBag from /home/airflow/.local/lib/python3.12/site-packages/airflow/example_dags/example_xcomargs.py
[2024-05-30T07:45:53.301+0000] {processor.py:840} INFO - DAG(s) 'example_xcom_args_with_operators', 'example_xcom_args' retrieved from /home/airflow/.local/lib/python3.12/site-packages/airflow/example_dags/example_xcomargs.py
[2024-05-30T07:45:53.312+0000] {logging_mixin.py:188} INFO - [2024-05-30T07:45:53.311+0000] {dag.py:3096} INFO - Sync 2 DAGs
[2024-05-30T07:45:53.317+0000] {logging_mixin.py:188} INFO - [2024-05-30T07:45:53.317+0000] {dag.py:3954} INFO - Setting next_dagrun for example_xcom_args to None, run_after=None
[2024-05-30T07:45:53.318+0000] {logging_mixin.py:188} INFO - [2024-05-30T07:45:53.318+0000] {dag.py:3954} INFO - Setting next_dagrun for example_xcom_args_with_operators to None, run_after=None
[2024-05-30T07:45:53.324+0000] {processor.py:183} INFO - Processing /home/airflow/.local/lib/python3.12/site-packages/airflow/example_dags/example_xcomargs.py took 0.032 seconds
[2024-05-30T07:46:24.022+0000] {processor.py:161} INFO - Started process (PID=3333) to work on /home/airflow/.local/lib/python3.12/site-packages/airflow/example_dags/example_xcomargs.py
[2024-05-30T07:46:24.023+0000] {processor.py:830} INFO - Processing file /home/airflow/.local/lib/python3.12/site-packages/airflow/example_dags/example_xcomargs.py for tasks to queue
[2024-05-30T07:46:24.024+0000] {logging_mixin.py:188} INFO - [2024-05-30T07:46:24.024+0000] {dagbag.py:545} INFO - Filling up the DagBag from /home/airflow/.local/lib/python3.12/site-packages/airflow/example_dags/example_xcomargs.py
[2024-05-30T07:46:24.028+0000] {processor.py:840} INFO - DAG(s) 'example_xcom_args_with_operators', 'example_xcom_args' retrieved from /home/airflow/.local/lib/python3.12/site-packages/airflow/example_dags/example_xcomargs.py
[2024-05-30T07:46:24.038+0000] {logging_mixin.py:188} INFO - [2024-05-30T07:46:24.038+0000] {dag.py:3096} INFO - Sync 2 DAGs
[2024-05-30T07:46:24.043+0000] {logging_mixin.py:188} INFO - [2024-05-30T07:46:24.043+0000] {dag.py:3954} INFO - Setting next_dagrun for example_xcom_args to None, run_after=None
[2024-05-30T07:46:24.045+0000] {logging_mixin.py:188} INFO - [2024-05-30T07:46:24.045+0000] {dag.py:3954} INFO - Setting next_dagrun for example_xcom_args_with_operators to None, run_after=None
[2024-05-30T07:46:24.051+0000] {processor.py:183} INFO - Processing /home/airflow/.local/lib/python3.12/site-packages/airflow/example_dags/example_xcomargs.py took 0.032 seconds
[2024-05-30T07:46:54.612+0000] {processor.py:161} INFO - Started process (PID=3743) to work on /home/airflow/.local/lib/python3.12/site-packages/airflow/example_dags/example_xcomargs.py
[2024-05-30T07:46:54.613+0000] {processor.py:830} INFO - Processing file /home/airflow/.local/lib/python3.12/site-packages/airflow/example_dags/example_xcomargs.py for tasks to queue
[2024-05-30T07:46:54.614+0000] {logging_mixin.py:188} INFO - [2024-05-30T07:46:54.614+0000] {dagbag.py:545} INFO - Filling up the DagBag from /home/airflow/.local/lib/python3.12/site-packages/airflow/example_dags/example_xcomargs.py
[2024-05-30T07:46:54.618+0000] {processor.py:840} INFO - DAG(s) 'example_xcom_args_with_operators', 'example_xcom_args' retrieved from /home/airflow/.local/lib/python3.12/site-packages/airflow/example_dags/example_xcomargs.py
[2024-05-30T07:46:54.628+0000] {logging_mixin.py:188} INFO - [2024-05-30T07:46:54.628+0000] {dag.py:3096} INFO - Sync 2 DAGs
[2024-05-30T07:46:54.633+0000] {logging_mixin.py:188} INFO - [2024-05-30T07:46:54.633+0000] {dag.py:3954} INFO - Setting next_dagrun for example_xcom_args to None, run_after=None
[2024-05-30T07:46:54.635+0000] {logging_mixin.py:188} INFO - [2024-05-30T07:46:54.635+0000] {dag.py:3954} INFO - Setting next_dagrun for example_xcom_args_with_operators to None, run_after=None
[2024-05-30T07:46:54.642+0000] {processor.py:183} INFO - Processing /home/airflow/.local/lib/python3.12/site-packages/airflow/example_dags/example_xcomargs.py took 0.033 seconds
[2024-05-30T07:47:25.387+0000] {processor.py:161} INFO - Started process (PID=4007) to work on /home/airflow/.local/lib/python3.12/site-packages/airflow/example_dags/example_xcomargs.py
[2024-05-30T07:47:25.388+0000] {processor.py:830} INFO - Processing file /home/airflow/.local/lib/python3.12/site-packages/airflow/example_dags/example_xcomargs.py for tasks to queue
[2024-05-30T07:47:25.389+0000] {logging_mixin.py:188} INFO - [2024-05-30T07:47:25.389+0000] {dagbag.py:545} INFO - Filling up the DagBag from /home/airflow/.local/lib/python3.12/site-packages/airflow/example_dags/example_xcomargs.py
[2024-05-30T07:47:25.394+0000] {processor.py:840} INFO - DAG(s) 'example_xcom_args', 'example_xcom_args_with_operators' retrieved from /home/airflow/.local/lib/python3.12/site-packages/airflow/example_dags/example_xcomargs.py
[2024-05-30T07:47:25.404+0000] {logging_mixin.py:188} INFO - [2024-05-30T07:47:25.404+0000] {dag.py:3096} INFO - Sync 2 DAGs
[2024-05-30T07:47:25.410+0000] {logging_mixin.py:188} INFO - [2024-05-30T07:47:25.410+0000] {dag.py:3954} INFO - Setting next_dagrun for example_xcom_args to None, run_after=None
[2024-05-30T07:47:25.412+0000] {logging_mixin.py:188} INFO - [2024-05-30T07:47:25.412+0000] {dag.py:3954} INFO - Setting next_dagrun for example_xcom_args_with_operators to None, run_after=None
[2024-05-30T07:47:25.418+0000] {processor.py:183} INFO - Processing /home/airflow/.local/lib/python3.12/site-packages/airflow/example_dags/example_xcomargs.py took 0.034 seconds
[2024-05-30T07:47:56.038+0000] {processor.py:161} INFO - Started process (PID=4269) to work on /home/airflow/.local/lib/python3.12/site-packages/airflow/example_dags/example_xcomargs.py
[2024-05-30T07:47:56.038+0000] {processor.py:830} INFO - Processing file /home/airflow/.local/lib/python3.12/site-packages/airflow/example_dags/example_xcomargs.py for tasks to queue
[2024-05-30T07:47:56.039+0000] {logging_mixin.py:188} INFO - [2024-05-30T07:47:56.039+0000] {dagbag.py:545} INFO - Filling up the DagBag from /home/airflow/.local/lib/python3.12/site-packages/airflow/example_dags/example_xcomargs.py
[2024-05-30T07:47:56.044+0000] {processor.py:840} INFO - DAG(s) 'example_xcom_args_with_operators', 'example_xcom_args' retrieved from /home/airflow/.local/lib/python3.12/site-packages/airflow/example_dags/example_xcomargs.py
[2024-05-30T07:47:56.054+0000] {logging_mixin.py:188} INFO - [2024-05-30T07:47:56.054+0000] {dag.py:3096} INFO - Sync 2 DAGs
[2024-05-30T07:47:56.060+0000] {logging_mixin.py:188} INFO - [2024-05-30T07:47:56.060+0000] {dag.py:3954} INFO - Setting next_dagrun for example_xcom_args to None, run_after=None
[2024-05-30T07:47:56.062+0000] {logging_mixin.py:188} INFO - [2024-05-30T07:47:56.062+0000] {dag.py:3954} INFO - Setting next_dagrun for example_xcom_args_with_operators to None, run_after=None
[2024-05-30T07:47:56.068+0000] {processor.py:183} INFO - Processing /home/airflow/.local/lib/python3.12/site-packages/airflow/example_dags/example_xcomargs.py took 0.033 seconds
[2024-05-30T07:48:26.743+0000] {processor.py:161} INFO - Started process (PID=4529) to work on /home/airflow/.local/lib/python3.12/site-packages/airflow/example_dags/example_xcomargs.py
[2024-05-30T07:48:26.744+0000] {processor.py:830} INFO - Processing file /home/airflow/.local/lib/python3.12/site-packages/airflow/example_dags/example_xcomargs.py for tasks to queue
[2024-05-30T07:48:26.745+0000] {logging_mixin.py:188} INFO - [2024-05-30T07:48:26.745+0000] {dagbag.py:545} INFO - Filling up the DagBag from /home/airflow/.local/lib/python3.12/site-packages/airflow/example_dags/example_xcomargs.py
[2024-05-30T07:48:26.749+0000] {processor.py:840} INFO - DAG(s) 'example_xcom_args_with_operators', 'example_xcom_args' retrieved from /home/airflow/.local/lib/python3.12/site-packages/airflow/example_dags/example_xcomargs.py
[2024-05-30T07:48:26.761+0000] {logging_mixin.py:188} INFO - [2024-05-30T07:48:26.761+0000] {dag.py:3096} INFO - Sync 2 DAGs
[2024-05-30T07:48:26.768+0000] {logging_mixin.py:188} INFO - [2024-05-30T07:48:26.768+0000] {dag.py:3954} INFO - Setting next_dagrun for example_xcom_args to None, run_after=None
[2024-05-30T07:48:26.770+0000] {logging_mixin.py:188} INFO - [2024-05-30T07:48:26.770+0000] {dag.py:3954} INFO - Setting next_dagrun for example_xcom_args_with_operators to None, run_after=None
[2024-05-30T07:48:26.779+0000] {processor.py:183} INFO - Processing /home/airflow/.local/lib/python3.12/site-packages/airflow/example_dags/example_xcomargs.py took 0.039 seconds
[2024-05-30T07:48:56.851+0000] {processor.py:161} INFO - Started process (PID=4793) to work on /home/airflow/.local/lib/python3.12/site-packages/airflow/example_dags/example_xcomargs.py
[2024-05-30T07:48:56.852+0000] {processor.py:830} INFO - Processing file /home/airflow/.local/lib/python3.12/site-packages/airflow/example_dags/example_xcomargs.py for tasks to queue
[2024-05-30T07:48:56.853+0000] {logging_mixin.py:188} INFO - [2024-05-30T07:48:56.853+0000] {dagbag.py:545} INFO - Filling up the DagBag from /home/airflow/.local/lib/python3.12/site-packages/airflow/example_dags/example_xcomargs.py
[2024-05-30T07:48:56.857+0000] {processor.py:840} INFO - DAG(s) 'example_xcom_args', 'example_xcom_args_with_operators' retrieved from /home/airflow/.local/lib/python3.12/site-packages/airflow/example_dags/example_xcomargs.py
[2024-05-30T07:48:56.867+0000] {logging_mixin.py:188} INFO - [2024-05-30T07:48:56.867+0000] {dag.py:3096} INFO - Sync 2 DAGs
[2024-05-30T07:48:56.873+0000] {logging_mixin.py:188} INFO - [2024-05-30T07:48:56.872+0000] {dag.py:3954} INFO - Setting next_dagrun for example_xcom_args to None, run_after=None
[2024-05-30T07:48:56.874+0000] {logging_mixin.py:188} INFO - [2024-05-30T07:48:56.874+0000] {dag.py:3954} INFO - Setting next_dagrun for example_xcom_args_with_operators to None, run_after=None
[2024-05-30T07:48:56.880+0000] {processor.py:183} INFO - Processing /home/airflow/.local/lib/python3.12/site-packages/airflow/example_dags/example_xcomargs.py took 0.032 seconds
[2024-05-30T07:49:27.598+0000] {processor.py:161} INFO - Started process (PID=5053) to work on /home/airflow/.local/lib/python3.12/site-packages/airflow/example_dags/example_xcomargs.py
[2024-05-30T07:49:27.599+0000] {processor.py:830} INFO - Processing file /home/airflow/.local/lib/python3.12/site-packages/airflow/example_dags/example_xcomargs.py for tasks to queue
[2024-05-30T07:49:27.600+0000] {logging_mixin.py:188} INFO - [2024-05-30T07:49:27.600+0000] {dagbag.py:545} INFO - Filling up the DagBag from /home/airflow/.local/lib/python3.12/site-packages/airflow/example_dags/example_xcomargs.py
[2024-05-30T07:49:27.604+0000] {processor.py:840} INFO - DAG(s) 'example_xcom_args_with_operators', 'example_xcom_args' retrieved from /home/airflow/.local/lib/python3.12/site-packages/airflow/example_dags/example_xcomargs.py
[2024-05-30T07:49:27.614+0000] {logging_mixin.py:188} INFO - [2024-05-30T07:49:27.614+0000] {dag.py:3096} INFO - Sync 2 DAGs
[2024-05-30T07:49:27.620+0000] {logging_mixin.py:188} INFO - [2024-05-30T07:49:27.620+0000] {dag.py:3954} INFO - Setting next_dagrun for example_xcom_args to None, run_after=None
[2024-05-30T07:49:27.621+0000] {logging_mixin.py:188} INFO - [2024-05-30T07:49:27.621+0000] {dag.py:3954} INFO - Setting next_dagrun for example_xcom_args_with_operators to None, run_after=None
[2024-05-30T07:49:27.627+0000] {processor.py:183} INFO - Processing /home/airflow/.local/lib/python3.12/site-packages/airflow/example_dags/example_xcomargs.py took 0.032 seconds
[2024-05-30T07:49:58.305+0000] {processor.py:161} INFO - Started process (PID=5317) to work on /home/airflow/.local/lib/python3.12/site-packages/airflow/example_dags/example_xcomargs.py
[2024-05-30T07:49:58.306+0000] {processor.py:830} INFO - Processing file /home/airflow/.local/lib/python3.12/site-packages/airflow/example_dags/example_xcomargs.py for tasks to queue
[2024-05-30T07:49:58.307+0000] {logging_mixin.py:188} INFO - [2024-05-30T07:49:58.307+0000] {dagbag.py:545} INFO - Filling up the DagBag from /home/airflow/.local/lib/python3.12/site-packages/airflow/example_dags/example_xcomargs.py
[2024-05-30T07:49:58.311+0000] {processor.py:840} INFO - DAG(s) 'example_xcom_args_with_operators', 'example_xcom_args' retrieved from /home/airflow/.local/lib/python3.12/site-packages/airflow/example_dags/example_xcomargs.py
[2024-05-30T07:49:58.322+0000] {logging_mixin.py:188} INFO - [2024-05-30T07:49:58.322+0000] {dag.py:3096} INFO - Sync 2 DAGs
[2024-05-30T07:49:58.328+0000] {logging_mixin.py:188} INFO - [2024-05-30T07:49:58.328+0000] {dag.py:3954} INFO - Setting next_dagrun for example_xcom_args to None, run_after=None
[2024-05-30T07:49:58.329+0000] {logging_mixin.py:188} INFO - [2024-05-30T07:49:58.329+0000] {dag.py:3954} INFO - Setting next_dagrun for example_xcom_args_with_operators to None, run_after=None
[2024-05-30T07:49:58.335+0000] {processor.py:183} INFO - Processing /home/airflow/.local/lib/python3.12/site-packages/airflow/example_dags/example_xcomargs.py took 0.033 seconds
[2024-05-30T07:50:28.924+0000] {processor.py:161} INFO - Started process (PID=5579) to work on /home/airflow/.local/lib/python3.12/site-packages/airflow/example_dags/example_xcomargs.py
[2024-05-30T07:50:28.925+0000] {processor.py:830} INFO - Processing file /home/airflow/.local/lib/python3.12/site-packages/airflow/example_dags/example_xcomargs.py for tasks to queue
[2024-05-30T07:50:28.926+0000] {logging_mixin.py:188} INFO - [2024-05-30T07:50:28.926+0000] {dagbag.py:545} INFO - Filling up the DagBag from /home/airflow/.local/lib/python3.12/site-packages/airflow/example_dags/example_xcomargs.py
[2024-05-30T07:50:28.930+0000] {processor.py:840} INFO - DAG(s) 'example_xcom_args_with_operators', 'example_xcom_args' retrieved from /home/airflow/.local/lib/python3.12/site-packages/airflow/example_dags/example_xcomargs.py
[2024-05-30T07:50:28.940+0000] {logging_mixin.py:188} INFO - [2024-05-30T07:50:28.940+0000] {dag.py:3096} INFO - Sync 2 DAGs
[2024-05-30T07:50:28.945+0000] {logging_mixin.py:188} INFO - [2024-05-30T07:50:28.945+0000] {dag.py:3954} INFO - Setting next_dagrun for example_xcom_args to None, run_after=None
[2024-05-30T07:50:28.947+0000] {logging_mixin.py:188} INFO - [2024-05-30T07:50:28.947+0000] {dag.py:3954} INFO - Setting next_dagrun for example_xcom_args_with_operators to None, run_after=None
[2024-05-30T07:50:28.953+0000] {processor.py:183} INFO - Processing /home/airflow/.local/lib/python3.12/site-packages/airflow/example_dags/example_xcomargs.py took 0.031 seconds
[2024-05-30T07:50:59.704+0000] {processor.py:161} INFO - Started process (PID=5840) to work on /home/airflow/.local/lib/python3.12/site-packages/airflow/example_dags/example_xcomargs.py
[2024-05-30T07:50:59.705+0000] {processor.py:830} INFO - Processing file /home/airflow/.local/lib/python3.12/site-packages/airflow/example_dags/example_xcomargs.py for tasks to queue
[2024-05-30T07:50:59.706+0000] {logging_mixin.py:188} INFO - [2024-05-30T07:50:59.706+0000] {dagbag.py:545} INFO - Filling up the DagBag from /home/airflow/.local/lib/python3.12/site-packages/airflow/example_dags/example_xcomargs.py
[2024-05-30T07:50:59.710+0000] {processor.py:840} INFO - DAG(s) 'example_xcom_args_with_operators', 'example_xcom_args' retrieved from /home/airflow/.local/lib/python3.12/site-packages/airflow/example_dags/example_xcomargs.py
[2024-05-30T07:50:59.721+0000] {logging_mixin.py:188} INFO - [2024-05-30T07:50:59.721+0000] {dag.py:3096} INFO - Sync 2 DAGs
[2024-05-30T07:50:59.727+0000] {logging_mixin.py:188} INFO - [2024-05-30T07:50:59.727+0000] {dag.py:3954} INFO - Setting next_dagrun for example_xcom_args to None, run_after=None
[2024-05-30T07:50:59.728+0000] {logging_mixin.py:188} INFO - [2024-05-30T07:50:59.728+0000] {dag.py:3954} INFO - Setting next_dagrun for example_xcom_args_with_operators to None, run_after=None
[2024-05-30T07:50:59.734+0000] {processor.py:183} INFO - Processing /home/airflow/.local/lib/python3.12/site-packages/airflow/example_dags/example_xcomargs.py took 0.033 seconds
[2024-05-30T07:51:30.328+0000] {processor.py:161} INFO - Started process (PID=6104) to work on /home/airflow/.local/lib/python3.12/site-packages/airflow/example_dags/example_xcomargs.py
[2024-05-30T07:51:30.329+0000] {processor.py:830} INFO - Processing file /home/airflow/.local/lib/python3.12/site-packages/airflow/example_dags/example_xcomargs.py for tasks to queue
[2024-05-30T07:51:30.330+0000] {logging_mixin.py:188} INFO - [2024-05-30T07:51:30.329+0000] {dagbag.py:545} INFO - Filling up the DagBag from /home/airflow/.local/lib/python3.12/site-packages/airflow/example_dags/example_xcomargs.py
[2024-05-30T07:51:30.334+0000] {processor.py:840} INFO - DAG(s) 'example_xcom_args_with_operators', 'example_xcom_args' retrieved from /home/airflow/.local/lib/python3.12/site-packages/airflow/example_dags/example_xcomargs.py
[2024-05-30T07:51:30.344+0000] {logging_mixin.py:188} INFO - [2024-05-30T07:51:30.344+0000] {dag.py:3096} INFO - Sync 2 DAGs
[2024-05-30T07:51:30.349+0000] {logging_mixin.py:188} INFO - [2024-05-30T07:51:30.349+0000] {dag.py:3954} INFO - Setting next_dagrun for example_xcom_args to None, run_after=None
[2024-05-30T07:51:30.350+0000] {logging_mixin.py:188} INFO - [2024-05-30T07:51:30.350+0000] {dag.py:3954} INFO - Setting next_dagrun for example_xcom_args_with_operators to None, run_after=None
[2024-05-30T07:51:30.357+0000] {processor.py:183} INFO - Processing /home/airflow/.local/lib/python3.12/site-packages/airflow/example_dags/example_xcomargs.py took 0.031 seconds
