[2024-05-30T07:40:18.862+0000] {processor.py:161} INFO - Started process (PID=349) to work on /home/airflow/.local/lib/python3.12/site-packages/airflow/example_dags/example_params_trigger_ui.py
[2024-05-30T07:40:18.862+0000] {processor.py:830} INFO - Processing file /home/airflow/.local/lib/python3.12/site-packages/airflow/example_dags/example_params_trigger_ui.py for tasks to queue
[2024-05-30T07:40:18.864+0000] {logging_mixin.py:188} INFO - [2024-05-30T07:40:18.863+0000] {dagbag.py:545} INFO - Filling up the DagBag from /home/airflow/.local/lib/python3.12/site-packages/airflow/example_dags/example_params_trigger_ui.py
[2024-05-30T07:40:18.871+0000] {processor.py:840} INFO - DAG(s) 'example_params_trigger_ui' retrieved from /home/airflow/.local/lib/python3.12/site-packages/airflow/example_dags/example_params_trigger_ui.py
[2024-05-30T07:40:18.925+0000] {logging_mixin.py:188} INFO - [2024-05-30T07:40:18.925+0000] {override.py:1829} INFO - Created Permission View: can delete on DAG:example_params_trigger_ui
[2024-05-30T07:40:18.928+0000] {logging_mixin.py:188} INFO - [2024-05-30T07:40:18.928+0000] {override.py:1829} INFO - Created Permission View: can edit on DAG:example_params_trigger_ui
[2024-05-30T07:40:18.930+0000] {logging_mixin.py:188} INFO - [2024-05-30T07:40:18.930+0000] {override.py:1829} INFO - Created Permission View: can read on DAG:example_params_trigger_ui
[2024-05-30T07:40:18.930+0000] {logging_mixin.py:188} INFO - [2024-05-30T07:40:18.930+0000] {dag.py:3096} INFO - Sync 1 DAGs
[2024-05-30T07:40:18.934+0000] {logging_mixin.py:188} INFO - [2024-05-30T07:40:18.934+0000] {dag.py:3118} INFO - Creating ORM DAG for example_params_trigger_ui
[2024-05-30T07:40:18.935+0000] {logging_mixin.py:188} INFO - [2024-05-30T07:40:18.935+0000] {dag.py:3954} INFO - Setting next_dagrun for example_params_trigger_ui to None, run_after=None
[2024-05-30T07:40:18.941+0000] {processor.py:183} INFO - Processing /home/airflow/.local/lib/python3.12/site-packages/airflow/example_dags/example_params_trigger_ui.py took 0.082 seconds
[2024-05-30T07:40:49.431+0000] {processor.py:161} INFO - Started process (PID=613) to work on /home/airflow/.local/lib/python3.12/site-packages/airflow/example_dags/example_params_trigger_ui.py
[2024-05-30T07:40:49.432+0000] {processor.py:830} INFO - Processing file /home/airflow/.local/lib/python3.12/site-packages/airflow/example_dags/example_params_trigger_ui.py for tasks to queue
[2024-05-30T07:40:49.432+0000] {logging_mixin.py:188} INFO - [2024-05-30T07:40:49.432+0000] {dagbag.py:545} INFO - Filling up the DagBag from /home/airflow/.local/lib/python3.12/site-packages/airflow/example_dags/example_params_trigger_ui.py
[2024-05-30T07:40:49.439+0000] {processor.py:840} INFO - DAG(s) 'example_params_trigger_ui' retrieved from /home/airflow/.local/lib/python3.12/site-packages/airflow/example_dags/example_params_trigger_ui.py
[2024-05-30T07:40:49.456+0000] {logging_mixin.py:188} INFO - [2024-05-30T07:40:49.456+0000] {dag.py:3096} INFO - Sync 1 DAGs
[2024-05-30T07:40:49.462+0000] {logging_mixin.py:188} INFO - [2024-05-30T07:40:49.461+0000] {dag.py:3954} INFO - Setting next_dagrun for example_params_trigger_ui to None, run_after=None
[2024-05-30T07:40:49.468+0000] {processor.py:183} INFO - Processing /home/airflow/.local/lib/python3.12/site-packages/airflow/example_dags/example_params_trigger_ui.py took 0.040 seconds
[2024-05-30T07:41:20.031+0000] {processor.py:161} INFO - Started process (PID=873) to work on /home/airflow/.local/lib/python3.12/site-packages/airflow/example_dags/example_params_trigger_ui.py
[2024-05-30T07:41:20.032+0000] {processor.py:830} INFO - Processing file /home/airflow/.local/lib/python3.12/site-packages/airflow/example_dags/example_params_trigger_ui.py for tasks to queue
[2024-05-30T07:41:20.032+0000] {logging_mixin.py:188} INFO - [2024-05-30T07:41:20.032+0000] {dagbag.py:545} INFO - Filling up the DagBag from /home/airflow/.local/lib/python3.12/site-packages/airflow/example_dags/example_params_trigger_ui.py
[2024-05-30T07:41:20.039+0000] {processor.py:840} INFO - DAG(s) 'example_params_trigger_ui' retrieved from /home/airflow/.local/lib/python3.12/site-packages/airflow/example_dags/example_params_trigger_ui.py
[2024-05-30T07:41:20.056+0000] {logging_mixin.py:188} INFO - [2024-05-30T07:41:20.056+0000] {dag.py:3096} INFO - Sync 1 DAGs
[2024-05-30T07:41:20.061+0000] {logging_mixin.py:188} INFO - [2024-05-30T07:41:20.061+0000] {dag.py:3954} INFO - Setting next_dagrun for example_params_trigger_ui to None, run_after=None
[2024-05-30T07:41:20.068+0000] {processor.py:183} INFO - Processing /home/airflow/.local/lib/python3.12/site-packages/airflow/example_dags/example_params_trigger_ui.py took 0.040 seconds
[2024-05-30T07:41:50.585+0000] {processor.py:161} INFO - Started process (PID=1137) to work on /home/airflow/.local/lib/python3.12/site-packages/airflow/example_dags/example_params_trigger_ui.py
[2024-05-30T07:41:50.585+0000] {processor.py:830} INFO - Processing file /home/airflow/.local/lib/python3.12/site-packages/airflow/example_dags/example_params_trigger_ui.py for tasks to queue
[2024-05-30T07:41:50.586+0000] {logging_mixin.py:188} INFO - [2024-05-30T07:41:50.586+0000] {dagbag.py:545} INFO - Filling up the DagBag from /home/airflow/.local/lib/python3.12/site-packages/airflow/example_dags/example_params_trigger_ui.py
[2024-05-30T07:41:50.593+0000] {processor.py:840} INFO - DAG(s) 'example_params_trigger_ui' retrieved from /home/airflow/.local/lib/python3.12/site-packages/airflow/example_dags/example_params_trigger_ui.py
[2024-05-30T07:41:50.609+0000] {logging_mixin.py:188} INFO - [2024-05-30T07:41:50.609+0000] {dag.py:3096} INFO - Sync 1 DAGs
[2024-05-30T07:41:50.614+0000] {logging_mixin.py:188} INFO - [2024-05-30T07:41:50.614+0000] {dag.py:3954} INFO - Setting next_dagrun for example_params_trigger_ui to None, run_after=None
[2024-05-30T07:41:50.620+0000] {processor.py:183} INFO - Processing /home/airflow/.local/lib/python3.12/site-packages/airflow/example_dags/example_params_trigger_ui.py took 0.038 seconds
[2024-05-30T07:42:21.214+0000] {processor.py:161} INFO - Started process (PID=1397) to work on /home/airflow/.local/lib/python3.12/site-packages/airflow/example_dags/example_params_trigger_ui.py
[2024-05-30T07:42:21.214+0000] {processor.py:830} INFO - Processing file /home/airflow/.local/lib/python3.12/site-packages/airflow/example_dags/example_params_trigger_ui.py for tasks to queue
[2024-05-30T07:42:21.215+0000] {logging_mixin.py:188} INFO - [2024-05-30T07:42:21.215+0000] {dagbag.py:545} INFO - Filling up the DagBag from /home/airflow/.local/lib/python3.12/site-packages/airflow/example_dags/example_params_trigger_ui.py
[2024-05-30T07:42:21.222+0000] {processor.py:840} INFO - DAG(s) 'example_params_trigger_ui' retrieved from /home/airflow/.local/lib/python3.12/site-packages/airflow/example_dags/example_params_trigger_ui.py
[2024-05-30T07:42:21.239+0000] {logging_mixin.py:188} INFO - [2024-05-30T07:42:21.239+0000] {dag.py:3096} INFO - Sync 1 DAGs
[2024-05-30T07:42:21.245+0000] {logging_mixin.py:188} INFO - [2024-05-30T07:42:21.245+0000] {dag.py:3954} INFO - Setting next_dagrun for example_params_trigger_ui to None, run_after=None
[2024-05-30T07:42:21.252+0000] {processor.py:183} INFO - Processing /home/airflow/.local/lib/python3.12/site-packages/airflow/example_dags/example_params_trigger_ui.py took 0.041 seconds
[2024-05-30T07:42:51.965+0000] {processor.py:161} INFO - Started process (PID=1659) to work on /home/airflow/.local/lib/python3.12/site-packages/airflow/example_dags/example_params_trigger_ui.py
[2024-05-30T07:42:51.965+0000] {processor.py:830} INFO - Processing file /home/airflow/.local/lib/python3.12/site-packages/airflow/example_dags/example_params_trigger_ui.py for tasks to queue
[2024-05-30T07:42:51.966+0000] {logging_mixin.py:188} INFO - [2024-05-30T07:42:51.966+0000] {dagbag.py:545} INFO - Filling up the DagBag from /home/airflow/.local/lib/python3.12/site-packages/airflow/example_dags/example_params_trigger_ui.py
[2024-05-30T07:42:51.973+0000] {processor.py:840} INFO - DAG(s) 'example_params_trigger_ui' retrieved from /home/airflow/.local/lib/python3.12/site-packages/airflow/example_dags/example_params_trigger_ui.py
[2024-05-30T07:42:51.992+0000] {logging_mixin.py:188} INFO - [2024-05-30T07:42:51.992+0000] {dag.py:3096} INFO - Sync 1 DAGs
[2024-05-30T07:42:51.997+0000] {logging_mixin.py:188} INFO - [2024-05-30T07:42:51.997+0000] {dag.py:3954} INFO - Setting next_dagrun for example_params_trigger_ui to None, run_after=None
[2024-05-30T07:42:52.005+0000] {processor.py:183} INFO - Processing /home/airflow/.local/lib/python3.12/site-packages/airflow/example_dags/example_params_trigger_ui.py took 0.043 seconds
[2024-05-30T07:43:22.065+0000] {processor.py:161} INFO - Started process (PID=1921) to work on /home/airflow/.local/lib/python3.12/site-packages/airflow/example_dags/example_params_trigger_ui.py
[2024-05-30T07:43:22.066+0000] {processor.py:830} INFO - Processing file /home/airflow/.local/lib/python3.12/site-packages/airflow/example_dags/example_params_trigger_ui.py for tasks to queue
[2024-05-30T07:43:22.067+0000] {logging_mixin.py:188} INFO - [2024-05-30T07:43:22.066+0000] {dagbag.py:545} INFO - Filling up the DagBag from /home/airflow/.local/lib/python3.12/site-packages/airflow/example_dags/example_params_trigger_ui.py
[2024-05-30T07:43:22.073+0000] {processor.py:840} INFO - DAG(s) 'example_params_trigger_ui' retrieved from /home/airflow/.local/lib/python3.12/site-packages/airflow/example_dags/example_params_trigger_ui.py
[2024-05-30T07:43:22.091+0000] {logging_mixin.py:188} INFO - [2024-05-30T07:43:22.091+0000] {dag.py:3096} INFO - Sync 1 DAGs
[2024-05-30T07:43:22.096+0000] {logging_mixin.py:188} INFO - [2024-05-30T07:43:22.096+0000] {dag.py:3954} INFO - Setting next_dagrun for example_params_trigger_ui to None, run_after=None
[2024-05-30T07:43:22.104+0000] {processor.py:183} INFO - Processing /home/airflow/.local/lib/python3.12/site-packages/airflow/example_dags/example_params_trigger_ui.py took 0.042 seconds
[2024-05-30T07:43:52.834+0000] {processor.py:161} INFO - Started process (PID=2185) to work on /home/airflow/.local/lib/python3.12/site-packages/airflow/example_dags/example_params_trigger_ui.py
[2024-05-30T07:43:52.834+0000] {processor.py:830} INFO - Processing file /home/airflow/.local/lib/python3.12/site-packages/airflow/example_dags/example_params_trigger_ui.py for tasks to queue
[2024-05-30T07:43:52.835+0000] {logging_mixin.py:188} INFO - [2024-05-30T07:43:52.835+0000] {dagbag.py:545} INFO - Filling up the DagBag from /home/airflow/.local/lib/python3.12/site-packages/airflow/example_dags/example_params_trigger_ui.py
[2024-05-30T07:43:52.843+0000] {processor.py:840} INFO - DAG(s) 'example_params_trigger_ui' retrieved from /home/airflow/.local/lib/python3.12/site-packages/airflow/example_dags/example_params_trigger_ui.py
[2024-05-30T07:43:52.860+0000] {logging_mixin.py:188} INFO - [2024-05-30T07:43:52.860+0000] {dag.py:3096} INFO - Sync 1 DAGs
[2024-05-30T07:43:52.867+0000] {logging_mixin.py:188} INFO - [2024-05-30T07:43:52.866+0000] {dag.py:3954} INFO - Setting next_dagrun for example_params_trigger_ui to None, run_after=None
[2024-05-30T07:43:52.874+0000] {processor.py:183} INFO - Processing /home/airflow/.local/lib/python3.12/site-packages/airflow/example_dags/example_params_trigger_ui.py took 0.043 seconds
[2024-05-30T07:44:23.489+0000] {processor.py:161} INFO - Started process (PID=2447) to work on /home/airflow/.local/lib/python3.12/site-packages/airflow/example_dags/example_params_trigger_ui.py
[2024-05-30T07:44:23.490+0000] {processor.py:830} INFO - Processing file /home/airflow/.local/lib/python3.12/site-packages/airflow/example_dags/example_params_trigger_ui.py for tasks to queue
[2024-05-30T07:44:23.491+0000] {logging_mixin.py:188} INFO - [2024-05-30T07:44:23.490+0000] {dagbag.py:545} INFO - Filling up the DagBag from /home/airflow/.local/lib/python3.12/site-packages/airflow/example_dags/example_params_trigger_ui.py
[2024-05-30T07:44:23.497+0000] {processor.py:840} INFO - DAG(s) 'example_params_trigger_ui' retrieved from /home/airflow/.local/lib/python3.12/site-packages/airflow/example_dags/example_params_trigger_ui.py
[2024-05-30T07:44:23.515+0000] {logging_mixin.py:188} INFO - [2024-05-30T07:44:23.515+0000] {dag.py:3096} INFO - Sync 1 DAGs
[2024-05-30T07:44:23.520+0000] {logging_mixin.py:188} INFO - [2024-05-30T07:44:23.520+0000] {dag.py:3954} INFO - Setting next_dagrun for example_params_trigger_ui to None, run_after=None
[2024-05-30T07:44:23.527+0000] {processor.py:183} INFO - Processing /home/airflow/.local/lib/python3.12/site-packages/airflow/example_dags/example_params_trigger_ui.py took 0.040 seconds
[2024-05-30T07:44:54.277+0000] {processor.py:161} INFO - Started process (PID=2709) to work on /home/airflow/.local/lib/python3.12/site-packages/airflow/example_dags/example_params_trigger_ui.py
[2024-05-30T07:44:54.278+0000] {processor.py:830} INFO - Processing file /home/airflow/.local/lib/python3.12/site-packages/airflow/example_dags/example_params_trigger_ui.py for tasks to queue
[2024-05-30T07:44:54.279+0000] {logging_mixin.py:188} INFO - [2024-05-30T07:44:54.279+0000] {dagbag.py:545} INFO - Filling up the DagBag from /home/airflow/.local/lib/python3.12/site-packages/airflow/example_dags/example_params_trigger_ui.py
[2024-05-30T07:44:54.286+0000] {processor.py:840} INFO - DAG(s) 'example_params_trigger_ui' retrieved from /home/airflow/.local/lib/python3.12/site-packages/airflow/example_dags/example_params_trigger_ui.py
[2024-05-30T07:44:54.303+0000] {logging_mixin.py:188} INFO - [2024-05-30T07:44:54.303+0000] {dag.py:3096} INFO - Sync 1 DAGs
[2024-05-30T07:44:54.309+0000] {logging_mixin.py:188} INFO - [2024-05-30T07:44:54.309+0000] {dag.py:3954} INFO - Setting next_dagrun for example_params_trigger_ui to None, run_after=None
[2024-05-30T07:44:54.316+0000] {processor.py:183} INFO - Processing /home/airflow/.local/lib/python3.12/site-packages/airflow/example_dags/example_params_trigger_ui.py took 0.041 seconds
[2024-05-30T07:45:25.169+0000] {processor.py:161} INFO - Started process (PID=2969) to work on /home/airflow/.local/lib/python3.12/site-packages/airflow/example_dags/example_params_trigger_ui.py
[2024-05-30T07:45:25.169+0000] {processor.py:830} INFO - Processing file /home/airflow/.local/lib/python3.12/site-packages/airflow/example_dags/example_params_trigger_ui.py for tasks to queue
[2024-05-30T07:45:25.170+0000] {logging_mixin.py:188} INFO - [2024-05-30T07:45:25.170+0000] {dagbag.py:545} INFO - Filling up the DagBag from /home/airflow/.local/lib/python3.12/site-packages/airflow/example_dags/example_params_trigger_ui.py
[2024-05-30T07:45:25.178+0000] {processor.py:840} INFO - DAG(s) 'example_params_trigger_ui' retrieved from /home/airflow/.local/lib/python3.12/site-packages/airflow/example_dags/example_params_trigger_ui.py
[2024-05-30T07:45:25.202+0000] {logging_mixin.py:188} INFO - [2024-05-30T07:45:25.202+0000] {dag.py:3096} INFO - Sync 1 DAGs
[2024-05-30T07:45:25.229+0000] {logging_mixin.py:188} INFO - [2024-05-30T07:45:25.229+0000] {dag.py:3954} INFO - Setting next_dagrun for example_params_trigger_ui to None, run_after=None
[2024-05-30T07:45:25.245+0000] {processor.py:183} INFO - Processing /home/airflow/.local/lib/python3.12/site-packages/airflow/example_dags/example_params_trigger_ui.py took 0.081 seconds
[2024-05-30T07:45:55.319+0000] {processor.py:161} INFO - Started process (PID=3233) to work on /home/airflow/.local/lib/python3.12/site-packages/airflow/example_dags/example_params_trigger_ui.py
[2024-05-30T07:45:55.319+0000] {processor.py:830} INFO - Processing file /home/airflow/.local/lib/python3.12/site-packages/airflow/example_dags/example_params_trigger_ui.py for tasks to queue
[2024-05-30T07:45:55.320+0000] {logging_mixin.py:188} INFO - [2024-05-30T07:45:55.320+0000] {dagbag.py:545} INFO - Filling up the DagBag from /home/airflow/.local/lib/python3.12/site-packages/airflow/example_dags/example_params_trigger_ui.py
[2024-05-30T07:45:55.327+0000] {processor.py:840} INFO - DAG(s) 'example_params_trigger_ui' retrieved from /home/airflow/.local/lib/python3.12/site-packages/airflow/example_dags/example_params_trigger_ui.py
[2024-05-30T07:45:55.343+0000] {logging_mixin.py:188} INFO - [2024-05-30T07:45:55.343+0000] {dag.py:3096} INFO - Sync 1 DAGs
[2024-05-30T07:45:55.349+0000] {logging_mixin.py:188} INFO - [2024-05-30T07:45:55.349+0000] {dag.py:3954} INFO - Setting next_dagrun for example_params_trigger_ui to None, run_after=None
[2024-05-30T07:45:55.355+0000] {processor.py:183} INFO - Processing /home/airflow/.local/lib/python3.12/site-packages/airflow/example_dags/example_params_trigger_ui.py took 0.040 seconds
[2024-05-30T07:46:25.917+0000] {processor.py:161} INFO - Started process (PID=3493) to work on /home/airflow/.local/lib/python3.12/site-packages/airflow/example_dags/example_params_trigger_ui.py
[2024-05-30T07:46:25.918+0000] {processor.py:830} INFO - Processing file /home/airflow/.local/lib/python3.12/site-packages/airflow/example_dags/example_params_trigger_ui.py for tasks to queue
[2024-05-30T07:46:25.919+0000] {logging_mixin.py:188} INFO - [2024-05-30T07:46:25.919+0000] {dagbag.py:545} INFO - Filling up the DagBag from /home/airflow/.local/lib/python3.12/site-packages/airflow/example_dags/example_params_trigger_ui.py
[2024-05-30T07:46:25.926+0000] {processor.py:840} INFO - DAG(s) 'example_params_trigger_ui' retrieved from /home/airflow/.local/lib/python3.12/site-packages/airflow/example_dags/example_params_trigger_ui.py
[2024-05-30T07:46:25.944+0000] {logging_mixin.py:188} INFO - [2024-05-30T07:46:25.944+0000] {dag.py:3096} INFO - Sync 1 DAGs
[2024-05-30T07:46:25.950+0000] {logging_mixin.py:188} INFO - [2024-05-30T07:46:25.950+0000] {dag.py:3954} INFO - Setting next_dagrun for example_params_trigger_ui to None, run_after=None
[2024-05-30T07:46:25.958+0000] {processor.py:183} INFO - Processing /home/airflow/.local/lib/python3.12/site-packages/airflow/example_dags/example_params_trigger_ui.py took 0.044 seconds
[2024-05-30T07:46:56.575+0000] {processor.py:161} INFO - Started process (PID=3903) to work on /home/airflow/.local/lib/python3.12/site-packages/airflow/example_dags/example_params_trigger_ui.py
[2024-05-30T07:46:56.576+0000] {processor.py:830} INFO - Processing file /home/airflow/.local/lib/python3.12/site-packages/airflow/example_dags/example_params_trigger_ui.py for tasks to queue
[2024-05-30T07:46:56.578+0000] {logging_mixin.py:188} INFO - [2024-05-30T07:46:56.577+0000] {dagbag.py:545} INFO - Filling up the DagBag from /home/airflow/.local/lib/python3.12/site-packages/airflow/example_dags/example_params_trigger_ui.py
[2024-05-30T07:46:56.587+0000] {processor.py:840} INFO - DAG(s) 'example_params_trigger_ui' retrieved from /home/airflow/.local/lib/python3.12/site-packages/airflow/example_dags/example_params_trigger_ui.py
[2024-05-30T07:46:56.605+0000] {logging_mixin.py:188} INFO - [2024-05-30T07:46:56.604+0000] {dag.py:3096} INFO - Sync 1 DAGs
[2024-05-30T07:46:56.610+0000] {logging_mixin.py:188} INFO - [2024-05-30T07:46:56.610+0000] {dag.py:3954} INFO - Setting next_dagrun for example_params_trigger_ui to None, run_after=None
[2024-05-30T07:46:56.617+0000] {processor.py:183} INFO - Processing /home/airflow/.local/lib/python3.12/site-packages/airflow/example_dags/example_params_trigger_ui.py took 0.044 seconds
[2024-05-30T07:47:27.321+0000] {processor.py:161} INFO - Started process (PID=4165) to work on /home/airflow/.local/lib/python3.12/site-packages/airflow/example_dags/example_params_trigger_ui.py
[2024-05-30T07:47:27.326+0000] {processor.py:830} INFO - Processing file /home/airflow/.local/lib/python3.12/site-packages/airflow/example_dags/example_params_trigger_ui.py for tasks to queue
[2024-05-30T07:47:27.327+0000] {logging_mixin.py:188} INFO - [2024-05-30T07:47:27.327+0000] {dagbag.py:545} INFO - Filling up the DagBag from /home/airflow/.local/lib/python3.12/site-packages/airflow/example_dags/example_params_trigger_ui.py
[2024-05-30T07:47:27.334+0000] {processor.py:840} INFO - DAG(s) 'example_params_trigger_ui' retrieved from /home/airflow/.local/lib/python3.12/site-packages/airflow/example_dags/example_params_trigger_ui.py
[2024-05-30T07:47:27.352+0000] {logging_mixin.py:188} INFO - [2024-05-30T07:47:27.352+0000] {dag.py:3096} INFO - Sync 1 DAGs
[2024-05-30T07:47:27.357+0000] {logging_mixin.py:188} INFO - [2024-05-30T07:47:27.357+0000] {dag.py:3954} INFO - Setting next_dagrun for example_params_trigger_ui to None, run_after=None
[2024-05-30T07:47:27.365+0000] {processor.py:183} INFO - Processing /home/airflow/.local/lib/python3.12/site-packages/airflow/example_dags/example_params_trigger_ui.py took 0.048 seconds
[2024-05-30T07:47:57.928+0000] {processor.py:161} INFO - Started process (PID=4427) to work on /home/airflow/.local/lib/python3.12/site-packages/airflow/example_dags/example_params_trigger_ui.py
[2024-05-30T07:47:57.928+0000] {processor.py:830} INFO - Processing file /home/airflow/.local/lib/python3.12/site-packages/airflow/example_dags/example_params_trigger_ui.py for tasks to queue
[2024-05-30T07:47:57.929+0000] {logging_mixin.py:188} INFO - [2024-05-30T07:47:57.929+0000] {dagbag.py:545} INFO - Filling up the DagBag from /home/airflow/.local/lib/python3.12/site-packages/airflow/example_dags/example_params_trigger_ui.py
[2024-05-30T07:47:57.936+0000] {processor.py:840} INFO - DAG(s) 'example_params_trigger_ui' retrieved from /home/airflow/.local/lib/python3.12/site-packages/airflow/example_dags/example_params_trigger_ui.py
[2024-05-30T07:47:57.954+0000] {logging_mixin.py:188} INFO - [2024-05-30T07:47:57.954+0000] {dag.py:3096} INFO - Sync 1 DAGs
[2024-05-30T07:47:57.959+0000] {logging_mixin.py:188} INFO - [2024-05-30T07:47:57.959+0000] {dag.py:3954} INFO - Setting next_dagrun for example_params_trigger_ui to None, run_after=None
[2024-05-30T07:47:57.967+0000] {processor.py:183} INFO - Processing /home/airflow/.local/lib/python3.12/site-packages/airflow/example_dags/example_params_trigger_ui.py took 0.042 seconds
[2024-05-30T07:48:28.718+0000] {processor.py:161} INFO - Started process (PID=4689) to work on /home/airflow/.local/lib/python3.12/site-packages/airflow/example_dags/example_params_trigger_ui.py
[2024-05-30T07:48:28.719+0000] {processor.py:830} INFO - Processing file /home/airflow/.local/lib/python3.12/site-packages/airflow/example_dags/example_params_trigger_ui.py for tasks to queue
[2024-05-30T07:48:28.720+0000] {logging_mixin.py:188} INFO - [2024-05-30T07:48:28.720+0000] {dagbag.py:545} INFO - Filling up the DagBag from /home/airflow/.local/lib/python3.12/site-packages/airflow/example_dags/example_params_trigger_ui.py
[2024-05-30T07:48:28.727+0000] {processor.py:840} INFO - DAG(s) 'example_params_trigger_ui' retrieved from /home/airflow/.local/lib/python3.12/site-packages/airflow/example_dags/example_params_trigger_ui.py
[2024-05-30T07:48:28.745+0000] {logging_mixin.py:188} INFO - [2024-05-30T07:48:28.745+0000] {dag.py:3096} INFO - Sync 1 DAGs
[2024-05-30T07:48:28.750+0000] {logging_mixin.py:188} INFO - [2024-05-30T07:48:28.750+0000] {dag.py:3954} INFO - Setting next_dagrun for example_params_trigger_ui to None, run_after=None
[2024-05-30T07:48:28.757+0000] {processor.py:183} INFO - Processing /home/airflow/.local/lib/python3.12/site-packages/airflow/example_dags/example_params_trigger_ui.py took 0.042 seconds
[2024-05-30T07:48:58.828+0000] {processor.py:161} INFO - Started process (PID=4951) to work on /home/airflow/.local/lib/python3.12/site-packages/airflow/example_dags/example_params_trigger_ui.py
[2024-05-30T07:48:58.828+0000] {processor.py:830} INFO - Processing file /home/airflow/.local/lib/python3.12/site-packages/airflow/example_dags/example_params_trigger_ui.py for tasks to queue
[2024-05-30T07:48:58.829+0000] {logging_mixin.py:188} INFO - [2024-05-30T07:48:58.829+0000] {dagbag.py:545} INFO - Filling up the DagBag from /home/airflow/.local/lib/python3.12/site-packages/airflow/example_dags/example_params_trigger_ui.py
[2024-05-30T07:48:58.836+0000] {processor.py:840} INFO - DAG(s) 'example_params_trigger_ui' retrieved from /home/airflow/.local/lib/python3.12/site-packages/airflow/example_dags/example_params_trigger_ui.py
[2024-05-30T07:48:58.855+0000] {logging_mixin.py:188} INFO - [2024-05-30T07:48:58.855+0000] {dag.py:3096} INFO - Sync 1 DAGs
[2024-05-30T07:48:58.862+0000] {logging_mixin.py:188} INFO - [2024-05-30T07:48:58.862+0000] {dag.py:3954} INFO - Setting next_dagrun for example_params_trigger_ui to None, run_after=None
[2024-05-30T07:48:58.870+0000] {processor.py:183} INFO - Processing /home/airflow/.local/lib/python3.12/site-packages/airflow/example_dags/example_params_trigger_ui.py took 0.046 seconds
[2024-05-30T07:49:29.531+0000] {processor.py:161} INFO - Started process (PID=5213) to work on /home/airflow/.local/lib/python3.12/site-packages/airflow/example_dags/example_params_trigger_ui.py
[2024-05-30T07:49:29.531+0000] {processor.py:830} INFO - Processing file /home/airflow/.local/lib/python3.12/site-packages/airflow/example_dags/example_params_trigger_ui.py for tasks to queue
[2024-05-30T07:49:29.533+0000] {logging_mixin.py:188} INFO - [2024-05-30T07:49:29.532+0000] {dagbag.py:545} INFO - Filling up the DagBag from /home/airflow/.local/lib/python3.12/site-packages/airflow/example_dags/example_params_trigger_ui.py
[2024-05-30T07:49:29.540+0000] {processor.py:840} INFO - DAG(s) 'example_params_trigger_ui' retrieved from /home/airflow/.local/lib/python3.12/site-packages/airflow/example_dags/example_params_trigger_ui.py
[2024-05-30T07:49:29.557+0000] {logging_mixin.py:188} INFO - [2024-05-30T07:49:29.557+0000] {dag.py:3096} INFO - Sync 1 DAGs
[2024-05-30T07:49:29.562+0000] {logging_mixin.py:188} INFO - [2024-05-30T07:49:29.562+0000] {dag.py:3954} INFO - Setting next_dagrun for example_params_trigger_ui to None, run_after=None
[2024-05-30T07:49:29.570+0000] {processor.py:183} INFO - Processing /home/airflow/.local/lib/python3.12/site-packages/airflow/example_dags/example_params_trigger_ui.py took 0.042 seconds
[2024-05-30T07:50:00.214+0000] {processor.py:161} INFO - Started process (PID=5475) to work on /home/airflow/.local/lib/python3.12/site-packages/airflow/example_dags/example_params_trigger_ui.py
[2024-05-30T07:50:00.214+0000] {processor.py:830} INFO - Processing file /home/airflow/.local/lib/python3.12/site-packages/airflow/example_dags/example_params_trigger_ui.py for tasks to queue
[2024-05-30T07:50:00.215+0000] {logging_mixin.py:188} INFO - [2024-05-30T07:50:00.215+0000] {dagbag.py:545} INFO - Filling up the DagBag from /home/airflow/.local/lib/python3.12/site-packages/airflow/example_dags/example_params_trigger_ui.py
[2024-05-30T07:50:00.222+0000] {processor.py:840} INFO - DAG(s) 'example_params_trigger_ui' retrieved from /home/airflow/.local/lib/python3.12/site-packages/airflow/example_dags/example_params_trigger_ui.py
[2024-05-30T07:50:00.239+0000] {logging_mixin.py:188} INFO - [2024-05-30T07:50:00.239+0000] {dag.py:3096} INFO - Sync 1 DAGs
[2024-05-30T07:50:00.245+0000] {logging_mixin.py:188} INFO - [2024-05-30T07:50:00.244+0000] {dag.py:3954} INFO - Setting next_dagrun for example_params_trigger_ui to None, run_after=None
[2024-05-30T07:50:00.252+0000] {processor.py:183} INFO - Processing /home/airflow/.local/lib/python3.12/site-packages/airflow/example_dags/example_params_trigger_ui.py took 0.041 seconds
[2024-05-30T07:50:30.910+0000] {processor.py:161} INFO - Started process (PID=5739) to work on /home/airflow/.local/lib/python3.12/site-packages/airflow/example_dags/example_params_trigger_ui.py
[2024-05-30T07:50:30.910+0000] {processor.py:830} INFO - Processing file /home/airflow/.local/lib/python3.12/site-packages/airflow/example_dags/example_params_trigger_ui.py for tasks to queue
[2024-05-30T07:50:30.911+0000] {logging_mixin.py:188} INFO - [2024-05-30T07:50:30.911+0000] {dagbag.py:545} INFO - Filling up the DagBag from /home/airflow/.local/lib/python3.12/site-packages/airflow/example_dags/example_params_trigger_ui.py
[2024-05-30T07:50:30.917+0000] {processor.py:840} INFO - DAG(s) 'example_params_trigger_ui' retrieved from /home/airflow/.local/lib/python3.12/site-packages/airflow/example_dags/example_params_trigger_ui.py
[2024-05-30T07:50:30.935+0000] {logging_mixin.py:188} INFO - [2024-05-30T07:50:30.935+0000] {dag.py:3096} INFO - Sync 1 DAGs
[2024-05-30T07:50:30.941+0000] {logging_mixin.py:188} INFO - [2024-05-30T07:50:30.940+0000] {dag.py:3954} INFO - Setting next_dagrun for example_params_trigger_ui to None, run_after=None
[2024-05-30T07:50:30.948+0000] {processor.py:183} INFO - Processing /home/airflow/.local/lib/python3.12/site-packages/airflow/example_dags/example_params_trigger_ui.py took 0.042 seconds
[2024-05-30T07:51:01.596+0000] {processor.py:161} INFO - Started process (PID=6000) to work on /home/airflow/.local/lib/python3.12/site-packages/airflow/example_dags/example_params_trigger_ui.py
[2024-05-30T07:51:01.597+0000] {processor.py:830} INFO - Processing file /home/airflow/.local/lib/python3.12/site-packages/airflow/example_dags/example_params_trigger_ui.py for tasks to queue
[2024-05-30T07:51:01.598+0000] {logging_mixin.py:188} INFO - [2024-05-30T07:51:01.598+0000] {dagbag.py:545} INFO - Filling up the DagBag from /home/airflow/.local/lib/python3.12/site-packages/airflow/example_dags/example_params_trigger_ui.py
[2024-05-30T07:51:01.604+0000] {processor.py:840} INFO - DAG(s) 'example_params_trigger_ui' retrieved from /home/airflow/.local/lib/python3.12/site-packages/airflow/example_dags/example_params_trigger_ui.py
[2024-05-30T07:51:01.621+0000] {logging_mixin.py:188} INFO - [2024-05-30T07:51:01.621+0000] {dag.py:3096} INFO - Sync 1 DAGs
[2024-05-30T07:51:01.626+0000] {logging_mixin.py:188} INFO - [2024-05-30T07:51:01.626+0000] {dag.py:3954} INFO - Setting next_dagrun for example_params_trigger_ui to None, run_after=None
[2024-05-30T07:51:01.633+0000] {processor.py:183} INFO - Processing /home/airflow/.local/lib/python3.12/site-packages/airflow/example_dags/example_params_trigger_ui.py took 0.039 seconds
