[2024-05-30T07:40:18.087+0000] {processor.py:161} INFO - Started process (PID=276) to work on /home/airflow/.local/lib/python3.12/site-packages/airflow/example_dags/example_time_delta_sensor_async.py
[2024-05-30T07:40:18.087+0000] {processor.py:830} INFO - Processing file /home/airflow/.local/lib/python3.12/site-packages/airflow/example_dags/example_time_delta_sensor_async.py for tasks to queue
[2024-05-30T07:40:18.089+0000] {logging_mixin.py:188} INFO - [2024-05-30T07:40:18.088+0000] {dagbag.py:545} INFO - Filling up the DagBag from /home/airflow/.local/lib/python3.12/site-packages/airflow/example_dags/example_time_delta_sensor_async.py
[2024-05-30T07:40:18.091+0000] {processor.py:840} INFO - DAG(s) 'example_time_delta_sensor_async' retrieved from /home/airflow/.local/lib/python3.12/site-packages/airflow/example_dags/example_time_delta_sensor_async.py
[2024-05-30T07:40:18.141+0000] {logging_mixin.py:188} INFO - [2024-05-30T07:40:18.141+0000] {override.py:1829} INFO - Created Permission View: can delete on DAG:example_time_delta_sensor_async
[2024-05-30T07:40:18.144+0000] {logging_mixin.py:188} INFO - [2024-05-30T07:40:18.144+0000] {override.py:1829} INFO - Created Permission View: can edit on DAG:example_time_delta_sensor_async
[2024-05-30T07:40:18.146+0000] {logging_mixin.py:188} INFO - [2024-05-30T07:40:18.146+0000] {override.py:1829} INFO - Created Permission View: can read on DAG:example_time_delta_sensor_async
[2024-05-30T07:40:18.146+0000] {logging_mixin.py:188} INFO - [2024-05-30T07:40:18.146+0000] {dag.py:3096} INFO - Sync 1 DAGs
[2024-05-30T07:40:18.151+0000] {logging_mixin.py:188} INFO - [2024-05-30T07:40:18.151+0000] {dag.py:3118} INFO - Creating ORM DAG for example_time_delta_sensor_async
[2024-05-30T07:40:18.152+0000] {logging_mixin.py:188} INFO - [2024-05-30T07:40:18.152+0000] {dag.py:3954} INFO - Setting next_dagrun for example_time_delta_sensor_async to None, run_after=None
[2024-05-30T07:40:18.158+0000] {processor.py:183} INFO - Processing /home/airflow/.local/lib/python3.12/site-packages/airflow/example_dags/example_time_delta_sensor_async.py took 0.073 seconds
[2024-05-30T07:40:49.035+0000] {processor.py:161} INFO - Started process (PID=538) to work on /home/airflow/.local/lib/python3.12/site-packages/airflow/example_dags/example_time_delta_sensor_async.py
[2024-05-30T07:40:49.035+0000] {processor.py:830} INFO - Processing file /home/airflow/.local/lib/python3.12/site-packages/airflow/example_dags/example_time_delta_sensor_async.py for tasks to queue
[2024-05-30T07:40:49.036+0000] {logging_mixin.py:188} INFO - [2024-05-30T07:40:49.036+0000] {dagbag.py:545} INFO - Filling up the DagBag from /home/airflow/.local/lib/python3.12/site-packages/airflow/example_dags/example_time_delta_sensor_async.py
[2024-05-30T07:40:49.039+0000] {processor.py:840} INFO - DAG(s) 'example_time_delta_sensor_async' retrieved from /home/airflow/.local/lib/python3.12/site-packages/airflow/example_dags/example_time_delta_sensor_async.py
[2024-05-30T07:40:49.049+0000] {logging_mixin.py:188} INFO - [2024-05-30T07:40:49.049+0000] {dag.py:3096} INFO - Sync 1 DAGs
[2024-05-30T07:40:49.054+0000] {logging_mixin.py:188} INFO - [2024-05-30T07:40:49.054+0000] {dag.py:3954} INFO - Setting next_dagrun for example_time_delta_sensor_async to None, run_after=None
[2024-05-30T07:40:49.062+0000] {processor.py:183} INFO - Processing /home/airflow/.local/lib/python3.12/site-packages/airflow/example_dags/example_time_delta_sensor_async.py took 0.030 seconds
[2024-05-30T07:41:19.635+0000] {processor.py:161} INFO - Started process (PID=800) to work on /home/airflow/.local/lib/python3.12/site-packages/airflow/example_dags/example_time_delta_sensor_async.py
[2024-05-30T07:41:19.636+0000] {processor.py:830} INFO - Processing file /home/airflow/.local/lib/python3.12/site-packages/airflow/example_dags/example_time_delta_sensor_async.py for tasks to queue
[2024-05-30T07:41:19.637+0000] {logging_mixin.py:188} INFO - [2024-05-30T07:41:19.636+0000] {dagbag.py:545} INFO - Filling up the DagBag from /home/airflow/.local/lib/python3.12/site-packages/airflow/example_dags/example_time_delta_sensor_async.py
[2024-05-30T07:41:19.639+0000] {processor.py:840} INFO - DAG(s) 'example_time_delta_sensor_async' retrieved from /home/airflow/.local/lib/python3.12/site-packages/airflow/example_dags/example_time_delta_sensor_async.py
[2024-05-30T07:41:19.649+0000] {logging_mixin.py:188} INFO - [2024-05-30T07:41:19.649+0000] {dag.py:3096} INFO - Sync 1 DAGs
[2024-05-30T07:41:19.654+0000] {logging_mixin.py:188} INFO - [2024-05-30T07:41:19.654+0000] {dag.py:3954} INFO - Setting next_dagrun for example_time_delta_sensor_async to None, run_after=None
[2024-05-30T07:41:19.662+0000] {processor.py:183} INFO - Processing /home/airflow/.local/lib/python3.12/site-packages/airflow/example_dags/example_time_delta_sensor_async.py took 0.029 seconds
[2024-05-30T07:41:50.185+0000] {processor.py:161} INFO - Started process (PID=1062) to work on /home/airflow/.local/lib/python3.12/site-packages/airflow/example_dags/example_time_delta_sensor_async.py
[2024-05-30T07:41:50.185+0000] {processor.py:830} INFO - Processing file /home/airflow/.local/lib/python3.12/site-packages/airflow/example_dags/example_time_delta_sensor_async.py for tasks to queue
[2024-05-30T07:41:50.186+0000] {logging_mixin.py:188} INFO - [2024-05-30T07:41:50.186+0000] {dagbag.py:545} INFO - Filling up the DagBag from /home/airflow/.local/lib/python3.12/site-packages/airflow/example_dags/example_time_delta_sensor_async.py
[2024-05-30T07:41:50.188+0000] {processor.py:840} INFO - DAG(s) 'example_time_delta_sensor_async' retrieved from /home/airflow/.local/lib/python3.12/site-packages/airflow/example_dags/example_time_delta_sensor_async.py
[2024-05-30T07:41:50.199+0000] {logging_mixin.py:188} INFO - [2024-05-30T07:41:50.198+0000] {dag.py:3096} INFO - Sync 1 DAGs
[2024-05-30T07:41:50.204+0000] {logging_mixin.py:188} INFO - [2024-05-30T07:41:50.204+0000] {dag.py:3954} INFO - Setting next_dagrun for example_time_delta_sensor_async to None, run_after=None
[2024-05-30T07:41:50.212+0000] {processor.py:183} INFO - Processing /home/airflow/.local/lib/python3.12/site-packages/airflow/example_dags/example_time_delta_sensor_async.py took 0.030 seconds
[2024-05-30T07:42:20.834+0000] {processor.py:161} INFO - Started process (PID=1324) to work on /home/airflow/.local/lib/python3.12/site-packages/airflow/example_dags/example_time_delta_sensor_async.py
[2024-05-30T07:42:20.834+0000] {processor.py:830} INFO - Processing file /home/airflow/.local/lib/python3.12/site-packages/airflow/example_dags/example_time_delta_sensor_async.py for tasks to queue
[2024-05-30T07:42:20.835+0000] {logging_mixin.py:188} INFO - [2024-05-30T07:42:20.835+0000] {dagbag.py:545} INFO - Filling up the DagBag from /home/airflow/.local/lib/python3.12/site-packages/airflow/example_dags/example_time_delta_sensor_async.py
[2024-05-30T07:42:20.837+0000] {processor.py:840} INFO - DAG(s) 'example_time_delta_sensor_async' retrieved from /home/airflow/.local/lib/python3.12/site-packages/airflow/example_dags/example_time_delta_sensor_async.py
[2024-05-30T07:42:20.847+0000] {logging_mixin.py:188} INFO - [2024-05-30T07:42:20.847+0000] {dag.py:3096} INFO - Sync 1 DAGs
[2024-05-30T07:42:20.853+0000] {logging_mixin.py:188} INFO - [2024-05-30T07:42:20.852+0000] {dag.py:3954} INFO - Setting next_dagrun for example_time_delta_sensor_async to None, run_after=None
[2024-05-30T07:42:20.860+0000] {processor.py:183} INFO - Processing /home/airflow/.local/lib/python3.12/site-packages/airflow/example_dags/example_time_delta_sensor_async.py took 0.029 seconds
[2024-05-30T07:42:51.535+0000] {processor.py:161} INFO - Started process (PID=1586) to work on /home/airflow/.local/lib/python3.12/site-packages/airflow/example_dags/example_time_delta_sensor_async.py
[2024-05-30T07:42:51.536+0000] {processor.py:830} INFO - Processing file /home/airflow/.local/lib/python3.12/site-packages/airflow/example_dags/example_time_delta_sensor_async.py for tasks to queue
[2024-05-30T07:42:51.537+0000] {logging_mixin.py:188} INFO - [2024-05-30T07:42:51.537+0000] {dagbag.py:545} INFO - Filling up the DagBag from /home/airflow/.local/lib/python3.12/site-packages/airflow/example_dags/example_time_delta_sensor_async.py
[2024-05-30T07:42:51.540+0000] {processor.py:840} INFO - DAG(s) 'example_time_delta_sensor_async' retrieved from /home/airflow/.local/lib/python3.12/site-packages/airflow/example_dags/example_time_delta_sensor_async.py
[2024-05-30T07:42:51.551+0000] {logging_mixin.py:188} INFO - [2024-05-30T07:42:51.550+0000] {dag.py:3096} INFO - Sync 1 DAGs
[2024-05-30T07:42:51.556+0000] {logging_mixin.py:188} INFO - [2024-05-30T07:42:51.556+0000] {dag.py:3954} INFO - Setting next_dagrun for example_time_delta_sensor_async to None, run_after=None
[2024-05-30T07:42:51.564+0000] {processor.py:183} INFO - Processing /home/airflow/.local/lib/python3.12/site-packages/airflow/example_dags/example_time_delta_sensor_async.py took 0.032 seconds
[2024-05-30T07:43:21.612+0000] {processor.py:161} INFO - Started process (PID=1846) to work on /home/airflow/.local/lib/python3.12/site-packages/airflow/example_dags/example_time_delta_sensor_async.py
[2024-05-30T07:43:21.612+0000] {processor.py:830} INFO - Processing file /home/airflow/.local/lib/python3.12/site-packages/airflow/example_dags/example_time_delta_sensor_async.py for tasks to queue
[2024-05-30T07:43:21.613+0000] {logging_mixin.py:188} INFO - [2024-05-30T07:43:21.613+0000] {dagbag.py:545} INFO - Filling up the DagBag from /home/airflow/.local/lib/python3.12/site-packages/airflow/example_dags/example_time_delta_sensor_async.py
[2024-05-30T07:43:21.616+0000] {processor.py:840} INFO - DAG(s) 'example_time_delta_sensor_async' retrieved from /home/airflow/.local/lib/python3.12/site-packages/airflow/example_dags/example_time_delta_sensor_async.py
[2024-05-30T07:43:21.627+0000] {logging_mixin.py:188} INFO - [2024-05-30T07:43:21.627+0000] {dag.py:3096} INFO - Sync 1 DAGs
[2024-05-30T07:43:21.633+0000] {logging_mixin.py:188} INFO - [2024-05-30T07:43:21.632+0000] {dag.py:3954} INFO - Setting next_dagrun for example_time_delta_sensor_async to None, run_after=None
[2024-05-30T07:43:21.640+0000] {processor.py:183} INFO - Processing /home/airflow/.local/lib/python3.12/site-packages/airflow/example_dags/example_time_delta_sensor_async.py took 0.031 seconds
[2024-05-30T07:43:52.336+0000] {processor.py:161} INFO - Started process (PID=2110) to work on /home/airflow/.local/lib/python3.12/site-packages/airflow/example_dags/example_time_delta_sensor_async.py
[2024-05-30T07:43:52.336+0000] {processor.py:830} INFO - Processing file /home/airflow/.local/lib/python3.12/site-packages/airflow/example_dags/example_time_delta_sensor_async.py for tasks to queue
[2024-05-30T07:43:52.337+0000] {logging_mixin.py:188} INFO - [2024-05-30T07:43:52.337+0000] {dagbag.py:545} INFO - Filling up the DagBag from /home/airflow/.local/lib/python3.12/site-packages/airflow/example_dags/example_time_delta_sensor_async.py
[2024-05-30T07:43:52.340+0000] {processor.py:840} INFO - DAG(s) 'example_time_delta_sensor_async' retrieved from /home/airflow/.local/lib/python3.12/site-packages/airflow/example_dags/example_time_delta_sensor_async.py
[2024-05-30T07:43:52.349+0000] {logging_mixin.py:188} INFO - [2024-05-30T07:43:52.349+0000] {dag.py:3096} INFO - Sync 1 DAGs
[2024-05-30T07:43:52.354+0000] {logging_mixin.py:188} INFO - [2024-05-30T07:43:52.354+0000] {dag.py:3954} INFO - Setting next_dagrun for example_time_delta_sensor_async to None, run_after=None
[2024-05-30T07:43:52.361+0000] {processor.py:183} INFO - Processing /home/airflow/.local/lib/python3.12/site-packages/airflow/example_dags/example_time_delta_sensor_async.py took 0.028 seconds
[2024-05-30T07:44:23.085+0000] {processor.py:161} INFO - Started process (PID=2372) to work on /home/airflow/.local/lib/python3.12/site-packages/airflow/example_dags/example_time_delta_sensor_async.py
[2024-05-30T07:44:23.085+0000] {processor.py:830} INFO - Processing file /home/airflow/.local/lib/python3.12/site-packages/airflow/example_dags/example_time_delta_sensor_async.py for tasks to queue
[2024-05-30T07:44:23.086+0000] {logging_mixin.py:188} INFO - [2024-05-30T07:44:23.086+0000] {dagbag.py:545} INFO - Filling up the DagBag from /home/airflow/.local/lib/python3.12/site-packages/airflow/example_dags/example_time_delta_sensor_async.py
[2024-05-30T07:44:23.089+0000] {processor.py:840} INFO - DAG(s) 'example_time_delta_sensor_async' retrieved from /home/airflow/.local/lib/python3.12/site-packages/airflow/example_dags/example_time_delta_sensor_async.py
[2024-05-30T07:44:23.098+0000] {logging_mixin.py:188} INFO - [2024-05-30T07:44:23.098+0000] {dag.py:3096} INFO - Sync 1 DAGs
[2024-05-30T07:44:23.104+0000] {logging_mixin.py:188} INFO - [2024-05-30T07:44:23.104+0000] {dag.py:3954} INFO - Setting next_dagrun for example_time_delta_sensor_async to None, run_after=None
[2024-05-30T07:44:23.111+0000] {processor.py:183} INFO - Processing /home/airflow/.local/lib/python3.12/site-packages/airflow/example_dags/example_time_delta_sensor_async.py took 0.029 seconds
[2024-05-30T07:44:53.854+0000] {processor.py:161} INFO - Started process (PID=2634) to work on /home/airflow/.local/lib/python3.12/site-packages/airflow/example_dags/example_time_delta_sensor_async.py
[2024-05-30T07:44:53.855+0000] {processor.py:830} INFO - Processing file /home/airflow/.local/lib/python3.12/site-packages/airflow/example_dags/example_time_delta_sensor_async.py for tasks to queue
[2024-05-30T07:44:53.856+0000] {logging_mixin.py:188} INFO - [2024-05-30T07:44:53.856+0000] {dagbag.py:545} INFO - Filling up the DagBag from /home/airflow/.local/lib/python3.12/site-packages/airflow/example_dags/example_time_delta_sensor_async.py
[2024-05-30T07:44:53.859+0000] {processor.py:840} INFO - DAG(s) 'example_time_delta_sensor_async' retrieved from /home/airflow/.local/lib/python3.12/site-packages/airflow/example_dags/example_time_delta_sensor_async.py
[2024-05-30T07:44:53.870+0000] {logging_mixin.py:188} INFO - [2024-05-30T07:44:53.870+0000] {dag.py:3096} INFO - Sync 1 DAGs
[2024-05-30T07:44:53.876+0000] {logging_mixin.py:188} INFO - [2024-05-30T07:44:53.875+0000] {dag.py:3954} INFO - Setting next_dagrun for example_time_delta_sensor_async to None, run_after=None
[2024-05-30T07:44:53.883+0000] {processor.py:183} INFO - Processing /home/airflow/.local/lib/python3.12/site-packages/airflow/example_dags/example_time_delta_sensor_async.py took 0.032 seconds
[2024-05-30T07:45:24.547+0000] {processor.py:161} INFO - Started process (PID=2896) to work on /home/airflow/.local/lib/python3.12/site-packages/airflow/example_dags/example_time_delta_sensor_async.py
[2024-05-30T07:45:24.548+0000] {processor.py:830} INFO - Processing file /home/airflow/.local/lib/python3.12/site-packages/airflow/example_dags/example_time_delta_sensor_async.py for tasks to queue
[2024-05-30T07:45:24.550+0000] {logging_mixin.py:188} INFO - [2024-05-30T07:45:24.549+0000] {dagbag.py:545} INFO - Filling up the DagBag from /home/airflow/.local/lib/python3.12/site-packages/airflow/example_dags/example_time_delta_sensor_async.py
[2024-05-30T07:45:24.552+0000] {processor.py:840} INFO - DAG(s) 'example_time_delta_sensor_async' retrieved from /home/airflow/.local/lib/python3.12/site-packages/airflow/example_dags/example_time_delta_sensor_async.py
[2024-05-30T07:45:24.563+0000] {logging_mixin.py:188} INFO - [2024-05-30T07:45:24.563+0000] {dag.py:3096} INFO - Sync 1 DAGs
[2024-05-30T07:45:24.568+0000] {logging_mixin.py:188} INFO - [2024-05-30T07:45:24.568+0000] {dag.py:3954} INFO - Setting next_dagrun for example_time_delta_sensor_async to None, run_after=None
[2024-05-30T07:45:24.576+0000] {processor.py:183} INFO - Processing /home/airflow/.local/lib/python3.12/site-packages/airflow/example_dags/example_time_delta_sensor_async.py took 0.032 seconds
[2024-05-30T07:45:54.843+0000] {processor.py:161} INFO - Started process (PID=3158) to work on /home/airflow/.local/lib/python3.12/site-packages/airflow/example_dags/example_time_delta_sensor_async.py
[2024-05-30T07:45:54.843+0000] {processor.py:830} INFO - Processing file /home/airflow/.local/lib/python3.12/site-packages/airflow/example_dags/example_time_delta_sensor_async.py for tasks to queue
[2024-05-30T07:45:54.844+0000] {logging_mixin.py:188} INFO - [2024-05-30T07:45:54.844+0000] {dagbag.py:545} INFO - Filling up the DagBag from /home/airflow/.local/lib/python3.12/site-packages/airflow/example_dags/example_time_delta_sensor_async.py
[2024-05-30T07:45:54.847+0000] {processor.py:840} INFO - DAG(s) 'example_time_delta_sensor_async' retrieved from /home/airflow/.local/lib/python3.12/site-packages/airflow/example_dags/example_time_delta_sensor_async.py
[2024-05-30T07:45:54.857+0000] {logging_mixin.py:188} INFO - [2024-05-30T07:45:54.857+0000] {dag.py:3096} INFO - Sync 1 DAGs
[2024-05-30T07:45:54.862+0000] {logging_mixin.py:188} INFO - [2024-05-30T07:45:54.862+0000] {dag.py:3954} INFO - Setting next_dagrun for example_time_delta_sensor_async to None, run_after=None
[2024-05-30T07:45:54.870+0000] {processor.py:183} INFO - Processing /home/airflow/.local/lib/python3.12/site-packages/airflow/example_dags/example_time_delta_sensor_async.py took 0.030 seconds
[2024-05-30T07:46:25.489+0000] {processor.py:161} INFO - Started process (PID=3420) to work on /home/airflow/.local/lib/python3.12/site-packages/airflow/example_dags/example_time_delta_sensor_async.py
[2024-05-30T07:46:25.490+0000] {processor.py:830} INFO - Processing file /home/airflow/.local/lib/python3.12/site-packages/airflow/example_dags/example_time_delta_sensor_async.py for tasks to queue
[2024-05-30T07:46:25.491+0000] {logging_mixin.py:188} INFO - [2024-05-30T07:46:25.490+0000] {dagbag.py:545} INFO - Filling up the DagBag from /home/airflow/.local/lib/python3.12/site-packages/airflow/example_dags/example_time_delta_sensor_async.py
[2024-05-30T07:46:25.493+0000] {processor.py:840} INFO - DAG(s) 'example_time_delta_sensor_async' retrieved from /home/airflow/.local/lib/python3.12/site-packages/airflow/example_dags/example_time_delta_sensor_async.py
[2024-05-30T07:46:25.502+0000] {logging_mixin.py:188} INFO - [2024-05-30T07:46:25.502+0000] {dag.py:3096} INFO - Sync 1 DAGs
[2024-05-30T07:46:25.507+0000] {logging_mixin.py:188} INFO - [2024-05-30T07:46:25.507+0000] {dag.py:3954} INFO - Setting next_dagrun for example_time_delta_sensor_async to None, run_after=None
[2024-05-30T07:46:25.516+0000] {processor.py:183} INFO - Processing /home/airflow/.local/lib/python3.12/site-packages/airflow/example_dags/example_time_delta_sensor_async.py took 0.030 seconds
[2024-05-30T07:46:56.152+0000] {processor.py:161} INFO - Started process (PID=3830) to work on /home/airflow/.local/lib/python3.12/site-packages/airflow/example_dags/example_time_delta_sensor_async.py
[2024-05-30T07:46:56.153+0000] {processor.py:830} INFO - Processing file /home/airflow/.local/lib/python3.12/site-packages/airflow/example_dags/example_time_delta_sensor_async.py for tasks to queue
[2024-05-30T07:46:56.154+0000] {logging_mixin.py:188} INFO - [2024-05-30T07:46:56.154+0000] {dagbag.py:545} INFO - Filling up the DagBag from /home/airflow/.local/lib/python3.12/site-packages/airflow/example_dags/example_time_delta_sensor_async.py
[2024-05-30T07:46:56.157+0000] {processor.py:840} INFO - DAG(s) 'example_time_delta_sensor_async' retrieved from /home/airflow/.local/lib/python3.12/site-packages/airflow/example_dags/example_time_delta_sensor_async.py
[2024-05-30T07:46:56.167+0000] {logging_mixin.py:188} INFO - [2024-05-30T07:46:56.167+0000] {dag.py:3096} INFO - Sync 1 DAGs
[2024-05-30T07:46:56.173+0000] {logging_mixin.py:188} INFO - [2024-05-30T07:46:56.173+0000] {dag.py:3954} INFO - Setting next_dagrun for example_time_delta_sensor_async to None, run_after=None
[2024-05-30T07:46:56.181+0000] {processor.py:183} INFO - Processing /home/airflow/.local/lib/python3.12/site-packages/airflow/example_dags/example_time_delta_sensor_async.py took 0.032 seconds
[2024-05-30T07:47:26.893+0000] {processor.py:161} INFO - Started process (PID=4092) to work on /home/airflow/.local/lib/python3.12/site-packages/airflow/example_dags/example_time_delta_sensor_async.py
[2024-05-30T07:47:26.893+0000] {processor.py:830} INFO - Processing file /home/airflow/.local/lib/python3.12/site-packages/airflow/example_dags/example_time_delta_sensor_async.py for tasks to queue
[2024-05-30T07:47:26.894+0000] {logging_mixin.py:188} INFO - [2024-05-30T07:47:26.894+0000] {dagbag.py:545} INFO - Filling up the DagBag from /home/airflow/.local/lib/python3.12/site-packages/airflow/example_dags/example_time_delta_sensor_async.py
[2024-05-30T07:47:26.897+0000] {processor.py:840} INFO - DAG(s) 'example_time_delta_sensor_async' retrieved from /home/airflow/.local/lib/python3.12/site-packages/airflow/example_dags/example_time_delta_sensor_async.py
[2024-05-30T07:47:26.907+0000] {logging_mixin.py:188} INFO - [2024-05-30T07:47:26.907+0000] {dag.py:3096} INFO - Sync 1 DAGs
[2024-05-30T07:47:26.912+0000] {logging_mixin.py:188} INFO - [2024-05-30T07:47:26.912+0000] {dag.py:3954} INFO - Setting next_dagrun for example_time_delta_sensor_async to None, run_after=None
[2024-05-30T07:47:26.920+0000] {processor.py:183} INFO - Processing /home/airflow/.local/lib/python3.12/site-packages/airflow/example_dags/example_time_delta_sensor_async.py took 0.030 seconds
[2024-05-30T07:47:57.538+0000] {processor.py:161} INFO - Started process (PID=4354) to work on /home/airflow/.local/lib/python3.12/site-packages/airflow/example_dags/example_time_delta_sensor_async.py
[2024-05-30T07:47:57.539+0000] {processor.py:830} INFO - Processing file /home/airflow/.local/lib/python3.12/site-packages/airflow/example_dags/example_time_delta_sensor_async.py for tasks to queue
[2024-05-30T07:47:57.540+0000] {logging_mixin.py:188} INFO - [2024-05-30T07:47:57.539+0000] {dagbag.py:545} INFO - Filling up the DagBag from /home/airflow/.local/lib/python3.12/site-packages/airflow/example_dags/example_time_delta_sensor_async.py
[2024-05-30T07:47:57.542+0000] {processor.py:840} INFO - DAG(s) 'example_time_delta_sensor_async' retrieved from /home/airflow/.local/lib/python3.12/site-packages/airflow/example_dags/example_time_delta_sensor_async.py
[2024-05-30T07:47:57.553+0000] {logging_mixin.py:188} INFO - [2024-05-30T07:47:57.552+0000] {dag.py:3096} INFO - Sync 1 DAGs
[2024-05-30T07:47:57.558+0000] {logging_mixin.py:188} INFO - [2024-05-30T07:47:57.558+0000] {dag.py:3954} INFO - Setting next_dagrun for example_time_delta_sensor_async to None, run_after=None
[2024-05-30T07:47:57.566+0000] {processor.py:183} INFO - Processing /home/airflow/.local/lib/python3.12/site-packages/airflow/example_dags/example_time_delta_sensor_async.py took 0.031 seconds
[2024-05-30T07:48:28.272+0000] {processor.py:161} INFO - Started process (PID=4614) to work on /home/airflow/.local/lib/python3.12/site-packages/airflow/example_dags/example_time_delta_sensor_async.py
[2024-05-30T07:48:28.273+0000] {processor.py:830} INFO - Processing file /home/airflow/.local/lib/python3.12/site-packages/airflow/example_dags/example_time_delta_sensor_async.py for tasks to queue
[2024-05-30T07:48:28.274+0000] {logging_mixin.py:188} INFO - [2024-05-30T07:48:28.274+0000] {dagbag.py:545} INFO - Filling up the DagBag from /home/airflow/.local/lib/python3.12/site-packages/airflow/example_dags/example_time_delta_sensor_async.py
[2024-05-30T07:48:28.276+0000] {processor.py:840} INFO - DAG(s) 'example_time_delta_sensor_async' retrieved from /home/airflow/.local/lib/python3.12/site-packages/airflow/example_dags/example_time_delta_sensor_async.py
[2024-05-30T07:48:28.285+0000] {logging_mixin.py:188} INFO - [2024-05-30T07:48:28.285+0000] {dag.py:3096} INFO - Sync 1 DAGs
[2024-05-30T07:48:28.290+0000] {logging_mixin.py:188} INFO - [2024-05-30T07:48:28.290+0000] {dag.py:3954} INFO - Setting next_dagrun for example_time_delta_sensor_async to None, run_after=None
[2024-05-30T07:48:28.298+0000] {processor.py:183} INFO - Processing /home/airflow/.local/lib/python3.12/site-packages/airflow/example_dags/example_time_delta_sensor_async.py took 0.029 seconds
[2024-05-30T07:48:58.395+0000] {processor.py:161} INFO - Started process (PID=4878) to work on /home/airflow/.local/lib/python3.12/site-packages/airflow/example_dags/example_time_delta_sensor_async.py
[2024-05-30T07:48:58.395+0000] {processor.py:830} INFO - Processing file /home/airflow/.local/lib/python3.12/site-packages/airflow/example_dags/example_time_delta_sensor_async.py for tasks to queue
[2024-05-30T07:48:58.396+0000] {logging_mixin.py:188} INFO - [2024-05-30T07:48:58.396+0000] {dagbag.py:545} INFO - Filling up the DagBag from /home/airflow/.local/lib/python3.12/site-packages/airflow/example_dags/example_time_delta_sensor_async.py
[2024-05-30T07:48:58.399+0000] {processor.py:840} INFO - DAG(s) 'example_time_delta_sensor_async' retrieved from /home/airflow/.local/lib/python3.12/site-packages/airflow/example_dags/example_time_delta_sensor_async.py
[2024-05-30T07:48:58.409+0000] {logging_mixin.py:188} INFO - [2024-05-30T07:48:58.409+0000] {dag.py:3096} INFO - Sync 1 DAGs
[2024-05-30T07:48:58.415+0000] {logging_mixin.py:188} INFO - [2024-05-30T07:48:58.415+0000] {dag.py:3954} INFO - Setting next_dagrun for example_time_delta_sensor_async to None, run_after=None
[2024-05-30T07:48:58.422+0000] {processor.py:183} INFO - Processing /home/airflow/.local/lib/python3.12/site-packages/airflow/example_dags/example_time_delta_sensor_async.py took 0.030 seconds
[2024-05-30T07:49:29.115+0000] {processor.py:161} INFO - Started process (PID=5140) to work on /home/airflow/.local/lib/python3.12/site-packages/airflow/example_dags/example_time_delta_sensor_async.py
[2024-05-30T07:49:29.116+0000] {processor.py:830} INFO - Processing file /home/airflow/.local/lib/python3.12/site-packages/airflow/example_dags/example_time_delta_sensor_async.py for tasks to queue
[2024-05-30T07:49:29.116+0000] {logging_mixin.py:188} INFO - [2024-05-30T07:49:29.116+0000] {dagbag.py:545} INFO - Filling up the DagBag from /home/airflow/.local/lib/python3.12/site-packages/airflow/example_dags/example_time_delta_sensor_async.py
[2024-05-30T07:49:29.119+0000] {processor.py:840} INFO - DAG(s) 'example_time_delta_sensor_async' retrieved from /home/airflow/.local/lib/python3.12/site-packages/airflow/example_dags/example_time_delta_sensor_async.py
[2024-05-30T07:49:29.130+0000] {logging_mixin.py:188} INFO - [2024-05-30T07:49:29.130+0000] {dag.py:3096} INFO - Sync 1 DAGs
[2024-05-30T07:49:29.136+0000] {logging_mixin.py:188} INFO - [2024-05-30T07:49:29.136+0000] {dag.py:3954} INFO - Setting next_dagrun for example_time_delta_sensor_async to None, run_after=None
[2024-05-30T07:49:29.143+0000] {processor.py:183} INFO - Processing /home/airflow/.local/lib/python3.12/site-packages/airflow/example_dags/example_time_delta_sensor_async.py took 0.031 seconds
