[2024-05-30T07:40:17.061+0000] {processor.py:161} INFO - Started process (PID=176) to work on /home/airflow/.local/lib/python3.12/site-packages/airflow/example_dags/example_skip_dag.py
[2024-05-30T07:40:17.061+0000] {processor.py:830} INFO - Processing file /home/airflow/.local/lib/python3.12/site-packages/airflow/example_dags/example_skip_dag.py for tasks to queue
[2024-05-30T07:40:17.062+0000] {logging_mixin.py:188} INFO - [2024-05-30T07:40:17.062+0000] {dagbag.py:545} INFO - Filling up the DagBag from /home/airflow/.local/lib/python3.12/site-packages/airflow/example_dags/example_skip_dag.py
[2024-05-30T07:40:17.067+0000] {processor.py:840} INFO - DAG(s) 'example_skip_dag' retrieved from /home/airflow/.local/lib/python3.12/site-packages/airflow/example_dags/example_skip_dag.py
[2024-05-30T07:40:17.116+0000] {logging_mixin.py:188} INFO - [2024-05-30T07:40:17.115+0000] {override.py:1829} INFO - Created Permission View: can delete on DAG:example_skip_dag
[2024-05-30T07:40:17.119+0000] {logging_mixin.py:188} INFO - [2024-05-30T07:40:17.119+0000] {override.py:1829} INFO - Created Permission View: can edit on DAG:example_skip_dag
[2024-05-30T07:40:17.121+0000] {logging_mixin.py:188} INFO - [2024-05-30T07:40:17.121+0000] {override.py:1829} INFO - Created Permission View: can read on DAG:example_skip_dag
[2024-05-30T07:40:17.122+0000] {logging_mixin.py:188} INFO - [2024-05-30T07:40:17.122+0000] {dag.py:3096} INFO - Sync 1 DAGs
[2024-05-30T07:40:17.126+0000] {logging_mixin.py:188} INFO - [2024-05-30T07:40:17.125+0000] {dag.py:3118} INFO - Creating ORM DAG for example_skip_dag
[2024-05-30T07:40:17.129+0000] {logging_mixin.py:188} INFO - [2024-05-30T07:40:17.129+0000] {dag.py:3954} INFO - Setting next_dagrun for example_skip_dag to 2024-05-29 00:00:00+00:00, run_after=2024-05-30 00:00:00+00:00
[2024-05-30T07:40:17.136+0000] {processor.py:183} INFO - Processing /home/airflow/.local/lib/python3.12/site-packages/airflow/example_dags/example_skip_dag.py took 0.078 seconds
[2024-05-30T07:40:47.475+0000] {processor.py:161} INFO - Started process (PID=436) to work on /home/airflow/.local/lib/python3.12/site-packages/airflow/example_dags/example_skip_dag.py
[2024-05-30T07:40:47.475+0000] {processor.py:830} INFO - Processing file /home/airflow/.local/lib/python3.12/site-packages/airflow/example_dags/example_skip_dag.py for tasks to queue
[2024-05-30T07:40:47.476+0000] {logging_mixin.py:188} INFO - [2024-05-30T07:40:47.476+0000] {dagbag.py:545} INFO - Filling up the DagBag from /home/airflow/.local/lib/python3.12/site-packages/airflow/example_dags/example_skip_dag.py
[2024-05-30T07:40:47.479+0000] {processor.py:840} INFO - DAG(s) 'example_skip_dag' retrieved from /home/airflow/.local/lib/python3.12/site-packages/airflow/example_dags/example_skip_dag.py
[2024-05-30T07:40:47.489+0000] {logging_mixin.py:188} INFO - [2024-05-30T07:40:47.489+0000] {dag.py:3096} INFO - Sync 1 DAGs
[2024-05-30T07:40:47.498+0000] {logging_mixin.py:188} INFO - [2024-05-30T07:40:47.497+0000] {dag.py:3954} INFO - Setting next_dagrun for example_skip_dag to 2024-05-29 00:00:00+00:00, run_after=2024-05-30 00:00:00+00:00
[2024-05-30T07:40:47.504+0000] {processor.py:183} INFO - Processing /home/airflow/.local/lib/python3.12/site-packages/airflow/example_dags/example_skip_dag.py took 0.032 seconds
[2024-05-30T07:41:18.068+0000] {processor.py:161} INFO - Started process (PID=698) to work on /home/airflow/.local/lib/python3.12/site-packages/airflow/example_dags/example_skip_dag.py
[2024-05-30T07:41:18.069+0000] {processor.py:830} INFO - Processing file /home/airflow/.local/lib/python3.12/site-packages/airflow/example_dags/example_skip_dag.py for tasks to queue
[2024-05-30T07:41:18.070+0000] {logging_mixin.py:188} INFO - [2024-05-30T07:41:18.070+0000] {dagbag.py:545} INFO - Filling up the DagBag from /home/airflow/.local/lib/python3.12/site-packages/airflow/example_dags/example_skip_dag.py
[2024-05-30T07:41:18.073+0000] {processor.py:840} INFO - DAG(s) 'example_skip_dag' retrieved from /home/airflow/.local/lib/python3.12/site-packages/airflow/example_dags/example_skip_dag.py
[2024-05-30T07:41:18.082+0000] {logging_mixin.py:188} INFO - [2024-05-30T07:41:18.082+0000] {dag.py:3096} INFO - Sync 1 DAGs
[2024-05-30T07:41:18.091+0000] {logging_mixin.py:188} INFO - [2024-05-30T07:41:18.091+0000] {dag.py:3954} INFO - Setting next_dagrun for example_skip_dag to 2024-05-29 00:00:00+00:00, run_after=2024-05-30 00:00:00+00:00
[2024-05-30T07:41:18.098+0000] {processor.py:183} INFO - Processing /home/airflow/.local/lib/python3.12/site-packages/airflow/example_dags/example_skip_dag.py took 0.032 seconds
[2024-05-30T07:41:48.629+0000] {processor.py:161} INFO - Started process (PID=960) to work on /home/airflow/.local/lib/python3.12/site-packages/airflow/example_dags/example_skip_dag.py
[2024-05-30T07:41:48.630+0000] {processor.py:830} INFO - Processing file /home/airflow/.local/lib/python3.12/site-packages/airflow/example_dags/example_skip_dag.py for tasks to queue
[2024-05-30T07:41:48.630+0000] {logging_mixin.py:188} INFO - [2024-05-30T07:41:48.630+0000] {dagbag.py:545} INFO - Filling up the DagBag from /home/airflow/.local/lib/python3.12/site-packages/airflow/example_dags/example_skip_dag.py
[2024-05-30T07:41:48.633+0000] {processor.py:840} INFO - DAG(s) 'example_skip_dag' retrieved from /home/airflow/.local/lib/python3.12/site-packages/airflow/example_dags/example_skip_dag.py
[2024-05-30T07:41:48.643+0000] {logging_mixin.py:188} INFO - [2024-05-30T07:41:48.642+0000] {dag.py:3096} INFO - Sync 1 DAGs
[2024-05-30T07:41:48.651+0000] {logging_mixin.py:188} INFO - [2024-05-30T07:41:48.651+0000] {dag.py:3954} INFO - Setting next_dagrun for example_skip_dag to 2024-05-29 00:00:00+00:00, run_after=2024-05-30 00:00:00+00:00
[2024-05-30T07:41:48.658+0000] {processor.py:183} INFO - Processing /home/airflow/.local/lib/python3.12/site-packages/airflow/example_dags/example_skip_dag.py took 0.032 seconds
[2024-05-30T07:42:19.243+0000] {processor.py:161} INFO - Started process (PID=1222) to work on /home/airflow/.local/lib/python3.12/site-packages/airflow/example_dags/example_skip_dag.py
[2024-05-30T07:42:19.243+0000] {processor.py:830} INFO - Processing file /home/airflow/.local/lib/python3.12/site-packages/airflow/example_dags/example_skip_dag.py for tasks to queue
[2024-05-30T07:42:19.244+0000] {logging_mixin.py:188} INFO - [2024-05-30T07:42:19.244+0000] {dagbag.py:545} INFO - Filling up the DagBag from /home/airflow/.local/lib/python3.12/site-packages/airflow/example_dags/example_skip_dag.py
[2024-05-30T07:42:19.247+0000] {processor.py:840} INFO - DAG(s) 'example_skip_dag' retrieved from /home/airflow/.local/lib/python3.12/site-packages/airflow/example_dags/example_skip_dag.py
[2024-05-30T07:42:19.256+0000] {logging_mixin.py:188} INFO - [2024-05-30T07:42:19.256+0000] {dag.py:3096} INFO - Sync 1 DAGs
[2024-05-30T07:42:19.264+0000] {logging_mixin.py:188} INFO - [2024-05-30T07:42:19.264+0000] {dag.py:3954} INFO - Setting next_dagrun for example_skip_dag to 2024-05-29 00:00:00+00:00, run_after=2024-05-30 00:00:00+00:00
[2024-05-30T07:42:19.271+0000] {processor.py:183} INFO - Processing /home/airflow/.local/lib/python3.12/site-packages/airflow/example_dags/example_skip_dag.py took 0.031 seconds
[2024-05-30T07:42:49.876+0000] {processor.py:161} INFO - Started process (PID=1486) to work on /home/airflow/.local/lib/python3.12/site-packages/airflow/example_dags/example_skip_dag.py
[2024-05-30T07:42:49.876+0000] {processor.py:830} INFO - Processing file /home/airflow/.local/lib/python3.12/site-packages/airflow/example_dags/example_skip_dag.py for tasks to queue
[2024-05-30T07:42:49.877+0000] {logging_mixin.py:188} INFO - [2024-05-30T07:42:49.877+0000] {dagbag.py:545} INFO - Filling up the DagBag from /home/airflow/.local/lib/python3.12/site-packages/airflow/example_dags/example_skip_dag.py
[2024-05-30T07:42:49.881+0000] {processor.py:840} INFO - DAG(s) 'example_skip_dag' retrieved from /home/airflow/.local/lib/python3.12/site-packages/airflow/example_dags/example_skip_dag.py
[2024-05-30T07:42:49.891+0000] {logging_mixin.py:188} INFO - [2024-05-30T07:42:49.891+0000] {dag.py:3096} INFO - Sync 1 DAGs
[2024-05-30T07:42:49.901+0000] {logging_mixin.py:188} INFO - [2024-05-30T07:42:49.901+0000] {dag.py:3954} INFO - Setting next_dagrun for example_skip_dag to 2024-05-29 00:00:00+00:00, run_after=2024-05-30 00:00:00+00:00
[2024-05-30T07:42:49.909+0000] {processor.py:183} INFO - Processing /home/airflow/.local/lib/python3.12/site-packages/airflow/example_dags/example_skip_dag.py took 0.036 seconds
[2024-05-30T07:43:19.929+0000] {processor.py:161} INFO - Started process (PID=1746) to work on /home/airflow/.local/lib/python3.12/site-packages/airflow/example_dags/example_skip_dag.py
[2024-05-30T07:43:19.930+0000] {processor.py:830} INFO - Processing file /home/airflow/.local/lib/python3.12/site-packages/airflow/example_dags/example_skip_dag.py for tasks to queue
[2024-05-30T07:43:19.931+0000] {logging_mixin.py:188} INFO - [2024-05-30T07:43:19.930+0000] {dagbag.py:545} INFO - Filling up the DagBag from /home/airflow/.local/lib/python3.12/site-packages/airflow/example_dags/example_skip_dag.py
[2024-05-30T07:43:19.934+0000] {processor.py:840} INFO - DAG(s) 'example_skip_dag' retrieved from /home/airflow/.local/lib/python3.12/site-packages/airflow/example_dags/example_skip_dag.py
[2024-05-30T07:43:19.944+0000] {logging_mixin.py:188} INFO - [2024-05-30T07:43:19.944+0000] {dag.py:3096} INFO - Sync 1 DAGs
[2024-05-30T07:43:19.953+0000] {logging_mixin.py:188} INFO - [2024-05-30T07:43:19.953+0000] {dag.py:3954} INFO - Setting next_dagrun for example_skip_dag to 2024-05-29 00:00:00+00:00, run_after=2024-05-30 00:00:00+00:00
[2024-05-30T07:43:19.960+0000] {processor.py:183} INFO - Processing /home/airflow/.local/lib/python3.12/site-packages/airflow/example_dags/example_skip_dag.py took 0.033 seconds
[2024-05-30T07:43:50.696+0000] {processor.py:161} INFO - Started process (PID=2008) to work on /home/airflow/.local/lib/python3.12/site-packages/airflow/example_dags/example_skip_dag.py
[2024-05-30T07:43:50.696+0000] {processor.py:830} INFO - Processing file /home/airflow/.local/lib/python3.12/site-packages/airflow/example_dags/example_skip_dag.py for tasks to queue
[2024-05-30T07:43:50.697+0000] {logging_mixin.py:188} INFO - [2024-05-30T07:43:50.697+0000] {dagbag.py:545} INFO - Filling up the DagBag from /home/airflow/.local/lib/python3.12/site-packages/airflow/example_dags/example_skip_dag.py
[2024-05-30T07:43:50.700+0000] {processor.py:840} INFO - DAG(s) 'example_skip_dag' retrieved from /home/airflow/.local/lib/python3.12/site-packages/airflow/example_dags/example_skip_dag.py
[2024-05-30T07:43:50.709+0000] {logging_mixin.py:188} INFO - [2024-05-30T07:43:50.709+0000] {dag.py:3096} INFO - Sync 1 DAGs
[2024-05-30T07:43:50.719+0000] {logging_mixin.py:188} INFO - [2024-05-30T07:43:50.718+0000] {dag.py:3954} INFO - Setting next_dagrun for example_skip_dag to 2024-05-29 00:00:00+00:00, run_after=2024-05-30 00:00:00+00:00
[2024-05-30T07:43:50.726+0000] {processor.py:183} INFO - Processing /home/airflow/.local/lib/python3.12/site-packages/airflow/example_dags/example_skip_dag.py took 0.033 seconds
[2024-05-30T07:44:21.514+0000] {processor.py:161} INFO - Started process (PID=2270) to work on /home/airflow/.local/lib/python3.12/site-packages/airflow/example_dags/example_skip_dag.py
[2024-05-30T07:44:21.514+0000] {processor.py:830} INFO - Processing file /home/airflow/.local/lib/python3.12/site-packages/airflow/example_dags/example_skip_dag.py for tasks to queue
[2024-05-30T07:44:21.515+0000] {logging_mixin.py:188} INFO - [2024-05-30T07:44:21.515+0000] {dagbag.py:545} INFO - Filling up the DagBag from /home/airflow/.local/lib/python3.12/site-packages/airflow/example_dags/example_skip_dag.py
[2024-05-30T07:44:21.518+0000] {processor.py:840} INFO - DAG(s) 'example_skip_dag' retrieved from /home/airflow/.local/lib/python3.12/site-packages/airflow/example_dags/example_skip_dag.py
[2024-05-30T07:44:21.527+0000] {logging_mixin.py:188} INFO - [2024-05-30T07:44:21.527+0000] {dag.py:3096} INFO - Sync 1 DAGs
[2024-05-30T07:44:21.536+0000] {logging_mixin.py:188} INFO - [2024-05-30T07:44:21.536+0000] {dag.py:3954} INFO - Setting next_dagrun for example_skip_dag to 2024-05-29 00:00:00+00:00, run_after=2024-05-30 00:00:00+00:00
[2024-05-30T07:44:21.543+0000] {processor.py:183} INFO - Processing /home/airflow/.local/lib/python3.12/site-packages/airflow/example_dags/example_skip_dag.py took 0.032 seconds
[2024-05-30T07:44:52.213+0000] {processor.py:161} INFO - Started process (PID=2532) to work on /home/airflow/.local/lib/python3.12/site-packages/airflow/example_dags/example_skip_dag.py
[2024-05-30T07:44:52.214+0000] {processor.py:830} INFO - Processing file /home/airflow/.local/lib/python3.12/site-packages/airflow/example_dags/example_skip_dag.py for tasks to queue
[2024-05-30T07:44:52.215+0000] {logging_mixin.py:188} INFO - [2024-05-30T07:44:52.214+0000] {dagbag.py:545} INFO - Filling up the DagBag from /home/airflow/.local/lib/python3.12/site-packages/airflow/example_dags/example_skip_dag.py
[2024-05-30T07:44:52.218+0000] {processor.py:840} INFO - DAG(s) 'example_skip_dag' retrieved from /home/airflow/.local/lib/python3.12/site-packages/airflow/example_dags/example_skip_dag.py
[2024-05-30T07:44:52.227+0000] {logging_mixin.py:188} INFO - [2024-05-30T07:44:52.227+0000] {dag.py:3096} INFO - Sync 1 DAGs
[2024-05-30T07:44:52.236+0000] {logging_mixin.py:188} INFO - [2024-05-30T07:44:52.235+0000] {dag.py:3954} INFO - Setting next_dagrun for example_skip_dag to 2024-05-29 00:00:00+00:00, run_after=2024-05-30 00:00:00+00:00
[2024-05-30T07:44:52.243+0000] {processor.py:183} INFO - Processing /home/airflow/.local/lib/python3.12/site-packages/airflow/example_dags/example_skip_dag.py took 0.032 seconds
[2024-05-30T07:45:22.950+0000] {processor.py:161} INFO - Started process (PID=2794) to work on /home/airflow/.local/lib/python3.12/site-packages/airflow/example_dags/example_skip_dag.py
[2024-05-30T07:45:22.950+0000] {processor.py:830} INFO - Processing file /home/airflow/.local/lib/python3.12/site-packages/airflow/example_dags/example_skip_dag.py for tasks to queue
[2024-05-30T07:45:22.951+0000] {logging_mixin.py:188} INFO - [2024-05-30T07:45:22.951+0000] {dagbag.py:545} INFO - Filling up the DagBag from /home/airflow/.local/lib/python3.12/site-packages/airflow/example_dags/example_skip_dag.py
[2024-05-30T07:45:22.954+0000] {processor.py:840} INFO - DAG(s) 'example_skip_dag' retrieved from /home/airflow/.local/lib/python3.12/site-packages/airflow/example_dags/example_skip_dag.py
[2024-05-30T07:45:22.964+0000] {logging_mixin.py:188} INFO - [2024-05-30T07:45:22.964+0000] {dag.py:3096} INFO - Sync 1 DAGs
[2024-05-30T07:45:22.973+0000] {logging_mixin.py:188} INFO - [2024-05-30T07:45:22.973+0000] {dag.py:3954} INFO - Setting next_dagrun for example_skip_dag to 2024-05-29 00:00:00+00:00, run_after=2024-05-30 00:00:00+00:00
[2024-05-30T07:45:22.980+0000] {processor.py:183} INFO - Processing /home/airflow/.local/lib/python3.12/site-packages/airflow/example_dags/example_skip_dag.py took 0.033 seconds
[2024-05-30T07:45:53.205+0000] {processor.py:161} INFO - Started process (PID=3056) to work on /home/airflow/.local/lib/python3.12/site-packages/airflow/example_dags/example_skip_dag.py
[2024-05-30T07:45:53.205+0000] {processor.py:830} INFO - Processing file /home/airflow/.local/lib/python3.12/site-packages/airflow/example_dags/example_skip_dag.py for tasks to queue
[2024-05-30T07:45:53.206+0000] {logging_mixin.py:188} INFO - [2024-05-30T07:45:53.206+0000] {dagbag.py:545} INFO - Filling up the DagBag from /home/airflow/.local/lib/python3.12/site-packages/airflow/example_dags/example_skip_dag.py
[2024-05-30T07:45:53.209+0000] {processor.py:840} INFO - DAG(s) 'example_skip_dag' retrieved from /home/airflow/.local/lib/python3.12/site-packages/airflow/example_dags/example_skip_dag.py
[2024-05-30T07:45:53.218+0000] {logging_mixin.py:188} INFO - [2024-05-30T07:45:53.218+0000] {dag.py:3096} INFO - Sync 1 DAGs
[2024-05-30T07:45:53.227+0000] {logging_mixin.py:188} INFO - [2024-05-30T07:45:53.227+0000] {dag.py:3954} INFO - Setting next_dagrun for example_skip_dag to 2024-05-29 00:00:00+00:00, run_after=2024-05-30 00:00:00+00:00
[2024-05-30T07:45:53.234+0000] {processor.py:183} INFO - Processing /home/airflow/.local/lib/python3.12/site-packages/airflow/example_dags/example_skip_dag.py took 0.032 seconds
[2024-05-30T07:46:23.965+0000] {processor.py:161} INFO - Started process (PID=3320) to work on /home/airflow/.local/lib/python3.12/site-packages/airflow/example_dags/example_skip_dag.py
[2024-05-30T07:46:23.966+0000] {processor.py:830} INFO - Processing file /home/airflow/.local/lib/python3.12/site-packages/airflow/example_dags/example_skip_dag.py for tasks to queue
[2024-05-30T07:46:23.968+0000] {logging_mixin.py:188} INFO - [2024-05-30T07:46:23.967+0000] {dagbag.py:545} INFO - Filling up the DagBag from /home/airflow/.local/lib/python3.12/site-packages/airflow/example_dags/example_skip_dag.py
[2024-05-30T07:46:23.971+0000] {processor.py:840} INFO - DAG(s) 'example_skip_dag' retrieved from /home/airflow/.local/lib/python3.12/site-packages/airflow/example_dags/example_skip_dag.py
[2024-05-30T07:46:23.982+0000] {logging_mixin.py:188} INFO - [2024-05-30T07:46:23.981+0000] {dag.py:3096} INFO - Sync 1 DAGs
[2024-05-30T07:46:23.991+0000] {logging_mixin.py:188} INFO - [2024-05-30T07:46:23.991+0000] {dag.py:3954} INFO - Setting next_dagrun for example_skip_dag to 2024-05-29 00:00:00+00:00, run_after=2024-05-30 00:00:00+00:00
[2024-05-30T07:46:23.998+0000] {processor.py:183} INFO - Processing /home/airflow/.local/lib/python3.12/site-packages/airflow/example_dags/example_skip_dag.py took 0.036 seconds
[2024-05-30T07:46:54.555+0000] {processor.py:161} INFO - Started process (PID=3730) to work on /home/airflow/.local/lib/python3.12/site-packages/airflow/example_dags/example_skip_dag.py
[2024-05-30T07:46:54.555+0000] {processor.py:830} INFO - Processing file /home/airflow/.local/lib/python3.12/site-packages/airflow/example_dags/example_skip_dag.py for tasks to queue
[2024-05-30T07:46:54.556+0000] {logging_mixin.py:188} INFO - [2024-05-30T07:46:54.556+0000] {dagbag.py:545} INFO - Filling up the DagBag from /home/airflow/.local/lib/python3.12/site-packages/airflow/example_dags/example_skip_dag.py
[2024-05-30T07:46:54.560+0000] {processor.py:840} INFO - DAG(s) 'example_skip_dag' retrieved from /home/airflow/.local/lib/python3.12/site-packages/airflow/example_dags/example_skip_dag.py
[2024-05-30T07:46:54.570+0000] {logging_mixin.py:188} INFO - [2024-05-30T07:46:54.570+0000] {dag.py:3096} INFO - Sync 1 DAGs
[2024-05-30T07:46:54.579+0000] {logging_mixin.py:188} INFO - [2024-05-30T07:46:54.579+0000] {dag.py:3954} INFO - Setting next_dagrun for example_skip_dag to 2024-05-29 00:00:00+00:00, run_after=2024-05-30 00:00:00+00:00
[2024-05-30T07:46:54.586+0000] {processor.py:183} INFO - Processing /home/airflow/.local/lib/python3.12/site-packages/airflow/example_dags/example_skip_dag.py took 0.034 seconds
[2024-05-30T07:47:25.282+0000] {processor.py:161} INFO - Started process (PID=3990) to work on /home/airflow/.local/lib/python3.12/site-packages/airflow/example_dags/example_skip_dag.py
[2024-05-30T07:47:25.282+0000] {processor.py:830} INFO - Processing file /home/airflow/.local/lib/python3.12/site-packages/airflow/example_dags/example_skip_dag.py for tasks to queue
[2024-05-30T07:47:25.283+0000] {logging_mixin.py:188} INFO - [2024-05-30T07:47:25.283+0000] {dagbag.py:545} INFO - Filling up the DagBag from /home/airflow/.local/lib/python3.12/site-packages/airflow/example_dags/example_skip_dag.py
[2024-05-30T07:47:25.288+0000] {processor.py:840} INFO - DAG(s) 'example_skip_dag' retrieved from /home/airflow/.local/lib/python3.12/site-packages/airflow/example_dags/example_skip_dag.py
[2024-05-30T07:47:25.299+0000] {logging_mixin.py:188} INFO - [2024-05-30T07:47:25.299+0000] {dag.py:3096} INFO - Sync 1 DAGs
[2024-05-30T07:47:25.310+0000] {logging_mixin.py:188} INFO - [2024-05-30T07:47:25.310+0000] {dag.py:3954} INFO - Setting next_dagrun for example_skip_dag to 2024-05-29 00:00:00+00:00, run_after=2024-05-30 00:00:00+00:00
[2024-05-30T07:47:25.318+0000] {processor.py:183} INFO - Processing /home/airflow/.local/lib/python3.12/site-packages/airflow/example_dags/example_skip_dag.py took 0.040 seconds
[2024-05-30T07:47:55.951+0000] {processor.py:161} INFO - Started process (PID=4252) to work on /home/airflow/.local/lib/python3.12/site-packages/airflow/example_dags/example_skip_dag.py
[2024-05-30T07:47:55.952+0000] {processor.py:830} INFO - Processing file /home/airflow/.local/lib/python3.12/site-packages/airflow/example_dags/example_skip_dag.py for tasks to queue
[2024-05-30T07:47:55.953+0000] {logging_mixin.py:188} INFO - [2024-05-30T07:47:55.952+0000] {dagbag.py:545} INFO - Filling up the DagBag from /home/airflow/.local/lib/python3.12/site-packages/airflow/example_dags/example_skip_dag.py
[2024-05-30T07:47:55.956+0000] {processor.py:840} INFO - DAG(s) 'example_skip_dag' retrieved from /home/airflow/.local/lib/python3.12/site-packages/airflow/example_dags/example_skip_dag.py
[2024-05-30T07:47:55.965+0000] {logging_mixin.py:188} INFO - [2024-05-30T07:47:55.965+0000] {dag.py:3096} INFO - Sync 1 DAGs
[2024-05-30T07:47:55.974+0000] {logging_mixin.py:188} INFO - [2024-05-30T07:47:55.974+0000] {dag.py:3954} INFO - Setting next_dagrun for example_skip_dag to 2024-05-29 00:00:00+00:00, run_after=2024-05-30 00:00:00+00:00
[2024-05-30T07:47:55.981+0000] {processor.py:183} INFO - Processing /home/airflow/.local/lib/python3.12/site-packages/airflow/example_dags/example_skip_dag.py took 0.032 seconds
[2024-05-30T07:48:26.652+0000] {processor.py:161} INFO - Started process (PID=4516) to work on /home/airflow/.local/lib/python3.12/site-packages/airflow/example_dags/example_skip_dag.py
[2024-05-30T07:48:26.653+0000] {processor.py:830} INFO - Processing file /home/airflow/.local/lib/python3.12/site-packages/airflow/example_dags/example_skip_dag.py for tasks to queue
[2024-05-30T07:48:26.654+0000] {logging_mixin.py:188} INFO - [2024-05-30T07:48:26.654+0000] {dagbag.py:545} INFO - Filling up the DagBag from /home/airflow/.local/lib/python3.12/site-packages/airflow/example_dags/example_skip_dag.py
[2024-05-30T07:48:26.658+0000] {processor.py:840} INFO - DAG(s) 'example_skip_dag' retrieved from /home/airflow/.local/lib/python3.12/site-packages/airflow/example_dags/example_skip_dag.py
[2024-05-30T07:48:26.671+0000] {logging_mixin.py:188} INFO - [2024-05-30T07:48:26.671+0000] {dag.py:3096} INFO - Sync 1 DAGs
[2024-05-30T07:48:26.685+0000] {logging_mixin.py:188} INFO - [2024-05-30T07:48:26.685+0000] {dag.py:3954} INFO - Setting next_dagrun for example_skip_dag to 2024-05-29 00:00:00+00:00, run_after=2024-05-30 00:00:00+00:00
[2024-05-30T07:48:26.709+0000] {processor.py:183} INFO - Processing /home/airflow/.local/lib/python3.12/site-packages/airflow/example_dags/example_skip_dag.py took 0.059 seconds
[2024-05-30T07:48:56.736+0000] {processor.py:161} INFO - Started process (PID=4778) to work on /home/airflow/.local/lib/python3.12/site-packages/airflow/example_dags/example_skip_dag.py
[2024-05-30T07:48:56.736+0000] {processor.py:830} INFO - Processing file /home/airflow/.local/lib/python3.12/site-packages/airflow/example_dags/example_skip_dag.py for tasks to queue
[2024-05-30T07:48:56.737+0000] {logging_mixin.py:188} INFO - [2024-05-30T07:48:56.737+0000] {dagbag.py:545} INFO - Filling up the DagBag from /home/airflow/.local/lib/python3.12/site-packages/airflow/example_dags/example_skip_dag.py
[2024-05-30T07:48:56.741+0000] {processor.py:840} INFO - DAG(s) 'example_skip_dag' retrieved from /home/airflow/.local/lib/python3.12/site-packages/airflow/example_dags/example_skip_dag.py
[2024-05-30T07:48:56.752+0000] {logging_mixin.py:188} INFO - [2024-05-30T07:48:56.751+0000] {dag.py:3096} INFO - Sync 1 DAGs
[2024-05-30T07:48:56.768+0000] {logging_mixin.py:188} INFO - [2024-05-30T07:48:56.768+0000] {dag.py:3954} INFO - Setting next_dagrun for example_skip_dag to 2024-05-29 00:00:00+00:00, run_after=2024-05-30 00:00:00+00:00
[2024-05-30T07:48:56.775+0000] {processor.py:183} INFO - Processing /home/airflow/.local/lib/python3.12/site-packages/airflow/example_dags/example_skip_dag.py took 0.043 seconds
[2024-05-30T07:49:27.539+0000] {processor.py:161} INFO - Started process (PID=5040) to work on /home/airflow/.local/lib/python3.12/site-packages/airflow/example_dags/example_skip_dag.py
[2024-05-30T07:49:27.540+0000] {processor.py:830} INFO - Processing file /home/airflow/.local/lib/python3.12/site-packages/airflow/example_dags/example_skip_dag.py for tasks to queue
[2024-05-30T07:49:27.541+0000] {logging_mixin.py:188} INFO - [2024-05-30T07:49:27.541+0000] {dagbag.py:545} INFO - Filling up the DagBag from /home/airflow/.local/lib/python3.12/site-packages/airflow/example_dags/example_skip_dag.py
[2024-05-30T07:49:27.544+0000] {processor.py:840} INFO - DAG(s) 'example_skip_dag' retrieved from /home/airflow/.local/lib/python3.12/site-packages/airflow/example_dags/example_skip_dag.py
[2024-05-30T07:49:27.554+0000] {logging_mixin.py:188} INFO - [2024-05-30T07:49:27.554+0000] {dag.py:3096} INFO - Sync 1 DAGs
[2024-05-30T07:49:27.564+0000] {logging_mixin.py:188} INFO - [2024-05-30T07:49:27.563+0000] {dag.py:3954} INFO - Setting next_dagrun for example_skip_dag to 2024-05-29 00:00:00+00:00, run_after=2024-05-30 00:00:00+00:00
[2024-05-30T07:49:27.572+0000] {processor.py:183} INFO - Processing /home/airflow/.local/lib/python3.12/site-packages/airflow/example_dags/example_skip_dag.py took 0.035 seconds
