[2024-05-30T07:40:18.004+0000] {processor.py:161} INFO - Started process (PID=269) to work on /home/airflow/.local/lib/python3.12/site-packages/airflow/example_dags/example_sensor_decorator.py
[2024-05-30T07:40:18.005+0000] {processor.py:830} INFO - Processing file /home/airflow/.local/lib/python3.12/site-packages/airflow/example_dags/example_sensor_decorator.py for tasks to queue
[2024-05-30T07:40:18.006+0000] {logging_mixin.py:188} INFO - [2024-05-30T07:40:18.006+0000] {dagbag.py:545} INFO - Filling up the DagBag from /home/airflow/.local/lib/python3.12/site-packages/airflow/example_dags/example_sensor_decorator.py
[2024-05-30T07:40:18.009+0000] {processor.py:840} INFO - DAG(s) 'example_sensor_decorator' retrieved from /home/airflow/.local/lib/python3.12/site-packages/airflow/example_dags/example_sensor_decorator.py
[2024-05-30T07:40:18.054+0000] {logging_mixin.py:188} INFO - [2024-05-30T07:40:18.054+0000] {override.py:1829} INFO - Created Permission View: can delete on DAG:example_sensor_decorator
[2024-05-30T07:40:18.057+0000] {logging_mixin.py:188} INFO - [2024-05-30T07:40:18.057+0000] {override.py:1829} INFO - Created Permission View: can edit on DAG:example_sensor_decorator
[2024-05-30T07:40:18.059+0000] {logging_mixin.py:188} INFO - [2024-05-30T07:40:18.059+0000] {override.py:1829} INFO - Created Permission View: can read on DAG:example_sensor_decorator
[2024-05-30T07:40:18.059+0000] {logging_mixin.py:188} INFO - [2024-05-30T07:40:18.059+0000] {dag.py:3096} INFO - Sync 1 DAGs
[2024-05-30T07:40:18.064+0000] {logging_mixin.py:188} INFO - [2024-05-30T07:40:18.064+0000] {dag.py:3118} INFO - Creating ORM DAG for example_sensor_decorator
[2024-05-30T07:40:18.064+0000] {logging_mixin.py:188} INFO - [2024-05-30T07:40:18.064+0000] {dag.py:3954} INFO - Setting next_dagrun for example_sensor_decorator to None, run_after=None
[2024-05-30T07:40:18.070+0000] {processor.py:183} INFO - Processing /home/airflow/.local/lib/python3.12/site-packages/airflow/example_dags/example_sensor_decorator.py took 0.068 seconds
[2024-05-30T07:40:48.996+0000] {processor.py:161} INFO - Started process (PID=533) to work on /home/airflow/.local/lib/python3.12/site-packages/airflow/example_dags/example_sensor_decorator.py
[2024-05-30T07:40:48.996+0000] {processor.py:830} INFO - Processing file /home/airflow/.local/lib/python3.12/site-packages/airflow/example_dags/example_sensor_decorator.py for tasks to queue
[2024-05-30T07:40:48.997+0000] {logging_mixin.py:188} INFO - [2024-05-30T07:40:48.997+0000] {dagbag.py:545} INFO - Filling up the DagBag from /home/airflow/.local/lib/python3.12/site-packages/airflow/example_dags/example_sensor_decorator.py
[2024-05-30T07:40:49.001+0000] {processor.py:840} INFO - DAG(s) 'example_sensor_decorator' retrieved from /home/airflow/.local/lib/python3.12/site-packages/airflow/example_dags/example_sensor_decorator.py
[2024-05-30T07:40:49.010+0000] {logging_mixin.py:188} INFO - [2024-05-30T07:40:49.010+0000] {dag.py:3096} INFO - Sync 1 DAGs
[2024-05-30T07:40:49.016+0000] {logging_mixin.py:188} INFO - [2024-05-30T07:40:49.016+0000] {dag.py:3954} INFO - Setting next_dagrun for example_sensor_decorator to None, run_after=None
[2024-05-30T07:40:49.023+0000] {processor.py:183} INFO - Processing /home/airflow/.local/lib/python3.12/site-packages/airflow/example_dags/example_sensor_decorator.py took 0.030 seconds
[2024-05-30T07:41:19.598+0000] {processor.py:161} INFO - Started process (PID=795) to work on /home/airflow/.local/lib/python3.12/site-packages/airflow/example_dags/example_sensor_decorator.py
[2024-05-30T07:41:19.599+0000] {processor.py:830} INFO - Processing file /home/airflow/.local/lib/python3.12/site-packages/airflow/example_dags/example_sensor_decorator.py for tasks to queue
[2024-05-30T07:41:19.599+0000] {logging_mixin.py:188} INFO - [2024-05-30T07:41:19.599+0000] {dagbag.py:545} INFO - Filling up the DagBag from /home/airflow/.local/lib/python3.12/site-packages/airflow/example_dags/example_sensor_decorator.py
[2024-05-30T07:41:19.603+0000] {processor.py:840} INFO - DAG(s) 'example_sensor_decorator' retrieved from /home/airflow/.local/lib/python3.12/site-packages/airflow/example_dags/example_sensor_decorator.py
[2024-05-30T07:41:19.611+0000] {logging_mixin.py:188} INFO - [2024-05-30T07:41:19.611+0000] {dag.py:3096} INFO - Sync 1 DAGs
[2024-05-30T07:41:19.616+0000] {logging_mixin.py:188} INFO - [2024-05-30T07:41:19.616+0000] {dag.py:3954} INFO - Setting next_dagrun for example_sensor_decorator to None, run_after=None
[2024-05-30T07:41:19.623+0000] {processor.py:183} INFO - Processing /home/airflow/.local/lib/python3.12/site-packages/airflow/example_dags/example_sensor_decorator.py took 0.028 seconds
[2024-05-30T07:41:50.147+0000] {processor.py:161} INFO - Started process (PID=1057) to work on /home/airflow/.local/lib/python3.12/site-packages/airflow/example_dags/example_sensor_decorator.py
[2024-05-30T07:41:50.148+0000] {processor.py:830} INFO - Processing file /home/airflow/.local/lib/python3.12/site-packages/airflow/example_dags/example_sensor_decorator.py for tasks to queue
[2024-05-30T07:41:50.148+0000] {logging_mixin.py:188} INFO - [2024-05-30T07:41:50.148+0000] {dagbag.py:545} INFO - Filling up the DagBag from /home/airflow/.local/lib/python3.12/site-packages/airflow/example_dags/example_sensor_decorator.py
[2024-05-30T07:41:50.152+0000] {processor.py:840} INFO - DAG(s) 'example_sensor_decorator' retrieved from /home/airflow/.local/lib/python3.12/site-packages/airflow/example_dags/example_sensor_decorator.py
[2024-05-30T07:41:50.161+0000] {logging_mixin.py:188} INFO - [2024-05-30T07:41:50.160+0000] {dag.py:3096} INFO - Sync 1 DAGs
[2024-05-30T07:41:50.166+0000] {logging_mixin.py:188} INFO - [2024-05-30T07:41:50.166+0000] {dag.py:3954} INFO - Setting next_dagrun for example_sensor_decorator to None, run_after=None
[2024-05-30T07:41:50.172+0000] {processor.py:183} INFO - Processing /home/airflow/.local/lib/python3.12/site-packages/airflow/example_dags/example_sensor_decorator.py took 0.028 seconds
[2024-05-30T07:42:20.797+0000] {processor.py:161} INFO - Started process (PID=1319) to work on /home/airflow/.local/lib/python3.12/site-packages/airflow/example_dags/example_sensor_decorator.py
[2024-05-30T07:42:20.797+0000] {processor.py:830} INFO - Processing file /home/airflow/.local/lib/python3.12/site-packages/airflow/example_dags/example_sensor_decorator.py for tasks to queue
[2024-05-30T07:42:20.798+0000] {logging_mixin.py:188} INFO - [2024-05-30T07:42:20.798+0000] {dagbag.py:545} INFO - Filling up the DagBag from /home/airflow/.local/lib/python3.12/site-packages/airflow/example_dags/example_sensor_decorator.py
[2024-05-30T07:42:20.801+0000] {processor.py:840} INFO - DAG(s) 'example_sensor_decorator' retrieved from /home/airflow/.local/lib/python3.12/site-packages/airflow/example_dags/example_sensor_decorator.py
[2024-05-30T07:42:20.810+0000] {logging_mixin.py:188} INFO - [2024-05-30T07:42:20.810+0000] {dag.py:3096} INFO - Sync 1 DAGs
[2024-05-30T07:42:20.815+0000] {logging_mixin.py:188} INFO - [2024-05-30T07:42:20.814+0000] {dag.py:3954} INFO - Setting next_dagrun for example_sensor_decorator to None, run_after=None
[2024-05-30T07:42:20.821+0000] {processor.py:183} INFO - Processing /home/airflow/.local/lib/python3.12/site-packages/airflow/example_dags/example_sensor_decorator.py took 0.028 seconds
[2024-05-30T07:42:51.494+0000] {processor.py:161} INFO - Started process (PID=1581) to work on /home/airflow/.local/lib/python3.12/site-packages/airflow/example_dags/example_sensor_decorator.py
[2024-05-30T07:42:51.494+0000] {processor.py:830} INFO - Processing file /home/airflow/.local/lib/python3.12/site-packages/airflow/example_dags/example_sensor_decorator.py for tasks to queue
[2024-05-30T07:42:51.495+0000] {logging_mixin.py:188} INFO - [2024-05-30T07:42:51.495+0000] {dagbag.py:545} INFO - Filling up the DagBag from /home/airflow/.local/lib/python3.12/site-packages/airflow/example_dags/example_sensor_decorator.py
[2024-05-30T07:42:51.498+0000] {processor.py:840} INFO - DAG(s) 'example_sensor_decorator' retrieved from /home/airflow/.local/lib/python3.12/site-packages/airflow/example_dags/example_sensor_decorator.py
[2024-05-30T07:42:51.508+0000] {logging_mixin.py:188} INFO - [2024-05-30T07:42:51.508+0000] {dag.py:3096} INFO - Sync 1 DAGs
[2024-05-30T07:42:51.514+0000] {logging_mixin.py:188} INFO - [2024-05-30T07:42:51.514+0000] {dag.py:3954} INFO - Setting next_dagrun for example_sensor_decorator to None, run_after=None
[2024-05-30T07:42:51.521+0000] {processor.py:183} INFO - Processing /home/airflow/.local/lib/python3.12/site-packages/airflow/example_dags/example_sensor_decorator.py took 0.030 seconds
[2024-05-30T07:43:21.610+0000] {processor.py:161} INFO - Started process (PID=1843) to work on /home/airflow/.local/lib/python3.12/site-packages/airflow/example_dags/example_sensor_decorator.py
[2024-05-30T07:43:21.610+0000] {processor.py:830} INFO - Processing file /home/airflow/.local/lib/python3.12/site-packages/airflow/example_dags/example_sensor_decorator.py for tasks to queue
[2024-05-30T07:43:21.611+0000] {logging_mixin.py:188} INFO - [2024-05-30T07:43:21.611+0000] {dagbag.py:545} INFO - Filling up the DagBag from /home/airflow/.local/lib/python3.12/site-packages/airflow/example_dags/example_sensor_decorator.py
[2024-05-30T07:43:21.615+0000] {processor.py:840} INFO - DAG(s) 'example_sensor_decorator' retrieved from /home/airflow/.local/lib/python3.12/site-packages/airflow/example_dags/example_sensor_decorator.py
[2024-05-30T07:43:21.627+0000] {logging_mixin.py:188} INFO - [2024-05-30T07:43:21.627+0000] {dag.py:3096} INFO - Sync 1 DAGs
[2024-05-30T07:43:21.633+0000] {logging_mixin.py:188} INFO - [2024-05-30T07:43:21.632+0000] {dag.py:3954} INFO - Setting next_dagrun for example_sensor_decorator to None, run_after=None
[2024-05-30T07:43:21.640+0000] {processor.py:183} INFO - Processing /home/airflow/.local/lib/python3.12/site-packages/airflow/example_dags/example_sensor_decorator.py took 0.033 seconds
[2024-05-30T07:43:52.296+0000] {processor.py:161} INFO - Started process (PID=2103) to work on /home/airflow/.local/lib/python3.12/site-packages/airflow/example_dags/example_sensor_decorator.py
[2024-05-30T07:43:52.297+0000] {processor.py:830} INFO - Processing file /home/airflow/.local/lib/python3.12/site-packages/airflow/example_dags/example_sensor_decorator.py for tasks to queue
[2024-05-30T07:43:52.298+0000] {logging_mixin.py:188} INFO - [2024-05-30T07:43:52.297+0000] {dagbag.py:545} INFO - Filling up the DagBag from /home/airflow/.local/lib/python3.12/site-packages/airflow/example_dags/example_sensor_decorator.py
[2024-05-30T07:43:52.301+0000] {processor.py:840} INFO - DAG(s) 'example_sensor_decorator' retrieved from /home/airflow/.local/lib/python3.12/site-packages/airflow/example_dags/example_sensor_decorator.py
[2024-05-30T07:43:52.310+0000] {logging_mixin.py:188} INFO - [2024-05-30T07:43:52.310+0000] {dag.py:3096} INFO - Sync 1 DAGs
[2024-05-30T07:43:52.315+0000] {logging_mixin.py:188} INFO - [2024-05-30T07:43:52.315+0000] {dag.py:3954} INFO - Setting next_dagrun for example_sensor_decorator to None, run_after=None
[2024-05-30T07:43:52.323+0000] {processor.py:183} INFO - Processing /home/airflow/.local/lib/python3.12/site-packages/airflow/example_dags/example_sensor_decorator.py took 0.029 seconds
[2024-05-30T07:44:23.046+0000] {processor.py:161} INFO - Started process (PID=2367) to work on /home/airflow/.local/lib/python3.12/site-packages/airflow/example_dags/example_sensor_decorator.py
[2024-05-30T07:44:23.047+0000] {processor.py:830} INFO - Processing file /home/airflow/.local/lib/python3.12/site-packages/airflow/example_dags/example_sensor_decorator.py for tasks to queue
[2024-05-30T07:44:23.048+0000] {logging_mixin.py:188} INFO - [2024-05-30T07:44:23.047+0000] {dagbag.py:545} INFO - Filling up the DagBag from /home/airflow/.local/lib/python3.12/site-packages/airflow/example_dags/example_sensor_decorator.py
[2024-05-30T07:44:23.051+0000] {processor.py:840} INFO - DAG(s) 'example_sensor_decorator' retrieved from /home/airflow/.local/lib/python3.12/site-packages/airflow/example_dags/example_sensor_decorator.py
[2024-05-30T07:44:23.060+0000] {logging_mixin.py:188} INFO - [2024-05-30T07:44:23.060+0000] {dag.py:3096} INFO - Sync 1 DAGs
[2024-05-30T07:44:23.065+0000] {logging_mixin.py:188} INFO - [2024-05-30T07:44:23.065+0000] {dag.py:3954} INFO - Setting next_dagrun for example_sensor_decorator to None, run_after=None
[2024-05-30T07:44:23.072+0000] {processor.py:183} INFO - Processing /home/airflow/.local/lib/python3.12/site-packages/airflow/example_dags/example_sensor_decorator.py took 0.029 seconds
[2024-05-30T07:44:53.809+0000] {processor.py:161} INFO - Started process (PID=2629) to work on /home/airflow/.local/lib/python3.12/site-packages/airflow/example_dags/example_sensor_decorator.py
[2024-05-30T07:44:53.809+0000] {processor.py:830} INFO - Processing file /home/airflow/.local/lib/python3.12/site-packages/airflow/example_dags/example_sensor_decorator.py for tasks to queue
[2024-05-30T07:44:53.810+0000] {logging_mixin.py:188} INFO - [2024-05-30T07:44:53.810+0000] {dagbag.py:545} INFO - Filling up the DagBag from /home/airflow/.local/lib/python3.12/site-packages/airflow/example_dags/example_sensor_decorator.py
[2024-05-30T07:44:53.814+0000] {processor.py:840} INFO - DAG(s) 'example_sensor_decorator' retrieved from /home/airflow/.local/lib/python3.12/site-packages/airflow/example_dags/example_sensor_decorator.py
[2024-05-30T07:44:53.824+0000] {logging_mixin.py:188} INFO - [2024-05-30T07:44:53.824+0000] {dag.py:3096} INFO - Sync 1 DAGs
[2024-05-30T07:44:53.829+0000] {logging_mixin.py:188} INFO - [2024-05-30T07:44:53.829+0000] {dag.py:3954} INFO - Setting next_dagrun for example_sensor_decorator to None, run_after=None
[2024-05-30T07:44:53.837+0000] {processor.py:183} INFO - Processing /home/airflow/.local/lib/python3.12/site-packages/airflow/example_dags/example_sensor_decorator.py took 0.031 seconds
[2024-05-30T07:45:24.508+0000] {processor.py:161} INFO - Started process (PID=2891) to work on /home/airflow/.local/lib/python3.12/site-packages/airflow/example_dags/example_sensor_decorator.py
[2024-05-30T07:45:24.508+0000] {processor.py:830} INFO - Processing file /home/airflow/.local/lib/python3.12/site-packages/airflow/example_dags/example_sensor_decorator.py for tasks to queue
[2024-05-30T07:45:24.509+0000] {logging_mixin.py:188} INFO - [2024-05-30T07:45:24.509+0000] {dagbag.py:545} INFO - Filling up the DagBag from /home/airflow/.local/lib/python3.12/site-packages/airflow/example_dags/example_sensor_decorator.py
[2024-05-30T07:45:24.513+0000] {processor.py:840} INFO - DAG(s) 'example_sensor_decorator' retrieved from /home/airflow/.local/lib/python3.12/site-packages/airflow/example_dags/example_sensor_decorator.py
[2024-05-30T07:45:24.522+0000] {logging_mixin.py:188} INFO - [2024-05-30T07:45:24.522+0000] {dag.py:3096} INFO - Sync 1 DAGs
[2024-05-30T07:45:24.527+0000] {logging_mixin.py:188} INFO - [2024-05-30T07:45:24.527+0000] {dag.py:3954} INFO - Setting next_dagrun for example_sensor_decorator to None, run_after=None
[2024-05-30T07:45:24.534+0000] {processor.py:183} INFO - Processing /home/airflow/.local/lib/python3.12/site-packages/airflow/example_dags/example_sensor_decorator.py took 0.029 seconds
[2024-05-30T07:45:54.804+0000] {processor.py:161} INFO - Started process (PID=3153) to work on /home/airflow/.local/lib/python3.12/site-packages/airflow/example_dags/example_sensor_decorator.py
[2024-05-30T07:45:54.804+0000] {processor.py:830} INFO - Processing file /home/airflow/.local/lib/python3.12/site-packages/airflow/example_dags/example_sensor_decorator.py for tasks to queue
[2024-05-30T07:45:54.805+0000] {logging_mixin.py:188} INFO - [2024-05-30T07:45:54.805+0000] {dagbag.py:545} INFO - Filling up the DagBag from /home/airflow/.local/lib/python3.12/site-packages/airflow/example_dags/example_sensor_decorator.py
[2024-05-30T07:45:54.808+0000] {processor.py:840} INFO - DAG(s) 'example_sensor_decorator' retrieved from /home/airflow/.local/lib/python3.12/site-packages/airflow/example_dags/example_sensor_decorator.py
[2024-05-30T07:45:54.817+0000] {logging_mixin.py:188} INFO - [2024-05-30T07:45:54.817+0000] {dag.py:3096} INFO - Sync 1 DAGs
[2024-05-30T07:45:54.822+0000] {logging_mixin.py:188} INFO - [2024-05-30T07:45:54.822+0000] {dag.py:3954} INFO - Setting next_dagrun for example_sensor_decorator to None, run_after=None
[2024-05-30T07:45:54.829+0000] {processor.py:183} INFO - Processing /home/airflow/.local/lib/python3.12/site-packages/airflow/example_dags/example_sensor_decorator.py took 0.028 seconds
[2024-05-30T07:46:25.442+0000] {processor.py:161} INFO - Started process (PID=3415) to work on /home/airflow/.local/lib/python3.12/site-packages/airflow/example_dags/example_sensor_decorator.py
[2024-05-30T07:46:25.443+0000] {processor.py:830} INFO - Processing file /home/airflow/.local/lib/python3.12/site-packages/airflow/example_dags/example_sensor_decorator.py for tasks to queue
[2024-05-30T07:46:25.444+0000] {logging_mixin.py:188} INFO - [2024-05-30T07:46:25.444+0000] {dagbag.py:545} INFO - Filling up the DagBag from /home/airflow/.local/lib/python3.12/site-packages/airflow/example_dags/example_sensor_decorator.py
[2024-05-30T07:46:25.448+0000] {processor.py:840} INFO - DAG(s) 'example_sensor_decorator' retrieved from /home/airflow/.local/lib/python3.12/site-packages/airflow/example_dags/example_sensor_decorator.py
[2024-05-30T07:46:25.457+0000] {logging_mixin.py:188} INFO - [2024-05-30T07:46:25.457+0000] {dag.py:3096} INFO - Sync 1 DAGs
[2024-05-30T07:46:25.462+0000] {logging_mixin.py:188} INFO - [2024-05-30T07:46:25.462+0000] {dag.py:3954} INFO - Setting next_dagrun for example_sensor_decorator to None, run_after=None
[2024-05-30T07:46:25.470+0000] {processor.py:183} INFO - Processing /home/airflow/.local/lib/python3.12/site-packages/airflow/example_dags/example_sensor_decorator.py took 0.030 seconds
[2024-05-30T07:46:56.107+0000] {processor.py:161} INFO - Started process (PID=3825) to work on /home/airflow/.local/lib/python3.12/site-packages/airflow/example_dags/example_sensor_decorator.py
[2024-05-30T07:46:56.109+0000] {processor.py:830} INFO - Processing file /home/airflow/.local/lib/python3.12/site-packages/airflow/example_dags/example_sensor_decorator.py for tasks to queue
[2024-05-30T07:46:56.110+0000] {logging_mixin.py:188} INFO - [2024-05-30T07:46:56.110+0000] {dagbag.py:545} INFO - Filling up the DagBag from /home/airflow/.local/lib/python3.12/site-packages/airflow/example_dags/example_sensor_decorator.py
[2024-05-30T07:46:56.114+0000] {processor.py:840} INFO - DAG(s) 'example_sensor_decorator' retrieved from /home/airflow/.local/lib/python3.12/site-packages/airflow/example_dags/example_sensor_decorator.py
[2024-05-30T07:46:56.126+0000] {logging_mixin.py:188} INFO - [2024-05-30T07:46:56.126+0000] {dag.py:3096} INFO - Sync 1 DAGs
[2024-05-30T07:46:56.131+0000] {logging_mixin.py:188} INFO - [2024-05-30T07:46:56.131+0000] {dag.py:3954} INFO - Setting next_dagrun for example_sensor_decorator to None, run_after=None
[2024-05-30T07:46:56.138+0000] {processor.py:183} INFO - Processing /home/airflow/.local/lib/python3.12/site-packages/airflow/example_dags/example_sensor_decorator.py took 0.034 seconds
[2024-05-30T07:47:26.854+0000] {processor.py:161} INFO - Started process (PID=4087) to work on /home/airflow/.local/lib/python3.12/site-packages/airflow/example_dags/example_sensor_decorator.py
[2024-05-30T07:47:26.854+0000] {processor.py:830} INFO - Processing file /home/airflow/.local/lib/python3.12/site-packages/airflow/example_dags/example_sensor_decorator.py for tasks to queue
[2024-05-30T07:47:26.855+0000] {logging_mixin.py:188} INFO - [2024-05-30T07:47:26.855+0000] {dagbag.py:545} INFO - Filling up the DagBag from /home/airflow/.local/lib/python3.12/site-packages/airflow/example_dags/example_sensor_decorator.py
[2024-05-30T07:47:26.858+0000] {processor.py:840} INFO - DAG(s) 'example_sensor_decorator' retrieved from /home/airflow/.local/lib/python3.12/site-packages/airflow/example_dags/example_sensor_decorator.py
[2024-05-30T07:47:26.867+0000] {logging_mixin.py:188} INFO - [2024-05-30T07:47:26.867+0000] {dag.py:3096} INFO - Sync 1 DAGs
[2024-05-30T07:47:26.873+0000] {logging_mixin.py:188} INFO - [2024-05-30T07:47:26.873+0000] {dag.py:3954} INFO - Setting next_dagrun for example_sensor_decorator to None, run_after=None
[2024-05-30T07:47:26.880+0000] {processor.py:183} INFO - Processing /home/airflow/.local/lib/python3.12/site-packages/airflow/example_dags/example_sensor_decorator.py took 0.029 seconds
[2024-05-30T07:47:57.499+0000] {processor.py:161} INFO - Started process (PID=4349) to work on /home/airflow/.local/lib/python3.12/site-packages/airflow/example_dags/example_sensor_decorator.py
[2024-05-30T07:47:57.500+0000] {processor.py:830} INFO - Processing file /home/airflow/.local/lib/python3.12/site-packages/airflow/example_dags/example_sensor_decorator.py for tasks to queue
[2024-05-30T07:47:57.501+0000] {logging_mixin.py:188} INFO - [2024-05-30T07:47:57.501+0000] {dagbag.py:545} INFO - Filling up the DagBag from /home/airflow/.local/lib/python3.12/site-packages/airflow/example_dags/example_sensor_decorator.py
[2024-05-30T07:47:57.504+0000] {processor.py:840} INFO - DAG(s) 'example_sensor_decorator' retrieved from /home/airflow/.local/lib/python3.12/site-packages/airflow/example_dags/example_sensor_decorator.py
[2024-05-30T07:47:57.513+0000] {logging_mixin.py:188} INFO - [2024-05-30T07:47:57.513+0000] {dag.py:3096} INFO - Sync 1 DAGs
[2024-05-30T07:47:57.518+0000] {logging_mixin.py:188} INFO - [2024-05-30T07:47:57.518+0000] {dag.py:3954} INFO - Setting next_dagrun for example_sensor_decorator to None, run_after=None
[2024-05-30T07:47:57.525+0000] {processor.py:183} INFO - Processing /home/airflow/.local/lib/python3.12/site-packages/airflow/example_dags/example_sensor_decorator.py took 0.029 seconds
[2024-05-30T07:48:28.267+0000] {processor.py:161} INFO - Started process (PID=4611) to work on /home/airflow/.local/lib/python3.12/site-packages/airflow/example_dags/example_sensor_decorator.py
[2024-05-30T07:48:28.268+0000] {processor.py:830} INFO - Processing file /home/airflow/.local/lib/python3.12/site-packages/airflow/example_dags/example_sensor_decorator.py for tasks to queue
[2024-05-30T07:48:28.269+0000] {logging_mixin.py:188} INFO - [2024-05-30T07:48:28.269+0000] {dagbag.py:545} INFO - Filling up the DagBag from /home/airflow/.local/lib/python3.12/site-packages/airflow/example_dags/example_sensor_decorator.py
[2024-05-30T07:48:28.273+0000] {processor.py:840} INFO - DAG(s) 'example_sensor_decorator' retrieved from /home/airflow/.local/lib/python3.12/site-packages/airflow/example_dags/example_sensor_decorator.py
[2024-05-30T07:48:28.283+0000] {logging_mixin.py:188} INFO - [2024-05-30T07:48:28.282+0000] {dag.py:3096} INFO - Sync 1 DAGs
[2024-05-30T07:48:28.288+0000] {logging_mixin.py:188} INFO - [2024-05-30T07:48:28.288+0000] {dag.py:3954} INFO - Setting next_dagrun for example_sensor_decorator to None, run_after=None
[2024-05-30T07:48:28.296+0000] {processor.py:183} INFO - Processing /home/airflow/.local/lib/python3.12/site-packages/airflow/example_dags/example_sensor_decorator.py took 0.031 seconds
[2024-05-30T07:48:58.356+0000] {processor.py:161} INFO - Started process (PID=4873) to work on /home/airflow/.local/lib/python3.12/site-packages/airflow/example_dags/example_sensor_decorator.py
[2024-05-30T07:48:58.357+0000] {processor.py:830} INFO - Processing file /home/airflow/.local/lib/python3.12/site-packages/airflow/example_dags/example_sensor_decorator.py for tasks to queue
[2024-05-30T07:48:58.357+0000] {logging_mixin.py:188} INFO - [2024-05-30T07:48:58.357+0000] {dagbag.py:545} INFO - Filling up the DagBag from /home/airflow/.local/lib/python3.12/site-packages/airflow/example_dags/example_sensor_decorator.py
[2024-05-30T07:48:58.361+0000] {processor.py:840} INFO - DAG(s) 'example_sensor_decorator' retrieved from /home/airflow/.local/lib/python3.12/site-packages/airflow/example_dags/example_sensor_decorator.py
[2024-05-30T07:48:58.370+0000] {logging_mixin.py:188} INFO - [2024-05-30T07:48:58.370+0000] {dag.py:3096} INFO - Sync 1 DAGs
[2024-05-30T07:48:58.375+0000] {logging_mixin.py:188} INFO - [2024-05-30T07:48:58.375+0000] {dag.py:3954} INFO - Setting next_dagrun for example_sensor_decorator to None, run_after=None
[2024-05-30T07:48:58.382+0000] {processor.py:183} INFO - Processing /home/airflow/.local/lib/python3.12/site-packages/airflow/example_dags/example_sensor_decorator.py took 0.029 seconds
[2024-05-30T07:49:29.069+0000] {processor.py:161} INFO - Started process (PID=5135) to work on /home/airflow/.local/lib/python3.12/site-packages/airflow/example_dags/example_sensor_decorator.py
[2024-05-30T07:49:29.070+0000] {processor.py:830} INFO - Processing file /home/airflow/.local/lib/python3.12/site-packages/airflow/example_dags/example_sensor_decorator.py for tasks to queue
[2024-05-30T07:49:29.071+0000] {logging_mixin.py:188} INFO - [2024-05-30T07:49:29.071+0000] {dagbag.py:545} INFO - Filling up the DagBag from /home/airflow/.local/lib/python3.12/site-packages/airflow/example_dags/example_sensor_decorator.py
[2024-05-30T07:49:29.075+0000] {processor.py:840} INFO - DAG(s) 'example_sensor_decorator' retrieved from /home/airflow/.local/lib/python3.12/site-packages/airflow/example_dags/example_sensor_decorator.py
[2024-05-30T07:49:29.087+0000] {logging_mixin.py:188} INFO - [2024-05-30T07:49:29.087+0000] {dag.py:3096} INFO - Sync 1 DAGs
[2024-05-30T07:49:29.094+0000] {logging_mixin.py:188} INFO - [2024-05-30T07:49:29.094+0000] {dag.py:3954} INFO - Setting next_dagrun for example_sensor_decorator to None, run_after=None
[2024-05-30T07:49:29.101+0000] {processor.py:183} INFO - Processing /home/airflow/.local/lib/python3.12/site-packages/airflow/example_dags/example_sensor_decorator.py took 0.035 seconds
[2024-05-30T07:49:59.775+0000] {processor.py:161} INFO - Started process (PID=5395) to work on /home/airflow/.local/lib/python3.12/site-packages/airflow/example_dags/example_sensor_decorator.py
[2024-05-30T07:49:59.775+0000] {processor.py:830} INFO - Processing file /home/airflow/.local/lib/python3.12/site-packages/airflow/example_dags/example_sensor_decorator.py for tasks to queue
[2024-05-30T07:49:59.776+0000] {logging_mixin.py:188} INFO - [2024-05-30T07:49:59.776+0000] {dagbag.py:545} INFO - Filling up the DagBag from /home/airflow/.local/lib/python3.12/site-packages/airflow/example_dags/example_sensor_decorator.py
[2024-05-30T07:49:59.779+0000] {processor.py:840} INFO - DAG(s) 'example_sensor_decorator' retrieved from /home/airflow/.local/lib/python3.12/site-packages/airflow/example_dags/example_sensor_decorator.py
[2024-05-30T07:49:59.788+0000] {logging_mixin.py:188} INFO - [2024-05-30T07:49:59.788+0000] {dag.py:3096} INFO - Sync 1 DAGs
[2024-05-30T07:49:59.793+0000] {logging_mixin.py:188} INFO - [2024-05-30T07:49:59.793+0000] {dag.py:3954} INFO - Setting next_dagrun for example_sensor_decorator to None, run_after=None
[2024-05-30T07:49:59.801+0000] {processor.py:183} INFO - Processing /home/airflow/.local/lib/python3.12/site-packages/airflow/example_dags/example_sensor_decorator.py took 0.030 seconds
[2024-05-30T07:50:30.410+0000] {processor.py:161} INFO - Started process (PID=5657) to work on /home/airflow/.local/lib/python3.12/site-packages/airflow/example_dags/example_sensor_decorator.py
[2024-05-30T07:50:30.410+0000] {processor.py:830} INFO - Processing file /home/airflow/.local/lib/python3.12/site-packages/airflow/example_dags/example_sensor_decorator.py for tasks to queue
[2024-05-30T07:50:30.411+0000] {logging_mixin.py:188} INFO - [2024-05-30T07:50:30.411+0000] {dagbag.py:545} INFO - Filling up the DagBag from /home/airflow/.local/lib/python3.12/site-packages/airflow/example_dags/example_sensor_decorator.py
[2024-05-30T07:50:30.415+0000] {processor.py:840} INFO - DAG(s) 'example_sensor_decorator' retrieved from /home/airflow/.local/lib/python3.12/site-packages/airflow/example_dags/example_sensor_decorator.py
[2024-05-30T07:50:30.423+0000] {logging_mixin.py:188} INFO - [2024-05-30T07:50:30.423+0000] {dag.py:3096} INFO - Sync 1 DAGs
[2024-05-30T07:50:30.428+0000] {logging_mixin.py:188} INFO - [2024-05-30T07:50:30.428+0000] {dag.py:3954} INFO - Setting next_dagrun for example_sensor_decorator to None, run_after=None
[2024-05-30T07:50:30.436+0000] {processor.py:183} INFO - Processing /home/airflow/.local/lib/python3.12/site-packages/airflow/example_dags/example_sensor_decorator.py took 0.029 seconds
[2024-05-30T07:51:01.141+0000] {processor.py:161} INFO - Started process (PID=5922) to work on /home/airflow/.local/lib/python3.12/site-packages/airflow/example_dags/example_sensor_decorator.py
[2024-05-30T07:51:01.142+0000] {processor.py:830} INFO - Processing file /home/airflow/.local/lib/python3.12/site-packages/airflow/example_dags/example_sensor_decorator.py for tasks to queue
[2024-05-30T07:51:01.143+0000] {logging_mixin.py:188} INFO - [2024-05-30T07:51:01.143+0000] {dagbag.py:545} INFO - Filling up the DagBag from /home/airflow/.local/lib/python3.12/site-packages/airflow/example_dags/example_sensor_decorator.py
[2024-05-30T07:51:01.146+0000] {processor.py:840} INFO - DAG(s) 'example_sensor_decorator' retrieved from /home/airflow/.local/lib/python3.12/site-packages/airflow/example_dags/example_sensor_decorator.py
[2024-05-30T07:51:01.157+0000] {logging_mixin.py:188} INFO - [2024-05-30T07:51:01.157+0000] {dag.py:3096} INFO - Sync 1 DAGs
[2024-05-30T07:51:01.163+0000] {logging_mixin.py:188} INFO - [2024-05-30T07:51:01.163+0000] {dag.py:3954} INFO - Setting next_dagrun for example_sensor_decorator to None, run_after=None
[2024-05-30T07:51:01.170+0000] {processor.py:183} INFO - Processing /home/airflow/.local/lib/python3.12/site-packages/airflow/example_dags/example_sensor_decorator.py took 0.032 seconds
[2024-05-30T07:51:31.821+0000] {processor.py:161} INFO - Started process (PID=6184) to work on /home/airflow/.local/lib/python3.12/site-packages/airflow/example_dags/example_sensor_decorator.py
[2024-05-30T07:51:31.821+0000] {processor.py:830} INFO - Processing file /home/airflow/.local/lib/python3.12/site-packages/airflow/example_dags/example_sensor_decorator.py for tasks to queue
[2024-05-30T07:51:31.822+0000] {logging_mixin.py:188} INFO - [2024-05-30T07:51:31.822+0000] {dagbag.py:545} INFO - Filling up the DagBag from /home/airflow/.local/lib/python3.12/site-packages/airflow/example_dags/example_sensor_decorator.py
[2024-05-30T07:51:31.825+0000] {processor.py:840} INFO - DAG(s) 'example_sensor_decorator' retrieved from /home/airflow/.local/lib/python3.12/site-packages/airflow/example_dags/example_sensor_decorator.py
[2024-05-30T07:51:31.834+0000] {logging_mixin.py:188} INFO - [2024-05-30T07:51:31.834+0000] {dag.py:3096} INFO - Sync 1 DAGs
[2024-05-30T07:51:31.839+0000] {logging_mixin.py:188} INFO - [2024-05-30T07:51:31.839+0000] {dag.py:3954} INFO - Setting next_dagrun for example_sensor_decorator to None, run_after=None
[2024-05-30T07:51:31.846+0000] {processor.py:183} INFO - Processing /home/airflow/.local/lib/python3.12/site-packages/airflow/example_dags/example_sensor_decorator.py took 0.028 seconds
