[2024-05-30T07:40:18.463+0000] {processor.py:161} INFO - Started process (PID=309) to work on /home/airflow/.local/lib/python3.12/site-packages/airflow/example_dags/example_external_task_marker_dag.py
[2024-05-30T07:40:18.463+0000] {processor.py:830} INFO - Processing file /home/airflow/.local/lib/python3.12/site-packages/airflow/example_dags/example_external_task_marker_dag.py for tasks to queue
[2024-05-30T07:40:18.464+0000] {logging_mixin.py:188} INFO - [2024-05-30T07:40:18.464+0000] {dagbag.py:545} INFO - Filling up the DagBag from /home/airflow/.local/lib/python3.12/site-packages/airflow/example_dags/example_external_task_marker_dag.py
[2024-05-30T07:40:18.469+0000] {processor.py:840} INFO - DAG(s) 'example_external_task_marker_child', 'example_external_task_marker_parent' retrieved from /home/airflow/.local/lib/python3.12/site-packages/airflow/example_dags/example_external_task_marker_dag.py
[2024-05-30T07:40:18.517+0000] {logging_mixin.py:188} INFO - [2024-05-30T07:40:18.517+0000] {override.py:1829} INFO - Created Permission View: can delete on DAG:example_external_task_marker_child
[2024-05-30T07:40:18.521+0000] {logging_mixin.py:188} INFO - [2024-05-30T07:40:18.521+0000] {override.py:1829} INFO - Created Permission View: can edit on DAG:example_external_task_marker_child
[2024-05-30T07:40:18.523+0000] {logging_mixin.py:188} INFO - [2024-05-30T07:40:18.523+0000] {override.py:1829} INFO - Created Permission View: can read on DAG:example_external_task_marker_child
[2024-05-30T07:40:18.526+0000] {logging_mixin.py:188} INFO - [2024-05-30T07:40:18.526+0000] {override.py:1829} INFO - Created Permission View: can delete on DAG:example_external_task_marker_parent
[2024-05-30T07:40:18.528+0000] {logging_mixin.py:188} INFO - [2024-05-30T07:40:18.528+0000] {override.py:1829} INFO - Created Permission View: can edit on DAG:example_external_task_marker_parent
[2024-05-30T07:40:18.530+0000] {logging_mixin.py:188} INFO - [2024-05-30T07:40:18.529+0000] {override.py:1829} INFO - Created Permission View: can read on DAG:example_external_task_marker_parent
[2024-05-30T07:40:18.530+0000] {logging_mixin.py:188} INFO - [2024-05-30T07:40:18.530+0000] {dag.py:3096} INFO - Sync 2 DAGs
[2024-05-30T07:40:18.534+0000] {logging_mixin.py:188} INFO - [2024-05-30T07:40:18.534+0000] {dag.py:3118} INFO - Creating ORM DAG for example_external_task_marker_child
[2024-05-30T07:40:18.534+0000] {logging_mixin.py:188} INFO - [2024-05-30T07:40:18.534+0000] {dag.py:3118} INFO - Creating ORM DAG for example_external_task_marker_parent
[2024-05-30T07:40:18.535+0000] {logging_mixin.py:188} INFO - [2024-05-30T07:40:18.535+0000] {dag.py:3954} INFO - Setting next_dagrun for example_external_task_marker_child to None, run_after=None
[2024-05-30T07:40:18.535+0000] {logging_mixin.py:188} INFO - [2024-05-30T07:40:18.535+0000] {dag.py:3954} INFO - Setting next_dagrun for example_external_task_marker_parent to None, run_after=None
[2024-05-30T07:40:18.541+0000] {processor.py:183} INFO - Processing /home/airflow/.local/lib/python3.12/site-packages/airflow/example_dags/example_external_task_marker_dag.py took 0.082 seconds
[2024-05-30T07:40:49.204+0000] {processor.py:161} INFO - Started process (PID=571) to work on /home/airflow/.local/lib/python3.12/site-packages/airflow/example_dags/example_external_task_marker_dag.py
[2024-05-30T07:40:49.205+0000] {processor.py:830} INFO - Processing file /home/airflow/.local/lib/python3.12/site-packages/airflow/example_dags/example_external_task_marker_dag.py for tasks to queue
[2024-05-30T07:40:49.206+0000] {logging_mixin.py:188} INFO - [2024-05-30T07:40:49.206+0000] {dagbag.py:545} INFO - Filling up the DagBag from /home/airflow/.local/lib/python3.12/site-packages/airflow/example_dags/example_external_task_marker_dag.py
[2024-05-30T07:40:49.209+0000] {processor.py:840} INFO - DAG(s) 'example_external_task_marker_child', 'example_external_task_marker_parent' retrieved from /home/airflow/.local/lib/python3.12/site-packages/airflow/example_dags/example_external_task_marker_dag.py
[2024-05-30T07:40:49.220+0000] {logging_mixin.py:188} INFO - [2024-05-30T07:40:49.219+0000] {dag.py:3096} INFO - Sync 2 DAGs
[2024-05-30T07:40:49.225+0000] {logging_mixin.py:188} INFO - [2024-05-30T07:40:49.225+0000] {dag.py:3954} INFO - Setting next_dagrun for example_external_task_marker_child to None, run_after=None
[2024-05-30T07:40:49.227+0000] {logging_mixin.py:188} INFO - [2024-05-30T07:40:49.227+0000] {dag.py:3954} INFO - Setting next_dagrun for example_external_task_marker_parent to None, run_after=None
[2024-05-30T07:40:49.233+0000] {processor.py:183} INFO - Processing /home/airflow/.local/lib/python3.12/site-packages/airflow/example_dags/example_external_task_marker_dag.py took 0.032 seconds
[2024-05-30T07:41:19.805+0000] {processor.py:161} INFO - Started process (PID=833) to work on /home/airflow/.local/lib/python3.12/site-packages/airflow/example_dags/example_external_task_marker_dag.py
[2024-05-30T07:41:19.805+0000] {processor.py:830} INFO - Processing file /home/airflow/.local/lib/python3.12/site-packages/airflow/example_dags/example_external_task_marker_dag.py for tasks to queue
[2024-05-30T07:41:19.807+0000] {logging_mixin.py:188} INFO - [2024-05-30T07:41:19.806+0000] {dagbag.py:545} INFO - Filling up the DagBag from /home/airflow/.local/lib/python3.12/site-packages/airflow/example_dags/example_external_task_marker_dag.py
[2024-05-30T07:41:19.810+0000] {processor.py:840} INFO - DAG(s) 'example_external_task_marker_child', 'example_external_task_marker_parent' retrieved from /home/airflow/.local/lib/python3.12/site-packages/airflow/example_dags/example_external_task_marker_dag.py
[2024-05-30T07:41:19.821+0000] {logging_mixin.py:188} INFO - [2024-05-30T07:41:19.820+0000] {dag.py:3096} INFO - Sync 2 DAGs
[2024-05-30T07:41:19.826+0000] {logging_mixin.py:188} INFO - [2024-05-30T07:41:19.826+0000] {dag.py:3954} INFO - Setting next_dagrun for example_external_task_marker_child to None, run_after=None
[2024-05-30T07:41:19.827+0000] {logging_mixin.py:188} INFO - [2024-05-30T07:41:19.827+0000] {dag.py:3954} INFO - Setting next_dagrun for example_external_task_marker_parent to None, run_after=None
[2024-05-30T07:41:19.834+0000] {processor.py:183} INFO - Processing /home/airflow/.local/lib/python3.12/site-packages/airflow/example_dags/example_external_task_marker_dag.py took 0.031 seconds
[2024-05-30T07:41:50.354+0000] {processor.py:161} INFO - Started process (PID=1095) to work on /home/airflow/.local/lib/python3.12/site-packages/airflow/example_dags/example_external_task_marker_dag.py
[2024-05-30T07:41:50.354+0000] {processor.py:830} INFO - Processing file /home/airflow/.local/lib/python3.12/site-packages/airflow/example_dags/example_external_task_marker_dag.py for tasks to queue
[2024-05-30T07:41:50.355+0000] {logging_mixin.py:188} INFO - [2024-05-30T07:41:50.355+0000] {dagbag.py:545} INFO - Filling up the DagBag from /home/airflow/.local/lib/python3.12/site-packages/airflow/example_dags/example_external_task_marker_dag.py
[2024-05-30T07:41:50.358+0000] {processor.py:840} INFO - DAG(s) 'example_external_task_marker_parent', 'example_external_task_marker_child' retrieved from /home/airflow/.local/lib/python3.12/site-packages/airflow/example_dags/example_external_task_marker_dag.py
[2024-05-30T07:41:50.369+0000] {logging_mixin.py:188} INFO - [2024-05-30T07:41:50.369+0000] {dag.py:3096} INFO - Sync 2 DAGs
[2024-05-30T07:41:50.375+0000] {logging_mixin.py:188} INFO - [2024-05-30T07:41:50.375+0000] {dag.py:3954} INFO - Setting next_dagrun for example_external_task_marker_child to None, run_after=None
[2024-05-30T07:41:50.376+0000] {logging_mixin.py:188} INFO - [2024-05-30T07:41:50.376+0000] {dag.py:3954} INFO - Setting next_dagrun for example_external_task_marker_parent to None, run_after=None
[2024-05-30T07:41:50.383+0000] {processor.py:183} INFO - Processing /home/airflow/.local/lib/python3.12/site-packages/airflow/example_dags/example_external_task_marker_dag.py took 0.032 seconds
[2024-05-30T07:42:21.014+0000] {processor.py:161} INFO - Started process (PID=1359) to work on /home/airflow/.local/lib/python3.12/site-packages/airflow/example_dags/example_external_task_marker_dag.py
[2024-05-30T07:42:21.015+0000] {processor.py:830} INFO - Processing file /home/airflow/.local/lib/python3.12/site-packages/airflow/example_dags/example_external_task_marker_dag.py for tasks to queue
[2024-05-30T07:42:21.016+0000] {logging_mixin.py:188} INFO - [2024-05-30T07:42:21.015+0000] {dagbag.py:545} INFO - Filling up the DagBag from /home/airflow/.local/lib/python3.12/site-packages/airflow/example_dags/example_external_task_marker_dag.py
[2024-05-30T07:42:21.019+0000] {processor.py:840} INFO - DAG(s) 'example_external_task_marker_child', 'example_external_task_marker_parent' retrieved from /home/airflow/.local/lib/python3.12/site-packages/airflow/example_dags/example_external_task_marker_dag.py
[2024-05-30T07:42:21.029+0000] {logging_mixin.py:188} INFO - [2024-05-30T07:42:21.029+0000] {dag.py:3096} INFO - Sync 2 DAGs
[2024-05-30T07:42:21.034+0000] {logging_mixin.py:188} INFO - [2024-05-30T07:42:21.034+0000] {dag.py:3954} INFO - Setting next_dagrun for example_external_task_marker_child to None, run_after=None
[2024-05-30T07:42:21.036+0000] {logging_mixin.py:188} INFO - [2024-05-30T07:42:21.036+0000] {dag.py:3954} INFO - Setting next_dagrun for example_external_task_marker_parent to None, run_after=None
[2024-05-30T07:42:21.043+0000] {processor.py:183} INFO - Processing /home/airflow/.local/lib/python3.12/site-packages/airflow/example_dags/example_external_task_marker_dag.py took 0.031 seconds
[2024-05-30T07:42:51.717+0000] {processor.py:161} INFO - Started process (PID=1619) to work on /home/airflow/.local/lib/python3.12/site-packages/airflow/example_dags/example_external_task_marker_dag.py
[2024-05-30T07:42:51.717+0000] {processor.py:830} INFO - Processing file /home/airflow/.local/lib/python3.12/site-packages/airflow/example_dags/example_external_task_marker_dag.py for tasks to queue
[2024-05-30T07:42:51.718+0000] {logging_mixin.py:188} INFO - [2024-05-30T07:42:51.718+0000] {dagbag.py:545} INFO - Filling up the DagBag from /home/airflow/.local/lib/python3.12/site-packages/airflow/example_dags/example_external_task_marker_dag.py
[2024-05-30T07:42:51.721+0000] {processor.py:840} INFO - DAG(s) 'example_external_task_marker_parent', 'example_external_task_marker_child' retrieved from /home/airflow/.local/lib/python3.12/site-packages/airflow/example_dags/example_external_task_marker_dag.py
[2024-05-30T07:42:51.733+0000] {logging_mixin.py:188} INFO - [2024-05-30T07:42:51.733+0000] {dag.py:3096} INFO - Sync 2 DAGs
[2024-05-30T07:42:51.738+0000] {logging_mixin.py:188} INFO - [2024-05-30T07:42:51.738+0000] {dag.py:3954} INFO - Setting next_dagrun for example_external_task_marker_child to None, run_after=None
[2024-05-30T07:42:51.740+0000] {logging_mixin.py:188} INFO - [2024-05-30T07:42:51.740+0000] {dag.py:3954} INFO - Setting next_dagrun for example_external_task_marker_parent to None, run_after=None
[2024-05-30T07:42:51.746+0000] {processor.py:183} INFO - Processing /home/airflow/.local/lib/python3.12/site-packages/airflow/example_dags/example_external_task_marker_dag.py took 0.032 seconds
[2024-05-30T07:43:21.838+0000] {processor.py:161} INFO - Started process (PID=1883) to work on /home/airflow/.local/lib/python3.12/site-packages/airflow/example_dags/example_external_task_marker_dag.py
[2024-05-30T07:43:21.838+0000] {processor.py:830} INFO - Processing file /home/airflow/.local/lib/python3.12/site-packages/airflow/example_dags/example_external_task_marker_dag.py for tasks to queue
[2024-05-30T07:43:21.839+0000] {logging_mixin.py:188} INFO - [2024-05-30T07:43:21.839+0000] {dagbag.py:545} INFO - Filling up the DagBag from /home/airflow/.local/lib/python3.12/site-packages/airflow/example_dags/example_external_task_marker_dag.py
[2024-05-30T07:43:21.842+0000] {processor.py:840} INFO - DAG(s) 'example_external_task_marker_parent', 'example_external_task_marker_child' retrieved from /home/airflow/.local/lib/python3.12/site-packages/airflow/example_dags/example_external_task_marker_dag.py
[2024-05-30T07:43:21.852+0000] {logging_mixin.py:188} INFO - [2024-05-30T07:43:21.852+0000] {dag.py:3096} INFO - Sync 2 DAGs
[2024-05-30T07:43:21.857+0000] {logging_mixin.py:188} INFO - [2024-05-30T07:43:21.857+0000] {dag.py:3954} INFO - Setting next_dagrun for example_external_task_marker_child to None, run_after=None
[2024-05-30T07:43:21.859+0000] {logging_mixin.py:188} INFO - [2024-05-30T07:43:21.859+0000] {dag.py:3954} INFO - Setting next_dagrun for example_external_task_marker_parent to None, run_after=None
[2024-05-30T07:43:21.865+0000] {processor.py:183} INFO - Processing /home/airflow/.local/lib/python3.12/site-packages/airflow/example_dags/example_external_task_marker_dag.py took 0.030 seconds
[2024-05-30T07:43:52.535+0000] {processor.py:161} INFO - Started process (PID=2143) to work on /home/airflow/.local/lib/python3.12/site-packages/airflow/example_dags/example_external_task_marker_dag.py
[2024-05-30T07:43:52.536+0000] {processor.py:830} INFO - Processing file /home/airflow/.local/lib/python3.12/site-packages/airflow/example_dags/example_external_task_marker_dag.py for tasks to queue
[2024-05-30T07:43:52.537+0000] {logging_mixin.py:188} INFO - [2024-05-30T07:43:52.536+0000] {dagbag.py:545} INFO - Filling up the DagBag from /home/airflow/.local/lib/python3.12/site-packages/airflow/example_dags/example_external_task_marker_dag.py
[2024-05-30T07:43:52.540+0000] {processor.py:840} INFO - DAG(s) 'example_external_task_marker_child', 'example_external_task_marker_parent' retrieved from /home/airflow/.local/lib/python3.12/site-packages/airflow/example_dags/example_external_task_marker_dag.py
[2024-05-30T07:43:52.550+0000] {logging_mixin.py:188} INFO - [2024-05-30T07:43:52.550+0000] {dag.py:3096} INFO - Sync 2 DAGs
[2024-05-30T07:43:52.555+0000] {logging_mixin.py:188} INFO - [2024-05-30T07:43:52.555+0000] {dag.py:3954} INFO - Setting next_dagrun for example_external_task_marker_child to None, run_after=None
[2024-05-30T07:43:52.557+0000] {logging_mixin.py:188} INFO - [2024-05-30T07:43:52.557+0000] {dag.py:3954} INFO - Setting next_dagrun for example_external_task_marker_parent to None, run_after=None
[2024-05-30T07:43:52.563+0000] {processor.py:183} INFO - Processing /home/airflow/.local/lib/python3.12/site-packages/airflow/example_dags/example_external_task_marker_dag.py took 0.031 seconds
[2024-05-30T07:44:23.259+0000] {processor.py:161} INFO - Started process (PID=2405) to work on /home/airflow/.local/lib/python3.12/site-packages/airflow/example_dags/example_external_task_marker_dag.py
[2024-05-30T07:44:23.260+0000] {processor.py:830} INFO - Processing file /home/airflow/.local/lib/python3.12/site-packages/airflow/example_dags/example_external_task_marker_dag.py for tasks to queue
[2024-05-30T07:44:23.260+0000] {logging_mixin.py:188} INFO - [2024-05-30T07:44:23.260+0000] {dagbag.py:545} INFO - Filling up the DagBag from /home/airflow/.local/lib/python3.12/site-packages/airflow/example_dags/example_external_task_marker_dag.py
[2024-05-30T07:44:23.263+0000] {processor.py:840} INFO - DAG(s) 'example_external_task_marker_parent', 'example_external_task_marker_child' retrieved from /home/airflow/.local/lib/python3.12/site-packages/airflow/example_dags/example_external_task_marker_dag.py
[2024-05-30T07:44:23.275+0000] {logging_mixin.py:188} INFO - [2024-05-30T07:44:23.275+0000] {dag.py:3096} INFO - Sync 2 DAGs
[2024-05-30T07:44:23.280+0000] {logging_mixin.py:188} INFO - [2024-05-30T07:44:23.280+0000] {dag.py:3954} INFO - Setting next_dagrun for example_external_task_marker_child to None, run_after=None
[2024-05-30T07:44:23.282+0000] {logging_mixin.py:188} INFO - [2024-05-30T07:44:23.282+0000] {dag.py:3954} INFO - Setting next_dagrun for example_external_task_marker_parent to None, run_after=None
[2024-05-30T07:44:23.288+0000] {processor.py:183} INFO - Processing /home/airflow/.local/lib/python3.12/site-packages/airflow/example_dags/example_external_task_marker_dag.py took 0.032 seconds
[2024-05-30T07:44:54.036+0000] {processor.py:161} INFO - Started process (PID=2667) to work on /home/airflow/.local/lib/python3.12/site-packages/airflow/example_dags/example_external_task_marker_dag.py
[2024-05-30T07:44:54.037+0000] {processor.py:830} INFO - Processing file /home/airflow/.local/lib/python3.12/site-packages/airflow/example_dags/example_external_task_marker_dag.py for tasks to queue
[2024-05-30T07:44:54.038+0000] {logging_mixin.py:188} INFO - [2024-05-30T07:44:54.038+0000] {dagbag.py:545} INFO - Filling up the DagBag from /home/airflow/.local/lib/python3.12/site-packages/airflow/example_dags/example_external_task_marker_dag.py
[2024-05-30T07:44:54.041+0000] {processor.py:840} INFO - DAG(s) 'example_external_task_marker_parent', 'example_external_task_marker_child' retrieved from /home/airflow/.local/lib/python3.12/site-packages/airflow/example_dags/example_external_task_marker_dag.py
[2024-05-30T07:44:54.052+0000] {logging_mixin.py:188} INFO - [2024-05-30T07:44:54.052+0000] {dag.py:3096} INFO - Sync 2 DAGs
[2024-05-30T07:44:54.058+0000] {logging_mixin.py:188} INFO - [2024-05-30T07:44:54.058+0000] {dag.py:3954} INFO - Setting next_dagrun for example_external_task_marker_child to None, run_after=None
[2024-05-30T07:44:54.059+0000] {logging_mixin.py:188} INFO - [2024-05-30T07:44:54.059+0000] {dag.py:3954} INFO - Setting next_dagrun for example_external_task_marker_parent to None, run_after=None
[2024-05-30T07:44:54.066+0000] {processor.py:183} INFO - Processing /home/airflow/.local/lib/python3.12/site-packages/airflow/example_dags/example_external_task_marker_dag.py took 0.033 seconds
[2024-05-30T07:45:24.764+0000] {processor.py:161} INFO - Started process (PID=2928) to work on /home/airflow/.local/lib/python3.12/site-packages/airflow/example_dags/example_external_task_marker_dag.py
[2024-05-30T07:45:24.764+0000] {processor.py:830} INFO - Processing file /home/airflow/.local/lib/python3.12/site-packages/airflow/example_dags/example_external_task_marker_dag.py for tasks to queue
[2024-05-30T07:45:24.766+0000] {logging_mixin.py:188} INFO - [2024-05-30T07:45:24.765+0000] {dagbag.py:545} INFO - Filling up the DagBag from /home/airflow/.local/lib/python3.12/site-packages/airflow/example_dags/example_external_task_marker_dag.py
[2024-05-30T07:45:24.770+0000] {processor.py:840} INFO - DAG(s) 'example_external_task_marker_child', 'example_external_task_marker_parent' retrieved from /home/airflow/.local/lib/python3.12/site-packages/airflow/example_dags/example_external_task_marker_dag.py
[2024-05-30T07:45:24.783+0000] {logging_mixin.py:188} INFO - [2024-05-30T07:45:24.783+0000] {dag.py:3096} INFO - Sync 2 DAGs
[2024-05-30T07:45:24.789+0000] {logging_mixin.py:188} INFO - [2024-05-30T07:45:24.789+0000] {dag.py:3954} INFO - Setting next_dagrun for example_external_task_marker_child to None, run_after=None
[2024-05-30T07:45:24.791+0000] {logging_mixin.py:188} INFO - [2024-05-30T07:45:24.791+0000] {dag.py:3954} INFO - Setting next_dagrun for example_external_task_marker_parent to None, run_after=None
[2024-05-30T07:45:24.797+0000] {processor.py:183} INFO - Processing /home/airflow/.local/lib/python3.12/site-packages/airflow/example_dags/example_external_task_marker_dag.py took 0.036 seconds
[2024-05-30T07:45:55.017+0000] {processor.py:161} INFO - Started process (PID=3191) to work on /home/airflow/.local/lib/python3.12/site-packages/airflow/example_dags/example_external_task_marker_dag.py
[2024-05-30T07:45:55.018+0000] {processor.py:830} INFO - Processing file /home/airflow/.local/lib/python3.12/site-packages/airflow/example_dags/example_external_task_marker_dag.py for tasks to queue
[2024-05-30T07:45:55.019+0000] {logging_mixin.py:188} INFO - [2024-05-30T07:45:55.018+0000] {dagbag.py:545} INFO - Filling up the DagBag from /home/airflow/.local/lib/python3.12/site-packages/airflow/example_dags/example_external_task_marker_dag.py
[2024-05-30T07:45:55.021+0000] {processor.py:840} INFO - DAG(s) 'example_external_task_marker_parent', 'example_external_task_marker_child' retrieved from /home/airflow/.local/lib/python3.12/site-packages/airflow/example_dags/example_external_task_marker_dag.py
[2024-05-30T07:45:55.033+0000] {logging_mixin.py:188} INFO - [2024-05-30T07:45:55.033+0000] {dag.py:3096} INFO - Sync 2 DAGs
[2024-05-30T07:45:55.038+0000] {logging_mixin.py:188} INFO - [2024-05-30T07:45:55.038+0000] {dag.py:3954} INFO - Setting next_dagrun for example_external_task_marker_child to None, run_after=None
[2024-05-30T07:45:55.040+0000] {logging_mixin.py:188} INFO - [2024-05-30T07:45:55.040+0000] {dag.py:3954} INFO - Setting next_dagrun for example_external_task_marker_parent to None, run_after=None
[2024-05-30T07:45:55.046+0000] {processor.py:183} INFO - Processing /home/airflow/.local/lib/python3.12/site-packages/airflow/example_dags/example_external_task_marker_dag.py took 0.032 seconds
[2024-05-30T07:46:25.665+0000] {processor.py:161} INFO - Started process (PID=3453) to work on /home/airflow/.local/lib/python3.12/site-packages/airflow/example_dags/example_external_task_marker_dag.py
[2024-05-30T07:46:25.665+0000] {processor.py:830} INFO - Processing file /home/airflow/.local/lib/python3.12/site-packages/airflow/example_dags/example_external_task_marker_dag.py for tasks to queue
[2024-05-30T07:46:25.666+0000] {logging_mixin.py:188} INFO - [2024-05-30T07:46:25.666+0000] {dagbag.py:545} INFO - Filling up the DagBag from /home/airflow/.local/lib/python3.12/site-packages/airflow/example_dags/example_external_task_marker_dag.py
[2024-05-30T07:46:25.669+0000] {processor.py:840} INFO - DAG(s) 'example_external_task_marker_child', 'example_external_task_marker_parent' retrieved from /home/airflow/.local/lib/python3.12/site-packages/airflow/example_dags/example_external_task_marker_dag.py
[2024-05-30T07:46:25.681+0000] {logging_mixin.py:188} INFO - [2024-05-30T07:46:25.680+0000] {dag.py:3096} INFO - Sync 2 DAGs
[2024-05-30T07:46:25.686+0000] {logging_mixin.py:188} INFO - [2024-05-30T07:46:25.686+0000] {dag.py:3954} INFO - Setting next_dagrun for example_external_task_marker_child to None, run_after=None
[2024-05-30T07:46:25.688+0000] {logging_mixin.py:188} INFO - [2024-05-30T07:46:25.688+0000] {dag.py:3954} INFO - Setting next_dagrun for example_external_task_marker_parent to None, run_after=None
[2024-05-30T07:46:25.694+0000] {processor.py:183} INFO - Processing /home/airflow/.local/lib/python3.12/site-packages/airflow/example_dags/example_external_task_marker_dag.py took 0.033 seconds
[2024-05-30T07:46:56.339+0000] {processor.py:161} INFO - Started process (PID=3863) to work on /home/airflow/.local/lib/python3.12/site-packages/airflow/example_dags/example_external_task_marker_dag.py
[2024-05-30T07:46:56.340+0000] {processor.py:830} INFO - Processing file /home/airflow/.local/lib/python3.12/site-packages/airflow/example_dags/example_external_task_marker_dag.py for tasks to queue
[2024-05-30T07:46:56.340+0000] {logging_mixin.py:188} INFO - [2024-05-30T07:46:56.340+0000] {dagbag.py:545} INFO - Filling up the DagBag from /home/airflow/.local/lib/python3.12/site-packages/airflow/example_dags/example_external_task_marker_dag.py
[2024-05-30T07:46:56.343+0000] {processor.py:840} INFO - DAG(s) 'example_external_task_marker_child', 'example_external_task_marker_parent' retrieved from /home/airflow/.local/lib/python3.12/site-packages/airflow/example_dags/example_external_task_marker_dag.py
[2024-05-30T07:46:56.354+0000] {logging_mixin.py:188} INFO - [2024-05-30T07:46:56.354+0000] {dag.py:3096} INFO - Sync 2 DAGs
[2024-05-30T07:46:56.360+0000] {logging_mixin.py:188} INFO - [2024-05-30T07:46:56.360+0000] {dag.py:3954} INFO - Setting next_dagrun for example_external_task_marker_child to None, run_after=None
[2024-05-30T07:46:56.361+0000] {logging_mixin.py:188} INFO - [2024-05-30T07:46:56.361+0000] {dag.py:3954} INFO - Setting next_dagrun for example_external_task_marker_parent to None, run_after=None
[2024-05-30T07:46:56.368+0000] {processor.py:183} INFO - Processing /home/airflow/.local/lib/python3.12/site-packages/airflow/example_dags/example_external_task_marker_dag.py took 0.032 seconds
[2024-05-30T07:47:27.072+0000] {processor.py:161} INFO - Started process (PID=4125) to work on /home/airflow/.local/lib/python3.12/site-packages/airflow/example_dags/example_external_task_marker_dag.py
[2024-05-30T07:47:27.073+0000] {processor.py:830} INFO - Processing file /home/airflow/.local/lib/python3.12/site-packages/airflow/example_dags/example_external_task_marker_dag.py for tasks to queue
[2024-05-30T07:47:27.074+0000] {logging_mixin.py:188} INFO - [2024-05-30T07:47:27.073+0000] {dagbag.py:545} INFO - Filling up the DagBag from /home/airflow/.local/lib/python3.12/site-packages/airflow/example_dags/example_external_task_marker_dag.py
[2024-05-30T07:47:27.076+0000] {processor.py:840} INFO - DAG(s) 'example_external_task_marker_parent', 'example_external_task_marker_child' retrieved from /home/airflow/.local/lib/python3.12/site-packages/airflow/example_dags/example_external_task_marker_dag.py
[2024-05-30T07:47:27.087+0000] {logging_mixin.py:188} INFO - [2024-05-30T07:47:27.087+0000] {dag.py:3096} INFO - Sync 2 DAGs
[2024-05-30T07:47:27.093+0000] {logging_mixin.py:188} INFO - [2024-05-30T07:47:27.093+0000] {dag.py:3954} INFO - Setting next_dagrun for example_external_task_marker_child to None, run_after=None
[2024-05-30T07:47:27.095+0000] {logging_mixin.py:188} INFO - [2024-05-30T07:47:27.094+0000] {dag.py:3954} INFO - Setting next_dagrun for example_external_task_marker_parent to None, run_after=None
[2024-05-30T07:47:27.101+0000] {processor.py:183} INFO - Processing /home/airflow/.local/lib/python3.12/site-packages/airflow/example_dags/example_external_task_marker_dag.py took 0.032 seconds
[2024-05-30T07:47:57.716+0000] {processor.py:161} INFO - Started process (PID=4387) to work on /home/airflow/.local/lib/python3.12/site-packages/airflow/example_dags/example_external_task_marker_dag.py
[2024-05-30T07:47:57.716+0000] {processor.py:830} INFO - Processing file /home/airflow/.local/lib/python3.12/site-packages/airflow/example_dags/example_external_task_marker_dag.py for tasks to queue
[2024-05-30T07:47:57.717+0000] {logging_mixin.py:188} INFO - [2024-05-30T07:47:57.717+0000] {dagbag.py:545} INFO - Filling up the DagBag from /home/airflow/.local/lib/python3.12/site-packages/airflow/example_dags/example_external_task_marker_dag.py
[2024-05-30T07:47:57.720+0000] {processor.py:840} INFO - DAG(s) 'example_external_task_marker_parent', 'example_external_task_marker_child' retrieved from /home/airflow/.local/lib/python3.12/site-packages/airflow/example_dags/example_external_task_marker_dag.py
[2024-05-30T07:47:57.731+0000] {logging_mixin.py:188} INFO - [2024-05-30T07:47:57.731+0000] {dag.py:3096} INFO - Sync 2 DAGs
[2024-05-30T07:47:57.737+0000] {logging_mixin.py:188} INFO - [2024-05-30T07:47:57.737+0000] {dag.py:3954} INFO - Setting next_dagrun for example_external_task_marker_child to None, run_after=None
[2024-05-30T07:47:57.739+0000] {logging_mixin.py:188} INFO - [2024-05-30T07:47:57.739+0000] {dag.py:3954} INFO - Setting next_dagrun for example_external_task_marker_parent to None, run_after=None
[2024-05-30T07:47:57.745+0000] {processor.py:183} INFO - Processing /home/airflow/.local/lib/python3.12/site-packages/airflow/example_dags/example_external_task_marker_dag.py took 0.032 seconds
[2024-05-30T07:48:28.500+0000] {processor.py:161} INFO - Started process (PID=4651) to work on /home/airflow/.local/lib/python3.12/site-packages/airflow/example_dags/example_external_task_marker_dag.py
[2024-05-30T07:48:28.500+0000] {processor.py:830} INFO - Processing file /home/airflow/.local/lib/python3.12/site-packages/airflow/example_dags/example_external_task_marker_dag.py for tasks to queue
[2024-05-30T07:48:28.501+0000] {logging_mixin.py:188} INFO - [2024-05-30T07:48:28.501+0000] {dagbag.py:545} INFO - Filling up the DagBag from /home/airflow/.local/lib/python3.12/site-packages/airflow/example_dags/example_external_task_marker_dag.py
[2024-05-30T07:48:28.505+0000] {processor.py:840} INFO - DAG(s) 'example_external_task_marker_child', 'example_external_task_marker_parent' retrieved from /home/airflow/.local/lib/python3.12/site-packages/airflow/example_dags/example_external_task_marker_dag.py
[2024-05-30T07:48:28.516+0000] {logging_mixin.py:188} INFO - [2024-05-30T07:48:28.516+0000] {dag.py:3096} INFO - Sync 2 DAGs
[2024-05-30T07:48:28.521+0000] {logging_mixin.py:188} INFO - [2024-05-30T07:48:28.521+0000] {dag.py:3954} INFO - Setting next_dagrun for example_external_task_marker_child to None, run_after=None
[2024-05-30T07:48:28.523+0000] {logging_mixin.py:188} INFO - [2024-05-30T07:48:28.523+0000] {dag.py:3954} INFO - Setting next_dagrun for example_external_task_marker_parent to None, run_after=None
[2024-05-30T07:48:28.529+0000] {processor.py:183} INFO - Processing /home/airflow/.local/lib/python3.12/site-packages/airflow/example_dags/example_external_task_marker_dag.py took 0.033 seconds
[2024-05-30T07:48:58.579+0000] {processor.py:161} INFO - Started process (PID=4911) to work on /home/airflow/.local/lib/python3.12/site-packages/airflow/example_dags/example_external_task_marker_dag.py
[2024-05-30T07:48:58.580+0000] {processor.py:830} INFO - Processing file /home/airflow/.local/lib/python3.12/site-packages/airflow/example_dags/example_external_task_marker_dag.py for tasks to queue
[2024-05-30T07:48:58.581+0000] {logging_mixin.py:188} INFO - [2024-05-30T07:48:58.580+0000] {dagbag.py:545} INFO - Filling up the DagBag from /home/airflow/.local/lib/python3.12/site-packages/airflow/example_dags/example_external_task_marker_dag.py
[2024-05-30T07:48:58.584+0000] {processor.py:840} INFO - DAG(s) 'example_external_task_marker_child', 'example_external_task_marker_parent' retrieved from /home/airflow/.local/lib/python3.12/site-packages/airflow/example_dags/example_external_task_marker_dag.py
[2024-05-30T07:48:58.594+0000] {logging_mixin.py:188} INFO - [2024-05-30T07:48:58.594+0000] {dag.py:3096} INFO - Sync 2 DAGs
[2024-05-30T07:48:58.599+0000] {logging_mixin.py:188} INFO - [2024-05-30T07:48:58.599+0000] {dag.py:3954} INFO - Setting next_dagrun for example_external_task_marker_child to None, run_after=None
[2024-05-30T07:48:58.601+0000] {logging_mixin.py:188} INFO - [2024-05-30T07:48:58.601+0000] {dag.py:3954} INFO - Setting next_dagrun for example_external_task_marker_parent to None, run_after=None
[2024-05-30T07:48:58.608+0000] {processor.py:183} INFO - Processing /home/airflow/.local/lib/python3.12/site-packages/airflow/example_dags/example_external_task_marker_dag.py took 0.031 seconds
[2024-05-30T07:49:29.311+0000] {processor.py:161} INFO - Started process (PID=5175) to work on /home/airflow/.local/lib/python3.12/site-packages/airflow/example_dags/example_external_task_marker_dag.py
[2024-05-30T07:49:29.312+0000] {processor.py:830} INFO - Processing file /home/airflow/.local/lib/python3.12/site-packages/airflow/example_dags/example_external_task_marker_dag.py for tasks to queue
[2024-05-30T07:49:29.313+0000] {logging_mixin.py:188} INFO - [2024-05-30T07:49:29.313+0000] {dagbag.py:545} INFO - Filling up the DagBag from /home/airflow/.local/lib/python3.12/site-packages/airflow/example_dags/example_external_task_marker_dag.py
[2024-05-30T07:49:29.316+0000] {processor.py:840} INFO - DAG(s) 'example_external_task_marker_child', 'example_external_task_marker_parent' retrieved from /home/airflow/.local/lib/python3.12/site-packages/airflow/example_dags/example_external_task_marker_dag.py
[2024-05-30T07:49:29.328+0000] {logging_mixin.py:188} INFO - [2024-05-30T07:49:29.328+0000] {dag.py:3096} INFO - Sync 2 DAGs
[2024-05-30T07:49:29.333+0000] {logging_mixin.py:188} INFO - [2024-05-30T07:49:29.333+0000] {dag.py:3954} INFO - Setting next_dagrun for example_external_task_marker_child to None, run_after=None
[2024-05-30T07:49:29.334+0000] {logging_mixin.py:188} INFO - [2024-05-30T07:49:29.334+0000] {dag.py:3954} INFO - Setting next_dagrun for example_external_task_marker_parent to None, run_after=None
[2024-05-30T07:49:29.341+0000] {processor.py:183} INFO - Processing /home/airflow/.local/lib/python3.12/site-packages/airflow/example_dags/example_external_task_marker_dag.py took 0.033 seconds
