[2024-05-30T07:40:18.740+0000] {processor.py:161} INFO - Started process (PID=334) to work on /home/airflow/.local/lib/python3.12/site-packages/airflow/example_dags/example_short_circuit_operator.py
[2024-05-30T07:40:18.740+0000] {processor.py:830} INFO - Processing file /home/airflow/.local/lib/python3.12/site-packages/airflow/example_dags/example_short_circuit_operator.py for tasks to queue
[2024-05-30T07:40:18.741+0000] {logging_mixin.py:188} INFO - [2024-05-30T07:40:18.741+0000] {dagbag.py:545} INFO - Filling up the DagBag from /home/airflow/.local/lib/python3.12/site-packages/airflow/example_dags/example_short_circuit_operator.py
[2024-05-30T07:40:18.745+0000] {processor.py:840} INFO - DAG(s) 'example_short_circuit_operator' retrieved from /home/airflow/.local/lib/python3.12/site-packages/airflow/example_dags/example_short_circuit_operator.py
[2024-05-30T07:40:18.793+0000] {logging_mixin.py:188} INFO - [2024-05-30T07:40:18.792+0000] {override.py:1829} INFO - Created Permission View: can delete on DAG:example_short_circuit_operator
[2024-05-30T07:40:18.797+0000] {logging_mixin.py:188} INFO - [2024-05-30T07:40:18.797+0000] {override.py:1829} INFO - Created Permission View: can edit on DAG:example_short_circuit_operator
[2024-05-30T07:40:18.798+0000] {logging_mixin.py:188} INFO - [2024-05-30T07:40:18.798+0000] {override.py:1829} INFO - Created Permission View: can read on DAG:example_short_circuit_operator
[2024-05-30T07:40:18.799+0000] {logging_mixin.py:188} INFO - [2024-05-30T07:40:18.799+0000] {dag.py:3096} INFO - Sync 1 DAGs
[2024-05-30T07:40:18.803+0000] {logging_mixin.py:188} INFO - [2024-05-30T07:40:18.803+0000] {dag.py:3118} INFO - Creating ORM DAG for example_short_circuit_operator
[2024-05-30T07:40:18.807+0000] {logging_mixin.py:188} INFO - [2024-05-30T07:40:18.807+0000] {dag.py:3954} INFO - Setting next_dagrun for example_short_circuit_operator to 2024-05-29 00:00:00+00:00, run_after=2024-05-30 00:00:00+00:00
[2024-05-30T07:40:18.812+0000] {processor.py:183} INFO - Processing /home/airflow/.local/lib/python3.12/site-packages/airflow/example_dags/example_short_circuit_operator.py took 0.075 seconds
[2024-05-30T07:40:49.355+0000] {processor.py:161} INFO - Started process (PID=596) to work on /home/airflow/.local/lib/python3.12/site-packages/airflow/example_dags/example_short_circuit_operator.py
[2024-05-30T07:40:49.356+0000] {processor.py:830} INFO - Processing file /home/airflow/.local/lib/python3.12/site-packages/airflow/example_dags/example_short_circuit_operator.py for tasks to queue
[2024-05-30T07:40:49.357+0000] {logging_mixin.py:188} INFO - [2024-05-30T07:40:49.356+0000] {dagbag.py:545} INFO - Filling up the DagBag from /home/airflow/.local/lib/python3.12/site-packages/airflow/example_dags/example_short_circuit_operator.py
[2024-05-30T07:40:49.360+0000] {processor.py:840} INFO - DAG(s) 'example_short_circuit_operator' retrieved from /home/airflow/.local/lib/python3.12/site-packages/airflow/example_dags/example_short_circuit_operator.py
[2024-05-30T07:40:49.370+0000] {logging_mixin.py:188} INFO - [2024-05-30T07:40:49.370+0000] {dag.py:3096} INFO - Sync 1 DAGs
[2024-05-30T07:40:49.379+0000] {logging_mixin.py:188} INFO - [2024-05-30T07:40:49.379+0000] {dag.py:3954} INFO - Setting next_dagrun for example_short_circuit_operator to 2024-05-29 00:00:00+00:00, run_after=2024-05-30 00:00:00+00:00
[2024-05-30T07:40:49.385+0000] {processor.py:183} INFO - Processing /home/airflow/.local/lib/python3.12/site-packages/airflow/example_dags/example_short_circuit_operator.py took 0.033 seconds
[2024-05-30T07:41:19.956+0000] {processor.py:161} INFO - Started process (PID=858) to work on /home/airflow/.local/lib/python3.12/site-packages/airflow/example_dags/example_short_circuit_operator.py
[2024-05-30T07:41:19.957+0000] {processor.py:830} INFO - Processing file /home/airflow/.local/lib/python3.12/site-packages/airflow/example_dags/example_short_circuit_operator.py for tasks to queue
[2024-05-30T07:41:19.957+0000] {logging_mixin.py:188} INFO - [2024-05-30T07:41:19.957+0000] {dagbag.py:545} INFO - Filling up the DagBag from /home/airflow/.local/lib/python3.12/site-packages/airflow/example_dags/example_short_circuit_operator.py
[2024-05-30T07:41:19.961+0000] {processor.py:840} INFO - DAG(s) 'example_short_circuit_operator' retrieved from /home/airflow/.local/lib/python3.12/site-packages/airflow/example_dags/example_short_circuit_operator.py
[2024-05-30T07:41:19.971+0000] {logging_mixin.py:188} INFO - [2024-05-30T07:41:19.971+0000] {dag.py:3096} INFO - Sync 1 DAGs
[2024-05-30T07:41:19.980+0000] {logging_mixin.py:188} INFO - [2024-05-30T07:41:19.980+0000] {dag.py:3954} INFO - Setting next_dagrun for example_short_circuit_operator to 2024-05-29 00:00:00+00:00, run_after=2024-05-30 00:00:00+00:00
[2024-05-30T07:41:19.987+0000] {processor.py:183} INFO - Processing /home/airflow/.local/lib/python3.12/site-packages/airflow/example_dags/example_short_circuit_operator.py took 0.034 seconds
[2024-05-30T07:41:50.506+0000] {processor.py:161} INFO - Started process (PID=1120) to work on /home/airflow/.local/lib/python3.12/site-packages/airflow/example_dags/example_short_circuit_operator.py
[2024-05-30T07:41:50.507+0000] {processor.py:830} INFO - Processing file /home/airflow/.local/lib/python3.12/site-packages/airflow/example_dags/example_short_circuit_operator.py for tasks to queue
[2024-05-30T07:41:50.508+0000] {logging_mixin.py:188} INFO - [2024-05-30T07:41:50.507+0000] {dagbag.py:545} INFO - Filling up the DagBag from /home/airflow/.local/lib/python3.12/site-packages/airflow/example_dags/example_short_circuit_operator.py
[2024-05-30T07:41:50.511+0000] {processor.py:840} INFO - DAG(s) 'example_short_circuit_operator' retrieved from /home/airflow/.local/lib/python3.12/site-packages/airflow/example_dags/example_short_circuit_operator.py
[2024-05-30T07:41:50.521+0000] {logging_mixin.py:188} INFO - [2024-05-30T07:41:50.521+0000] {dag.py:3096} INFO - Sync 1 DAGs
[2024-05-30T07:41:50.530+0000] {logging_mixin.py:188} INFO - [2024-05-30T07:41:50.530+0000] {dag.py:3954} INFO - Setting next_dagrun for example_short_circuit_operator to 2024-05-29 00:00:00+00:00, run_after=2024-05-30 00:00:00+00:00
[2024-05-30T07:41:50.537+0000] {processor.py:183} INFO - Processing /home/airflow/.local/lib/python3.12/site-packages/airflow/example_dags/example_short_circuit_operator.py took 0.034 seconds
[2024-05-30T07:42:21.145+0000] {processor.py:161} INFO - Started process (PID=1382) to work on /home/airflow/.local/lib/python3.12/site-packages/airflow/example_dags/example_short_circuit_operator.py
[2024-05-30T07:42:21.146+0000] {processor.py:830} INFO - Processing file /home/airflow/.local/lib/python3.12/site-packages/airflow/example_dags/example_short_circuit_operator.py for tasks to queue
[2024-05-30T07:42:21.147+0000] {logging_mixin.py:188} INFO - [2024-05-30T07:42:21.146+0000] {dagbag.py:545} INFO - Filling up the DagBag from /home/airflow/.local/lib/python3.12/site-packages/airflow/example_dags/example_short_circuit_operator.py
[2024-05-30T07:42:21.150+0000] {processor.py:840} INFO - DAG(s) 'example_short_circuit_operator' retrieved from /home/airflow/.local/lib/python3.12/site-packages/airflow/example_dags/example_short_circuit_operator.py
[2024-05-30T07:42:21.161+0000] {logging_mixin.py:188} INFO - [2024-05-30T07:42:21.160+0000] {dag.py:3096} INFO - Sync 1 DAGs
[2024-05-30T07:42:21.169+0000] {logging_mixin.py:188} INFO - [2024-05-30T07:42:21.169+0000] {dag.py:3954} INFO - Setting next_dagrun for example_short_circuit_operator to 2024-05-29 00:00:00+00:00, run_after=2024-05-30 00:00:00+00:00
[2024-05-30T07:42:21.177+0000] {processor.py:183} INFO - Processing /home/airflow/.local/lib/python3.12/site-packages/airflow/example_dags/example_short_circuit_operator.py took 0.035 seconds
[2024-05-30T07:42:51.876+0000] {processor.py:161} INFO - Started process (PID=1644) to work on /home/airflow/.local/lib/python3.12/site-packages/airflow/example_dags/example_short_circuit_operator.py
[2024-05-30T07:42:51.876+0000] {processor.py:830} INFO - Processing file /home/airflow/.local/lib/python3.12/site-packages/airflow/example_dags/example_short_circuit_operator.py for tasks to queue
[2024-05-30T07:42:51.877+0000] {logging_mixin.py:188} INFO - [2024-05-30T07:42:51.877+0000] {dagbag.py:545} INFO - Filling up the DagBag from /home/airflow/.local/lib/python3.12/site-packages/airflow/example_dags/example_short_circuit_operator.py
[2024-05-30T07:42:51.882+0000] {processor.py:840} INFO - DAG(s) 'example_short_circuit_operator' retrieved from /home/airflow/.local/lib/python3.12/site-packages/airflow/example_dags/example_short_circuit_operator.py
[2024-05-30T07:42:51.893+0000] {logging_mixin.py:188} INFO - [2024-05-30T07:42:51.893+0000] {dag.py:3096} INFO - Sync 1 DAGs
[2024-05-30T07:42:51.903+0000] {logging_mixin.py:188} INFO - [2024-05-30T07:42:51.902+0000] {dag.py:3954} INFO - Setting next_dagrun for example_short_circuit_operator to 2024-05-29 00:00:00+00:00, run_after=2024-05-30 00:00:00+00:00
[2024-05-30T07:42:51.909+0000] {processor.py:183} INFO - Processing /home/airflow/.local/lib/python3.12/site-packages/airflow/example_dags/example_short_circuit_operator.py took 0.037 seconds
[2024-05-30T07:43:21.990+0000] {processor.py:161} INFO - Started process (PID=1906) to work on /home/airflow/.local/lib/python3.12/site-packages/airflow/example_dags/example_short_circuit_operator.py
[2024-05-30T07:43:21.990+0000] {processor.py:830} INFO - Processing file /home/airflow/.local/lib/python3.12/site-packages/airflow/example_dags/example_short_circuit_operator.py for tasks to queue
[2024-05-30T07:43:21.991+0000] {logging_mixin.py:188} INFO - [2024-05-30T07:43:21.991+0000] {dagbag.py:545} INFO - Filling up the DagBag from /home/airflow/.local/lib/python3.12/site-packages/airflow/example_dags/example_short_circuit_operator.py
[2024-05-30T07:43:21.995+0000] {processor.py:840} INFO - DAG(s) 'example_short_circuit_operator' retrieved from /home/airflow/.local/lib/python3.12/site-packages/airflow/example_dags/example_short_circuit_operator.py
[2024-05-30T07:43:22.006+0000] {logging_mixin.py:188} INFO - [2024-05-30T07:43:22.006+0000] {dag.py:3096} INFO - Sync 1 DAGs
[2024-05-30T07:43:22.015+0000] {logging_mixin.py:188} INFO - [2024-05-30T07:43:22.015+0000] {dag.py:3954} INFO - Setting next_dagrun for example_short_circuit_operator to 2024-05-29 00:00:00+00:00, run_after=2024-05-30 00:00:00+00:00
[2024-05-30T07:43:22.022+0000] {processor.py:183} INFO - Processing /home/airflow/.local/lib/python3.12/site-packages/airflow/example_dags/example_short_circuit_operator.py took 0.035 seconds
[2024-05-30T07:43:52.741+0000] {processor.py:161} INFO - Started process (PID=2168) to work on /home/airflow/.local/lib/python3.12/site-packages/airflow/example_dags/example_short_circuit_operator.py
[2024-05-30T07:43:52.742+0000] {processor.py:830} INFO - Processing file /home/airflow/.local/lib/python3.12/site-packages/airflow/example_dags/example_short_circuit_operator.py for tasks to queue
[2024-05-30T07:43:52.743+0000] {logging_mixin.py:188} INFO - [2024-05-30T07:43:52.743+0000] {dagbag.py:545} INFO - Filling up the DagBag from /home/airflow/.local/lib/python3.12/site-packages/airflow/example_dags/example_short_circuit_operator.py
[2024-05-30T07:43:52.747+0000] {processor.py:840} INFO - DAG(s) 'example_short_circuit_operator' retrieved from /home/airflow/.local/lib/python3.12/site-packages/airflow/example_dags/example_short_circuit_operator.py
[2024-05-30T07:43:52.757+0000] {logging_mixin.py:188} INFO - [2024-05-30T07:43:52.757+0000] {dag.py:3096} INFO - Sync 1 DAGs
[2024-05-30T07:43:52.767+0000] {logging_mixin.py:188} INFO - [2024-05-30T07:43:52.766+0000] {dag.py:3954} INFO - Setting next_dagrun for example_short_circuit_operator to 2024-05-29 00:00:00+00:00, run_after=2024-05-30 00:00:00+00:00
[2024-05-30T07:43:52.775+0000] {processor.py:183} INFO - Processing /home/airflow/.local/lib/python3.12/site-packages/airflow/example_dags/example_short_circuit_operator.py took 0.036 seconds
[2024-05-30T07:44:23.412+0000] {processor.py:161} INFO - Started process (PID=2430) to work on /home/airflow/.local/lib/python3.12/site-packages/airflow/example_dags/example_short_circuit_operator.py
[2024-05-30T07:44:23.412+0000] {processor.py:830} INFO - Processing file /home/airflow/.local/lib/python3.12/site-packages/airflow/example_dags/example_short_circuit_operator.py for tasks to queue
[2024-05-30T07:44:23.413+0000] {logging_mixin.py:188} INFO - [2024-05-30T07:44:23.413+0000] {dagbag.py:545} INFO - Filling up the DagBag from /home/airflow/.local/lib/python3.12/site-packages/airflow/example_dags/example_short_circuit_operator.py
[2024-05-30T07:44:23.416+0000] {processor.py:840} INFO - DAG(s) 'example_short_circuit_operator' retrieved from /home/airflow/.local/lib/python3.12/site-packages/airflow/example_dags/example_short_circuit_operator.py
[2024-05-30T07:44:23.427+0000] {logging_mixin.py:188} INFO - [2024-05-30T07:44:23.426+0000] {dag.py:3096} INFO - Sync 1 DAGs
[2024-05-30T07:44:23.436+0000] {logging_mixin.py:188} INFO - [2024-05-30T07:44:23.436+0000] {dag.py:3954} INFO - Setting next_dagrun for example_short_circuit_operator to 2024-05-29 00:00:00+00:00, run_after=2024-05-30 00:00:00+00:00
[2024-05-30T07:44:23.443+0000] {processor.py:183} INFO - Processing /home/airflow/.local/lib/python3.12/site-packages/airflow/example_dags/example_short_circuit_operator.py took 0.034 seconds
[2024-05-30T07:44:54.197+0000] {processor.py:161} INFO - Started process (PID=2692) to work on /home/airflow/.local/lib/python3.12/site-packages/airflow/example_dags/example_short_circuit_operator.py
[2024-05-30T07:44:54.197+0000] {processor.py:830} INFO - Processing file /home/airflow/.local/lib/python3.12/site-packages/airflow/example_dags/example_short_circuit_operator.py for tasks to queue
[2024-05-30T07:44:54.199+0000] {logging_mixin.py:188} INFO - [2024-05-30T07:44:54.198+0000] {dagbag.py:545} INFO - Filling up the DagBag from /home/airflow/.local/lib/python3.12/site-packages/airflow/example_dags/example_short_circuit_operator.py
[2024-05-30T07:44:54.202+0000] {processor.py:840} INFO - DAG(s) 'example_short_circuit_operator' retrieved from /home/airflow/.local/lib/python3.12/site-packages/airflow/example_dags/example_short_circuit_operator.py
[2024-05-30T07:44:54.213+0000] {logging_mixin.py:188} INFO - [2024-05-30T07:44:54.213+0000] {dag.py:3096} INFO - Sync 1 DAGs
[2024-05-30T07:44:54.222+0000] {logging_mixin.py:188} INFO - [2024-05-30T07:44:54.222+0000] {dag.py:3954} INFO - Setting next_dagrun for example_short_circuit_operator to 2024-05-29 00:00:00+00:00, run_after=2024-05-30 00:00:00+00:00
[2024-05-30T07:44:54.229+0000] {processor.py:183} INFO - Processing /home/airflow/.local/lib/python3.12/site-packages/airflow/example_dags/example_short_circuit_operator.py took 0.035 seconds
[2024-05-30T07:45:24.949+0000] {processor.py:161} INFO - Started process (PID=2954) to work on /home/airflow/.local/lib/python3.12/site-packages/airflow/example_dags/example_short_circuit_operator.py
[2024-05-30T07:45:24.950+0000] {processor.py:830} INFO - Processing file /home/airflow/.local/lib/python3.12/site-packages/airflow/example_dags/example_short_circuit_operator.py for tasks to queue
[2024-05-30T07:45:24.950+0000] {logging_mixin.py:188} INFO - [2024-05-30T07:45:24.950+0000] {dagbag.py:545} INFO - Filling up the DagBag from /home/airflow/.local/lib/python3.12/site-packages/airflow/example_dags/example_short_circuit_operator.py
[2024-05-30T07:45:24.957+0000] {processor.py:840} INFO - DAG(s) 'example_short_circuit_operator' retrieved from /home/airflow/.local/lib/python3.12/site-packages/airflow/example_dags/example_short_circuit_operator.py
[2024-05-30T07:45:24.977+0000] {logging_mixin.py:188} INFO - [2024-05-30T07:45:24.977+0000] {dag.py:3096} INFO - Sync 1 DAGs
[2024-05-30T07:45:25.020+0000] {logging_mixin.py:188} INFO - [2024-05-30T07:45:25.020+0000] {dag.py:3954} INFO - Setting next_dagrun for example_short_circuit_operator to 2024-05-29 00:00:00+00:00, run_after=2024-05-30 00:00:00+00:00
[2024-05-30T07:45:25.056+0000] {processor.py:183} INFO - Processing /home/airflow/.local/lib/python3.12/site-packages/airflow/example_dags/example_short_circuit_operator.py took 0.110 seconds
[2024-05-30T07:45:55.231+0000] {processor.py:161} INFO - Started process (PID=3218) to work on /home/airflow/.local/lib/python3.12/site-packages/airflow/example_dags/example_short_circuit_operator.py
[2024-05-30T07:45:55.231+0000] {processor.py:830} INFO - Processing file /home/airflow/.local/lib/python3.12/site-packages/airflow/example_dags/example_short_circuit_operator.py for tasks to queue
[2024-05-30T07:45:55.232+0000] {logging_mixin.py:188} INFO - [2024-05-30T07:45:55.232+0000] {dagbag.py:545} INFO - Filling up the DagBag from /home/airflow/.local/lib/python3.12/site-packages/airflow/example_dags/example_short_circuit_operator.py
[2024-05-30T07:45:55.236+0000] {processor.py:840} INFO - DAG(s) 'example_short_circuit_operator' retrieved from /home/airflow/.local/lib/python3.12/site-packages/airflow/example_dags/example_short_circuit_operator.py
[2024-05-30T07:45:55.249+0000] {logging_mixin.py:188} INFO - [2024-05-30T07:45:55.249+0000] {dag.py:3096} INFO - Sync 1 DAGs
[2024-05-30T07:45:55.257+0000] {logging_mixin.py:188} INFO - [2024-05-30T07:45:55.257+0000] {dag.py:3954} INFO - Setting next_dagrun for example_short_circuit_operator to 2024-05-29 00:00:00+00:00, run_after=2024-05-30 00:00:00+00:00
[2024-05-30T07:45:55.264+0000] {processor.py:183} INFO - Processing /home/airflow/.local/lib/python3.12/site-packages/airflow/example_dags/example_short_circuit_operator.py took 0.036 seconds
[2024-05-30T07:46:25.825+0000] {processor.py:161} INFO - Started process (PID=3478) to work on /home/airflow/.local/lib/python3.12/site-packages/airflow/example_dags/example_short_circuit_operator.py
[2024-05-30T07:46:25.825+0000] {processor.py:830} INFO - Processing file /home/airflow/.local/lib/python3.12/site-packages/airflow/example_dags/example_short_circuit_operator.py for tasks to queue
[2024-05-30T07:46:25.827+0000] {logging_mixin.py:188} INFO - [2024-05-30T07:46:25.827+0000] {dagbag.py:545} INFO - Filling up the DagBag from /home/airflow/.local/lib/python3.12/site-packages/airflow/example_dags/example_short_circuit_operator.py
[2024-05-30T07:46:25.831+0000] {processor.py:840} INFO - DAG(s) 'example_short_circuit_operator' retrieved from /home/airflow/.local/lib/python3.12/site-packages/airflow/example_dags/example_short_circuit_operator.py
[2024-05-30T07:46:25.842+0000] {logging_mixin.py:188} INFO - [2024-05-30T07:46:25.842+0000] {dag.py:3096} INFO - Sync 1 DAGs
[2024-05-30T07:46:25.851+0000] {logging_mixin.py:188} INFO - [2024-05-30T07:46:25.851+0000] {dag.py:3954} INFO - Setting next_dagrun for example_short_circuit_operator to 2024-05-29 00:00:00+00:00, run_after=2024-05-30 00:00:00+00:00
[2024-05-30T07:46:25.865+0000] {processor.py:183} INFO - Processing /home/airflow/.local/lib/python3.12/site-packages/airflow/example_dags/example_short_circuit_operator.py took 0.043 seconds
[2024-05-30T07:46:56.496+0000] {processor.py:161} INFO - Started process (PID=3888) to work on /home/airflow/.local/lib/python3.12/site-packages/airflow/example_dags/example_short_circuit_operator.py
[2024-05-30T07:46:56.497+0000] {processor.py:830} INFO - Processing file /home/airflow/.local/lib/python3.12/site-packages/airflow/example_dags/example_short_circuit_operator.py for tasks to queue
[2024-05-30T07:46:56.498+0000] {logging_mixin.py:188} INFO - [2024-05-30T07:46:56.498+0000] {dagbag.py:545} INFO - Filling up the DagBag from /home/airflow/.local/lib/python3.12/site-packages/airflow/example_dags/example_short_circuit_operator.py
[2024-05-30T07:46:56.502+0000] {processor.py:840} INFO - DAG(s) 'example_short_circuit_operator' retrieved from /home/airflow/.local/lib/python3.12/site-packages/airflow/example_dags/example_short_circuit_operator.py
[2024-05-30T07:46:56.512+0000] {logging_mixin.py:188} INFO - [2024-05-30T07:46:56.512+0000] {dag.py:3096} INFO - Sync 1 DAGs
[2024-05-30T07:46:56.521+0000] {logging_mixin.py:188} INFO - [2024-05-30T07:46:56.521+0000] {dag.py:3954} INFO - Setting next_dagrun for example_short_circuit_operator to 2024-05-29 00:00:00+00:00, run_after=2024-05-30 00:00:00+00:00
[2024-05-30T07:46:56.528+0000] {processor.py:183} INFO - Processing /home/airflow/.local/lib/python3.12/site-packages/airflow/example_dags/example_short_circuit_operator.py took 0.035 seconds
[2024-05-30T07:47:27.255+0000] {processor.py:161} INFO - Started process (PID=4150) to work on /home/airflow/.local/lib/python3.12/site-packages/airflow/example_dags/example_short_circuit_operator.py
[2024-05-30T07:47:27.256+0000] {processor.py:830} INFO - Processing file /home/airflow/.local/lib/python3.12/site-packages/airflow/example_dags/example_short_circuit_operator.py for tasks to queue
[2024-05-30T07:47:27.257+0000] {logging_mixin.py:188} INFO - [2024-05-30T07:47:27.257+0000] {dagbag.py:545} INFO - Filling up the DagBag from /home/airflow/.local/lib/python3.12/site-packages/airflow/example_dags/example_short_circuit_operator.py
[2024-05-30T07:47:27.260+0000] {processor.py:840} INFO - DAG(s) 'example_short_circuit_operator' retrieved from /home/airflow/.local/lib/python3.12/site-packages/airflow/example_dags/example_short_circuit_operator.py
[2024-05-30T07:47:27.271+0000] {logging_mixin.py:188} INFO - [2024-05-30T07:47:27.271+0000] {dag.py:3096} INFO - Sync 1 DAGs
[2024-05-30T07:47:27.280+0000] {logging_mixin.py:188} INFO - [2024-05-30T07:47:27.280+0000] {dag.py:3954} INFO - Setting next_dagrun for example_short_circuit_operator to 2024-05-29 00:00:00+00:00, run_after=2024-05-30 00:00:00+00:00
[2024-05-30T07:47:27.287+0000] {processor.py:183} INFO - Processing /home/airflow/.local/lib/python3.12/site-packages/airflow/example_dags/example_short_circuit_operator.py took 0.035 seconds
[2024-05-30T07:47:57.858+0000] {processor.py:161} INFO - Started process (PID=4412) to work on /home/airflow/.local/lib/python3.12/site-packages/airflow/example_dags/example_short_circuit_operator.py
[2024-05-30T07:47:57.858+0000] {processor.py:830} INFO - Processing file /home/airflow/.local/lib/python3.12/site-packages/airflow/example_dags/example_short_circuit_operator.py for tasks to queue
[2024-05-30T07:47:57.859+0000] {logging_mixin.py:188} INFO - [2024-05-30T07:47:57.859+0000] {dagbag.py:545} INFO - Filling up the DagBag from /home/airflow/.local/lib/python3.12/site-packages/airflow/example_dags/example_short_circuit_operator.py
[2024-05-30T07:47:57.863+0000] {processor.py:840} INFO - DAG(s) 'example_short_circuit_operator' retrieved from /home/airflow/.local/lib/python3.12/site-packages/airflow/example_dags/example_short_circuit_operator.py
[2024-05-30T07:47:57.873+0000] {logging_mixin.py:188} INFO - [2024-05-30T07:47:57.873+0000] {dag.py:3096} INFO - Sync 1 DAGs
[2024-05-30T07:47:57.883+0000] {logging_mixin.py:188} INFO - [2024-05-30T07:47:57.883+0000] {dag.py:3954} INFO - Setting next_dagrun for example_short_circuit_operator to 2024-05-29 00:00:00+00:00, run_after=2024-05-30 00:00:00+00:00
[2024-05-30T07:47:57.890+0000] {processor.py:183} INFO - Processing /home/airflow/.local/lib/python3.12/site-packages/airflow/example_dags/example_short_circuit_operator.py took 0.036 seconds
[2024-05-30T07:48:28.639+0000] {processor.py:161} INFO - Started process (PID=4674) to work on /home/airflow/.local/lib/python3.12/site-packages/airflow/example_dags/example_short_circuit_operator.py
[2024-05-30T07:48:28.640+0000] {processor.py:830} INFO - Processing file /home/airflow/.local/lib/python3.12/site-packages/airflow/example_dags/example_short_circuit_operator.py for tasks to queue
[2024-05-30T07:48:28.641+0000] {logging_mixin.py:188} INFO - [2024-05-30T07:48:28.641+0000] {dagbag.py:545} INFO - Filling up the DagBag from /home/airflow/.local/lib/python3.12/site-packages/airflow/example_dags/example_short_circuit_operator.py
[2024-05-30T07:48:28.645+0000] {processor.py:840} INFO - DAG(s) 'example_short_circuit_operator' retrieved from /home/airflow/.local/lib/python3.12/site-packages/airflow/example_dags/example_short_circuit_operator.py
[2024-05-30T07:48:28.656+0000] {logging_mixin.py:188} INFO - [2024-05-30T07:48:28.656+0000] {dag.py:3096} INFO - Sync 1 DAGs
[2024-05-30T07:48:28.666+0000] {logging_mixin.py:188} INFO - [2024-05-30T07:48:28.666+0000] {dag.py:3954} INFO - Setting next_dagrun for example_short_circuit_operator to 2024-05-29 00:00:00+00:00, run_after=2024-05-30 00:00:00+00:00
[2024-05-30T07:48:28.673+0000] {processor.py:183} INFO - Processing /home/airflow/.local/lib/python3.12/site-packages/airflow/example_dags/example_short_circuit_operator.py took 0.036 seconds
[2024-05-30T07:48:58.765+0000] {processor.py:161} INFO - Started process (PID=4936) to work on /home/airflow/.local/lib/python3.12/site-packages/airflow/example_dags/example_short_circuit_operator.py
[2024-05-30T07:48:58.765+0000] {processor.py:830} INFO - Processing file /home/airflow/.local/lib/python3.12/site-packages/airflow/example_dags/example_short_circuit_operator.py for tasks to queue
[2024-05-30T07:48:58.766+0000] {logging_mixin.py:188} INFO - [2024-05-30T07:48:58.766+0000] {dagbag.py:545} INFO - Filling up the DagBag from /home/airflow/.local/lib/python3.12/site-packages/airflow/example_dags/example_short_circuit_operator.py
[2024-05-30T07:48:58.770+0000] {processor.py:840} INFO - DAG(s) 'example_short_circuit_operator' retrieved from /home/airflow/.local/lib/python3.12/site-packages/airflow/example_dags/example_short_circuit_operator.py
[2024-05-30T07:48:58.781+0000] {logging_mixin.py:188} INFO - [2024-05-30T07:48:58.781+0000] {dag.py:3096} INFO - Sync 1 DAGs
[2024-05-30T07:48:58.790+0000] {logging_mixin.py:188} INFO - [2024-05-30T07:48:58.790+0000] {dag.py:3954} INFO - Setting next_dagrun for example_short_circuit_operator to 2024-05-29 00:00:00+00:00, run_after=2024-05-30 00:00:00+00:00
[2024-05-30T07:48:58.798+0000] {processor.py:183} INFO - Processing /home/airflow/.local/lib/python3.12/site-packages/airflow/example_dags/example_short_circuit_operator.py took 0.036 seconds
[2024-05-30T07:49:29.453+0000] {processor.py:161} INFO - Started process (PID=5198) to work on /home/airflow/.local/lib/python3.12/site-packages/airflow/example_dags/example_short_circuit_operator.py
[2024-05-30T07:49:29.453+0000] {processor.py:830} INFO - Processing file /home/airflow/.local/lib/python3.12/site-packages/airflow/example_dags/example_short_circuit_operator.py for tasks to queue
[2024-05-30T07:49:29.455+0000] {logging_mixin.py:188} INFO - [2024-05-30T07:49:29.455+0000] {dagbag.py:545} INFO - Filling up the DagBag from /home/airflow/.local/lib/python3.12/site-packages/airflow/example_dags/example_short_circuit_operator.py
[2024-05-30T07:49:29.458+0000] {processor.py:840} INFO - DAG(s) 'example_short_circuit_operator' retrieved from /home/airflow/.local/lib/python3.12/site-packages/airflow/example_dags/example_short_circuit_operator.py
[2024-05-30T07:49:29.469+0000] {logging_mixin.py:188} INFO - [2024-05-30T07:49:29.469+0000] {dag.py:3096} INFO - Sync 1 DAGs
[2024-05-30T07:49:29.478+0000] {logging_mixin.py:188} INFO - [2024-05-30T07:49:29.478+0000] {dag.py:3954} INFO - Setting next_dagrun for example_short_circuit_operator to 2024-05-29 00:00:00+00:00, run_after=2024-05-30 00:00:00+00:00
[2024-05-30T07:49:29.485+0000] {processor.py:183} INFO - Processing /home/airflow/.local/lib/python3.12/site-packages/airflow/example_dags/example_short_circuit_operator.py took 0.035 seconds
