[2024-05-30T07:40:17.354+0000] {processor.py:161} INFO - Started process (PID=209) to work on /home/airflow/.local/lib/python3.12/site-packages/airflow/example_dags/example_python_operator.py
[2024-05-30T07:40:17.354+0000] {processor.py:830} INFO - Processing file /home/airflow/.local/lib/python3.12/site-packages/airflow/example_dags/example_python_operator.py for tasks to queue
[2024-05-30T07:40:17.355+0000] {logging_mixin.py:188} INFO - [2024-05-30T07:40:17.355+0000] {dagbag.py:545} INFO - Filling up the DagBag from /home/airflow/.local/lib/python3.12/site-packages/airflow/example_dags/example_python_operator.py
[2024-05-30T07:40:17.363+0000] {processor.py:840} INFO - DAG(s) 'example_python_operator' retrieved from /home/airflow/.local/lib/python3.12/site-packages/airflow/example_dags/example_python_operator.py
[2024-05-30T07:40:17.415+0000] {logging_mixin.py:188} INFO - [2024-05-30T07:40:17.415+0000] {override.py:1829} INFO - Created Permission View: can delete on DAG:example_python_operator
[2024-05-30T07:40:17.419+0000] {logging_mixin.py:188} INFO - [2024-05-30T07:40:17.419+0000] {override.py:1829} INFO - Created Permission View: can edit on DAG:example_python_operator
[2024-05-30T07:40:17.421+0000] {logging_mixin.py:188} INFO - [2024-05-30T07:40:17.421+0000] {override.py:1829} INFO - Created Permission View: can read on DAG:example_python_operator
[2024-05-30T07:40:17.421+0000] {logging_mixin.py:188} INFO - [2024-05-30T07:40:17.421+0000] {dag.py:3096} INFO - Sync 1 DAGs
[2024-05-30T07:40:17.427+0000] {logging_mixin.py:188} INFO - [2024-05-30T07:40:17.427+0000] {dag.py:3118} INFO - Creating ORM DAG for example_python_operator
[2024-05-30T07:40:17.428+0000] {logging_mixin.py:188} INFO - [2024-05-30T07:40:17.428+0000] {dag.py:3954} INFO - Setting next_dagrun for example_python_operator to None, run_after=None
[2024-05-30T07:40:17.434+0000] {processor.py:183} INFO - Processing /home/airflow/.local/lib/python3.12/site-packages/airflow/example_dags/example_python_operator.py took 0.083 seconds
[2024-05-30T07:40:47.648+0000] {processor.py:161} INFO - Started process (PID=471) to work on /home/airflow/.local/lib/python3.12/site-packages/airflow/example_dags/example_python_operator.py
[2024-05-30T07:40:47.649+0000] {processor.py:830} INFO - Processing file /home/airflow/.local/lib/python3.12/site-packages/airflow/example_dags/example_python_operator.py for tasks to queue
[2024-05-30T07:40:47.650+0000] {logging_mixin.py:188} INFO - [2024-05-30T07:40:47.650+0000] {dagbag.py:545} INFO - Filling up the DagBag from /home/airflow/.local/lib/python3.12/site-packages/airflow/example_dags/example_python_operator.py
[2024-05-30T07:40:47.655+0000] {processor.py:840} INFO - DAG(s) 'example_python_operator' retrieved from /home/airflow/.local/lib/python3.12/site-packages/airflow/example_dags/example_python_operator.py
[2024-05-30T07:40:47.664+0000] {logging_mixin.py:188} INFO - [2024-05-30T07:40:47.664+0000] {dag.py:3096} INFO - Sync 1 DAGs
[2024-05-30T07:40:47.670+0000] {logging_mixin.py:188} INFO - [2024-05-30T07:40:47.670+0000] {dag.py:3954} INFO - Setting next_dagrun for example_python_operator to None, run_after=None
[2024-05-30T07:40:47.677+0000] {processor.py:183} INFO - Processing /home/airflow/.local/lib/python3.12/site-packages/airflow/example_dags/example_python_operator.py took 0.031 seconds
[2024-05-30T07:41:18.244+0000] {processor.py:161} INFO - Started process (PID=733) to work on /home/airflow/.local/lib/python3.12/site-packages/airflow/example_dags/example_python_operator.py
[2024-05-30T07:41:18.245+0000] {processor.py:830} INFO - Processing file /home/airflow/.local/lib/python3.12/site-packages/airflow/example_dags/example_python_operator.py for tasks to queue
[2024-05-30T07:41:18.246+0000] {logging_mixin.py:188} INFO - [2024-05-30T07:41:18.245+0000] {dagbag.py:545} INFO - Filling up the DagBag from /home/airflow/.local/lib/python3.12/site-packages/airflow/example_dags/example_python_operator.py
[2024-05-30T07:41:18.250+0000] {processor.py:840} INFO - DAG(s) 'example_python_operator' retrieved from /home/airflow/.local/lib/python3.12/site-packages/airflow/example_dags/example_python_operator.py
[2024-05-30T07:41:18.260+0000] {logging_mixin.py:188} INFO - [2024-05-30T07:41:18.260+0000] {dag.py:3096} INFO - Sync 1 DAGs
[2024-05-30T07:41:18.265+0000] {logging_mixin.py:188} INFO - [2024-05-30T07:41:18.265+0000] {dag.py:3954} INFO - Setting next_dagrun for example_python_operator to None, run_after=None
[2024-05-30T07:41:18.273+0000] {processor.py:183} INFO - Processing /home/airflow/.local/lib/python3.12/site-packages/airflow/example_dags/example_python_operator.py took 0.031 seconds
[2024-05-30T07:41:48.801+0000] {processor.py:161} INFO - Started process (PID=995) to work on /home/airflow/.local/lib/python3.12/site-packages/airflow/example_dags/example_python_operator.py
[2024-05-30T07:41:48.802+0000] {processor.py:830} INFO - Processing file /home/airflow/.local/lib/python3.12/site-packages/airflow/example_dags/example_python_operator.py for tasks to queue
[2024-05-30T07:41:48.803+0000] {logging_mixin.py:188} INFO - [2024-05-30T07:41:48.803+0000] {dagbag.py:545} INFO - Filling up the DagBag from /home/airflow/.local/lib/python3.12/site-packages/airflow/example_dags/example_python_operator.py
[2024-05-30T07:41:48.808+0000] {processor.py:840} INFO - DAG(s) 'example_python_operator' retrieved from /home/airflow/.local/lib/python3.12/site-packages/airflow/example_dags/example_python_operator.py
[2024-05-30T07:41:48.817+0000] {logging_mixin.py:188} INFO - [2024-05-30T07:41:48.817+0000] {dag.py:3096} INFO - Sync 1 DAGs
[2024-05-30T07:41:48.822+0000] {logging_mixin.py:188} INFO - [2024-05-30T07:41:48.822+0000] {dag.py:3954} INFO - Setting next_dagrun for example_python_operator to None, run_after=None
[2024-05-30T07:41:48.830+0000] {processor.py:183} INFO - Processing /home/airflow/.local/lib/python3.12/site-packages/airflow/example_dags/example_python_operator.py took 0.031 seconds
[2024-05-30T07:42:19.462+0000] {processor.py:161} INFO - Started process (PID=1259) to work on /home/airflow/.local/lib/python3.12/site-packages/airflow/example_dags/example_python_operator.py
[2024-05-30T07:42:19.462+0000] {processor.py:830} INFO - Processing file /home/airflow/.local/lib/python3.12/site-packages/airflow/example_dags/example_python_operator.py for tasks to queue
[2024-05-30T07:42:19.463+0000] {logging_mixin.py:188} INFO - [2024-05-30T07:42:19.463+0000] {dagbag.py:545} INFO - Filling up the DagBag from /home/airflow/.local/lib/python3.12/site-packages/airflow/example_dags/example_python_operator.py
[2024-05-30T07:42:19.468+0000] {processor.py:840} INFO - DAG(s) 'example_python_operator' retrieved from /home/airflow/.local/lib/python3.12/site-packages/airflow/example_dags/example_python_operator.py
[2024-05-30T07:42:19.478+0000] {logging_mixin.py:188} INFO - [2024-05-30T07:42:19.478+0000] {dag.py:3096} INFO - Sync 1 DAGs
[2024-05-30T07:42:19.483+0000] {logging_mixin.py:188} INFO - [2024-05-30T07:42:19.483+0000] {dag.py:3954} INFO - Setting next_dagrun for example_python_operator to None, run_after=None
[2024-05-30T07:42:19.490+0000] {processor.py:183} INFO - Processing /home/airflow/.local/lib/python3.12/site-packages/airflow/example_dags/example_python_operator.py took 0.032 seconds
[2024-05-30T07:42:50.053+0000] {processor.py:161} INFO - Started process (PID=1519) to work on /home/airflow/.local/lib/python3.12/site-packages/airflow/example_dags/example_python_operator.py
[2024-05-30T07:42:50.054+0000] {processor.py:830} INFO - Processing file /home/airflow/.local/lib/python3.12/site-packages/airflow/example_dags/example_python_operator.py for tasks to queue
[2024-05-30T07:42:50.055+0000] {logging_mixin.py:188} INFO - [2024-05-30T07:42:50.055+0000] {dagbag.py:545} INFO - Filling up the DagBag from /home/airflow/.local/lib/python3.12/site-packages/airflow/example_dags/example_python_operator.py
[2024-05-30T07:42:50.061+0000] {processor.py:840} INFO - DAG(s) 'example_python_operator' retrieved from /home/airflow/.local/lib/python3.12/site-packages/airflow/example_dags/example_python_operator.py
[2024-05-30T07:42:50.071+0000] {logging_mixin.py:188} INFO - [2024-05-30T07:42:50.071+0000] {dag.py:3096} INFO - Sync 1 DAGs
[2024-05-30T07:42:50.077+0000] {logging_mixin.py:188} INFO - [2024-05-30T07:42:50.077+0000] {dag.py:3954} INFO - Setting next_dagrun for example_python_operator to None, run_after=None
[2024-05-30T07:42:50.085+0000] {processor.py:183} INFO - Processing /home/airflow/.local/lib/python3.12/site-packages/airflow/example_dags/example_python_operator.py took 0.034 seconds
[2024-05-30T07:43:20.150+0000] {processor.py:161} INFO - Started process (PID=1781) to work on /home/airflow/.local/lib/python3.12/site-packages/airflow/example_dags/example_python_operator.py
[2024-05-30T07:43:20.151+0000] {processor.py:830} INFO - Processing file /home/airflow/.local/lib/python3.12/site-packages/airflow/example_dags/example_python_operator.py for tasks to queue
[2024-05-30T07:43:20.151+0000] {logging_mixin.py:188} INFO - [2024-05-30T07:43:20.151+0000] {dagbag.py:545} INFO - Filling up the DagBag from /home/airflow/.local/lib/python3.12/site-packages/airflow/example_dags/example_python_operator.py
[2024-05-30T07:43:20.156+0000] {processor.py:840} INFO - DAG(s) 'example_python_operator' retrieved from /home/airflow/.local/lib/python3.12/site-packages/airflow/example_dags/example_python_operator.py
[2024-05-30T07:43:20.166+0000] {logging_mixin.py:188} INFO - [2024-05-30T07:43:20.166+0000] {dag.py:3096} INFO - Sync 1 DAGs
[2024-05-30T07:43:20.172+0000] {logging_mixin.py:188} INFO - [2024-05-30T07:43:20.172+0000] {dag.py:3954} INFO - Setting next_dagrun for example_python_operator to None, run_after=None
[2024-05-30T07:43:20.179+0000] {processor.py:183} INFO - Processing /home/airflow/.local/lib/python3.12/site-packages/airflow/example_dags/example_python_operator.py took 0.032 seconds
[2024-05-30T07:43:50.939+0000] {processor.py:161} INFO - Started process (PID=2045) to work on /home/airflow/.local/lib/python3.12/site-packages/airflow/example_dags/example_python_operator.py
[2024-05-30T07:43:50.940+0000] {processor.py:830} INFO - Processing file /home/airflow/.local/lib/python3.12/site-packages/airflow/example_dags/example_python_operator.py for tasks to queue
[2024-05-30T07:43:50.941+0000] {logging_mixin.py:188} INFO - [2024-05-30T07:43:50.941+0000] {dagbag.py:545} INFO - Filling up the DagBag from /home/airflow/.local/lib/python3.12/site-packages/airflow/example_dags/example_python_operator.py
[2024-05-30T07:43:50.947+0000] {processor.py:840} INFO - DAG(s) 'example_python_operator' retrieved from /home/airflow/.local/lib/python3.12/site-packages/airflow/example_dags/example_python_operator.py
[2024-05-30T07:43:50.957+0000] {logging_mixin.py:188} INFO - [2024-05-30T07:43:50.957+0000] {dag.py:3096} INFO - Sync 1 DAGs
[2024-05-30T07:43:50.963+0000] {logging_mixin.py:188} INFO - [2024-05-30T07:43:50.963+0000] {dag.py:3954} INFO - Setting next_dagrun for example_python_operator to None, run_after=None
[2024-05-30T07:43:50.971+0000] {processor.py:183} INFO - Processing /home/airflow/.local/lib/python3.12/site-packages/airflow/example_dags/example_python_operator.py took 0.034 seconds
[2024-05-30T07:44:21.733+0000] {processor.py:161} INFO - Started process (PID=2305) to work on /home/airflow/.local/lib/python3.12/site-packages/airflow/example_dags/example_python_operator.py
[2024-05-30T07:44:21.734+0000] {processor.py:830} INFO - Processing file /home/airflow/.local/lib/python3.12/site-packages/airflow/example_dags/example_python_operator.py for tasks to queue
[2024-05-30T07:44:21.735+0000] {logging_mixin.py:188} INFO - [2024-05-30T07:44:21.735+0000] {dagbag.py:545} INFO - Filling up the DagBag from /home/airflow/.local/lib/python3.12/site-packages/airflow/example_dags/example_python_operator.py
[2024-05-30T07:44:21.740+0000] {processor.py:840} INFO - DAG(s) 'example_python_operator' retrieved from /home/airflow/.local/lib/python3.12/site-packages/airflow/example_dags/example_python_operator.py
[2024-05-30T07:44:21.750+0000] {logging_mixin.py:188} INFO - [2024-05-30T07:44:21.750+0000] {dag.py:3096} INFO - Sync 1 DAGs
[2024-05-30T07:44:21.755+0000] {logging_mixin.py:188} INFO - [2024-05-30T07:44:21.755+0000] {dag.py:3954} INFO - Setting next_dagrun for example_python_operator to None, run_after=None
[2024-05-30T07:44:21.763+0000] {processor.py:183} INFO - Processing /home/airflow/.local/lib/python3.12/site-packages/airflow/example_dags/example_python_operator.py took 0.032 seconds
[2024-05-30T07:44:52.447+0000] {processor.py:161} INFO - Started process (PID=2569) to work on /home/airflow/.local/lib/python3.12/site-packages/airflow/example_dags/example_python_operator.py
[2024-05-30T07:44:52.448+0000] {processor.py:830} INFO - Processing file /home/airflow/.local/lib/python3.12/site-packages/airflow/example_dags/example_python_operator.py for tasks to queue
[2024-05-30T07:44:52.449+0000] {logging_mixin.py:188} INFO - [2024-05-30T07:44:52.449+0000] {dagbag.py:545} INFO - Filling up the DagBag from /home/airflow/.local/lib/python3.12/site-packages/airflow/example_dags/example_python_operator.py
[2024-05-30T07:44:52.455+0000] {processor.py:840} INFO - DAG(s) 'example_python_operator' retrieved from /home/airflow/.local/lib/python3.12/site-packages/airflow/example_dags/example_python_operator.py
[2024-05-30T07:44:52.466+0000] {logging_mixin.py:188} INFO - [2024-05-30T07:44:52.466+0000] {dag.py:3096} INFO - Sync 1 DAGs
[2024-05-30T07:44:52.472+0000] {logging_mixin.py:188} INFO - [2024-05-30T07:44:52.472+0000] {dag.py:3954} INFO - Setting next_dagrun for example_python_operator to None, run_after=None
[2024-05-30T07:44:52.480+0000] {processor.py:183} INFO - Processing /home/airflow/.local/lib/python3.12/site-packages/airflow/example_dags/example_python_operator.py took 0.035 seconds
[2024-05-30T07:45:23.146+0000] {processor.py:161} INFO - Started process (PID=2829) to work on /home/airflow/.local/lib/python3.12/site-packages/airflow/example_dags/example_python_operator.py
[2024-05-30T07:45:23.147+0000] {processor.py:830} INFO - Processing file /home/airflow/.local/lib/python3.12/site-packages/airflow/example_dags/example_python_operator.py for tasks to queue
[2024-05-30T07:45:23.148+0000] {logging_mixin.py:188} INFO - [2024-05-30T07:45:23.148+0000] {dagbag.py:545} INFO - Filling up the DagBag from /home/airflow/.local/lib/python3.12/site-packages/airflow/example_dags/example_python_operator.py
[2024-05-30T07:45:23.154+0000] {processor.py:840} INFO - DAG(s) 'example_python_operator' retrieved from /home/airflow/.local/lib/python3.12/site-packages/airflow/example_dags/example_python_operator.py
[2024-05-30T07:45:23.164+0000] {logging_mixin.py:188} INFO - [2024-05-30T07:45:23.164+0000] {dag.py:3096} INFO - Sync 1 DAGs
[2024-05-30T07:45:23.172+0000] {logging_mixin.py:188} INFO - [2024-05-30T07:45:23.171+0000] {dag.py:3954} INFO - Setting next_dagrun for example_python_operator to None, run_after=None
[2024-05-30T07:45:23.179+0000] {processor.py:183} INFO - Processing /home/airflow/.local/lib/python3.12/site-packages/airflow/example_dags/example_python_operator.py took 0.036 seconds
[2024-05-30T07:45:53.428+0000] {processor.py:161} INFO - Started process (PID=3091) to work on /home/airflow/.local/lib/python3.12/site-packages/airflow/example_dags/example_python_operator.py
[2024-05-30T07:45:53.429+0000] {processor.py:830} INFO - Processing file /home/airflow/.local/lib/python3.12/site-packages/airflow/example_dags/example_python_operator.py for tasks to queue
[2024-05-30T07:45:53.430+0000] {logging_mixin.py:188} INFO - [2024-05-30T07:45:53.430+0000] {dagbag.py:545} INFO - Filling up the DagBag from /home/airflow/.local/lib/python3.12/site-packages/airflow/example_dags/example_python_operator.py
[2024-05-30T07:45:53.435+0000] {processor.py:840} INFO - DAG(s) 'example_python_operator' retrieved from /home/airflow/.local/lib/python3.12/site-packages/airflow/example_dags/example_python_operator.py
[2024-05-30T07:45:53.446+0000] {logging_mixin.py:188} INFO - [2024-05-30T07:45:53.445+0000] {dag.py:3096} INFO - Sync 1 DAGs
[2024-05-30T07:45:53.452+0000] {logging_mixin.py:188} INFO - [2024-05-30T07:45:53.452+0000] {dag.py:3954} INFO - Setting next_dagrun for example_python_operator to None, run_after=None
[2024-05-30T07:45:53.460+0000] {processor.py:183} INFO - Processing /home/airflow/.local/lib/python3.12/site-packages/airflow/example_dags/example_python_operator.py took 0.036 seconds
[2024-05-30T07:46:24.109+0000] {processor.py:161} INFO - Started process (PID=3353) to work on /home/airflow/.local/lib/python3.12/site-packages/airflow/example_dags/example_python_operator.py
[2024-05-30T07:46:24.109+0000] {processor.py:830} INFO - Processing file /home/airflow/.local/lib/python3.12/site-packages/airflow/example_dags/example_python_operator.py for tasks to queue
[2024-05-30T07:46:24.110+0000] {logging_mixin.py:188} INFO - [2024-05-30T07:46:24.110+0000] {dagbag.py:545} INFO - Filling up the DagBag from /home/airflow/.local/lib/python3.12/site-packages/airflow/example_dags/example_python_operator.py
[2024-05-30T07:46:24.115+0000] {processor.py:840} INFO - DAG(s) 'example_python_operator' retrieved from /home/airflow/.local/lib/python3.12/site-packages/airflow/example_dags/example_python_operator.py
[2024-05-30T07:46:24.125+0000] {logging_mixin.py:188} INFO - [2024-05-30T07:46:24.125+0000] {dag.py:3096} INFO - Sync 1 DAGs
[2024-05-30T07:46:24.130+0000] {logging_mixin.py:188} INFO - [2024-05-30T07:46:24.130+0000] {dag.py:3954} INFO - Setting next_dagrun for example_python_operator to None, run_after=None
[2024-05-30T07:46:24.138+0000] {processor.py:183} INFO - Processing /home/airflow/.local/lib/python3.12/site-packages/airflow/example_dags/example_python_operator.py took 0.032 seconds
[2024-05-30T07:46:54.710+0000] {processor.py:161} INFO - Started process (PID=3763) to work on /home/airflow/.local/lib/python3.12/site-packages/airflow/example_dags/example_python_operator.py
[2024-05-30T07:46:54.710+0000] {processor.py:830} INFO - Processing file /home/airflow/.local/lib/python3.12/site-packages/airflow/example_dags/example_python_operator.py for tasks to queue
[2024-05-30T07:46:54.711+0000] {logging_mixin.py:188} INFO - [2024-05-30T07:46:54.711+0000] {dagbag.py:545} INFO - Filling up the DagBag from /home/airflow/.local/lib/python3.12/site-packages/airflow/example_dags/example_python_operator.py
[2024-05-30T07:46:54.717+0000] {processor.py:840} INFO - DAG(s) 'example_python_operator' retrieved from /home/airflow/.local/lib/python3.12/site-packages/airflow/example_dags/example_python_operator.py
[2024-05-30T07:46:54.730+0000] {logging_mixin.py:188} INFO - [2024-05-30T07:46:54.729+0000] {dag.py:3096} INFO - Sync 1 DAGs
[2024-05-30T07:46:54.737+0000] {logging_mixin.py:188} INFO - [2024-05-30T07:46:54.736+0000] {dag.py:3954} INFO - Setting next_dagrun for example_python_operator to None, run_after=None
[2024-05-30T07:46:54.745+0000] {processor.py:183} INFO - Processing /home/airflow/.local/lib/python3.12/site-packages/airflow/example_dags/example_python_operator.py took 0.039 seconds
[2024-05-30T07:47:25.481+0000] {processor.py:161} INFO - Started process (PID=4025) to work on /home/airflow/.local/lib/python3.12/site-packages/airflow/example_dags/example_python_operator.py
[2024-05-30T07:47:25.482+0000] {processor.py:830} INFO - Processing file /home/airflow/.local/lib/python3.12/site-packages/airflow/example_dags/example_python_operator.py for tasks to queue
[2024-05-30T07:47:25.483+0000] {logging_mixin.py:188} INFO - [2024-05-30T07:47:25.482+0000] {dagbag.py:545} INFO - Filling up the DagBag from /home/airflow/.local/lib/python3.12/site-packages/airflow/example_dags/example_python_operator.py
[2024-05-30T07:47:25.488+0000] {processor.py:840} INFO - DAG(s) 'example_python_operator' retrieved from /home/airflow/.local/lib/python3.12/site-packages/airflow/example_dags/example_python_operator.py
[2024-05-30T07:47:25.498+0000] {logging_mixin.py:188} INFO - [2024-05-30T07:47:25.497+0000] {dag.py:3096} INFO - Sync 1 DAGs
[2024-05-30T07:47:25.503+0000] {logging_mixin.py:188} INFO - [2024-05-30T07:47:25.503+0000] {dag.py:3954} INFO - Setting next_dagrun for example_python_operator to None, run_after=None
[2024-05-30T07:47:25.511+0000] {processor.py:183} INFO - Processing /home/airflow/.local/lib/python3.12/site-packages/airflow/example_dags/example_python_operator.py took 0.033 seconds
[2024-05-30T07:47:56.128+0000] {processor.py:161} INFO - Started process (PID=4287) to work on /home/airflow/.local/lib/python3.12/site-packages/airflow/example_dags/example_python_operator.py
[2024-05-30T07:47:56.129+0000] {processor.py:830} INFO - Processing file /home/airflow/.local/lib/python3.12/site-packages/airflow/example_dags/example_python_operator.py for tasks to queue
[2024-05-30T07:47:56.130+0000] {logging_mixin.py:188} INFO - [2024-05-30T07:47:56.130+0000] {dagbag.py:545} INFO - Filling up the DagBag from /home/airflow/.local/lib/python3.12/site-packages/airflow/example_dags/example_python_operator.py
[2024-05-30T07:47:56.135+0000] {processor.py:840} INFO - DAG(s) 'example_python_operator' retrieved from /home/airflow/.local/lib/python3.12/site-packages/airflow/example_dags/example_python_operator.py
[2024-05-30T07:47:56.145+0000] {logging_mixin.py:188} INFO - [2024-05-30T07:47:56.145+0000] {dag.py:3096} INFO - Sync 1 DAGs
[2024-05-30T07:47:56.150+0000] {logging_mixin.py:188} INFO - [2024-05-30T07:47:56.150+0000] {dag.py:3954} INFO - Setting next_dagrun for example_python_operator to None, run_after=None
[2024-05-30T07:47:56.157+0000] {processor.py:183} INFO - Processing /home/airflow/.local/lib/python3.12/site-packages/airflow/example_dags/example_python_operator.py took 0.032 seconds
[2024-05-30T07:48:26.848+0000] {processor.py:161} INFO - Started process (PID=4549) to work on /home/airflow/.local/lib/python3.12/site-packages/airflow/example_dags/example_python_operator.py
[2024-05-30T07:48:26.848+0000] {processor.py:830} INFO - Processing file /home/airflow/.local/lib/python3.12/site-packages/airflow/example_dags/example_python_operator.py for tasks to queue
[2024-05-30T07:48:26.849+0000] {logging_mixin.py:188} INFO - [2024-05-30T07:48:26.849+0000] {dagbag.py:545} INFO - Filling up the DagBag from /home/airflow/.local/lib/python3.12/site-packages/airflow/example_dags/example_python_operator.py
[2024-05-30T07:48:26.855+0000] {processor.py:840} INFO - DAG(s) 'example_python_operator' retrieved from /home/airflow/.local/lib/python3.12/site-packages/airflow/example_dags/example_python_operator.py
[2024-05-30T07:48:26.869+0000] {logging_mixin.py:188} INFO - [2024-05-30T07:48:26.869+0000] {dag.py:3096} INFO - Sync 1 DAGs
[2024-05-30T07:48:26.879+0000] {logging_mixin.py:188} INFO - [2024-05-30T07:48:26.879+0000] {dag.py:3954} INFO - Setting next_dagrun for example_python_operator to None, run_after=None
[2024-05-30T07:48:26.887+0000] {processor.py:183} INFO - Processing /home/airflow/.local/lib/python3.12/site-packages/airflow/example_dags/example_python_operator.py took 0.042 seconds
[2024-05-30T07:48:56.991+0000] {processor.py:161} INFO - Started process (PID=4813) to work on /home/airflow/.local/lib/python3.12/site-packages/airflow/example_dags/example_python_operator.py
[2024-05-30T07:48:56.991+0000] {processor.py:830} INFO - Processing file /home/airflow/.local/lib/python3.12/site-packages/airflow/example_dags/example_python_operator.py for tasks to queue
[2024-05-30T07:48:56.992+0000] {logging_mixin.py:188} INFO - [2024-05-30T07:48:56.992+0000] {dagbag.py:545} INFO - Filling up the DagBag from /home/airflow/.local/lib/python3.12/site-packages/airflow/example_dags/example_python_operator.py
[2024-05-30T07:48:56.997+0000] {processor.py:840} INFO - DAG(s) 'example_python_operator' retrieved from /home/airflow/.local/lib/python3.12/site-packages/airflow/example_dags/example_python_operator.py
[2024-05-30T07:48:57.007+0000] {logging_mixin.py:188} INFO - [2024-05-30T07:48:57.007+0000] {dag.py:3096} INFO - Sync 1 DAGs
[2024-05-30T07:48:57.012+0000] {logging_mixin.py:188} INFO - [2024-05-30T07:48:57.012+0000] {dag.py:3954} INFO - Setting next_dagrun for example_python_operator to None, run_after=None
[2024-05-30T07:48:57.019+0000] {processor.py:183} INFO - Processing /home/airflow/.local/lib/python3.12/site-packages/airflow/example_dags/example_python_operator.py took 0.031 seconds
[2024-05-30T07:49:27.686+0000] {processor.py:161} INFO - Started process (PID=5073) to work on /home/airflow/.local/lib/python3.12/site-packages/airflow/example_dags/example_python_operator.py
[2024-05-30T07:49:27.687+0000] {processor.py:830} INFO - Processing file /home/airflow/.local/lib/python3.12/site-packages/airflow/example_dags/example_python_operator.py for tasks to queue
[2024-05-30T07:49:27.688+0000] {logging_mixin.py:188} INFO - [2024-05-30T07:49:27.688+0000] {dagbag.py:545} INFO - Filling up the DagBag from /home/airflow/.local/lib/python3.12/site-packages/airflow/example_dags/example_python_operator.py
[2024-05-30T07:49:27.693+0000] {processor.py:840} INFO - DAG(s) 'example_python_operator' retrieved from /home/airflow/.local/lib/python3.12/site-packages/airflow/example_dags/example_python_operator.py
[2024-05-30T07:49:27.704+0000] {logging_mixin.py:188} INFO - [2024-05-30T07:49:27.704+0000] {dag.py:3096} INFO - Sync 1 DAGs
[2024-05-30T07:49:27.709+0000] {logging_mixin.py:188} INFO - [2024-05-30T07:49:27.709+0000] {dag.py:3954} INFO - Setting next_dagrun for example_python_operator to None, run_after=None
[2024-05-30T07:49:27.717+0000] {processor.py:183} INFO - Processing /home/airflow/.local/lib/python3.12/site-packages/airflow/example_dags/example_python_operator.py took 0.033 seconds
[2024-05-30T07:49:58.446+0000] {processor.py:161} INFO - Started process (PID=5337) to work on /home/airflow/.local/lib/python3.12/site-packages/airflow/example_dags/example_python_operator.py
[2024-05-30T07:49:58.446+0000] {processor.py:830} INFO - Processing file /home/airflow/.local/lib/python3.12/site-packages/airflow/example_dags/example_python_operator.py for tasks to queue
[2024-05-30T07:49:58.447+0000] {logging_mixin.py:188} INFO - [2024-05-30T07:49:58.447+0000] {dagbag.py:545} INFO - Filling up the DagBag from /home/airflow/.local/lib/python3.12/site-packages/airflow/example_dags/example_python_operator.py
[2024-05-30T07:49:58.453+0000] {processor.py:840} INFO - DAG(s) 'example_python_operator' retrieved from /home/airflow/.local/lib/python3.12/site-packages/airflow/example_dags/example_python_operator.py
[2024-05-30T07:49:58.463+0000] {logging_mixin.py:188} INFO - [2024-05-30T07:49:58.463+0000] {dag.py:3096} INFO - Sync 1 DAGs
[2024-05-30T07:49:58.468+0000] {logging_mixin.py:188} INFO - [2024-05-30T07:49:58.468+0000] {dag.py:3954} INFO - Setting next_dagrun for example_python_operator to None, run_after=None
[2024-05-30T07:49:58.475+0000] {processor.py:183} INFO - Processing /home/airflow/.local/lib/python3.12/site-packages/airflow/example_dags/example_python_operator.py took 0.032 seconds
[2024-05-30T07:50:29.062+0000] {processor.py:161} INFO - Started process (PID=5599) to work on /home/airflow/.local/lib/python3.12/site-packages/airflow/example_dags/example_python_operator.py
[2024-05-30T07:50:29.063+0000] {processor.py:830} INFO - Processing file /home/airflow/.local/lib/python3.12/site-packages/airflow/example_dags/example_python_operator.py for tasks to queue
[2024-05-30T07:50:29.064+0000] {logging_mixin.py:188} INFO - [2024-05-30T07:50:29.064+0000] {dagbag.py:545} INFO - Filling up the DagBag from /home/airflow/.local/lib/python3.12/site-packages/airflow/example_dags/example_python_operator.py
[2024-05-30T07:50:29.070+0000] {processor.py:840} INFO - DAG(s) 'example_python_operator' retrieved from /home/airflow/.local/lib/python3.12/site-packages/airflow/example_dags/example_python_operator.py
[2024-05-30T07:50:29.079+0000] {logging_mixin.py:188} INFO - [2024-05-30T07:50:29.079+0000] {dag.py:3096} INFO - Sync 1 DAGs
[2024-05-30T07:50:29.084+0000] {logging_mixin.py:188} INFO - [2024-05-30T07:50:29.084+0000] {dag.py:3954} INFO - Setting next_dagrun for example_python_operator to None, run_after=None
[2024-05-30T07:50:29.092+0000] {processor.py:183} INFO - Processing /home/airflow/.local/lib/python3.12/site-packages/airflow/example_dags/example_python_operator.py took 0.032 seconds
[2024-05-30T07:50:59.797+0000] {processor.py:161} INFO - Started process (PID=5860) to work on /home/airflow/.local/lib/python3.12/site-packages/airflow/example_dags/example_python_operator.py
[2024-05-30T07:50:59.797+0000] {processor.py:830} INFO - Processing file /home/airflow/.local/lib/python3.12/site-packages/airflow/example_dags/example_python_operator.py for tasks to queue
[2024-05-30T07:50:59.798+0000] {logging_mixin.py:188} INFO - [2024-05-30T07:50:59.798+0000] {dagbag.py:545} INFO - Filling up the DagBag from /home/airflow/.local/lib/python3.12/site-packages/airflow/example_dags/example_python_operator.py
[2024-05-30T07:50:59.804+0000] {processor.py:840} INFO - DAG(s) 'example_python_operator' retrieved from /home/airflow/.local/lib/python3.12/site-packages/airflow/example_dags/example_python_operator.py
[2024-05-30T07:50:59.814+0000] {logging_mixin.py:188} INFO - [2024-05-30T07:50:59.814+0000] {dag.py:3096} INFO - Sync 1 DAGs
[2024-05-30T07:50:59.820+0000] {logging_mixin.py:188} INFO - [2024-05-30T07:50:59.820+0000] {dag.py:3954} INFO - Setting next_dagrun for example_python_operator to None, run_after=None
[2024-05-30T07:50:59.827+0000] {processor.py:183} INFO - Processing /home/airflow/.local/lib/python3.12/site-packages/airflow/example_dags/example_python_operator.py took 0.034 seconds
