[2024-05-30T07:40:17.724+0000] {processor.py:161} INFO - Started process (PID=244) to work on /home/airflow/.local/lib/python3.12/site-packages/airflow/example_dags/example_bash_operator.py
[2024-05-30T07:40:17.725+0000] {processor.py:830} INFO - Processing file /home/airflow/.local/lib/python3.12/site-packages/airflow/example_dags/example_bash_operator.py for tasks to queue
[2024-05-30T07:40:17.726+0000] {logging_mixin.py:188} INFO - [2024-05-30T07:40:17.726+0000] {dagbag.py:545} INFO - Filling up the DagBag from /home/airflow/.local/lib/python3.12/site-packages/airflow/example_dags/example_bash_operator.py
[2024-05-30T07:40:17.732+0000] {processor.py:840} INFO - DAG(s) 'example_bash_operator' retrieved from /home/airflow/.local/lib/python3.12/site-packages/airflow/example_dags/example_bash_operator.py
[2024-05-30T07:40:17.782+0000] {logging_mixin.py:188} INFO - [2024-05-30T07:40:17.782+0000] {override.py:1829} INFO - Created Permission View: can delete on DAG:example_bash_operator
[2024-05-30T07:40:17.785+0000] {logging_mixin.py:188} INFO - [2024-05-30T07:40:17.785+0000] {override.py:1829} INFO - Created Permission View: can edit on DAG:example_bash_operator
[2024-05-30T07:40:17.787+0000] {logging_mixin.py:188} INFO - [2024-05-30T07:40:17.787+0000] {override.py:1829} INFO - Created Permission View: can read on DAG:example_bash_operator
[2024-05-30T07:40:17.788+0000] {logging_mixin.py:188} INFO - [2024-05-30T07:40:17.788+0000] {dag.py:3096} INFO - Sync 1 DAGs
[2024-05-30T07:40:17.793+0000] {logging_mixin.py:188} INFO - [2024-05-30T07:40:17.793+0000] {dag.py:3118} INFO - Creating ORM DAG for example_bash_operator
[2024-05-30T07:40:17.798+0000] {logging_mixin.py:188} INFO - [2024-05-30T07:40:17.797+0000] {dag.py:3954} INFO - Setting next_dagrun for example_bash_operator to 2024-05-29 00:00:00+00:00, run_after=2024-05-30 00:00:00+00:00
[2024-05-30T07:40:17.805+0000] {processor.py:183} INFO - Processing /home/airflow/.local/lib/python3.12/site-packages/airflow/example_dags/example_bash_operator.py took 0.083 seconds
[2024-05-30T07:40:47.830+0000] {processor.py:161} INFO - Started process (PID=506) to work on /home/airflow/.local/lib/python3.12/site-packages/airflow/example_dags/example_bash_operator.py
[2024-05-30T07:40:47.831+0000] {processor.py:830} INFO - Processing file /home/airflow/.local/lib/python3.12/site-packages/airflow/example_dags/example_bash_operator.py for tasks to queue
[2024-05-30T07:40:47.832+0000] {logging_mixin.py:188} INFO - [2024-05-30T07:40:47.831+0000] {dagbag.py:545} INFO - Filling up the DagBag from /home/airflow/.local/lib/python3.12/site-packages/airflow/example_dags/example_bash_operator.py
[2024-05-30T07:40:47.837+0000] {processor.py:840} INFO - DAG(s) 'example_bash_operator' retrieved from /home/airflow/.local/lib/python3.12/site-packages/airflow/example_dags/example_bash_operator.py
[2024-05-30T07:40:47.847+0000] {logging_mixin.py:188} INFO - [2024-05-30T07:40:47.847+0000] {dag.py:3096} INFO - Sync 1 DAGs
[2024-05-30T07:40:47.856+0000] {logging_mixin.py:188} INFO - [2024-05-30T07:40:47.856+0000] {dag.py:3954} INFO - Setting next_dagrun for example_bash_operator to 2024-05-29 00:00:00+00:00, run_after=2024-05-30 00:00:00+00:00
[2024-05-30T07:40:47.863+0000] {processor.py:183} INFO - Processing /home/airflow/.local/lib/python3.12/site-packages/airflow/example_dags/example_bash_operator.py took 0.036 seconds
[2024-05-30T07:41:18.419+0000] {processor.py:161} INFO - Started process (PID=768) to work on /home/airflow/.local/lib/python3.12/site-packages/airflow/example_dags/example_bash_operator.py
[2024-05-30T07:41:18.420+0000] {processor.py:830} INFO - Processing file /home/airflow/.local/lib/python3.12/site-packages/airflow/example_dags/example_bash_operator.py for tasks to queue
[2024-05-30T07:41:18.420+0000] {logging_mixin.py:188} INFO - [2024-05-30T07:41:18.420+0000] {dagbag.py:545} INFO - Filling up the DagBag from /home/airflow/.local/lib/python3.12/site-packages/airflow/example_dags/example_bash_operator.py
[2024-05-30T07:41:18.426+0000] {processor.py:840} INFO - DAG(s) 'example_bash_operator' retrieved from /home/airflow/.local/lib/python3.12/site-packages/airflow/example_dags/example_bash_operator.py
[2024-05-30T07:41:18.438+0000] {logging_mixin.py:188} INFO - [2024-05-30T07:41:18.438+0000] {dag.py:3096} INFO - Sync 1 DAGs
[2024-05-30T07:41:18.447+0000] {logging_mixin.py:188} INFO - [2024-05-30T07:41:18.447+0000] {dag.py:3954} INFO - Setting next_dagrun for example_bash_operator to 2024-05-29 00:00:00+00:00, run_after=2024-05-30 00:00:00+00:00
[2024-05-30T07:41:18.454+0000] {processor.py:183} INFO - Processing /home/airflow/.local/lib/python3.12/site-packages/airflow/example_dags/example_bash_operator.py took 0.037 seconds
[2024-05-30T07:41:48.974+0000] {processor.py:161} INFO - Started process (PID=1030) to work on /home/airflow/.local/lib/python3.12/site-packages/airflow/example_dags/example_bash_operator.py
[2024-05-30T07:41:48.975+0000] {processor.py:830} INFO - Processing file /home/airflow/.local/lib/python3.12/site-packages/airflow/example_dags/example_bash_operator.py for tasks to queue
[2024-05-30T07:41:48.976+0000] {logging_mixin.py:188} INFO - [2024-05-30T07:41:48.975+0000] {dagbag.py:545} INFO - Filling up the DagBag from /home/airflow/.local/lib/python3.12/site-packages/airflow/example_dags/example_bash_operator.py
[2024-05-30T07:41:48.981+0000] {processor.py:840} INFO - DAG(s) 'example_bash_operator' retrieved from /home/airflow/.local/lib/python3.12/site-packages/airflow/example_dags/example_bash_operator.py
[2024-05-30T07:41:48.993+0000] {logging_mixin.py:188} INFO - [2024-05-30T07:41:48.993+0000] {dag.py:3096} INFO - Sync 1 DAGs
[2024-05-30T07:41:49.002+0000] {logging_mixin.py:188} INFO - [2024-05-30T07:41:49.002+0000] {dag.py:3954} INFO - Setting next_dagrun for example_bash_operator to 2024-05-29 00:00:00+00:00, run_after=2024-05-30 00:00:00+00:00
[2024-05-30T07:41:49.009+0000] {processor.py:183} INFO - Processing /home/airflow/.local/lib/python3.12/site-packages/airflow/example_dags/example_bash_operator.py took 0.038 seconds
[2024-05-30T07:42:19.631+0000] {processor.py:161} INFO - Started process (PID=1292) to work on /home/airflow/.local/lib/python3.12/site-packages/airflow/example_dags/example_bash_operator.py
[2024-05-30T07:42:19.632+0000] {processor.py:830} INFO - Processing file /home/airflow/.local/lib/python3.12/site-packages/airflow/example_dags/example_bash_operator.py for tasks to queue
[2024-05-30T07:42:19.633+0000] {logging_mixin.py:188} INFO - [2024-05-30T07:42:19.633+0000] {dagbag.py:545} INFO - Filling up the DagBag from /home/airflow/.local/lib/python3.12/site-packages/airflow/example_dags/example_bash_operator.py
[2024-05-30T07:42:19.639+0000] {processor.py:840} INFO - DAG(s) 'example_bash_operator' retrieved from /home/airflow/.local/lib/python3.12/site-packages/airflow/example_dags/example_bash_operator.py
[2024-05-30T07:42:19.650+0000] {logging_mixin.py:188} INFO - [2024-05-30T07:42:19.650+0000] {dag.py:3096} INFO - Sync 1 DAGs
[2024-05-30T07:42:19.660+0000] {logging_mixin.py:188} INFO - [2024-05-30T07:42:19.659+0000] {dag.py:3954} INFO - Setting next_dagrun for example_bash_operator to 2024-05-29 00:00:00+00:00, run_after=2024-05-30 00:00:00+00:00
[2024-05-30T07:42:19.666+0000] {processor.py:183} INFO - Processing /home/airflow/.local/lib/python3.12/site-packages/airflow/example_dags/example_bash_operator.py took 0.037 seconds
[2024-05-30T07:42:50.318+0000] {processor.py:161} INFO - Started process (PID=1554) to work on /home/airflow/.local/lib/python3.12/site-packages/airflow/example_dags/example_bash_operator.py
[2024-05-30T07:42:50.318+0000] {processor.py:830} INFO - Processing file /home/airflow/.local/lib/python3.12/site-packages/airflow/example_dags/example_bash_operator.py for tasks to queue
[2024-05-30T07:42:50.319+0000] {logging_mixin.py:188} INFO - [2024-05-30T07:42:50.319+0000] {dagbag.py:545} INFO - Filling up the DagBag from /home/airflow/.local/lib/python3.12/site-packages/airflow/example_dags/example_bash_operator.py
[2024-05-30T07:42:50.327+0000] {processor.py:840} INFO - DAG(s) 'example_bash_operator' retrieved from /home/airflow/.local/lib/python3.12/site-packages/airflow/example_dags/example_bash_operator.py
[2024-05-30T07:42:50.339+0000] {logging_mixin.py:188} INFO - [2024-05-30T07:42:50.339+0000] {dag.py:3096} INFO - Sync 1 DAGs
[2024-05-30T07:42:50.349+0000] {logging_mixin.py:188} INFO - [2024-05-30T07:42:50.349+0000] {dag.py:3954} INFO - Setting next_dagrun for example_bash_operator to 2024-05-29 00:00:00+00:00, run_after=2024-05-30 00:00:00+00:00
[2024-05-30T07:42:50.356+0000] {processor.py:183} INFO - Processing /home/airflow/.local/lib/python3.12/site-packages/airflow/example_dags/example_bash_operator.py took 0.042 seconds
[2024-05-30T07:43:20.375+0000] {processor.py:161} INFO - Started process (PID=1816) to work on /home/airflow/.local/lib/python3.12/site-packages/airflow/example_dags/example_bash_operator.py
[2024-05-30T07:43:20.375+0000] {processor.py:830} INFO - Processing file /home/airflow/.local/lib/python3.12/site-packages/airflow/example_dags/example_bash_operator.py for tasks to queue
[2024-05-30T07:43:20.376+0000] {logging_mixin.py:188} INFO - [2024-05-30T07:43:20.376+0000] {dagbag.py:545} INFO - Filling up the DagBag from /home/airflow/.local/lib/python3.12/site-packages/airflow/example_dags/example_bash_operator.py
[2024-05-30T07:43:20.381+0000] {processor.py:840} INFO - DAG(s) 'example_bash_operator' retrieved from /home/airflow/.local/lib/python3.12/site-packages/airflow/example_dags/example_bash_operator.py
[2024-05-30T07:43:20.392+0000] {logging_mixin.py:188} INFO - [2024-05-30T07:43:20.392+0000] {dag.py:3096} INFO - Sync 1 DAGs
[2024-05-30T07:43:20.402+0000] {logging_mixin.py:188} INFO - [2024-05-30T07:43:20.402+0000] {dag.py:3954} INFO - Setting next_dagrun for example_bash_operator to 2024-05-29 00:00:00+00:00, run_after=2024-05-30 00:00:00+00:00
[2024-05-30T07:43:20.409+0000] {processor.py:183} INFO - Processing /home/airflow/.local/lib/python3.12/site-packages/airflow/example_dags/example_bash_operator.py took 0.037 seconds
[2024-05-30T07:43:51.125+0000] {processor.py:161} INFO - Started process (PID=2078) to work on /home/airflow/.local/lib/python3.12/site-packages/airflow/example_dags/example_bash_operator.py
[2024-05-30T07:43:51.126+0000] {processor.py:830} INFO - Processing file /home/airflow/.local/lib/python3.12/site-packages/airflow/example_dags/example_bash_operator.py for tasks to queue
[2024-05-30T07:43:51.127+0000] {logging_mixin.py:188} INFO - [2024-05-30T07:43:51.126+0000] {dagbag.py:545} INFO - Filling up the DagBag from /home/airflow/.local/lib/python3.12/site-packages/airflow/example_dags/example_bash_operator.py
[2024-05-30T07:43:51.132+0000] {processor.py:840} INFO - DAG(s) 'example_bash_operator' retrieved from /home/airflow/.local/lib/python3.12/site-packages/airflow/example_dags/example_bash_operator.py
[2024-05-30T07:43:51.145+0000] {logging_mixin.py:188} INFO - [2024-05-30T07:43:51.144+0000] {dag.py:3096} INFO - Sync 1 DAGs
[2024-05-30T07:43:51.154+0000] {logging_mixin.py:188} INFO - [2024-05-30T07:43:51.154+0000] {dag.py:3954} INFO - Setting next_dagrun for example_bash_operator to 2024-05-29 00:00:00+00:00, run_after=2024-05-30 00:00:00+00:00
[2024-05-30T07:43:51.161+0000] {processor.py:183} INFO - Processing /home/airflow/.local/lib/python3.12/site-packages/airflow/example_dags/example_bash_operator.py took 0.039 seconds
[2024-05-30T07:44:21.876+0000] {processor.py:161} INFO - Started process (PID=2340) to work on /home/airflow/.local/lib/python3.12/site-packages/airflow/example_dags/example_bash_operator.py
[2024-05-30T07:44:21.876+0000] {processor.py:830} INFO - Processing file /home/airflow/.local/lib/python3.12/site-packages/airflow/example_dags/example_bash_operator.py for tasks to queue
[2024-05-30T07:44:21.877+0000] {logging_mixin.py:188} INFO - [2024-05-30T07:44:21.877+0000] {dagbag.py:545} INFO - Filling up the DagBag from /home/airflow/.local/lib/python3.12/site-packages/airflow/example_dags/example_bash_operator.py
[2024-05-30T07:44:21.882+0000] {processor.py:840} INFO - DAG(s) 'example_bash_operator' retrieved from /home/airflow/.local/lib/python3.12/site-packages/airflow/example_dags/example_bash_operator.py
[2024-05-30T07:44:21.893+0000] {logging_mixin.py:188} INFO - [2024-05-30T07:44:21.893+0000] {dag.py:3096} INFO - Sync 1 DAGs
[2024-05-30T07:44:21.902+0000] {logging_mixin.py:188} INFO - [2024-05-30T07:44:21.902+0000] {dag.py:3954} INFO - Setting next_dagrun for example_bash_operator to 2024-05-29 00:00:00+00:00, run_after=2024-05-30 00:00:00+00:00
[2024-05-30T07:44:21.909+0000] {processor.py:183} INFO - Processing /home/airflow/.local/lib/python3.12/site-packages/airflow/example_dags/example_bash_operator.py took 0.037 seconds
[2024-05-30T07:44:52.632+0000] {processor.py:161} INFO - Started process (PID=2602) to work on /home/airflow/.local/lib/python3.12/site-packages/airflow/example_dags/example_bash_operator.py
[2024-05-30T07:44:52.633+0000] {processor.py:830} INFO - Processing file /home/airflow/.local/lib/python3.12/site-packages/airflow/example_dags/example_bash_operator.py for tasks to queue
[2024-05-30T07:44:52.634+0000] {logging_mixin.py:188} INFO - [2024-05-30T07:44:52.634+0000] {dagbag.py:545} INFO - Filling up the DagBag from /home/airflow/.local/lib/python3.12/site-packages/airflow/example_dags/example_bash_operator.py
[2024-05-30T07:44:52.640+0000] {processor.py:840} INFO - DAG(s) 'example_bash_operator' retrieved from /home/airflow/.local/lib/python3.12/site-packages/airflow/example_dags/example_bash_operator.py
[2024-05-30T07:44:52.652+0000] {logging_mixin.py:188} INFO - [2024-05-30T07:44:52.652+0000] {dag.py:3096} INFO - Sync 1 DAGs
[2024-05-30T07:44:52.661+0000] {logging_mixin.py:188} INFO - [2024-05-30T07:44:52.661+0000] {dag.py:3954} INFO - Setting next_dagrun for example_bash_operator to 2024-05-29 00:00:00+00:00, run_after=2024-05-30 00:00:00+00:00
[2024-05-30T07:44:52.668+0000] {processor.py:183} INFO - Processing /home/airflow/.local/lib/python3.12/site-packages/airflow/example_dags/example_bash_operator.py took 0.038 seconds
[2024-05-30T07:45:23.309+0000] {processor.py:161} INFO - Started process (PID=2864) to work on /home/airflow/.local/lib/python3.12/site-packages/airflow/example_dags/example_bash_operator.py
[2024-05-30T07:45:23.310+0000] {processor.py:830} INFO - Processing file /home/airflow/.local/lib/python3.12/site-packages/airflow/example_dags/example_bash_operator.py for tasks to queue
[2024-05-30T07:45:23.311+0000] {logging_mixin.py:188} INFO - [2024-05-30T07:45:23.311+0000] {dagbag.py:545} INFO - Filling up the DagBag from /home/airflow/.local/lib/python3.12/site-packages/airflow/example_dags/example_bash_operator.py
[2024-05-30T07:45:23.316+0000] {processor.py:840} INFO - DAG(s) 'example_bash_operator' retrieved from /home/airflow/.local/lib/python3.12/site-packages/airflow/example_dags/example_bash_operator.py
[2024-05-30T07:45:23.328+0000] {logging_mixin.py:188} INFO - [2024-05-30T07:45:23.327+0000] {dag.py:3096} INFO - Sync 1 DAGs
[2024-05-30T07:45:23.338+0000] {logging_mixin.py:188} INFO - [2024-05-30T07:45:23.338+0000] {dag.py:3954} INFO - Setting next_dagrun for example_bash_operator to 2024-05-29 00:00:00+00:00, run_after=2024-05-30 00:00:00+00:00
[2024-05-30T07:45:23.345+0000] {processor.py:183} INFO - Processing /home/airflow/.local/lib/python3.12/site-packages/airflow/example_dags/example_bash_operator.py took 0.039 seconds
[2024-05-30T07:45:53.692+0000] {processor.py:161} INFO - Started process (PID=3128) to work on /home/airflow/.local/lib/python3.12/site-packages/airflow/example_dags/example_bash_operator.py
[2024-05-30T07:45:53.693+0000] {processor.py:830} INFO - Processing file /home/airflow/.local/lib/python3.12/site-packages/airflow/example_dags/example_bash_operator.py for tasks to queue
[2024-05-30T07:45:53.694+0000] {logging_mixin.py:188} INFO - [2024-05-30T07:45:53.694+0000] {dagbag.py:545} INFO - Filling up the DagBag from /home/airflow/.local/lib/python3.12/site-packages/airflow/example_dags/example_bash_operator.py
[2024-05-30T07:45:53.699+0000] {processor.py:840} INFO - DAG(s) 'example_bash_operator' retrieved from /home/airflow/.local/lib/python3.12/site-packages/airflow/example_dags/example_bash_operator.py
[2024-05-30T07:45:53.711+0000] {logging_mixin.py:188} INFO - [2024-05-30T07:45:53.711+0000] {dag.py:3096} INFO - Sync 1 DAGs
[2024-05-30T07:45:53.719+0000] {logging_mixin.py:188} INFO - [2024-05-30T07:45:53.719+0000] {dag.py:3954} INFO - Setting next_dagrun for example_bash_operator to 2024-05-29 00:00:00+00:00, run_after=2024-05-30 00:00:00+00:00
[2024-05-30T07:45:53.726+0000] {processor.py:183} INFO - Processing /home/airflow/.local/lib/python3.12/site-packages/airflow/example_dags/example_bash_operator.py took 0.036 seconds
[2024-05-30T07:46:24.285+0000] {processor.py:161} INFO - Started process (PID=3388) to work on /home/airflow/.local/lib/python3.12/site-packages/airflow/example_dags/example_bash_operator.py
[2024-05-30T07:46:24.285+0000] {processor.py:830} INFO - Processing file /home/airflow/.local/lib/python3.12/site-packages/airflow/example_dags/example_bash_operator.py for tasks to queue
[2024-05-30T07:46:24.286+0000] {logging_mixin.py:188} INFO - [2024-05-30T07:46:24.286+0000] {dagbag.py:545} INFO - Filling up the DagBag from /home/airflow/.local/lib/python3.12/site-packages/airflow/example_dags/example_bash_operator.py
[2024-05-30T07:46:24.292+0000] {processor.py:840} INFO - DAG(s) 'example_bash_operator' retrieved from /home/airflow/.local/lib/python3.12/site-packages/airflow/example_dags/example_bash_operator.py
[2024-05-30T07:46:24.304+0000] {logging_mixin.py:188} INFO - [2024-05-30T07:46:24.304+0000] {dag.py:3096} INFO - Sync 1 DAGs
[2024-05-30T07:46:24.313+0000] {logging_mixin.py:188} INFO - [2024-05-30T07:46:24.313+0000] {dag.py:3954} INFO - Setting next_dagrun for example_bash_operator to 2024-05-29 00:00:00+00:00, run_after=2024-05-30 00:00:00+00:00
[2024-05-30T07:46:24.320+0000] {processor.py:183} INFO - Processing /home/airflow/.local/lib/python3.12/site-packages/airflow/example_dags/example_bash_operator.py took 0.038 seconds
[2024-05-30T07:46:54.907+0000] {processor.py:161} INFO - Started process (PID=3798) to work on /home/airflow/.local/lib/python3.12/site-packages/airflow/example_dags/example_bash_operator.py
[2024-05-30T07:46:54.907+0000] {processor.py:830} INFO - Processing file /home/airflow/.local/lib/python3.12/site-packages/airflow/example_dags/example_bash_operator.py for tasks to queue
[2024-05-30T07:46:54.908+0000] {logging_mixin.py:188} INFO - [2024-05-30T07:46:54.908+0000] {dagbag.py:545} INFO - Filling up the DagBag from /home/airflow/.local/lib/python3.12/site-packages/airflow/example_dags/example_bash_operator.py
[2024-05-30T07:46:54.914+0000] {processor.py:840} INFO - DAG(s) 'example_bash_operator' retrieved from /home/airflow/.local/lib/python3.12/site-packages/airflow/example_dags/example_bash_operator.py
[2024-05-30T07:46:54.925+0000] {logging_mixin.py:188} INFO - [2024-05-30T07:46:54.925+0000] {dag.py:3096} INFO - Sync 1 DAGs
[2024-05-30T07:46:54.936+0000] {logging_mixin.py:188} INFO - [2024-05-30T07:46:54.935+0000] {dag.py:3954} INFO - Setting next_dagrun for example_bash_operator to 2024-05-29 00:00:00+00:00, run_after=2024-05-30 00:00:00+00:00
[2024-05-30T07:46:54.943+0000] {processor.py:183} INFO - Processing /home/airflow/.local/lib/python3.12/site-packages/airflow/example_dags/example_bash_operator.py took 0.040 seconds
[2024-05-30T07:47:25.663+0000] {processor.py:161} INFO - Started process (PID=4060) to work on /home/airflow/.local/lib/python3.12/site-packages/airflow/example_dags/example_bash_operator.py
[2024-05-30T07:47:25.664+0000] {processor.py:830} INFO - Processing file /home/airflow/.local/lib/python3.12/site-packages/airflow/example_dags/example_bash_operator.py for tasks to queue
[2024-05-30T07:47:25.665+0000] {logging_mixin.py:188} INFO - [2024-05-30T07:47:25.665+0000] {dagbag.py:545} INFO - Filling up the DagBag from /home/airflow/.local/lib/python3.12/site-packages/airflow/example_dags/example_bash_operator.py
[2024-05-30T07:47:25.670+0000] {processor.py:840} INFO - DAG(s) 'example_bash_operator' retrieved from /home/airflow/.local/lib/python3.12/site-packages/airflow/example_dags/example_bash_operator.py
[2024-05-30T07:47:25.683+0000] {logging_mixin.py:188} INFO - [2024-05-30T07:47:25.683+0000] {dag.py:3096} INFO - Sync 1 DAGs
[2024-05-30T07:47:25.692+0000] {logging_mixin.py:188} INFO - [2024-05-30T07:47:25.692+0000] {dag.py:3954} INFO - Setting next_dagrun for example_bash_operator to 2024-05-29 00:00:00+00:00, run_after=2024-05-30 00:00:00+00:00
[2024-05-30T07:47:25.700+0000] {processor.py:183} INFO - Processing /home/airflow/.local/lib/python3.12/site-packages/airflow/example_dags/example_bash_operator.py took 0.039 seconds
[2024-05-30T07:47:56.311+0000] {processor.py:161} INFO - Started process (PID=4322) to work on /home/airflow/.local/lib/python3.12/site-packages/airflow/example_dags/example_bash_operator.py
[2024-05-30T07:47:56.311+0000] {processor.py:830} INFO - Processing file /home/airflow/.local/lib/python3.12/site-packages/airflow/example_dags/example_bash_operator.py for tasks to queue
[2024-05-30T07:47:56.312+0000] {logging_mixin.py:188} INFO - [2024-05-30T07:47:56.312+0000] {dagbag.py:545} INFO - Filling up the DagBag from /home/airflow/.local/lib/python3.12/site-packages/airflow/example_dags/example_bash_operator.py
[2024-05-30T07:47:56.317+0000] {processor.py:840} INFO - DAG(s) 'example_bash_operator' retrieved from /home/airflow/.local/lib/python3.12/site-packages/airflow/example_dags/example_bash_operator.py
[2024-05-30T07:47:56.335+0000] {logging_mixin.py:188} INFO - [2024-05-30T07:47:56.335+0000] {dag.py:3096} INFO - Sync 1 DAGs
[2024-05-30T07:47:56.347+0000] {logging_mixin.py:188} INFO - [2024-05-30T07:47:56.347+0000] {dag.py:3954} INFO - Setting next_dagrun for example_bash_operator to 2024-05-29 00:00:00+00:00, run_after=2024-05-30 00:00:00+00:00
[2024-05-30T07:47:56.354+0000] {processor.py:183} INFO - Processing /home/airflow/.local/lib/python3.12/site-packages/airflow/example_dags/example_bash_operator.py took 0.046 seconds
[2024-05-30T07:48:27.102+0000] {processor.py:161} INFO - Started process (PID=4584) to work on /home/airflow/.local/lib/python3.12/site-packages/airflow/example_dags/example_bash_operator.py
[2024-05-30T07:48:27.103+0000] {processor.py:830} INFO - Processing file /home/airflow/.local/lib/python3.12/site-packages/airflow/example_dags/example_bash_operator.py for tasks to queue
[2024-05-30T07:48:27.104+0000] {logging_mixin.py:188} INFO - [2024-05-30T07:48:27.104+0000] {dagbag.py:545} INFO - Filling up the DagBag from /home/airflow/.local/lib/python3.12/site-packages/airflow/example_dags/example_bash_operator.py
[2024-05-30T07:48:27.109+0000] {processor.py:840} INFO - DAG(s) 'example_bash_operator' retrieved from /home/airflow/.local/lib/python3.12/site-packages/airflow/example_dags/example_bash_operator.py
[2024-05-30T07:48:27.121+0000] {logging_mixin.py:188} INFO - [2024-05-30T07:48:27.121+0000] {dag.py:3096} INFO - Sync 1 DAGs
[2024-05-30T07:48:27.130+0000] {logging_mixin.py:188} INFO - [2024-05-30T07:48:27.130+0000] {dag.py:3954} INFO - Setting next_dagrun for example_bash_operator to 2024-05-29 00:00:00+00:00, run_after=2024-05-30 00:00:00+00:00
[2024-05-30T07:48:27.138+0000] {processor.py:183} INFO - Processing /home/airflow/.local/lib/python3.12/site-packages/airflow/example_dags/example_bash_operator.py took 0.039 seconds
[2024-05-30T07:48:57.173+0000] {processor.py:161} INFO - Started process (PID=4846) to work on /home/airflow/.local/lib/python3.12/site-packages/airflow/example_dags/example_bash_operator.py
[2024-05-30T07:48:57.173+0000] {processor.py:830} INFO - Processing file /home/airflow/.local/lib/python3.12/site-packages/airflow/example_dags/example_bash_operator.py for tasks to queue
[2024-05-30T07:48:57.174+0000] {logging_mixin.py:188} INFO - [2024-05-30T07:48:57.174+0000] {dagbag.py:545} INFO - Filling up the DagBag from /home/airflow/.local/lib/python3.12/site-packages/airflow/example_dags/example_bash_operator.py
[2024-05-30T07:48:57.179+0000] {processor.py:840} INFO - DAG(s) 'example_bash_operator' retrieved from /home/airflow/.local/lib/python3.12/site-packages/airflow/example_dags/example_bash_operator.py
[2024-05-30T07:48:57.191+0000] {logging_mixin.py:188} INFO - [2024-05-30T07:48:57.191+0000] {dag.py:3096} INFO - Sync 1 DAGs
[2024-05-30T07:48:57.200+0000] {logging_mixin.py:188} INFO - [2024-05-30T07:48:57.200+0000] {dag.py:3954} INFO - Setting next_dagrun for example_bash_operator to 2024-05-29 00:00:00+00:00, run_after=2024-05-30 00:00:00+00:00
[2024-05-30T07:48:57.207+0000] {processor.py:183} INFO - Processing /home/airflow/.local/lib/python3.12/site-packages/airflow/example_dags/example_bash_operator.py took 0.037 seconds
[2024-05-30T07:49:27.872+0000] {processor.py:161} INFO - Started process (PID=5108) to work on /home/airflow/.local/lib/python3.12/site-packages/airflow/example_dags/example_bash_operator.py
[2024-05-30T07:49:27.873+0000] {processor.py:830} INFO - Processing file /home/airflow/.local/lib/python3.12/site-packages/airflow/example_dags/example_bash_operator.py for tasks to queue
[2024-05-30T07:49:27.874+0000] {logging_mixin.py:188} INFO - [2024-05-30T07:49:27.874+0000] {dagbag.py:545} INFO - Filling up the DagBag from /home/airflow/.local/lib/python3.12/site-packages/airflow/example_dags/example_bash_operator.py
[2024-05-30T07:49:27.880+0000] {processor.py:840} INFO - DAG(s) 'example_bash_operator' retrieved from /home/airflow/.local/lib/python3.12/site-packages/airflow/example_dags/example_bash_operator.py
[2024-05-30T07:49:27.891+0000] {logging_mixin.py:188} INFO - [2024-05-30T07:49:27.891+0000] {dag.py:3096} INFO - Sync 1 DAGs
[2024-05-30T07:49:27.901+0000] {logging_mixin.py:188} INFO - [2024-05-30T07:49:27.901+0000] {dag.py:3954} INFO - Setting next_dagrun for example_bash_operator to 2024-05-29 00:00:00+00:00, run_after=2024-05-30 00:00:00+00:00
[2024-05-30T07:49:27.908+0000] {processor.py:183} INFO - Processing /home/airflow/.local/lib/python3.12/site-packages/airflow/example_dags/example_bash_operator.py took 0.039 seconds
[2024-05-30T07:49:58.624+0000] {processor.py:161} INFO - Started process (PID=5370) to work on /home/airflow/.local/lib/python3.12/site-packages/airflow/example_dags/example_bash_operator.py
[2024-05-30T07:49:58.625+0000] {processor.py:830} INFO - Processing file /home/airflow/.local/lib/python3.12/site-packages/airflow/example_dags/example_bash_operator.py for tasks to queue
[2024-05-30T07:49:58.626+0000] {logging_mixin.py:188} INFO - [2024-05-30T07:49:58.626+0000] {dagbag.py:545} INFO - Filling up the DagBag from /home/airflow/.local/lib/python3.12/site-packages/airflow/example_dags/example_bash_operator.py
[2024-05-30T07:49:58.631+0000] {processor.py:840} INFO - DAG(s) 'example_bash_operator' retrieved from /home/airflow/.local/lib/python3.12/site-packages/airflow/example_dags/example_bash_operator.py
[2024-05-30T07:49:58.644+0000] {logging_mixin.py:188} INFO - [2024-05-30T07:49:58.644+0000] {dag.py:3096} INFO - Sync 1 DAGs
[2024-05-30T07:49:58.654+0000] {logging_mixin.py:188} INFO - [2024-05-30T07:49:58.654+0000] {dag.py:3954} INFO - Setting next_dagrun for example_bash_operator to 2024-05-29 00:00:00+00:00, run_after=2024-05-30 00:00:00+00:00
[2024-05-30T07:49:58.660+0000] {processor.py:183} INFO - Processing /home/airflow/.local/lib/python3.12/site-packages/airflow/example_dags/example_bash_operator.py took 0.039 seconds
[2024-05-30T07:50:29.246+0000] {processor.py:161} INFO - Started process (PID=5632) to work on /home/airflow/.local/lib/python3.12/site-packages/airflow/example_dags/example_bash_operator.py
[2024-05-30T07:50:29.246+0000] {processor.py:830} INFO - Processing file /home/airflow/.local/lib/python3.12/site-packages/airflow/example_dags/example_bash_operator.py for tasks to queue
[2024-05-30T07:50:29.247+0000] {logging_mixin.py:188} INFO - [2024-05-30T07:50:29.247+0000] {dagbag.py:545} INFO - Filling up the DagBag from /home/airflow/.local/lib/python3.12/site-packages/airflow/example_dags/example_bash_operator.py
[2024-05-30T07:50:29.253+0000] {processor.py:840} INFO - DAG(s) 'example_bash_operator' retrieved from /home/airflow/.local/lib/python3.12/site-packages/airflow/example_dags/example_bash_operator.py
[2024-05-30T07:50:29.264+0000] {logging_mixin.py:188} INFO - [2024-05-30T07:50:29.264+0000] {dag.py:3096} INFO - Sync 1 DAGs
[2024-05-30T07:50:29.274+0000] {logging_mixin.py:188} INFO - [2024-05-30T07:50:29.274+0000] {dag.py:3954} INFO - Setting next_dagrun for example_bash_operator to 2024-05-29 00:00:00+00:00, run_after=2024-05-30 00:00:00+00:00
[2024-05-30T07:50:29.280+0000] {processor.py:183} INFO - Processing /home/airflow/.local/lib/python3.12/site-packages/airflow/example_dags/example_bash_operator.py took 0.038 seconds
[2024-05-30T07:50:59.981+0000] {processor.py:161} INFO - Started process (PID=5895) to work on /home/airflow/.local/lib/python3.12/site-packages/airflow/example_dags/example_bash_operator.py
[2024-05-30T07:50:59.981+0000] {processor.py:830} INFO - Processing file /home/airflow/.local/lib/python3.12/site-packages/airflow/example_dags/example_bash_operator.py for tasks to queue
[2024-05-30T07:50:59.982+0000] {logging_mixin.py:188} INFO - [2024-05-30T07:50:59.982+0000] {dagbag.py:545} INFO - Filling up the DagBag from /home/airflow/.local/lib/python3.12/site-packages/airflow/example_dags/example_bash_operator.py
[2024-05-30T07:50:59.988+0000] {processor.py:840} INFO - DAG(s) 'example_bash_operator' retrieved from /home/airflow/.local/lib/python3.12/site-packages/airflow/example_dags/example_bash_operator.py
[2024-05-30T07:51:00.000+0000] {logging_mixin.py:188} INFO - [2024-05-30T07:51:00.000+0000] {dag.py:3096} INFO - Sync 1 DAGs
[2024-05-30T07:51:00.010+0000] {logging_mixin.py:188} INFO - [2024-05-30T07:51:00.009+0000] {dag.py:3954} INFO - Setting next_dagrun for example_bash_operator to 2024-05-29 00:00:00+00:00, run_after=2024-05-30 00:00:00+00:00
[2024-05-30T07:51:00.016+0000] {processor.py:183} INFO - Processing /home/airflow/.local/lib/python3.12/site-packages/airflow/example_dags/example_bash_operator.py took 0.038 seconds
