[2024-05-30T07:40:16.781+0000] {processor.py:161} INFO - Started process (PID=164) to work on /home/airflow/.local/lib/python3.12/site-packages/airflow/example_dags/example_python_decorator.py
[2024-05-30T07:40:16.782+0000] {processor.py:830} INFO - Processing file /home/airflow/.local/lib/python3.12/site-packages/airflow/example_dags/example_python_decorator.py for tasks to queue
[2024-05-30T07:40:16.783+0000] {logging_mixin.py:188} INFO - [2024-05-30T07:40:16.782+0000] {dagbag.py:545} INFO - Filling up the DagBag from /home/airflow/.local/lib/python3.12/site-packages/airflow/example_dags/example_python_decorator.py
[2024-05-30T07:40:16.821+0000] {processor.py:840} INFO - DAG(s) 'example_python_decorator' retrieved from /home/airflow/.local/lib/python3.12/site-packages/airflow/example_dags/example_python_decorator.py
[2024-05-30T07:40:16.933+0000] {logging_mixin.py:188} INFO - [2024-05-30T07:40:16.933+0000] {override.py:1829} INFO - Created Permission View: can delete on DAG:example_python_decorator
[2024-05-30T07:40:16.936+0000] {logging_mixin.py:188} INFO - [2024-05-30T07:40:16.936+0000] {override.py:1829} INFO - Created Permission View: can edit on DAG:example_python_decorator
[2024-05-30T07:40:16.938+0000] {logging_mixin.py:188} INFO - [2024-05-30T07:40:16.938+0000] {override.py:1829} INFO - Created Permission View: can read on DAG:example_python_decorator
[2024-05-30T07:40:16.939+0000] {logging_mixin.py:188} INFO - [2024-05-30T07:40:16.939+0000] {dag.py:3096} INFO - Sync 1 DAGs
[2024-05-30T07:40:16.944+0000] {logging_mixin.py:188} INFO - [2024-05-30T07:40:16.944+0000] {dag.py:3118} INFO - Creating ORM DAG for example_python_decorator
[2024-05-30T07:40:16.944+0000] {logging_mixin.py:188} INFO - [2024-05-30T07:40:16.944+0000] {dag.py:3954} INFO - Setting next_dagrun for example_python_decorator to None, run_after=None
[2024-05-30T07:40:16.950+0000] {processor.py:183} INFO - Processing /home/airflow/.local/lib/python3.12/site-packages/airflow/example_dags/example_python_decorator.py took 0.190 seconds
[2024-05-30T07:40:47.418+0000] {processor.py:161} INFO - Started process (PID=426) to work on /home/airflow/.local/lib/python3.12/site-packages/airflow/example_dags/example_python_decorator.py
[2024-05-30T07:40:47.419+0000] {processor.py:830} INFO - Processing file /home/airflow/.local/lib/python3.12/site-packages/airflow/example_dags/example_python_decorator.py for tasks to queue
[2024-05-30T07:40:47.421+0000] {logging_mixin.py:188} INFO - [2024-05-30T07:40:47.420+0000] {dagbag.py:545} INFO - Filling up the DagBag from /home/airflow/.local/lib/python3.12/site-packages/airflow/example_dags/example_python_decorator.py
[2024-05-30T07:40:47.431+0000] {processor.py:840} INFO - DAG(s) 'example_python_decorator' retrieved from /home/airflow/.local/lib/python3.12/site-packages/airflow/example_dags/example_python_decorator.py
[2024-05-30T07:40:47.447+0000] {logging_mixin.py:188} INFO - [2024-05-30T07:40:47.447+0000] {dag.py:3096} INFO - Sync 1 DAGs
[2024-05-30T07:40:47.454+0000] {logging_mixin.py:188} INFO - [2024-05-30T07:40:47.454+0000] {dag.py:3954} INFO - Setting next_dagrun for example_python_decorator to None, run_after=None
[2024-05-30T07:40:47.462+0000] {processor.py:183} INFO - Processing /home/airflow/.local/lib/python3.12/site-packages/airflow/example_dags/example_python_decorator.py took 0.049 seconds
[2024-05-30T07:41:18.012+0000] {processor.py:161} INFO - Started process (PID=688) to work on /home/airflow/.local/lib/python3.12/site-packages/airflow/example_dags/example_python_decorator.py
[2024-05-30T07:41:18.013+0000] {processor.py:830} INFO - Processing file /home/airflow/.local/lib/python3.12/site-packages/airflow/example_dags/example_python_decorator.py for tasks to queue
[2024-05-30T07:41:18.015+0000] {logging_mixin.py:188} INFO - [2024-05-30T07:41:18.015+0000] {dagbag.py:545} INFO - Filling up the DagBag from /home/airflow/.local/lib/python3.12/site-packages/airflow/example_dags/example_python_decorator.py
[2024-05-30T07:41:18.026+0000] {processor.py:840} INFO - DAG(s) 'example_python_decorator' retrieved from /home/airflow/.local/lib/python3.12/site-packages/airflow/example_dags/example_python_decorator.py
[2024-05-30T07:41:18.040+0000] {logging_mixin.py:188} INFO - [2024-05-30T07:41:18.040+0000] {dag.py:3096} INFO - Sync 1 DAGs
[2024-05-30T07:41:18.047+0000] {logging_mixin.py:188} INFO - [2024-05-30T07:41:18.047+0000] {dag.py:3954} INFO - Setting next_dagrun for example_python_decorator to None, run_after=None
[2024-05-30T07:41:18.055+0000] {processor.py:183} INFO - Processing /home/airflow/.local/lib/python3.12/site-packages/airflow/example_dags/example_python_decorator.py took 0.049 seconds
[2024-05-30T07:41:48.576+0000] {processor.py:161} INFO - Started process (PID=950) to work on /home/airflow/.local/lib/python3.12/site-packages/airflow/example_dags/example_python_decorator.py
[2024-05-30T07:41:48.576+0000] {processor.py:830} INFO - Processing file /home/airflow/.local/lib/python3.12/site-packages/airflow/example_dags/example_python_decorator.py for tasks to queue
[2024-05-30T07:41:48.578+0000] {logging_mixin.py:188} INFO - [2024-05-30T07:41:48.578+0000] {dagbag.py:545} INFO - Filling up the DagBag from /home/airflow/.local/lib/python3.12/site-packages/airflow/example_dags/example_python_decorator.py
[2024-05-30T07:41:48.588+0000] {processor.py:840} INFO - DAG(s) 'example_python_decorator' retrieved from /home/airflow/.local/lib/python3.12/site-packages/airflow/example_dags/example_python_decorator.py
[2024-05-30T07:41:48.601+0000] {logging_mixin.py:188} INFO - [2024-05-30T07:41:48.601+0000] {dag.py:3096} INFO - Sync 1 DAGs
[2024-05-30T07:41:48.608+0000] {logging_mixin.py:188} INFO - [2024-05-30T07:41:48.608+0000] {dag.py:3954} INFO - Setting next_dagrun for example_python_decorator to None, run_after=None
[2024-05-30T07:41:48.616+0000] {processor.py:183} INFO - Processing /home/airflow/.local/lib/python3.12/site-packages/airflow/example_dags/example_python_decorator.py took 0.046 seconds
[2024-05-30T07:42:19.189+0000] {processor.py:161} INFO - Started process (PID=1212) to work on /home/airflow/.local/lib/python3.12/site-packages/airflow/example_dags/example_python_decorator.py
[2024-05-30T07:42:19.190+0000] {processor.py:830} INFO - Processing file /home/airflow/.local/lib/python3.12/site-packages/airflow/example_dags/example_python_decorator.py for tasks to queue
[2024-05-30T07:42:19.191+0000] {logging_mixin.py:188} INFO - [2024-05-30T07:42:19.191+0000] {dagbag.py:545} INFO - Filling up the DagBag from /home/airflow/.local/lib/python3.12/site-packages/airflow/example_dags/example_python_decorator.py
[2024-05-30T07:42:19.201+0000] {processor.py:840} INFO - DAG(s) 'example_python_decorator' retrieved from /home/airflow/.local/lib/python3.12/site-packages/airflow/example_dags/example_python_decorator.py
[2024-05-30T07:42:19.215+0000] {logging_mixin.py:188} INFO - [2024-05-30T07:42:19.215+0000] {dag.py:3096} INFO - Sync 1 DAGs
[2024-05-30T07:42:19.221+0000] {logging_mixin.py:188} INFO - [2024-05-30T07:42:19.221+0000] {dag.py:3954} INFO - Setting next_dagrun for example_python_decorator to None, run_after=None
[2024-05-30T07:42:19.229+0000] {processor.py:183} INFO - Processing /home/airflow/.local/lib/python3.12/site-packages/airflow/example_dags/example_python_decorator.py took 0.046 seconds
[2024-05-30T07:42:49.777+0000] {processor.py:161} INFO - Started process (PID=1474) to work on /home/airflow/.local/lib/python3.12/site-packages/airflow/example_dags/example_python_decorator.py
[2024-05-30T07:42:49.777+0000] {processor.py:830} INFO - Processing file /home/airflow/.local/lib/python3.12/site-packages/airflow/example_dags/example_python_decorator.py for tasks to queue
[2024-05-30T07:42:49.779+0000] {logging_mixin.py:188} INFO - [2024-05-30T07:42:49.779+0000] {dagbag.py:545} INFO - Filling up the DagBag from /home/airflow/.local/lib/python3.12/site-packages/airflow/example_dags/example_python_decorator.py
[2024-05-30T07:42:49.792+0000] {processor.py:840} INFO - DAG(s) 'example_python_decorator' retrieved from /home/airflow/.local/lib/python3.12/site-packages/airflow/example_dags/example_python_decorator.py
[2024-05-30T07:42:49.807+0000] {logging_mixin.py:188} INFO - [2024-05-30T07:42:49.807+0000] {dag.py:3096} INFO - Sync 1 DAGs
[2024-05-30T07:42:49.814+0000] {logging_mixin.py:188} INFO - [2024-05-30T07:42:49.814+0000] {dag.py:3954} INFO - Setting next_dagrun for example_python_decorator to None, run_after=None
[2024-05-30T07:42:49.822+0000] {processor.py:183} INFO - Processing /home/airflow/.local/lib/python3.12/site-packages/airflow/example_dags/example_python_decorator.py took 0.050 seconds
[2024-05-30T07:43:19.875+0000] {processor.py:161} INFO - Started process (PID=1736) to work on /home/airflow/.local/lib/python3.12/site-packages/airflow/example_dags/example_python_decorator.py
[2024-05-30T07:43:19.875+0000] {processor.py:830} INFO - Processing file /home/airflow/.local/lib/python3.12/site-packages/airflow/example_dags/example_python_decorator.py for tasks to queue
[2024-05-30T07:43:19.877+0000] {logging_mixin.py:188} INFO - [2024-05-30T07:43:19.877+0000] {dagbag.py:545} INFO - Filling up the DagBag from /home/airflow/.local/lib/python3.12/site-packages/airflow/example_dags/example_python_decorator.py
[2024-05-30T07:43:19.887+0000] {processor.py:840} INFO - DAG(s) 'example_python_decorator' retrieved from /home/airflow/.local/lib/python3.12/site-packages/airflow/example_dags/example_python_decorator.py
[2024-05-30T07:43:19.900+0000] {logging_mixin.py:188} INFO - [2024-05-30T07:43:19.900+0000] {dag.py:3096} INFO - Sync 1 DAGs
[2024-05-30T07:43:19.907+0000] {logging_mixin.py:188} INFO - [2024-05-30T07:43:19.907+0000] {dag.py:3954} INFO - Setting next_dagrun for example_python_decorator to None, run_after=None
[2024-05-30T07:43:19.916+0000] {processor.py:183} INFO - Processing /home/airflow/.local/lib/python3.12/site-packages/airflow/example_dags/example_python_decorator.py took 0.047 seconds
[2024-05-30T07:43:50.639+0000] {processor.py:161} INFO - Started process (PID=1998) to work on /home/airflow/.local/lib/python3.12/site-packages/airflow/example_dags/example_python_decorator.py
[2024-05-30T07:43:50.640+0000] {processor.py:830} INFO - Processing file /home/airflow/.local/lib/python3.12/site-packages/airflow/example_dags/example_python_decorator.py for tasks to queue
[2024-05-30T07:43:50.642+0000] {logging_mixin.py:188} INFO - [2024-05-30T07:43:50.641+0000] {dagbag.py:545} INFO - Filling up the DagBag from /home/airflow/.local/lib/python3.12/site-packages/airflow/example_dags/example_python_decorator.py
[2024-05-30T07:43:50.653+0000] {processor.py:840} INFO - DAG(s) 'example_python_decorator' retrieved from /home/airflow/.local/lib/python3.12/site-packages/airflow/example_dags/example_python_decorator.py
[2024-05-30T07:43:50.667+0000] {logging_mixin.py:188} INFO - [2024-05-30T07:43:50.667+0000] {dag.py:3096} INFO - Sync 1 DAGs
[2024-05-30T07:43:50.674+0000] {logging_mixin.py:188} INFO - [2024-05-30T07:43:50.674+0000] {dag.py:3954} INFO - Setting next_dagrun for example_python_decorator to None, run_after=None
[2024-05-30T07:43:50.682+0000] {processor.py:183} INFO - Processing /home/airflow/.local/lib/python3.12/site-packages/airflow/example_dags/example_python_decorator.py took 0.050 seconds
[2024-05-30T07:44:21.461+0000] {processor.py:161} INFO - Started process (PID=2260) to work on /home/airflow/.local/lib/python3.12/site-packages/airflow/example_dags/example_python_decorator.py
[2024-05-30T07:44:21.462+0000] {processor.py:830} INFO - Processing file /home/airflow/.local/lib/python3.12/site-packages/airflow/example_dags/example_python_decorator.py for tasks to queue
[2024-05-30T07:44:21.464+0000] {logging_mixin.py:188} INFO - [2024-05-30T07:44:21.464+0000] {dagbag.py:545} INFO - Filling up the DagBag from /home/airflow/.local/lib/python3.12/site-packages/airflow/example_dags/example_python_decorator.py
[2024-05-30T07:44:21.473+0000] {processor.py:840} INFO - DAG(s) 'example_python_decorator' retrieved from /home/airflow/.local/lib/python3.12/site-packages/airflow/example_dags/example_python_decorator.py
[2024-05-30T07:44:21.486+0000] {logging_mixin.py:188} INFO - [2024-05-30T07:44:21.486+0000] {dag.py:3096} INFO - Sync 1 DAGs
[2024-05-30T07:44:21.493+0000] {logging_mixin.py:188} INFO - [2024-05-30T07:44:21.493+0000] {dag.py:3954} INFO - Setting next_dagrun for example_python_decorator to None, run_after=None
[2024-05-30T07:44:21.501+0000] {processor.py:183} INFO - Processing /home/airflow/.local/lib/python3.12/site-packages/airflow/example_dags/example_python_decorator.py took 0.046 seconds
[2024-05-30T07:44:52.154+0000] {processor.py:161} INFO - Started process (PID=2522) to work on /home/airflow/.local/lib/python3.12/site-packages/airflow/example_dags/example_python_decorator.py
[2024-05-30T07:44:52.155+0000] {processor.py:830} INFO - Processing file /home/airflow/.local/lib/python3.12/site-packages/airflow/example_dags/example_python_decorator.py for tasks to queue
[2024-05-30T07:44:52.157+0000] {logging_mixin.py:188} INFO - [2024-05-30T07:44:52.157+0000] {dagbag.py:545} INFO - Filling up the DagBag from /home/airflow/.local/lib/python3.12/site-packages/airflow/example_dags/example_python_decorator.py
[2024-05-30T07:44:52.170+0000] {processor.py:840} INFO - DAG(s) 'example_python_decorator' retrieved from /home/airflow/.local/lib/python3.12/site-packages/airflow/example_dags/example_python_decorator.py
[2024-05-30T07:44:52.184+0000] {logging_mixin.py:188} INFO - [2024-05-30T07:44:52.184+0000] {dag.py:3096} INFO - Sync 1 DAGs
[2024-05-30T07:44:52.191+0000] {logging_mixin.py:188} INFO - [2024-05-30T07:44:52.191+0000] {dag.py:3954} INFO - Setting next_dagrun for example_python_decorator to None, run_after=None
[2024-05-30T07:44:52.200+0000] {processor.py:183} INFO - Processing /home/airflow/.local/lib/python3.12/site-packages/airflow/example_dags/example_python_decorator.py took 0.052 seconds
[2024-05-30T07:45:22.891+0000] {processor.py:161} INFO - Started process (PID=2784) to work on /home/airflow/.local/lib/python3.12/site-packages/airflow/example_dags/example_python_decorator.py
[2024-05-30T07:45:22.892+0000] {processor.py:830} INFO - Processing file /home/airflow/.local/lib/python3.12/site-packages/airflow/example_dags/example_python_decorator.py for tasks to queue
[2024-05-30T07:45:22.894+0000] {logging_mixin.py:188} INFO - [2024-05-30T07:45:22.894+0000] {dagbag.py:545} INFO - Filling up the DagBag from /home/airflow/.local/lib/python3.12/site-packages/airflow/example_dags/example_python_decorator.py
[2024-05-30T07:45:22.906+0000] {processor.py:840} INFO - DAG(s) 'example_python_decorator' retrieved from /home/airflow/.local/lib/python3.12/site-packages/airflow/example_dags/example_python_decorator.py
[2024-05-30T07:45:22.919+0000] {logging_mixin.py:188} INFO - [2024-05-30T07:45:22.919+0000] {dag.py:3096} INFO - Sync 1 DAGs
[2024-05-30T07:45:22.926+0000] {logging_mixin.py:188} INFO - [2024-05-30T07:45:22.926+0000] {dag.py:3954} INFO - Setting next_dagrun for example_python_decorator to None, run_after=None
[2024-05-30T07:45:22.935+0000] {processor.py:183} INFO - Processing /home/airflow/.local/lib/python3.12/site-packages/airflow/example_dags/example_python_decorator.py took 0.051 seconds
[2024-05-30T07:45:53.150+0000] {processor.py:161} INFO - Started process (PID=3046) to work on /home/airflow/.local/lib/python3.12/site-packages/airflow/example_dags/example_python_decorator.py
[2024-05-30T07:45:53.151+0000] {processor.py:830} INFO - Processing file /home/airflow/.local/lib/python3.12/site-packages/airflow/example_dags/example_python_decorator.py for tasks to queue
[2024-05-30T07:45:53.153+0000] {logging_mixin.py:188} INFO - [2024-05-30T07:45:53.153+0000] {dagbag.py:545} INFO - Filling up the DagBag from /home/airflow/.local/lib/python3.12/site-packages/airflow/example_dags/example_python_decorator.py
[2024-05-30T07:45:53.164+0000] {processor.py:840} INFO - DAG(s) 'example_python_decorator' retrieved from /home/airflow/.local/lib/python3.12/site-packages/airflow/example_dags/example_python_decorator.py
[2024-05-30T07:45:53.178+0000] {logging_mixin.py:188} INFO - [2024-05-30T07:45:53.178+0000] {dag.py:3096} INFO - Sync 1 DAGs
[2024-05-30T07:45:53.184+0000] {logging_mixin.py:188} INFO - [2024-05-30T07:45:53.184+0000] {dag.py:3954} INFO - Setting next_dagrun for example_python_decorator to None, run_after=None
[2024-05-30T07:45:53.192+0000] {processor.py:183} INFO - Processing /home/airflow/.local/lib/python3.12/site-packages/airflow/example_dags/example_python_decorator.py took 0.049 seconds
[2024-05-30T07:46:23.870+0000] {processor.py:161} INFO - Started process (PID=3308) to work on /home/airflow/.local/lib/python3.12/site-packages/airflow/example_dags/example_python_decorator.py
[2024-05-30T07:46:23.871+0000] {processor.py:830} INFO - Processing file /home/airflow/.local/lib/python3.12/site-packages/airflow/example_dags/example_python_decorator.py for tasks to queue
[2024-05-30T07:46:23.873+0000] {logging_mixin.py:188} INFO - [2024-05-30T07:46:23.872+0000] {dagbag.py:545} INFO - Filling up the DagBag from /home/airflow/.local/lib/python3.12/site-packages/airflow/example_dags/example_python_decorator.py
[2024-05-30T07:46:23.885+0000] {processor.py:840} INFO - DAG(s) 'example_python_decorator' retrieved from /home/airflow/.local/lib/python3.12/site-packages/airflow/example_dags/example_python_decorator.py
[2024-05-30T07:46:23.898+0000] {logging_mixin.py:188} INFO - [2024-05-30T07:46:23.898+0000] {dag.py:3096} INFO - Sync 1 DAGs
[2024-05-30T07:46:23.905+0000] {logging_mixin.py:188} INFO - [2024-05-30T07:46:23.905+0000] {dag.py:3954} INFO - Setting next_dagrun for example_python_decorator to None, run_after=None
[2024-05-30T07:46:23.912+0000] {processor.py:183} INFO - Processing /home/airflow/.local/lib/python3.12/site-packages/airflow/example_dags/example_python_decorator.py took 0.048 seconds
[2024-05-30T07:46:54.458+0000] {processor.py:161} INFO - Started process (PID=3718) to work on /home/airflow/.local/lib/python3.12/site-packages/airflow/example_dags/example_python_decorator.py
[2024-05-30T07:46:54.459+0000] {processor.py:830} INFO - Processing file /home/airflow/.local/lib/python3.12/site-packages/airflow/example_dags/example_python_decorator.py for tasks to queue
[2024-05-30T07:46:54.461+0000] {logging_mixin.py:188} INFO - [2024-05-30T07:46:54.461+0000] {dagbag.py:545} INFO - Filling up the DagBag from /home/airflow/.local/lib/python3.12/site-packages/airflow/example_dags/example_python_decorator.py
[2024-05-30T07:46:54.474+0000] {processor.py:840} INFO - DAG(s) 'example_python_decorator' retrieved from /home/airflow/.local/lib/python3.12/site-packages/airflow/example_dags/example_python_decorator.py
[2024-05-30T07:46:54.487+0000] {logging_mixin.py:188} INFO - [2024-05-30T07:46:54.487+0000] {dag.py:3096} INFO - Sync 1 DAGs
[2024-05-30T07:46:54.494+0000] {logging_mixin.py:188} INFO - [2024-05-30T07:46:54.494+0000] {dag.py:3954} INFO - Setting next_dagrun for example_python_decorator to None, run_after=None
[2024-05-30T07:46:54.502+0000] {processor.py:183} INFO - Processing /home/airflow/.local/lib/python3.12/site-packages/airflow/example_dags/example_python_decorator.py took 0.051 seconds
[2024-05-30T07:47:25.191+0000] {processor.py:161} INFO - Started process (PID=3980) to work on /home/airflow/.local/lib/python3.12/site-packages/airflow/example_dags/example_python_decorator.py
[2024-05-30T07:47:25.192+0000] {processor.py:830} INFO - Processing file /home/airflow/.local/lib/python3.12/site-packages/airflow/example_dags/example_python_decorator.py for tasks to queue
[2024-05-30T07:47:25.194+0000] {logging_mixin.py:188} INFO - [2024-05-30T07:47:25.194+0000] {dagbag.py:545} INFO - Filling up the DagBag from /home/airflow/.local/lib/python3.12/site-packages/airflow/example_dags/example_python_decorator.py
[2024-05-30T07:47:25.208+0000] {processor.py:840} INFO - DAG(s) 'example_python_decorator' retrieved from /home/airflow/.local/lib/python3.12/site-packages/airflow/example_dags/example_python_decorator.py
[2024-05-30T07:47:25.237+0000] {logging_mixin.py:188} INFO - [2024-05-30T07:47:25.237+0000] {dag.py:3096} INFO - Sync 1 DAGs
[2024-05-30T07:47:25.247+0000] {logging_mixin.py:188} INFO - [2024-05-30T07:47:25.247+0000] {dag.py:3954} INFO - Setting next_dagrun for example_python_decorator to None, run_after=None
[2024-05-30T07:47:25.258+0000] {processor.py:183} INFO - Processing /home/airflow/.local/lib/python3.12/site-packages/airflow/example_dags/example_python_decorator.py took 0.076 seconds
[2024-05-30T07:47:55.897+0000] {processor.py:161} INFO - Started process (PID=4242) to work on /home/airflow/.local/lib/python3.12/site-packages/airflow/example_dags/example_python_decorator.py
[2024-05-30T07:47:55.898+0000] {processor.py:830} INFO - Processing file /home/airflow/.local/lib/python3.12/site-packages/airflow/example_dags/example_python_decorator.py for tasks to queue
[2024-05-30T07:47:55.900+0000] {logging_mixin.py:188} INFO - [2024-05-30T07:47:55.900+0000] {dagbag.py:545} INFO - Filling up the DagBag from /home/airflow/.local/lib/python3.12/site-packages/airflow/example_dags/example_python_decorator.py
[2024-05-30T07:47:55.910+0000] {processor.py:840} INFO - DAG(s) 'example_python_decorator' retrieved from /home/airflow/.local/lib/python3.12/site-packages/airflow/example_dags/example_python_decorator.py
[2024-05-30T07:47:55.924+0000] {logging_mixin.py:188} INFO - [2024-05-30T07:47:55.924+0000] {dag.py:3096} INFO - Sync 1 DAGs
[2024-05-30T07:47:55.930+0000] {logging_mixin.py:188} INFO - [2024-05-30T07:47:55.930+0000] {dag.py:3954} INFO - Setting next_dagrun for example_python_decorator to None, run_after=None
[2024-05-30T07:47:55.938+0000] {processor.py:183} INFO - Processing /home/airflow/.local/lib/python3.12/site-packages/airflow/example_dags/example_python_decorator.py took 0.049 seconds
[2024-05-30T07:48:26.520+0000] {processor.py:161} INFO - Started process (PID=4504) to work on /home/airflow/.local/lib/python3.12/site-packages/airflow/example_dags/example_python_decorator.py
[2024-05-30T07:48:26.521+0000] {processor.py:830} INFO - Processing file /home/airflow/.local/lib/python3.12/site-packages/airflow/example_dags/example_python_decorator.py for tasks to queue
[2024-05-30T07:48:26.524+0000] {logging_mixin.py:188} INFO - [2024-05-30T07:48:26.524+0000] {dagbag.py:545} INFO - Filling up the DagBag from /home/airflow/.local/lib/python3.12/site-packages/airflow/example_dags/example_python_decorator.py
[2024-05-30T07:48:26.542+0000] {processor.py:840} INFO - DAG(s) 'example_python_decorator' retrieved from /home/airflow/.local/lib/python3.12/site-packages/airflow/example_dags/example_python_decorator.py
[2024-05-30T07:48:26.562+0000] {logging_mixin.py:188} INFO - [2024-05-30T07:48:26.562+0000] {dag.py:3096} INFO - Sync 1 DAGs
[2024-05-30T07:48:26.569+0000] {logging_mixin.py:188} INFO - [2024-05-30T07:48:26.569+0000] {dag.py:3954} INFO - Setting next_dagrun for example_python_decorator to None, run_after=None
[2024-05-30T07:48:26.579+0000] {processor.py:183} INFO - Processing /home/airflow/.local/lib/python3.12/site-packages/airflow/example_dags/example_python_decorator.py took 0.066 seconds
[2024-05-30T07:48:56.641+0000] {processor.py:161} INFO - Started process (PID=4766) to work on /home/airflow/.local/lib/python3.12/site-packages/airflow/example_dags/example_python_decorator.py
[2024-05-30T07:48:56.642+0000] {processor.py:830} INFO - Processing file /home/airflow/.local/lib/python3.12/site-packages/airflow/example_dags/example_python_decorator.py for tasks to queue
[2024-05-30T07:48:56.644+0000] {logging_mixin.py:188} INFO - [2024-05-30T07:48:56.643+0000] {dagbag.py:545} INFO - Filling up the DagBag from /home/airflow/.local/lib/python3.12/site-packages/airflow/example_dags/example_python_decorator.py
[2024-05-30T07:48:56.655+0000] {processor.py:840} INFO - DAG(s) 'example_python_decorator' retrieved from /home/airflow/.local/lib/python3.12/site-packages/airflow/example_dags/example_python_decorator.py
[2024-05-30T07:48:56.668+0000] {logging_mixin.py:188} INFO - [2024-05-30T07:48:56.668+0000] {dag.py:3096} INFO - Sync 1 DAGs
[2024-05-30T07:48:56.674+0000] {logging_mixin.py:188} INFO - [2024-05-30T07:48:56.674+0000] {dag.py:3954} INFO - Setting next_dagrun for example_python_decorator to None, run_after=None
[2024-05-30T07:48:56.682+0000] {processor.py:183} INFO - Processing /home/airflow/.local/lib/python3.12/site-packages/airflow/example_dags/example_python_decorator.py took 0.048 seconds
[2024-05-30T07:49:27.437+0000] {processor.py:161} INFO - Started process (PID=5028) to work on /home/airflow/.local/lib/python3.12/site-packages/airflow/example_dags/example_python_decorator.py
[2024-05-30T07:49:27.438+0000] {processor.py:830} INFO - Processing file /home/airflow/.local/lib/python3.12/site-packages/airflow/example_dags/example_python_decorator.py for tasks to queue
[2024-05-30T07:49:27.440+0000] {logging_mixin.py:188} INFO - [2024-05-30T07:49:27.440+0000] {dagbag.py:545} INFO - Filling up the DagBag from /home/airflow/.local/lib/python3.12/site-packages/airflow/example_dags/example_python_decorator.py
[2024-05-30T07:49:27.455+0000] {processor.py:840} INFO - DAG(s) 'example_python_decorator' retrieved from /home/airflow/.local/lib/python3.12/site-packages/airflow/example_dags/example_python_decorator.py
[2024-05-30T07:49:27.470+0000] {logging_mixin.py:188} INFO - [2024-05-30T07:49:27.470+0000] {dag.py:3096} INFO - Sync 1 DAGs
[2024-05-30T07:49:27.478+0000] {logging_mixin.py:188} INFO - [2024-05-30T07:49:27.478+0000] {dag.py:3954} INFO - Setting next_dagrun for example_python_decorator to None, run_after=None
[2024-05-30T07:49:27.486+0000] {processor.py:183} INFO - Processing /home/airflow/.local/lib/python3.12/site-packages/airflow/example_dags/example_python_decorator.py took 0.057 seconds
