[2024-05-30T07:40:17.820+0000] {processor.py:161} INFO - Started process (PID=251) to work on /home/airflow/.local/lib/python3.12/site-packages/airflow/example_dags/example_branch_python_dop_operator_3.py
[2024-05-30T07:40:17.820+0000] {processor.py:830} INFO - Processing file /home/airflow/.local/lib/python3.12/site-packages/airflow/example_dags/example_branch_python_dop_operator_3.py for tasks to queue
[2024-05-30T07:40:17.821+0000] {logging_mixin.py:188} INFO - [2024-05-30T07:40:17.821+0000] {dagbag.py:545} INFO - Filling up the DagBag from /home/airflow/.local/lib/python3.12/site-packages/airflow/example_dags/example_branch_python_dop_operator_3.py
[2024-05-30T07:40:17.826+0000] {processor.py:840} INFO - DAG(s) 'example_branch_dop_operator_v3' retrieved from /home/airflow/.local/lib/python3.12/site-packages/airflow/example_dags/example_branch_python_dop_operator_3.py
[2024-05-30T07:40:17.878+0000] {logging_mixin.py:188} INFO - [2024-05-30T07:40:17.878+0000] {override.py:1829} INFO - Created Permission View: can delete on DAG:example_branch_dop_operator_v3
[2024-05-30T07:40:17.882+0000] {logging_mixin.py:188} INFO - [2024-05-30T07:40:17.881+0000] {override.py:1829} INFO - Created Permission View: can edit on DAG:example_branch_dop_operator_v3
[2024-05-30T07:40:17.883+0000] {logging_mixin.py:188} INFO - [2024-05-30T07:40:17.883+0000] {override.py:1829} INFO - Created Permission View: can read on DAG:example_branch_dop_operator_v3
[2024-05-30T07:40:17.884+0000] {logging_mixin.py:188} INFO - [2024-05-30T07:40:17.884+0000] {dag.py:3096} INFO - Sync 1 DAGs
[2024-05-30T07:40:17.889+0000] {logging_mixin.py:188} INFO - [2024-05-30T07:40:17.889+0000] {dag.py:3118} INFO - Creating ORM DAG for example_branch_dop_operator_v3
[2024-05-30T07:40:17.894+0000] {logging_mixin.py:188} INFO - [2024-05-30T07:40:17.894+0000] {dag.py:3954} INFO - Setting next_dagrun for example_branch_dop_operator_v3 to 2024-05-30 07:39:00+00:00, run_after=2024-05-30 07:40:00+00:00
[2024-05-30T07:40:17.899+0000] {processor.py:183} INFO - Processing /home/airflow/.local/lib/python3.12/site-packages/airflow/example_dags/example_branch_python_dop_operator_3.py took 0.083 seconds
[2024-05-30T07:40:48.898+0000] {processor.py:161} INFO - Started process (PID=513) to work on /home/airflow/.local/lib/python3.12/site-packages/airflow/example_dags/example_branch_python_dop_operator_3.py
[2024-05-30T07:40:48.899+0000] {processor.py:830} INFO - Processing file /home/airflow/.local/lib/python3.12/site-packages/airflow/example_dags/example_branch_python_dop_operator_3.py for tasks to queue
[2024-05-30T07:40:48.900+0000] {logging_mixin.py:188} INFO - [2024-05-30T07:40:48.900+0000] {dagbag.py:545} INFO - Filling up the DagBag from /home/airflow/.local/lib/python3.12/site-packages/airflow/example_dags/example_branch_python_dop_operator_3.py
[2024-05-30T07:40:48.907+0000] {processor.py:840} INFO - DAG(s) 'example_branch_dop_operator_v3' retrieved from /home/airflow/.local/lib/python3.12/site-packages/airflow/example_dags/example_branch_python_dop_operator_3.py
[2024-05-30T07:40:48.920+0000] {logging_mixin.py:188} INFO - [2024-05-30T07:40:48.920+0000] {dag.py:3096} INFO - Sync 1 DAGs
[2024-05-30T07:40:48.932+0000] {logging_mixin.py:188} INFO - [2024-05-30T07:40:48.932+0000] {dag.py:3954} INFO - Setting next_dagrun for example_branch_dop_operator_v3 to 2024-05-30 07:39:00+00:00, run_after=2024-05-30 07:40:00+00:00
[2024-05-30T07:40:48.940+0000] {processor.py:183} INFO - Processing /home/airflow/.local/lib/python3.12/site-packages/airflow/example_dags/example_branch_python_dop_operator_3.py took 0.048 seconds
[2024-05-30T07:41:19.495+0000] {processor.py:161} INFO - Started process (PID=775) to work on /home/airflow/.local/lib/python3.12/site-packages/airflow/example_dags/example_branch_python_dop_operator_3.py
[2024-05-30T07:41:19.497+0000] {processor.py:830} INFO - Processing file /home/airflow/.local/lib/python3.12/site-packages/airflow/example_dags/example_branch_python_dop_operator_3.py for tasks to queue
[2024-05-30T07:41:19.499+0000] {logging_mixin.py:188} INFO - [2024-05-30T07:41:19.498+0000] {dagbag.py:545} INFO - Filling up the DagBag from /home/airflow/.local/lib/python3.12/site-packages/airflow/example_dags/example_branch_python_dop_operator_3.py
[2024-05-30T07:41:19.508+0000] {processor.py:840} INFO - DAG(s) 'example_branch_dop_operator_v3' retrieved from /home/airflow/.local/lib/python3.12/site-packages/airflow/example_dags/example_branch_python_dop_operator_3.py
[2024-05-30T07:41:19.522+0000] {logging_mixin.py:188} INFO - [2024-05-30T07:41:19.522+0000] {dag.py:3096} INFO - Sync 1 DAGs
[2024-05-30T07:41:19.535+0000] {logging_mixin.py:188} INFO - [2024-05-30T07:41:19.535+0000] {dag.py:3954} INFO - Setting next_dagrun for example_branch_dop_operator_v3 to 2024-05-30 07:40:00+00:00, run_after=2024-05-30 07:41:00+00:00
[2024-05-30T07:41:19.543+0000] {processor.py:183} INFO - Processing /home/airflow/.local/lib/python3.12/site-packages/airflow/example_dags/example_branch_python_dop_operator_3.py took 0.056 seconds
[2024-05-30T07:41:50.046+0000] {processor.py:161} INFO - Started process (PID=1037) to work on /home/airflow/.local/lib/python3.12/site-packages/airflow/example_dags/example_branch_python_dop_operator_3.py
[2024-05-30T07:41:50.047+0000] {processor.py:830} INFO - Processing file /home/airflow/.local/lib/python3.12/site-packages/airflow/example_dags/example_branch_python_dop_operator_3.py for tasks to queue
[2024-05-30T07:41:50.049+0000] {logging_mixin.py:188} INFO - [2024-05-30T07:41:50.048+0000] {dagbag.py:545} INFO - Filling up the DagBag from /home/airflow/.local/lib/python3.12/site-packages/airflow/example_dags/example_branch_python_dop_operator_3.py
[2024-05-30T07:41:50.056+0000] {processor.py:840} INFO - DAG(s) 'example_branch_dop_operator_v3' retrieved from /home/airflow/.local/lib/python3.12/site-packages/airflow/example_dags/example_branch_python_dop_operator_3.py
[2024-05-30T07:41:50.071+0000] {logging_mixin.py:188} INFO - [2024-05-30T07:41:50.071+0000] {dag.py:3096} INFO - Sync 1 DAGs
[2024-05-30T07:41:50.084+0000] {logging_mixin.py:188} INFO - [2024-05-30T07:41:50.084+0000] {dag.py:3954} INFO - Setting next_dagrun for example_branch_dop_operator_v3 to 2024-05-30 07:40:00+00:00, run_after=2024-05-30 07:41:00+00:00
[2024-05-30T07:41:50.091+0000] {processor.py:183} INFO - Processing /home/airflow/.local/lib/python3.12/site-packages/airflow/example_dags/example_branch_python_dop_operator_3.py took 0.053 seconds
[2024-05-30T07:42:20.691+0000] {processor.py:161} INFO - Started process (PID=1299) to work on /home/airflow/.local/lib/python3.12/site-packages/airflow/example_dags/example_branch_python_dop_operator_3.py
[2024-05-30T07:42:20.692+0000] {processor.py:830} INFO - Processing file /home/airflow/.local/lib/python3.12/site-packages/airflow/example_dags/example_branch_python_dop_operator_3.py for tasks to queue
[2024-05-30T07:42:20.694+0000] {logging_mixin.py:188} INFO - [2024-05-30T07:42:20.694+0000] {dagbag.py:545} INFO - Filling up the DagBag from /home/airflow/.local/lib/python3.12/site-packages/airflow/example_dags/example_branch_python_dop_operator_3.py
[2024-05-30T07:42:20.703+0000] {processor.py:840} INFO - DAG(s) 'example_branch_dop_operator_v3' retrieved from /home/airflow/.local/lib/python3.12/site-packages/airflow/example_dags/example_branch_python_dop_operator_3.py
[2024-05-30T07:42:20.720+0000] {logging_mixin.py:188} INFO - [2024-05-30T07:42:20.720+0000] {dag.py:3096} INFO - Sync 1 DAGs
[2024-05-30T07:42:20.734+0000] {logging_mixin.py:188} INFO - [2024-05-30T07:42:20.733+0000] {dag.py:3954} INFO - Setting next_dagrun for example_branch_dop_operator_v3 to 2024-05-30 07:41:00+00:00, run_after=2024-05-30 07:42:00+00:00
[2024-05-30T07:42:20.742+0000] {processor.py:183} INFO - Processing /home/airflow/.local/lib/python3.12/site-packages/airflow/example_dags/example_branch_python_dop_operator_3.py took 0.059 seconds
[2024-05-30T07:42:51.375+0000] {processor.py:161} INFO - Started process (PID=1561) to work on /home/airflow/.local/lib/python3.12/site-packages/airflow/example_dags/example_branch_python_dop_operator_3.py
[2024-05-30T07:42:51.376+0000] {processor.py:830} INFO - Processing file /home/airflow/.local/lib/python3.12/site-packages/airflow/example_dags/example_branch_python_dop_operator_3.py for tasks to queue
[2024-05-30T07:42:51.379+0000] {logging_mixin.py:188} INFO - [2024-05-30T07:42:51.378+0000] {dagbag.py:545} INFO - Filling up the DagBag from /home/airflow/.local/lib/python3.12/site-packages/airflow/example_dags/example_branch_python_dop_operator_3.py
[2024-05-30T07:42:51.387+0000] {processor.py:840} INFO - DAG(s) 'example_branch_dop_operator_v3' retrieved from /home/airflow/.local/lib/python3.12/site-packages/airflow/example_dags/example_branch_python_dop_operator_3.py
[2024-05-30T07:42:51.403+0000] {logging_mixin.py:188} INFO - [2024-05-30T07:42:51.403+0000] {dag.py:3096} INFO - Sync 1 DAGs
[2024-05-30T07:42:51.418+0000] {logging_mixin.py:188} INFO - [2024-05-30T07:42:51.417+0000] {dag.py:3954} INFO - Setting next_dagrun for example_branch_dop_operator_v3 to 2024-05-30 07:41:00+00:00, run_after=2024-05-30 07:42:00+00:00
[2024-05-30T07:42:51.426+0000] {processor.py:183} INFO - Processing /home/airflow/.local/lib/python3.12/site-packages/airflow/example_dags/example_branch_python_dop_operator_3.py took 0.059 seconds
[2024-05-30T07:43:21.464+0000] {processor.py:161} INFO - Started process (PID=1823) to work on /home/airflow/.local/lib/python3.12/site-packages/airflow/example_dags/example_branch_python_dop_operator_3.py
[2024-05-30T07:43:21.465+0000] {processor.py:830} INFO - Processing file /home/airflow/.local/lib/python3.12/site-packages/airflow/example_dags/example_branch_python_dop_operator_3.py for tasks to queue
[2024-05-30T07:43:21.468+0000] {logging_mixin.py:188} INFO - [2024-05-30T07:43:21.467+0000] {dagbag.py:545} INFO - Filling up the DagBag from /home/airflow/.local/lib/python3.12/site-packages/airflow/example_dags/example_branch_python_dop_operator_3.py
[2024-05-30T07:43:21.476+0000] {processor.py:840} INFO - DAG(s) 'example_branch_dop_operator_v3' retrieved from /home/airflow/.local/lib/python3.12/site-packages/airflow/example_dags/example_branch_python_dop_operator_3.py
[2024-05-30T07:43:21.490+0000] {logging_mixin.py:188} INFO - [2024-05-30T07:43:21.490+0000] {dag.py:3096} INFO - Sync 1 DAGs
[2024-05-30T07:43:21.503+0000] {logging_mixin.py:188} INFO - [2024-05-30T07:43:21.502+0000] {dag.py:3954} INFO - Setting next_dagrun for example_branch_dop_operator_v3 to 2024-05-30 07:42:00+00:00, run_after=2024-05-30 07:43:00+00:00
[2024-05-30T07:43:21.510+0000] {processor.py:183} INFO - Processing /home/airflow/.local/lib/python3.12/site-packages/airflow/example_dags/example_branch_python_dop_operator_3.py took 0.054 seconds
[2024-05-30T07:43:52.191+0000] {processor.py:161} INFO - Started process (PID=2085) to work on /home/airflow/.local/lib/python3.12/site-packages/airflow/example_dags/example_branch_python_dop_operator_3.py
[2024-05-30T07:43:52.192+0000] {processor.py:830} INFO - Processing file /home/airflow/.local/lib/python3.12/site-packages/airflow/example_dags/example_branch_python_dop_operator_3.py for tasks to queue
[2024-05-30T07:43:52.194+0000] {logging_mixin.py:188} INFO - [2024-05-30T07:43:52.194+0000] {dagbag.py:545} INFO - Filling up the DagBag from /home/airflow/.local/lib/python3.12/site-packages/airflow/example_dags/example_branch_python_dop_operator_3.py
[2024-05-30T07:43:52.203+0000] {processor.py:840} INFO - DAG(s) 'example_branch_dop_operator_v3' retrieved from /home/airflow/.local/lib/python3.12/site-packages/airflow/example_dags/example_branch_python_dop_operator_3.py
[2024-05-30T07:43:52.218+0000] {logging_mixin.py:188} INFO - [2024-05-30T07:43:52.217+0000] {dag.py:3096} INFO - Sync 1 DAGs
[2024-05-30T07:43:52.231+0000] {logging_mixin.py:188} INFO - [2024-05-30T07:43:52.231+0000] {dag.py:3954} INFO - Setting next_dagrun for example_branch_dop_operator_v3 to 2024-05-30 07:42:00+00:00, run_after=2024-05-30 07:43:00+00:00
[2024-05-30T07:43:52.238+0000] {processor.py:183} INFO - Processing /home/airflow/.local/lib/python3.12/site-packages/airflow/example_dags/example_branch_python_dop_operator_3.py took 0.056 seconds
[2024-05-30T07:44:22.947+0000] {processor.py:161} INFO - Started process (PID=2347) to work on /home/airflow/.local/lib/python3.12/site-packages/airflow/example_dags/example_branch_python_dop_operator_3.py
[2024-05-30T07:44:22.948+0000] {processor.py:830} INFO - Processing file /home/airflow/.local/lib/python3.12/site-packages/airflow/example_dags/example_branch_python_dop_operator_3.py for tasks to queue
[2024-05-30T07:44:22.950+0000] {logging_mixin.py:188} INFO - [2024-05-30T07:44:22.950+0000] {dagbag.py:545} INFO - Filling up the DagBag from /home/airflow/.local/lib/python3.12/site-packages/airflow/example_dags/example_branch_python_dop_operator_3.py
[2024-05-30T07:44:22.956+0000] {processor.py:840} INFO - DAG(s) 'example_branch_dop_operator_v3' retrieved from /home/airflow/.local/lib/python3.12/site-packages/airflow/example_dags/example_branch_python_dop_operator_3.py
[2024-05-30T07:44:22.969+0000] {logging_mixin.py:188} INFO - [2024-05-30T07:44:22.969+0000] {dag.py:3096} INFO - Sync 1 DAGs
[2024-05-30T07:44:22.981+0000] {logging_mixin.py:188} INFO - [2024-05-30T07:44:22.981+0000] {dag.py:3954} INFO - Setting next_dagrun for example_branch_dop_operator_v3 to 2024-05-30 07:43:00+00:00, run_after=2024-05-30 07:44:00+00:00
[2024-05-30T07:44:22.989+0000] {processor.py:183} INFO - Processing /home/airflow/.local/lib/python3.12/site-packages/airflow/example_dags/example_branch_python_dop_operator_3.py took 0.048 seconds
[2024-05-30T07:44:53.701+0000] {processor.py:161} INFO - Started process (PID=2609) to work on /home/airflow/.local/lib/python3.12/site-packages/airflow/example_dags/example_branch_python_dop_operator_3.py
[2024-05-30T07:44:53.702+0000] {processor.py:830} INFO - Processing file /home/airflow/.local/lib/python3.12/site-packages/airflow/example_dags/example_branch_python_dop_operator_3.py for tasks to queue
[2024-05-30T07:44:53.704+0000] {logging_mixin.py:188} INFO - [2024-05-30T07:44:53.704+0000] {dagbag.py:545} INFO - Filling up the DagBag from /home/airflow/.local/lib/python3.12/site-packages/airflow/example_dags/example_branch_python_dop_operator_3.py
[2024-05-30T07:44:53.713+0000] {processor.py:840} INFO - DAG(s) 'example_branch_dop_operator_v3' retrieved from /home/airflow/.local/lib/python3.12/site-packages/airflow/example_dags/example_branch_python_dop_operator_3.py
[2024-05-30T07:44:53.727+0000] {logging_mixin.py:188} INFO - [2024-05-30T07:44:53.727+0000] {dag.py:3096} INFO - Sync 1 DAGs
[2024-05-30T07:44:53.741+0000] {logging_mixin.py:188} INFO - [2024-05-30T07:44:53.741+0000] {dag.py:3954} INFO - Setting next_dagrun for example_branch_dop_operator_v3 to 2024-05-30 07:43:00+00:00, run_after=2024-05-30 07:44:00+00:00
[2024-05-30T07:44:53.749+0000] {processor.py:183} INFO - Processing /home/airflow/.local/lib/python3.12/site-packages/airflow/example_dags/example_branch_python_dop_operator_3.py took 0.056 seconds
[2024-05-30T07:45:24.394+0000] {processor.py:161} INFO - Started process (PID=2871) to work on /home/airflow/.local/lib/python3.12/site-packages/airflow/example_dags/example_branch_python_dop_operator_3.py
[2024-05-30T07:45:24.395+0000] {processor.py:830} INFO - Processing file /home/airflow/.local/lib/python3.12/site-packages/airflow/example_dags/example_branch_python_dop_operator_3.py for tasks to queue
[2024-05-30T07:45:24.398+0000] {logging_mixin.py:188} INFO - [2024-05-30T07:45:24.397+0000] {dagbag.py:545} INFO - Filling up the DagBag from /home/airflow/.local/lib/python3.12/site-packages/airflow/example_dags/example_branch_python_dop_operator_3.py
[2024-05-30T07:45:24.407+0000] {processor.py:840} INFO - DAG(s) 'example_branch_dop_operator_v3' retrieved from /home/airflow/.local/lib/python3.12/site-packages/airflow/example_dags/example_branch_python_dop_operator_3.py
[2024-05-30T07:45:24.424+0000] {logging_mixin.py:188} INFO - [2024-05-30T07:45:24.424+0000] {dag.py:3096} INFO - Sync 1 DAGs
[2024-05-30T07:45:24.440+0000] {logging_mixin.py:188} INFO - [2024-05-30T07:45:24.440+0000] {dag.py:3954} INFO - Setting next_dagrun for example_branch_dop_operator_v3 to 2024-05-30 07:44:00+00:00, run_after=2024-05-30 07:45:00+00:00
[2024-05-30T07:45:24.448+0000] {processor.py:183} INFO - Processing /home/airflow/.local/lib/python3.12/site-packages/airflow/example_dags/example_branch_python_dop_operator_3.py took 0.065 seconds
[2024-05-30T07:45:54.709+0000] {processor.py:161} INFO - Started process (PID=3133) to work on /home/airflow/.local/lib/python3.12/site-packages/airflow/example_dags/example_branch_python_dop_operator_3.py
[2024-05-30T07:45:54.710+0000] {processor.py:830} INFO - Processing file /home/airflow/.local/lib/python3.12/site-packages/airflow/example_dags/example_branch_python_dop_operator_3.py for tasks to queue
[2024-05-30T07:45:54.711+0000] {logging_mixin.py:188} INFO - [2024-05-30T07:45:54.711+0000] {dagbag.py:545} INFO - Filling up the DagBag from /home/airflow/.local/lib/python3.12/site-packages/airflow/example_dags/example_branch_python_dop_operator_3.py
[2024-05-30T07:45:54.717+0000] {processor.py:840} INFO - DAG(s) 'example_branch_dop_operator_v3' retrieved from /home/airflow/.local/lib/python3.12/site-packages/airflow/example_dags/example_branch_python_dop_operator_3.py
[2024-05-30T07:45:54.730+0000] {logging_mixin.py:188} INFO - [2024-05-30T07:45:54.729+0000] {dag.py:3096} INFO - Sync 1 DAGs
[2024-05-30T07:45:54.741+0000] {logging_mixin.py:188} INFO - [2024-05-30T07:45:54.741+0000] {dag.py:3954} INFO - Setting next_dagrun for example_branch_dop_operator_v3 to 2024-05-30 07:44:00+00:00, run_after=2024-05-30 07:45:00+00:00
[2024-05-30T07:45:54.748+0000] {processor.py:183} INFO - Processing /home/airflow/.local/lib/python3.12/site-packages/airflow/example_dags/example_branch_python_dop_operator_3.py took 0.044 seconds
[2024-05-30T07:46:25.338+0000] {processor.py:161} INFO - Started process (PID=3395) to work on /home/airflow/.local/lib/python3.12/site-packages/airflow/example_dags/example_branch_python_dop_operator_3.py
[2024-05-30T07:46:25.339+0000] {processor.py:830} INFO - Processing file /home/airflow/.local/lib/python3.12/site-packages/airflow/example_dags/example_branch_python_dop_operator_3.py for tasks to queue
[2024-05-30T07:46:25.340+0000] {logging_mixin.py:188} INFO - [2024-05-30T07:46:25.340+0000] {dagbag.py:545} INFO - Filling up the DagBag from /home/airflow/.local/lib/python3.12/site-packages/airflow/example_dags/example_branch_python_dop_operator_3.py
[2024-05-30T07:46:25.346+0000] {processor.py:840} INFO - DAG(s) 'example_branch_dop_operator_v3' retrieved from /home/airflow/.local/lib/python3.12/site-packages/airflow/example_dags/example_branch_python_dop_operator_3.py
[2024-05-30T07:46:25.359+0000] {logging_mixin.py:188} INFO - [2024-05-30T07:46:25.359+0000] {dag.py:3096} INFO - Sync 1 DAGs
[2024-05-30T07:46:25.370+0000] {logging_mixin.py:188} INFO - [2024-05-30T07:46:25.370+0000] {dag.py:3954} INFO - Setting next_dagrun for example_branch_dop_operator_v3 to 2024-05-30 07:45:00+00:00, run_after=2024-05-30 07:46:00+00:00
[2024-05-30T07:46:25.378+0000] {processor.py:183} INFO - Processing /home/airflow/.local/lib/python3.12/site-packages/airflow/example_dags/example_branch_python_dop_operator_3.py took 0.045 seconds
[2024-05-30T07:46:56.000+0000] {processor.py:161} INFO - Started process (PID=3805) to work on /home/airflow/.local/lib/python3.12/site-packages/airflow/example_dags/example_branch_python_dop_operator_3.py
[2024-05-30T07:46:56.001+0000] {processor.py:830} INFO - Processing file /home/airflow/.local/lib/python3.12/site-packages/airflow/example_dags/example_branch_python_dop_operator_3.py for tasks to queue
[2024-05-30T07:46:56.003+0000] {logging_mixin.py:188} INFO - [2024-05-30T07:46:56.003+0000] {dagbag.py:545} INFO - Filling up the DagBag from /home/airflow/.local/lib/python3.12/site-packages/airflow/example_dags/example_branch_python_dop_operator_3.py
[2024-05-30T07:46:56.011+0000] {processor.py:840} INFO - DAG(s) 'example_branch_dop_operator_v3' retrieved from /home/airflow/.local/lib/python3.12/site-packages/airflow/example_dags/example_branch_python_dop_operator_3.py
[2024-05-30T07:46:56.025+0000] {logging_mixin.py:188} INFO - [2024-05-30T07:46:56.025+0000] {dag.py:3096} INFO - Sync 1 DAGs
[2024-05-30T07:46:56.038+0000] {logging_mixin.py:188} INFO - [2024-05-30T07:46:56.038+0000] {dag.py:3954} INFO - Setting next_dagrun for example_branch_dop_operator_v3 to 2024-05-30 07:45:00+00:00, run_after=2024-05-30 07:46:00+00:00
[2024-05-30T07:46:56.045+0000] {processor.py:183} INFO - Processing /home/airflow/.local/lib/python3.12/site-packages/airflow/example_dags/example_branch_python_dop_operator_3.py took 0.053 seconds
[2024-05-30T07:47:26.744+0000] {processor.py:161} INFO - Started process (PID=4067) to work on /home/airflow/.local/lib/python3.12/site-packages/airflow/example_dags/example_branch_python_dop_operator_3.py
[2024-05-30T07:47:26.746+0000] {processor.py:830} INFO - Processing file /home/airflow/.local/lib/python3.12/site-packages/airflow/example_dags/example_branch_python_dop_operator_3.py for tasks to queue
[2024-05-30T07:47:26.748+0000] {logging_mixin.py:188} INFO - [2024-05-30T07:47:26.748+0000] {dagbag.py:545} INFO - Filling up the DagBag from /home/airflow/.local/lib/python3.12/site-packages/airflow/example_dags/example_branch_python_dop_operator_3.py
[2024-05-30T07:47:26.757+0000] {processor.py:840} INFO - DAG(s) 'example_branch_dop_operator_v3' retrieved from /home/airflow/.local/lib/python3.12/site-packages/airflow/example_dags/example_branch_python_dop_operator_3.py
[2024-05-30T07:47:26.772+0000] {logging_mixin.py:188} INFO - [2024-05-30T07:47:26.772+0000] {dag.py:3096} INFO - Sync 1 DAGs
[2024-05-30T07:47:26.785+0000] {logging_mixin.py:188} INFO - [2024-05-30T07:47:26.785+0000] {dag.py:3954} INFO - Setting next_dagrun for example_branch_dop_operator_v3 to 2024-05-30 07:46:00+00:00, run_after=2024-05-30 07:47:00+00:00
[2024-05-30T07:47:26.793+0000] {processor.py:183} INFO - Processing /home/airflow/.local/lib/python3.12/site-packages/airflow/example_dags/example_branch_python_dop_operator_3.py took 0.058 seconds
[2024-05-30T07:47:57.389+0000] {processor.py:161} INFO - Started process (PID=4329) to work on /home/airflow/.local/lib/python3.12/site-packages/airflow/example_dags/example_branch_python_dop_operator_3.py
[2024-05-30T07:47:57.390+0000] {processor.py:830} INFO - Processing file /home/airflow/.local/lib/python3.12/site-packages/airflow/example_dags/example_branch_python_dop_operator_3.py for tasks to queue
[2024-05-30T07:47:57.393+0000] {logging_mixin.py:188} INFO - [2024-05-30T07:47:57.392+0000] {dagbag.py:545} INFO - Filling up the DagBag from /home/airflow/.local/lib/python3.12/site-packages/airflow/example_dags/example_branch_python_dop_operator_3.py
[2024-05-30T07:47:57.402+0000] {processor.py:840} INFO - DAG(s) 'example_branch_dop_operator_v3' retrieved from /home/airflow/.local/lib/python3.12/site-packages/airflow/example_dags/example_branch_python_dop_operator_3.py
[2024-05-30T07:47:57.419+0000] {logging_mixin.py:188} INFO - [2024-05-30T07:47:57.418+0000] {dag.py:3096} INFO - Sync 1 DAGs
[2024-05-30T07:47:57.433+0000] {logging_mixin.py:188} INFO - [2024-05-30T07:47:57.433+0000] {dag.py:3954} INFO - Setting next_dagrun for example_branch_dop_operator_v3 to 2024-05-30 07:46:00+00:00, run_after=2024-05-30 07:47:00+00:00
[2024-05-30T07:47:57.441+0000] {processor.py:183} INFO - Processing /home/airflow/.local/lib/python3.12/site-packages/airflow/example_dags/example_branch_python_dop_operator_3.py took 0.061 seconds
[2024-05-30T07:48:28.153+0000] {processor.py:161} INFO - Started process (PID=4591) to work on /home/airflow/.local/lib/python3.12/site-packages/airflow/example_dags/example_branch_python_dop_operator_3.py
[2024-05-30T07:48:28.154+0000] {processor.py:830} INFO - Processing file /home/airflow/.local/lib/python3.12/site-packages/airflow/example_dags/example_branch_python_dop_operator_3.py for tasks to queue
[2024-05-30T07:48:28.155+0000] {logging_mixin.py:188} INFO - [2024-05-30T07:48:28.155+0000] {dagbag.py:545} INFO - Filling up the DagBag from /home/airflow/.local/lib/python3.12/site-packages/airflow/example_dags/example_branch_python_dop_operator_3.py
[2024-05-30T07:48:28.160+0000] {processor.py:840} INFO - DAG(s) 'example_branch_dop_operator_v3' retrieved from /home/airflow/.local/lib/python3.12/site-packages/airflow/example_dags/example_branch_python_dop_operator_3.py
[2024-05-30T07:48:28.173+0000] {logging_mixin.py:188} INFO - [2024-05-30T07:48:28.172+0000] {dag.py:3096} INFO - Sync 1 DAGs
[2024-05-30T07:48:28.183+0000] {logging_mixin.py:188} INFO - [2024-05-30T07:48:28.183+0000] {dag.py:3954} INFO - Setting next_dagrun for example_branch_dop_operator_v3 to 2024-05-30 07:47:00+00:00, run_after=2024-05-30 07:48:00+00:00
[2024-05-30T07:48:28.193+0000] {processor.py:183} INFO - Processing /home/airflow/.local/lib/python3.12/site-packages/airflow/example_dags/example_branch_python_dop_operator_3.py took 0.045 seconds
[2024-05-30T07:48:58.255+0000] {processor.py:161} INFO - Started process (PID=4853) to work on /home/airflow/.local/lib/python3.12/site-packages/airflow/example_dags/example_branch_python_dop_operator_3.py
[2024-05-30T07:48:58.256+0000] {processor.py:830} INFO - Processing file /home/airflow/.local/lib/python3.12/site-packages/airflow/example_dags/example_branch_python_dop_operator_3.py for tasks to queue
[2024-05-30T07:48:58.257+0000] {logging_mixin.py:188} INFO - [2024-05-30T07:48:58.257+0000] {dagbag.py:545} INFO - Filling up the DagBag from /home/airflow/.local/lib/python3.12/site-packages/airflow/example_dags/example_branch_python_dop_operator_3.py
[2024-05-30T07:48:58.265+0000] {processor.py:840} INFO - DAG(s) 'example_branch_dop_operator_v3' retrieved from /home/airflow/.local/lib/python3.12/site-packages/airflow/example_dags/example_branch_python_dop_operator_3.py
[2024-05-30T07:48:58.280+0000] {logging_mixin.py:188} INFO - [2024-05-30T07:48:58.279+0000] {dag.py:3096} INFO - Sync 1 DAGs
[2024-05-30T07:48:58.292+0000] {logging_mixin.py:188} INFO - [2024-05-30T07:48:58.292+0000] {dag.py:3954} INFO - Setting next_dagrun for example_branch_dop_operator_v3 to 2024-05-30 07:47:00+00:00, run_after=2024-05-30 07:48:00+00:00
[2024-05-30T07:48:58.300+0000] {processor.py:183} INFO - Processing /home/airflow/.local/lib/python3.12/site-packages/airflow/example_dags/example_branch_python_dop_operator_3.py took 0.053 seconds
[2024-05-30T07:49:28.961+0000] {processor.py:161} INFO - Started process (PID=5115) to work on /home/airflow/.local/lib/python3.12/site-packages/airflow/example_dags/example_branch_python_dop_operator_3.py
[2024-05-30T07:49:28.962+0000] {processor.py:830} INFO - Processing file /home/airflow/.local/lib/python3.12/site-packages/airflow/example_dags/example_branch_python_dop_operator_3.py for tasks to queue
[2024-05-30T07:49:28.965+0000] {logging_mixin.py:188} INFO - [2024-05-30T07:49:28.964+0000] {dagbag.py:545} INFO - Filling up the DagBag from /home/airflow/.local/lib/python3.12/site-packages/airflow/example_dags/example_branch_python_dop_operator_3.py
[2024-05-30T07:49:28.974+0000] {processor.py:840} INFO - DAG(s) 'example_branch_dop_operator_v3' retrieved from /home/airflow/.local/lib/python3.12/site-packages/airflow/example_dags/example_branch_python_dop_operator_3.py
[2024-05-30T07:49:28.989+0000] {logging_mixin.py:188} INFO - [2024-05-30T07:49:28.989+0000] {dag.py:3096} INFO - Sync 1 DAGs
[2024-05-30T07:49:29.001+0000] {logging_mixin.py:188} INFO - [2024-05-30T07:49:29.001+0000] {dag.py:3954} INFO - Setting next_dagrun for example_branch_dop_operator_v3 to 2024-05-30 07:48:00+00:00, run_after=2024-05-30 07:49:00+00:00
[2024-05-30T07:49:29.009+0000] {processor.py:183} INFO - Processing /home/airflow/.local/lib/python3.12/site-packages/airflow/example_dags/example_branch_python_dop_operator_3.py took 0.058 seconds
[2024-05-30T07:49:59.679+0000] {processor.py:161} INFO - Started process (PID=5377) to work on /home/airflow/.local/lib/python3.12/site-packages/airflow/example_dags/example_branch_python_dop_operator_3.py
[2024-05-30T07:49:59.680+0000] {processor.py:830} INFO - Processing file /home/airflow/.local/lib/python3.12/site-packages/airflow/example_dags/example_branch_python_dop_operator_3.py for tasks to queue
[2024-05-30T07:49:59.681+0000] {logging_mixin.py:188} INFO - [2024-05-30T07:49:59.681+0000] {dagbag.py:545} INFO - Filling up the DagBag from /home/airflow/.local/lib/python3.12/site-packages/airflow/example_dags/example_branch_python_dop_operator_3.py
[2024-05-30T07:49:59.686+0000] {processor.py:840} INFO - DAG(s) 'example_branch_dop_operator_v3' retrieved from /home/airflow/.local/lib/python3.12/site-packages/airflow/example_dags/example_branch_python_dop_operator_3.py
[2024-05-30T07:49:59.696+0000] {logging_mixin.py:188} INFO - [2024-05-30T07:49:59.696+0000] {dag.py:3096} INFO - Sync 1 DAGs
[2024-05-30T07:49:59.706+0000] {logging_mixin.py:188} INFO - [2024-05-30T07:49:59.706+0000] {dag.py:3954} INFO - Setting next_dagrun for example_branch_dop_operator_v3 to 2024-05-30 07:48:00+00:00, run_after=2024-05-30 07:49:00+00:00
[2024-05-30T07:49:59.713+0000] {processor.py:183} INFO - Processing /home/airflow/.local/lib/python3.12/site-packages/airflow/example_dags/example_branch_python_dop_operator_3.py took 0.039 seconds
[2024-05-30T07:50:30.304+0000] {processor.py:161} INFO - Started process (PID=5639) to work on /home/airflow/.local/lib/python3.12/site-packages/airflow/example_dags/example_branch_python_dop_operator_3.py
[2024-05-30T07:50:30.305+0000] {processor.py:830} INFO - Processing file /home/airflow/.local/lib/python3.12/site-packages/airflow/example_dags/example_branch_python_dop_operator_3.py for tasks to queue
[2024-05-30T07:50:30.307+0000] {logging_mixin.py:188} INFO - [2024-05-30T07:50:30.307+0000] {dagbag.py:545} INFO - Filling up the DagBag from /home/airflow/.local/lib/python3.12/site-packages/airflow/example_dags/example_branch_python_dop_operator_3.py
[2024-05-30T07:50:30.315+0000] {processor.py:840} INFO - DAG(s) 'example_branch_dop_operator_v3' retrieved from /home/airflow/.local/lib/python3.12/site-packages/airflow/example_dags/example_branch_python_dop_operator_3.py
[2024-05-30T07:50:30.329+0000] {logging_mixin.py:188} INFO - [2024-05-30T07:50:30.329+0000] {dag.py:3096} INFO - Sync 1 DAGs
[2024-05-30T07:50:30.342+0000] {logging_mixin.py:188} INFO - [2024-05-30T07:50:30.342+0000] {dag.py:3954} INFO - Setting next_dagrun for example_branch_dop_operator_v3 to 2024-05-30 07:49:00+00:00, run_after=2024-05-30 07:50:00+00:00
[2024-05-30T07:50:30.350+0000] {processor.py:183} INFO - Processing /home/airflow/.local/lib/python3.12/site-packages/airflow/example_dags/example_branch_python_dop_operator_3.py took 0.053 seconds
[2024-05-30T07:51:01.045+0000] {processor.py:161} INFO - Started process (PID=5902) to work on /home/airflow/.local/lib/python3.12/site-packages/airflow/example_dags/example_branch_python_dop_operator_3.py
[2024-05-30T07:51:01.046+0000] {processor.py:830} INFO - Processing file /home/airflow/.local/lib/python3.12/site-packages/airflow/example_dags/example_branch_python_dop_operator_3.py for tasks to queue
[2024-05-30T07:51:01.047+0000] {logging_mixin.py:188} INFO - [2024-05-30T07:51:01.047+0000] {dagbag.py:545} INFO - Filling up the DagBag from /home/airflow/.local/lib/python3.12/site-packages/airflow/example_dags/example_branch_python_dop_operator_3.py
[2024-05-30T07:51:01.052+0000] {processor.py:840} INFO - DAG(s) 'example_branch_dop_operator_v3' retrieved from /home/airflow/.local/lib/python3.12/site-packages/airflow/example_dags/example_branch_python_dop_operator_3.py
[2024-05-30T07:51:01.062+0000] {logging_mixin.py:188} INFO - [2024-05-30T07:51:01.062+0000] {dag.py:3096} INFO - Sync 1 DAGs
[2024-05-30T07:51:01.073+0000] {logging_mixin.py:188} INFO - [2024-05-30T07:51:01.072+0000] {dag.py:3954} INFO - Setting next_dagrun for example_branch_dop_operator_v3 to 2024-05-30 07:50:00+00:00, run_after=2024-05-30 07:51:00+00:00
[2024-05-30T07:51:01.079+0000] {processor.py:183} INFO - Processing /home/airflow/.local/lib/python3.12/site-packages/airflow/example_dags/example_branch_python_dop_operator_3.py took 0.040 seconds
