[2024-05-30T07:40:18.970+0000] {processor.py:161} INFO - Started process (PID=356) to work on /home/airflow/.local/lib/python3.12/site-packages/airflow/example_dags/tutorial_objectstorage.py
[2024-05-30T07:40:18.970+0000] {processor.py:830} INFO - Processing file /home/airflow/.local/lib/python3.12/site-packages/airflow/example_dags/tutorial_objectstorage.py for tasks to queue
[2024-05-30T07:40:18.971+0000] {logging_mixin.py:188} INFO - [2024-05-30T07:40:18.971+0000] {dagbag.py:545} INFO - Filling up the DagBag from /home/airflow/.local/lib/python3.12/site-packages/airflow/example_dags/tutorial_objectstorage.py
[2024-05-30T07:40:18.975+0000] {processor.py:840} INFO - DAG(s) 'tutorial_objectstorage' retrieved from /home/airflow/.local/lib/python3.12/site-packages/airflow/example_dags/tutorial_objectstorage.py
[2024-05-30T07:40:19.019+0000] {logging_mixin.py:188} INFO - [2024-05-30T07:40:19.019+0000] {override.py:1829} INFO - Created Permission View: can delete on DAG:tutorial_objectstorage
[2024-05-30T07:40:19.022+0000] {logging_mixin.py:188} INFO - [2024-05-30T07:40:19.022+0000] {override.py:1829} INFO - Created Permission View: can edit on DAG:tutorial_objectstorage
[2024-05-30T07:40:19.024+0000] {logging_mixin.py:188} INFO - [2024-05-30T07:40:19.024+0000] {override.py:1829} INFO - Created Permission View: can read on DAG:tutorial_objectstorage
[2024-05-30T07:40:19.024+0000] {logging_mixin.py:188} INFO - [2024-05-30T07:40:19.024+0000] {dag.py:3096} INFO - Sync 1 DAGs
[2024-05-30T07:40:19.028+0000] {logging_mixin.py:188} INFO - [2024-05-30T07:40:19.028+0000] {dag.py:3118} INFO - Creating ORM DAG for tutorial_objectstorage
[2024-05-30T07:40:19.029+0000] {logging_mixin.py:188} INFO - [2024-05-30T07:40:19.028+0000] {dag.py:3954} INFO - Setting next_dagrun for tutorial_objectstorage to None, run_after=None
[2024-05-30T07:40:19.034+0000] {processor.py:183} INFO - Processing /home/airflow/.local/lib/python3.12/site-packages/airflow/example_dags/tutorial_objectstorage.py took 0.067 seconds
[2024-05-30T07:40:49.437+0000] {processor.py:161} INFO - Started process (PID=616) to work on /home/airflow/.local/lib/python3.12/site-packages/airflow/example_dags/tutorial_objectstorage.py
[2024-05-30T07:40:49.438+0000] {processor.py:830} INFO - Processing file /home/airflow/.local/lib/python3.12/site-packages/airflow/example_dags/tutorial_objectstorage.py for tasks to queue
[2024-05-30T07:40:49.438+0000] {logging_mixin.py:188} INFO - [2024-05-30T07:40:49.438+0000] {dagbag.py:545} INFO - Filling up the DagBag from /home/airflow/.local/lib/python3.12/site-packages/airflow/example_dags/tutorial_objectstorage.py
[2024-05-30T07:40:49.442+0000] {processor.py:840} INFO - DAG(s) 'tutorial_objectstorage' retrieved from /home/airflow/.local/lib/python3.12/site-packages/airflow/example_dags/tutorial_objectstorage.py
[2024-05-30T07:40:49.451+0000] {logging_mixin.py:188} INFO - [2024-05-30T07:40:49.450+0000] {dag.py:3096} INFO - Sync 1 DAGs
[2024-05-30T07:40:49.456+0000] {logging_mixin.py:188} INFO - [2024-05-30T07:40:49.456+0000] {dag.py:3954} INFO - Setting next_dagrun for tutorial_objectstorage to None, run_after=None
[2024-05-30T07:40:49.463+0000] {processor.py:183} INFO - Processing /home/airflow/.local/lib/python3.12/site-packages/airflow/example_dags/tutorial_objectstorage.py took 0.029 seconds
[2024-05-30T07:41:20.038+0000] {processor.py:161} INFO - Started process (PID=878) to work on /home/airflow/.local/lib/python3.12/site-packages/airflow/example_dags/tutorial_objectstorage.py
[2024-05-30T07:41:20.039+0000] {processor.py:830} INFO - Processing file /home/airflow/.local/lib/python3.12/site-packages/airflow/example_dags/tutorial_objectstorage.py for tasks to queue
[2024-05-30T07:41:20.040+0000] {logging_mixin.py:188} INFO - [2024-05-30T07:41:20.039+0000] {dagbag.py:545} INFO - Filling up the DagBag from /home/airflow/.local/lib/python3.12/site-packages/airflow/example_dags/tutorial_objectstorage.py
[2024-05-30T07:41:20.043+0000] {processor.py:840} INFO - DAG(s) 'tutorial_objectstorage' retrieved from /home/airflow/.local/lib/python3.12/site-packages/airflow/example_dags/tutorial_objectstorage.py
[2024-05-30T07:41:20.051+0000] {logging_mixin.py:188} INFO - [2024-05-30T07:41:20.051+0000] {dag.py:3096} INFO - Sync 1 DAGs
[2024-05-30T07:41:20.057+0000] {logging_mixin.py:188} INFO - [2024-05-30T07:41:20.056+0000] {dag.py:3954} INFO - Setting next_dagrun for tutorial_objectstorage to None, run_after=None
[2024-05-30T07:41:20.064+0000] {processor.py:183} INFO - Processing /home/airflow/.local/lib/python3.12/site-packages/airflow/example_dags/tutorial_objectstorage.py took 0.029 seconds
[2024-05-30T07:41:50.633+0000] {processor.py:161} INFO - Started process (PID=1142) to work on /home/airflow/.local/lib/python3.12/site-packages/airflow/example_dags/tutorial_objectstorage.py
[2024-05-30T07:41:50.633+0000] {processor.py:830} INFO - Processing file /home/airflow/.local/lib/python3.12/site-packages/airflow/example_dags/tutorial_objectstorage.py for tasks to queue
[2024-05-30T07:41:50.634+0000] {logging_mixin.py:188} INFO - [2024-05-30T07:41:50.634+0000] {dagbag.py:545} INFO - Filling up the DagBag from /home/airflow/.local/lib/python3.12/site-packages/airflow/example_dags/tutorial_objectstorage.py
[2024-05-30T07:41:50.638+0000] {processor.py:840} INFO - DAG(s) 'tutorial_objectstorage' retrieved from /home/airflow/.local/lib/python3.12/site-packages/airflow/example_dags/tutorial_objectstorage.py
[2024-05-30T07:41:50.647+0000] {logging_mixin.py:188} INFO - [2024-05-30T07:41:50.647+0000] {dag.py:3096} INFO - Sync 1 DAGs
[2024-05-30T07:41:50.653+0000] {logging_mixin.py:188} INFO - [2024-05-30T07:41:50.653+0000] {dag.py:3954} INFO - Setting next_dagrun for tutorial_objectstorage to None, run_after=None
[2024-05-30T07:41:50.660+0000] {processor.py:183} INFO - Processing /home/airflow/.local/lib/python3.12/site-packages/airflow/example_dags/tutorial_objectstorage.py took 0.030 seconds
[2024-05-30T07:42:21.230+0000] {processor.py:161} INFO - Started process (PID=1402) to work on /home/airflow/.local/lib/python3.12/site-packages/airflow/example_dags/tutorial_objectstorage.py
[2024-05-30T07:42:21.230+0000] {processor.py:830} INFO - Processing file /home/airflow/.local/lib/python3.12/site-packages/airflow/example_dags/tutorial_objectstorage.py for tasks to queue
[2024-05-30T07:42:21.231+0000] {logging_mixin.py:188} INFO - [2024-05-30T07:42:21.231+0000] {dagbag.py:545} INFO - Filling up the DagBag from /home/airflow/.local/lib/python3.12/site-packages/airflow/example_dags/tutorial_objectstorage.py
[2024-05-30T07:42:21.235+0000] {processor.py:840} INFO - DAG(s) 'tutorial_objectstorage' retrieved from /home/airflow/.local/lib/python3.12/site-packages/airflow/example_dags/tutorial_objectstorage.py
[2024-05-30T07:42:21.244+0000] {logging_mixin.py:188} INFO - [2024-05-30T07:42:21.244+0000] {dag.py:3096} INFO - Sync 1 DAGs
[2024-05-30T07:42:21.249+0000] {logging_mixin.py:188} INFO - [2024-05-30T07:42:21.249+0000] {dag.py:3954} INFO - Setting next_dagrun for tutorial_objectstorage to None, run_after=None
[2024-05-30T07:42:21.257+0000] {processor.py:183} INFO - Processing /home/airflow/.local/lib/python3.12/site-packages/airflow/example_dags/tutorial_objectstorage.py took 0.030 seconds
[2024-05-30T07:42:51.978+0000] {processor.py:161} INFO - Started process (PID=1664) to work on /home/airflow/.local/lib/python3.12/site-packages/airflow/example_dags/tutorial_objectstorage.py
[2024-05-30T07:42:51.979+0000] {processor.py:830} INFO - Processing file /home/airflow/.local/lib/python3.12/site-packages/airflow/example_dags/tutorial_objectstorage.py for tasks to queue
[2024-05-30T07:42:51.980+0000] {logging_mixin.py:188} INFO - [2024-05-30T07:42:51.980+0000] {dagbag.py:545} INFO - Filling up the DagBag from /home/airflow/.local/lib/python3.12/site-packages/airflow/example_dags/tutorial_objectstorage.py
[2024-05-30T07:42:51.984+0000] {processor.py:840} INFO - DAG(s) 'tutorial_objectstorage' retrieved from /home/airflow/.local/lib/python3.12/site-packages/airflow/example_dags/tutorial_objectstorage.py
[2024-05-30T07:42:51.993+0000] {logging_mixin.py:188} INFO - [2024-05-30T07:42:51.993+0000] {dag.py:3096} INFO - Sync 1 DAGs
[2024-05-30T07:42:51.998+0000] {logging_mixin.py:188} INFO - [2024-05-30T07:42:51.998+0000] {dag.py:3954} INFO - Setting next_dagrun for tutorial_objectstorage to None, run_after=None
[2024-05-30T07:42:52.005+0000] {processor.py:183} INFO - Processing /home/airflow/.local/lib/python3.12/site-packages/airflow/example_dags/tutorial_objectstorage.py took 0.030 seconds
[2024-05-30T07:43:22.077+0000] {processor.py:161} INFO - Started process (PID=1926) to work on /home/airflow/.local/lib/python3.12/site-packages/airflow/example_dags/tutorial_objectstorage.py
[2024-05-30T07:43:22.077+0000] {processor.py:830} INFO - Processing file /home/airflow/.local/lib/python3.12/site-packages/airflow/example_dags/tutorial_objectstorage.py for tasks to queue
[2024-05-30T07:43:22.078+0000] {logging_mixin.py:188} INFO - [2024-05-30T07:43:22.078+0000] {dagbag.py:545} INFO - Filling up the DagBag from /home/airflow/.local/lib/python3.12/site-packages/airflow/example_dags/tutorial_objectstorage.py
[2024-05-30T07:43:22.082+0000] {processor.py:840} INFO - DAG(s) 'tutorial_objectstorage' retrieved from /home/airflow/.local/lib/python3.12/site-packages/airflow/example_dags/tutorial_objectstorage.py
[2024-05-30T07:43:22.091+0000] {logging_mixin.py:188} INFO - [2024-05-30T07:43:22.091+0000] {dag.py:3096} INFO - Sync 1 DAGs
[2024-05-30T07:43:22.096+0000] {logging_mixin.py:188} INFO - [2024-05-30T07:43:22.096+0000] {dag.py:3954} INFO - Setting next_dagrun for tutorial_objectstorage to None, run_after=None
[2024-05-30T07:43:22.104+0000] {processor.py:183} INFO - Processing /home/airflow/.local/lib/python3.12/site-packages/airflow/example_dags/tutorial_objectstorage.py took 0.030 seconds
[2024-05-30T07:43:52.888+0000] {processor.py:161} INFO - Started process (PID=2190) to work on /home/airflow/.local/lib/python3.12/site-packages/airflow/example_dags/tutorial_objectstorage.py
[2024-05-30T07:43:52.888+0000] {processor.py:830} INFO - Processing file /home/airflow/.local/lib/python3.12/site-packages/airflow/example_dags/tutorial_objectstorage.py for tasks to queue
[2024-05-30T07:43:52.889+0000] {logging_mixin.py:188} INFO - [2024-05-30T07:43:52.889+0000] {dagbag.py:545} INFO - Filling up the DagBag from /home/airflow/.local/lib/python3.12/site-packages/airflow/example_dags/tutorial_objectstorage.py
[2024-05-30T07:43:52.893+0000] {processor.py:840} INFO - DAG(s) 'tutorial_objectstorage' retrieved from /home/airflow/.local/lib/python3.12/site-packages/airflow/example_dags/tutorial_objectstorage.py
[2024-05-30T07:43:52.904+0000] {logging_mixin.py:188} INFO - [2024-05-30T07:43:52.904+0000] {dag.py:3096} INFO - Sync 1 DAGs
[2024-05-30T07:43:52.909+0000] {logging_mixin.py:188} INFO - [2024-05-30T07:43:52.909+0000] {dag.py:3954} INFO - Setting next_dagrun for tutorial_objectstorage to None, run_after=None
[2024-05-30T07:43:52.916+0000] {processor.py:183} INFO - Processing /home/airflow/.local/lib/python3.12/site-packages/airflow/example_dags/tutorial_objectstorage.py took 0.032 seconds
[2024-05-30T07:44:23.539+0000] {processor.py:161} INFO - Started process (PID=2452) to work on /home/airflow/.local/lib/python3.12/site-packages/airflow/example_dags/tutorial_objectstorage.py
[2024-05-30T07:44:23.540+0000] {processor.py:830} INFO - Processing file /home/airflow/.local/lib/python3.12/site-packages/airflow/example_dags/tutorial_objectstorage.py for tasks to queue
[2024-05-30T07:44:23.541+0000] {logging_mixin.py:188} INFO - [2024-05-30T07:44:23.541+0000] {dagbag.py:545} INFO - Filling up the DagBag from /home/airflow/.local/lib/python3.12/site-packages/airflow/example_dags/tutorial_objectstorage.py
[2024-05-30T07:44:23.545+0000] {processor.py:840} INFO - DAG(s) 'tutorial_objectstorage' retrieved from /home/airflow/.local/lib/python3.12/site-packages/airflow/example_dags/tutorial_objectstorage.py
[2024-05-30T07:44:23.553+0000] {logging_mixin.py:188} INFO - [2024-05-30T07:44:23.553+0000] {dag.py:3096} INFO - Sync 1 DAGs
[2024-05-30T07:44:23.558+0000] {logging_mixin.py:188} INFO - [2024-05-30T07:44:23.558+0000] {dag.py:3954} INFO - Setting next_dagrun for tutorial_objectstorage to None, run_after=None
[2024-05-30T07:44:23.565+0000] {processor.py:183} INFO - Processing /home/airflow/.local/lib/python3.12/site-packages/airflow/example_dags/tutorial_objectstorage.py took 0.028 seconds
[2024-05-30T07:44:54.283+0000] {processor.py:161} INFO - Started process (PID=2712) to work on /home/airflow/.local/lib/python3.12/site-packages/airflow/example_dags/tutorial_objectstorage.py
[2024-05-30T07:44:54.284+0000] {processor.py:830} INFO - Processing file /home/airflow/.local/lib/python3.12/site-packages/airflow/example_dags/tutorial_objectstorage.py for tasks to queue
[2024-05-30T07:44:54.285+0000] {logging_mixin.py:188} INFO - [2024-05-30T07:44:54.284+0000] {dagbag.py:545} INFO - Filling up the DagBag from /home/airflow/.local/lib/python3.12/site-packages/airflow/example_dags/tutorial_objectstorage.py
[2024-05-30T07:44:54.288+0000] {processor.py:840} INFO - DAG(s) 'tutorial_objectstorage' retrieved from /home/airflow/.local/lib/python3.12/site-packages/airflow/example_dags/tutorial_objectstorage.py
[2024-05-30T07:44:54.297+0000] {logging_mixin.py:188} INFO - [2024-05-30T07:44:54.297+0000] {dag.py:3096} INFO - Sync 1 DAGs
[2024-05-30T07:44:54.303+0000] {logging_mixin.py:188} INFO - [2024-05-30T07:44:54.303+0000] {dag.py:3954} INFO - Setting next_dagrun for tutorial_objectstorage to None, run_after=None
[2024-05-30T07:44:54.310+0000] {processor.py:183} INFO - Processing /home/airflow/.local/lib/python3.12/site-packages/airflow/example_dags/tutorial_objectstorage.py took 0.030 seconds
[2024-05-30T07:45:25.188+0000] {processor.py:161} INFO - Started process (PID=2974) to work on /home/airflow/.local/lib/python3.12/site-packages/airflow/example_dags/tutorial_objectstorage.py
[2024-05-30T07:45:25.189+0000] {processor.py:830} INFO - Processing file /home/airflow/.local/lib/python3.12/site-packages/airflow/example_dags/tutorial_objectstorage.py for tasks to queue
[2024-05-30T07:45:25.190+0000] {logging_mixin.py:188} INFO - [2024-05-30T07:45:25.190+0000] {dagbag.py:545} INFO - Filling up the DagBag from /home/airflow/.local/lib/python3.12/site-packages/airflow/example_dags/tutorial_objectstorage.py
[2024-05-30T07:45:25.197+0000] {processor.py:840} INFO - DAG(s) 'tutorial_objectstorage' retrieved from /home/airflow/.local/lib/python3.12/site-packages/airflow/example_dags/tutorial_objectstorage.py
[2024-05-30T07:45:25.228+0000] {logging_mixin.py:188} INFO - [2024-05-30T07:45:25.228+0000] {dag.py:3096} INFO - Sync 1 DAGs
[2024-05-30T07:45:25.239+0000] {logging_mixin.py:188} INFO - [2024-05-30T07:45:25.239+0000] {dag.py:3954} INFO - Setting next_dagrun for tutorial_objectstorage to None, run_after=None
[2024-05-30T07:45:25.257+0000] {processor.py:183} INFO - Processing /home/airflow/.local/lib/python3.12/site-packages/airflow/example_dags/tutorial_objectstorage.py took 0.073 seconds
[2024-05-30T07:45:55.321+0000] {processor.py:161} INFO - Started process (PID=3236) to work on /home/airflow/.local/lib/python3.12/site-packages/airflow/example_dags/tutorial_objectstorage.py
[2024-05-30T07:45:55.322+0000] {processor.py:830} INFO - Processing file /home/airflow/.local/lib/python3.12/site-packages/airflow/example_dags/tutorial_objectstorage.py for tasks to queue
[2024-05-30T07:45:55.323+0000] {logging_mixin.py:188} INFO - [2024-05-30T07:45:55.322+0000] {dagbag.py:545} INFO - Filling up the DagBag from /home/airflow/.local/lib/python3.12/site-packages/airflow/example_dags/tutorial_objectstorage.py
[2024-05-30T07:45:55.326+0000] {processor.py:840} INFO - DAG(s) 'tutorial_objectstorage' retrieved from /home/airflow/.local/lib/python3.12/site-packages/airflow/example_dags/tutorial_objectstorage.py
[2024-05-30T07:45:55.336+0000] {logging_mixin.py:188} INFO - [2024-05-30T07:45:55.335+0000] {dag.py:3096} INFO - Sync 1 DAGs
[2024-05-30T07:45:55.341+0000] {logging_mixin.py:188} INFO - [2024-05-30T07:45:55.341+0000] {dag.py:3954} INFO - Setting next_dagrun for tutorial_objectstorage to None, run_after=None
[2024-05-30T07:45:55.348+0000] {processor.py:183} INFO - Processing /home/airflow/.local/lib/python3.12/site-packages/airflow/example_dags/tutorial_objectstorage.py took 0.030 seconds
[2024-05-30T07:46:25.935+0000] {processor.py:161} INFO - Started process (PID=3498) to work on /home/airflow/.local/lib/python3.12/site-packages/airflow/example_dags/tutorial_objectstorage.py
[2024-05-30T07:46:25.935+0000] {processor.py:830} INFO - Processing file /home/airflow/.local/lib/python3.12/site-packages/airflow/example_dags/tutorial_objectstorage.py for tasks to queue
[2024-05-30T07:46:25.936+0000] {logging_mixin.py:188} INFO - [2024-05-30T07:46:25.936+0000] {dagbag.py:545} INFO - Filling up the DagBag from /home/airflow/.local/lib/python3.12/site-packages/airflow/example_dags/tutorial_objectstorage.py
[2024-05-30T07:46:25.940+0000] {processor.py:840} INFO - DAG(s) 'tutorial_objectstorage' retrieved from /home/airflow/.local/lib/python3.12/site-packages/airflow/example_dags/tutorial_objectstorage.py
[2024-05-30T07:46:25.950+0000] {logging_mixin.py:188} INFO - [2024-05-30T07:46:25.949+0000] {dag.py:3096} INFO - Sync 1 DAGs
[2024-05-30T07:46:25.955+0000] {logging_mixin.py:188} INFO - [2024-05-30T07:46:25.955+0000] {dag.py:3954} INFO - Setting next_dagrun for tutorial_objectstorage to None, run_after=None
[2024-05-30T07:46:25.962+0000] {processor.py:183} INFO - Processing /home/airflow/.local/lib/python3.12/site-packages/airflow/example_dags/tutorial_objectstorage.py took 0.030 seconds
[2024-05-30T07:46:56.586+0000] {processor.py:161} INFO - Started process (PID=3908) to work on /home/airflow/.local/lib/python3.12/site-packages/airflow/example_dags/tutorial_objectstorage.py
[2024-05-30T07:46:56.587+0000] {processor.py:830} INFO - Processing file /home/airflow/.local/lib/python3.12/site-packages/airflow/example_dags/tutorial_objectstorage.py for tasks to queue
[2024-05-30T07:46:56.587+0000] {logging_mixin.py:188} INFO - [2024-05-30T07:46:56.587+0000] {dagbag.py:545} INFO - Filling up the DagBag from /home/airflow/.local/lib/python3.12/site-packages/airflow/example_dags/tutorial_objectstorage.py
[2024-05-30T07:46:56.592+0000] {processor.py:840} INFO - DAG(s) 'tutorial_objectstorage' retrieved from /home/airflow/.local/lib/python3.12/site-packages/airflow/example_dags/tutorial_objectstorage.py
[2024-05-30T07:46:56.600+0000] {logging_mixin.py:188} INFO - [2024-05-30T07:46:56.600+0000] {dag.py:3096} INFO - Sync 1 DAGs
[2024-05-30T07:46:56.606+0000] {logging_mixin.py:188} INFO - [2024-05-30T07:46:56.606+0000] {dag.py:3954} INFO - Setting next_dagrun for tutorial_objectstorage to None, run_after=None
[2024-05-30T07:46:56.613+0000] {processor.py:183} INFO - Processing /home/airflow/.local/lib/python3.12/site-packages/airflow/example_dags/tutorial_objectstorage.py took 0.032 seconds
[2024-05-30T07:47:27.348+0000] {processor.py:161} INFO - Started process (PID=4170) to work on /home/airflow/.local/lib/python3.12/site-packages/airflow/example_dags/tutorial_objectstorage.py
[2024-05-30T07:47:27.349+0000] {processor.py:830} INFO - Processing file /home/airflow/.local/lib/python3.12/site-packages/airflow/example_dags/tutorial_objectstorage.py for tasks to queue
[2024-05-30T07:47:27.349+0000] {logging_mixin.py:188} INFO - [2024-05-30T07:47:27.349+0000] {dagbag.py:545} INFO - Filling up the DagBag from /home/airflow/.local/lib/python3.12/site-packages/airflow/example_dags/tutorial_objectstorage.py
[2024-05-30T07:47:27.354+0000] {processor.py:840} INFO - DAG(s) 'tutorial_objectstorage' retrieved from /home/airflow/.local/lib/python3.12/site-packages/airflow/example_dags/tutorial_objectstorage.py
[2024-05-30T07:47:27.363+0000] {logging_mixin.py:188} INFO - [2024-05-30T07:47:27.363+0000] {dag.py:3096} INFO - Sync 1 DAGs
[2024-05-30T07:47:27.369+0000] {logging_mixin.py:188} INFO - [2024-05-30T07:47:27.369+0000] {dag.py:3954} INFO - Setting next_dagrun for tutorial_objectstorage to None, run_after=None
[2024-05-30T07:47:27.376+0000] {processor.py:183} INFO - Processing /home/airflow/.local/lib/python3.12/site-packages/airflow/example_dags/tutorial_objectstorage.py took 0.031 seconds
[2024-05-30T07:47:57.946+0000] {processor.py:161} INFO - Started process (PID=4432) to work on /home/airflow/.local/lib/python3.12/site-packages/airflow/example_dags/tutorial_objectstorage.py
[2024-05-30T07:47:57.946+0000] {processor.py:830} INFO - Processing file /home/airflow/.local/lib/python3.12/site-packages/airflow/example_dags/tutorial_objectstorage.py for tasks to queue
[2024-05-30T07:47:57.947+0000] {logging_mixin.py:188} INFO - [2024-05-30T07:47:57.947+0000] {dagbag.py:545} INFO - Filling up the DagBag from /home/airflow/.local/lib/python3.12/site-packages/airflow/example_dags/tutorial_objectstorage.py
[2024-05-30T07:47:57.951+0000] {processor.py:840} INFO - DAG(s) 'tutorial_objectstorage' retrieved from /home/airflow/.local/lib/python3.12/site-packages/airflow/example_dags/tutorial_objectstorage.py
[2024-05-30T07:47:57.960+0000] {logging_mixin.py:188} INFO - [2024-05-30T07:47:57.960+0000] {dag.py:3096} INFO - Sync 1 DAGs
[2024-05-30T07:47:57.966+0000] {logging_mixin.py:188} INFO - [2024-05-30T07:47:57.965+0000] {dag.py:3954} INFO - Setting next_dagrun for tutorial_objectstorage to None, run_after=None
[2024-05-30T07:47:57.973+0000] {processor.py:183} INFO - Processing /home/airflow/.local/lib/python3.12/site-packages/airflow/example_dags/tutorial_objectstorage.py took 0.030 seconds
[2024-05-30T07:48:28.730+0000] {processor.py:161} INFO - Started process (PID=4694) to work on /home/airflow/.local/lib/python3.12/site-packages/airflow/example_dags/tutorial_objectstorage.py
[2024-05-30T07:48:28.731+0000] {processor.py:830} INFO - Processing file /home/airflow/.local/lib/python3.12/site-packages/airflow/example_dags/tutorial_objectstorage.py for tasks to queue
[2024-05-30T07:48:28.732+0000] {logging_mixin.py:188} INFO - [2024-05-30T07:48:28.732+0000] {dagbag.py:545} INFO - Filling up the DagBag from /home/airflow/.local/lib/python3.12/site-packages/airflow/example_dags/tutorial_objectstorage.py
[2024-05-30T07:48:28.736+0000] {processor.py:840} INFO - DAG(s) 'tutorial_objectstorage' retrieved from /home/airflow/.local/lib/python3.12/site-packages/airflow/example_dags/tutorial_objectstorage.py
[2024-05-30T07:48:28.744+0000] {logging_mixin.py:188} INFO - [2024-05-30T07:48:28.744+0000] {dag.py:3096} INFO - Sync 1 DAGs
[2024-05-30T07:48:28.750+0000] {logging_mixin.py:188} INFO - [2024-05-30T07:48:28.750+0000] {dag.py:3954} INFO - Setting next_dagrun for tutorial_objectstorage to None, run_after=None
[2024-05-30T07:48:28.757+0000] {processor.py:183} INFO - Processing /home/airflow/.local/lib/python3.12/site-packages/airflow/example_dags/tutorial_objectstorage.py took 0.030 seconds
[2024-05-30T07:48:58.855+0000] {processor.py:161} INFO - Started process (PID=4956) to work on /home/airflow/.local/lib/python3.12/site-packages/airflow/example_dags/tutorial_objectstorage.py
[2024-05-30T07:48:58.856+0000] {processor.py:830} INFO - Processing file /home/airflow/.local/lib/python3.12/site-packages/airflow/example_dags/tutorial_objectstorage.py for tasks to queue
[2024-05-30T07:48:58.857+0000] {logging_mixin.py:188} INFO - [2024-05-30T07:48:58.857+0000] {dagbag.py:545} INFO - Filling up the DagBag from /home/airflow/.local/lib/python3.12/site-packages/airflow/example_dags/tutorial_objectstorage.py
[2024-05-30T07:48:58.861+0000] {processor.py:840} INFO - DAG(s) 'tutorial_objectstorage' retrieved from /home/airflow/.local/lib/python3.12/site-packages/airflow/example_dags/tutorial_objectstorage.py
[2024-05-30T07:48:58.872+0000] {logging_mixin.py:188} INFO - [2024-05-30T07:48:58.872+0000] {dag.py:3096} INFO - Sync 1 DAGs
[2024-05-30T07:48:58.878+0000] {logging_mixin.py:188} INFO - [2024-05-30T07:48:58.878+0000] {dag.py:3954} INFO - Setting next_dagrun for tutorial_objectstorage to None, run_after=None
[2024-05-30T07:48:58.885+0000] {processor.py:183} INFO - Processing /home/airflow/.local/lib/python3.12/site-packages/airflow/example_dags/tutorial_objectstorage.py took 0.034 seconds
[2024-05-30T07:49:29.542+0000] {processor.py:161} INFO - Started process (PID=5218) to work on /home/airflow/.local/lib/python3.12/site-packages/airflow/example_dags/tutorial_objectstorage.py
[2024-05-30T07:49:29.542+0000] {processor.py:830} INFO - Processing file /home/airflow/.local/lib/python3.12/site-packages/airflow/example_dags/tutorial_objectstorage.py for tasks to queue
[2024-05-30T07:49:29.544+0000] {logging_mixin.py:188} INFO - [2024-05-30T07:49:29.543+0000] {dagbag.py:545} INFO - Filling up the DagBag from /home/airflow/.local/lib/python3.12/site-packages/airflow/example_dags/tutorial_objectstorage.py
[2024-05-30T07:49:29.548+0000] {processor.py:840} INFO - DAG(s) 'tutorial_objectstorage' retrieved from /home/airflow/.local/lib/python3.12/site-packages/airflow/example_dags/tutorial_objectstorage.py
[2024-05-30T07:49:29.556+0000] {logging_mixin.py:188} INFO - [2024-05-30T07:49:29.556+0000] {dag.py:3096} INFO - Sync 1 DAGs
[2024-05-30T07:49:29.562+0000] {logging_mixin.py:188} INFO - [2024-05-30T07:49:29.562+0000] {dag.py:3954} INFO - Setting next_dagrun for tutorial_objectstorage to None, run_after=None
[2024-05-30T07:49:29.569+0000] {processor.py:183} INFO - Processing /home/airflow/.local/lib/python3.12/site-packages/airflow/example_dags/tutorial_objectstorage.py took 0.030 seconds
