[2024-05-30T07:40:18.828+0000] {processor.py:161} INFO - Started process (PID=344) to work on /home/airflow/.local/lib/python3.12/site-packages/airflow/example_dags/tutorial_dag.py
[2024-05-30T07:40:18.828+0000] {processor.py:830} INFO - Processing file /home/airflow/.local/lib/python3.12/site-packages/airflow/example_dags/tutorial_dag.py for tasks to queue
[2024-05-30T07:40:18.829+0000] {logging_mixin.py:188} INFO - [2024-05-30T07:40:18.829+0000] {dagbag.py:545} INFO - Filling up the DagBag from /home/airflow/.local/lib/python3.12/site-packages/airflow/example_dags/tutorial_dag.py
[2024-05-30T07:40:18.833+0000] {processor.py:840} INFO - DAG(s) 'tutorial_dag' retrieved from /home/airflow/.local/lib/python3.12/site-packages/airflow/example_dags/tutorial_dag.py
[2024-05-30T07:40:18.880+0000] {logging_mixin.py:188} INFO - [2024-05-30T07:40:18.880+0000] {override.py:1829} INFO - Created Permission View: can delete on DAG:tutorial_dag
[2024-05-30T07:40:18.884+0000] {logging_mixin.py:188} INFO - [2024-05-30T07:40:18.884+0000] {override.py:1829} INFO - Created Permission View: can edit on DAG:tutorial_dag
[2024-05-30T07:40:18.886+0000] {logging_mixin.py:188} INFO - [2024-05-30T07:40:18.886+0000] {override.py:1829} INFO - Created Permission View: can read on DAG:tutorial_dag
[2024-05-30T07:40:18.886+0000] {logging_mixin.py:188} INFO - [2024-05-30T07:40:18.886+0000] {dag.py:3096} INFO - Sync 1 DAGs
[2024-05-30T07:40:18.890+0000] {logging_mixin.py:188} INFO - [2024-05-30T07:40:18.890+0000] {dag.py:3118} INFO - Creating ORM DAG for tutorial_dag
[2024-05-30T07:40:18.890+0000] {logging_mixin.py:188} INFO - [2024-05-30T07:40:18.890+0000] {dag.py:3954} INFO - Setting next_dagrun for tutorial_dag to None, run_after=None
[2024-05-30T07:40:18.896+0000] {processor.py:183} INFO - Processing /home/airflow/.local/lib/python3.12/site-packages/airflow/example_dags/tutorial_dag.py took 0.071 seconds
[2024-05-30T07:40:49.399+0000] {processor.py:161} INFO - Started process (PID=606) to work on /home/airflow/.local/lib/python3.12/site-packages/airflow/example_dags/tutorial_dag.py
[2024-05-30T07:40:49.400+0000] {processor.py:830} INFO - Processing file /home/airflow/.local/lib/python3.12/site-packages/airflow/example_dags/tutorial_dag.py for tasks to queue
[2024-05-30T07:40:49.400+0000] {logging_mixin.py:188} INFO - [2024-05-30T07:40:49.400+0000] {dagbag.py:545} INFO - Filling up the DagBag from /home/airflow/.local/lib/python3.12/site-packages/airflow/example_dags/tutorial_dag.py
[2024-05-30T07:40:49.403+0000] {processor.py:840} INFO - DAG(s) 'tutorial_dag' retrieved from /home/airflow/.local/lib/python3.12/site-packages/airflow/example_dags/tutorial_dag.py
[2024-05-30T07:40:49.412+0000] {logging_mixin.py:188} INFO - [2024-05-30T07:40:49.412+0000] {dag.py:3096} INFO - Sync 1 DAGs
[2024-05-30T07:40:49.417+0000] {logging_mixin.py:188} INFO - [2024-05-30T07:40:49.417+0000] {dag.py:3954} INFO - Setting next_dagrun for tutorial_dag to None, run_after=None
[2024-05-30T07:40:49.424+0000] {processor.py:183} INFO - Processing /home/airflow/.local/lib/python3.12/site-packages/airflow/example_dags/tutorial_dag.py took 0.028 seconds
[2024-05-30T07:41:20.000+0000] {processor.py:161} INFO - Started process (PID=868) to work on /home/airflow/.local/lib/python3.12/site-packages/airflow/example_dags/tutorial_dag.py
[2024-05-30T07:41:20.001+0000] {processor.py:830} INFO - Processing file /home/airflow/.local/lib/python3.12/site-packages/airflow/example_dags/tutorial_dag.py for tasks to queue
[2024-05-30T07:41:20.002+0000] {logging_mixin.py:188} INFO - [2024-05-30T07:41:20.002+0000] {dagbag.py:545} INFO - Filling up the DagBag from /home/airflow/.local/lib/python3.12/site-packages/airflow/example_dags/tutorial_dag.py
[2024-05-30T07:41:20.005+0000] {processor.py:840} INFO - DAG(s) 'tutorial_dag' retrieved from /home/airflow/.local/lib/python3.12/site-packages/airflow/example_dags/tutorial_dag.py
[2024-05-30T07:41:20.013+0000] {logging_mixin.py:188} INFO - [2024-05-30T07:41:20.013+0000] {dag.py:3096} INFO - Sync 1 DAGs
[2024-05-30T07:41:20.019+0000] {logging_mixin.py:188} INFO - [2024-05-30T07:41:20.019+0000] {dag.py:3954} INFO - Setting next_dagrun for tutorial_dag to None, run_after=None
[2024-05-30T07:41:20.025+0000] {processor.py:183} INFO - Processing /home/airflow/.local/lib/python3.12/site-packages/airflow/example_dags/tutorial_dag.py took 0.028 seconds
[2024-05-30T07:41:50.551+0000] {processor.py:161} INFO - Started process (PID=1130) to work on /home/airflow/.local/lib/python3.12/site-packages/airflow/example_dags/tutorial_dag.py
[2024-05-30T07:41:50.551+0000] {processor.py:830} INFO - Processing file /home/airflow/.local/lib/python3.12/site-packages/airflow/example_dags/tutorial_dag.py for tasks to queue
[2024-05-30T07:41:50.552+0000] {logging_mixin.py:188} INFO - [2024-05-30T07:41:50.552+0000] {dagbag.py:545} INFO - Filling up the DagBag from /home/airflow/.local/lib/python3.12/site-packages/airflow/example_dags/tutorial_dag.py
[2024-05-30T07:41:50.555+0000] {processor.py:840} INFO - DAG(s) 'tutorial_dag' retrieved from /home/airflow/.local/lib/python3.12/site-packages/airflow/example_dags/tutorial_dag.py
[2024-05-30T07:41:50.563+0000] {logging_mixin.py:188} INFO - [2024-05-30T07:41:50.563+0000] {dag.py:3096} INFO - Sync 1 DAGs
[2024-05-30T07:41:50.569+0000] {logging_mixin.py:188} INFO - [2024-05-30T07:41:50.568+0000] {dag.py:3954} INFO - Setting next_dagrun for tutorial_dag to None, run_after=None
[2024-05-30T07:41:50.575+0000] {processor.py:183} INFO - Processing /home/airflow/.local/lib/python3.12/site-packages/airflow/example_dags/tutorial_dag.py took 0.028 seconds
[2024-05-30T07:42:21.190+0000] {processor.py:161} INFO - Started process (PID=1392) to work on /home/airflow/.local/lib/python3.12/site-packages/airflow/example_dags/tutorial_dag.py
[2024-05-30T07:42:21.191+0000] {processor.py:830} INFO - Processing file /home/airflow/.local/lib/python3.12/site-packages/airflow/example_dags/tutorial_dag.py for tasks to queue
[2024-05-30T07:42:21.192+0000] {logging_mixin.py:188} INFO - [2024-05-30T07:42:21.191+0000] {dagbag.py:545} INFO - Filling up the DagBag from /home/airflow/.local/lib/python3.12/site-packages/airflow/example_dags/tutorial_dag.py
[2024-05-30T07:42:21.194+0000] {processor.py:840} INFO - DAG(s) 'tutorial_dag' retrieved from /home/airflow/.local/lib/python3.12/site-packages/airflow/example_dags/tutorial_dag.py
[2024-05-30T07:42:21.204+0000] {logging_mixin.py:188} INFO - [2024-05-30T07:42:21.204+0000] {dag.py:3096} INFO - Sync 1 DAGs
[2024-05-30T07:42:21.209+0000] {logging_mixin.py:188} INFO - [2024-05-30T07:42:21.209+0000] {dag.py:3954} INFO - Setting next_dagrun for tutorial_dag to None, run_after=None
[2024-05-30T07:42:21.216+0000] {processor.py:183} INFO - Processing /home/airflow/.local/lib/python3.12/site-packages/airflow/example_dags/tutorial_dag.py took 0.029 seconds
[2024-05-30T07:42:51.925+0000] {processor.py:161} INFO - Started process (PID=1654) to work on /home/airflow/.local/lib/python3.12/site-packages/airflow/example_dags/tutorial_dag.py
[2024-05-30T07:42:51.926+0000] {processor.py:830} INFO - Processing file /home/airflow/.local/lib/python3.12/site-packages/airflow/example_dags/tutorial_dag.py for tasks to queue
[2024-05-30T07:42:51.927+0000] {logging_mixin.py:188} INFO - [2024-05-30T07:42:51.927+0000] {dagbag.py:545} INFO - Filling up the DagBag from /home/airflow/.local/lib/python3.12/site-packages/airflow/example_dags/tutorial_dag.py
[2024-05-30T07:42:51.931+0000] {processor.py:840} INFO - DAG(s) 'tutorial_dag' retrieved from /home/airflow/.local/lib/python3.12/site-packages/airflow/example_dags/tutorial_dag.py
[2024-05-30T07:42:51.947+0000] {logging_mixin.py:188} INFO - [2024-05-30T07:42:51.947+0000] {dag.py:3096} INFO - Sync 1 DAGs
[2024-05-30T07:42:51.955+0000] {logging_mixin.py:188} INFO - [2024-05-30T07:42:51.955+0000] {dag.py:3954} INFO - Setting next_dagrun for tutorial_dag to None, run_after=None
[2024-05-30T07:42:51.963+0000] {processor.py:183} INFO - Processing /home/airflow/.local/lib/python3.12/site-packages/airflow/example_dags/tutorial_dag.py took 0.041 seconds
[2024-05-30T07:43:22.036+0000] {processor.py:161} INFO - Started process (PID=1916) to work on /home/airflow/.local/lib/python3.12/site-packages/airflow/example_dags/tutorial_dag.py
[2024-05-30T07:43:22.037+0000] {processor.py:830} INFO - Processing file /home/airflow/.local/lib/python3.12/site-packages/airflow/example_dags/tutorial_dag.py for tasks to queue
[2024-05-30T07:43:22.038+0000] {logging_mixin.py:188} INFO - [2024-05-30T07:43:22.038+0000] {dagbag.py:545} INFO - Filling up the DagBag from /home/airflow/.local/lib/python3.12/site-packages/airflow/example_dags/tutorial_dag.py
[2024-05-30T07:43:22.041+0000] {processor.py:840} INFO - DAG(s) 'tutorial_dag' retrieved from /home/airflow/.local/lib/python3.12/site-packages/airflow/example_dags/tutorial_dag.py
[2024-05-30T07:43:22.050+0000] {logging_mixin.py:188} INFO - [2024-05-30T07:43:22.050+0000] {dag.py:3096} INFO - Sync 1 DAGs
[2024-05-30T07:43:22.056+0000] {logging_mixin.py:188} INFO - [2024-05-30T07:43:22.056+0000] {dag.py:3954} INFO - Setting next_dagrun for tutorial_dag to None, run_after=None
[2024-05-30T07:43:22.063+0000] {processor.py:183} INFO - Processing /home/airflow/.local/lib/python3.12/site-packages/airflow/example_dags/tutorial_dag.py took 0.029 seconds
[2024-05-30T07:43:52.793+0000] {processor.py:161} INFO - Started process (PID=2178) to work on /home/airflow/.local/lib/python3.12/site-packages/airflow/example_dags/tutorial_dag.py
[2024-05-30T07:43:52.793+0000] {processor.py:830} INFO - Processing file /home/airflow/.local/lib/python3.12/site-packages/airflow/example_dags/tutorial_dag.py for tasks to queue
[2024-05-30T07:43:52.794+0000] {logging_mixin.py:188} INFO - [2024-05-30T07:43:52.794+0000] {dagbag.py:545} INFO - Filling up the DagBag from /home/airflow/.local/lib/python3.12/site-packages/airflow/example_dags/tutorial_dag.py
[2024-05-30T07:43:52.797+0000] {processor.py:840} INFO - DAG(s) 'tutorial_dag' retrieved from /home/airflow/.local/lib/python3.12/site-packages/airflow/example_dags/tutorial_dag.py
[2024-05-30T07:43:52.807+0000] {logging_mixin.py:188} INFO - [2024-05-30T07:43:52.807+0000] {dag.py:3096} INFO - Sync 1 DAGs
[2024-05-30T07:43:52.812+0000] {logging_mixin.py:188} INFO - [2024-05-30T07:43:52.812+0000] {dag.py:3954} INFO - Setting next_dagrun for tutorial_dag to None, run_after=None
[2024-05-30T07:43:52.819+0000] {processor.py:183} INFO - Processing /home/airflow/.local/lib/python3.12/site-packages/airflow/example_dags/tutorial_dag.py took 0.030 seconds
[2024-05-30T07:44:23.456+0000] {processor.py:161} INFO - Started process (PID=2440) to work on /home/airflow/.local/lib/python3.12/site-packages/airflow/example_dags/tutorial_dag.py
[2024-05-30T07:44:23.456+0000] {processor.py:830} INFO - Processing file /home/airflow/.local/lib/python3.12/site-packages/airflow/example_dags/tutorial_dag.py for tasks to queue
[2024-05-30T07:44:23.457+0000] {logging_mixin.py:188} INFO - [2024-05-30T07:44:23.457+0000] {dagbag.py:545} INFO - Filling up the DagBag from /home/airflow/.local/lib/python3.12/site-packages/airflow/example_dags/tutorial_dag.py
[2024-05-30T07:44:23.460+0000] {processor.py:840} INFO - DAG(s) 'tutorial_dag' retrieved from /home/airflow/.local/lib/python3.12/site-packages/airflow/example_dags/tutorial_dag.py
[2024-05-30T07:44:23.468+0000] {logging_mixin.py:188} INFO - [2024-05-30T07:44:23.468+0000] {dag.py:3096} INFO - Sync 1 DAGs
[2024-05-30T07:44:23.474+0000] {logging_mixin.py:188} INFO - [2024-05-30T07:44:23.473+0000] {dag.py:3954} INFO - Setting next_dagrun for tutorial_dag to None, run_after=None
[2024-05-30T07:44:23.480+0000] {processor.py:183} INFO - Processing /home/airflow/.local/lib/python3.12/site-packages/airflow/example_dags/tutorial_dag.py took 0.027 seconds
[2024-05-30T07:44:54.243+0000] {processor.py:161} INFO - Started process (PID=2702) to work on /home/airflow/.local/lib/python3.12/site-packages/airflow/example_dags/tutorial_dag.py
[2024-05-30T07:44:54.244+0000] {processor.py:830} INFO - Processing file /home/airflow/.local/lib/python3.12/site-packages/airflow/example_dags/tutorial_dag.py for tasks to queue
[2024-05-30T07:44:54.245+0000] {logging_mixin.py:188} INFO - [2024-05-30T07:44:54.244+0000] {dagbag.py:545} INFO - Filling up the DagBag from /home/airflow/.local/lib/python3.12/site-packages/airflow/example_dags/tutorial_dag.py
[2024-05-30T07:44:54.248+0000] {processor.py:840} INFO - DAG(s) 'tutorial_dag' retrieved from /home/airflow/.local/lib/python3.12/site-packages/airflow/example_dags/tutorial_dag.py
[2024-05-30T07:44:54.257+0000] {logging_mixin.py:188} INFO - [2024-05-30T07:44:54.257+0000] {dag.py:3096} INFO - Sync 1 DAGs
[2024-05-30T07:44:54.262+0000] {logging_mixin.py:188} INFO - [2024-05-30T07:44:54.262+0000] {dag.py:3954} INFO - Setting next_dagrun for tutorial_dag to None, run_after=None
[2024-05-30T07:44:54.269+0000] {processor.py:183} INFO - Processing /home/airflow/.local/lib/python3.12/site-packages/airflow/example_dags/tutorial_dag.py took 0.029 seconds
[2024-05-30T07:45:25.097+0000] {processor.py:161} INFO - Started process (PID=2964) to work on /home/airflow/.local/lib/python3.12/site-packages/airflow/example_dags/tutorial_dag.py
[2024-05-30T07:45:25.099+0000] {processor.py:830} INFO - Processing file /home/airflow/.local/lib/python3.12/site-packages/airflow/example_dags/tutorial_dag.py for tasks to queue
[2024-05-30T07:45:25.103+0000] {logging_mixin.py:188} INFO - [2024-05-30T07:45:25.102+0000] {dagbag.py:545} INFO - Filling up the DagBag from /home/airflow/.local/lib/python3.12/site-packages/airflow/example_dags/tutorial_dag.py
[2024-05-30T07:45:25.114+0000] {processor.py:840} INFO - DAG(s) 'tutorial_dag' retrieved from /home/airflow/.local/lib/python3.12/site-packages/airflow/example_dags/tutorial_dag.py
[2024-05-30T07:45:25.139+0000] {logging_mixin.py:188} INFO - [2024-05-30T07:45:25.138+0000] {dag.py:3096} INFO - Sync 1 DAGs
[2024-05-30T07:45:25.151+0000] {logging_mixin.py:188} INFO - [2024-05-30T07:45:25.151+0000] {dag.py:3954} INFO - Setting next_dagrun for tutorial_dag to None, run_after=None
[2024-05-30T07:45:25.171+0000] {processor.py:183} INFO - Processing /home/airflow/.local/lib/python3.12/site-packages/airflow/example_dags/tutorial_dag.py took 0.082 seconds
[2024-05-30T07:45:55.280+0000] {processor.py:161} INFO - Started process (PID=3228) to work on /home/airflow/.local/lib/python3.12/site-packages/airflow/example_dags/tutorial_dag.py
[2024-05-30T07:45:55.281+0000] {processor.py:830} INFO - Processing file /home/airflow/.local/lib/python3.12/site-packages/airflow/example_dags/tutorial_dag.py for tasks to queue
[2024-05-30T07:45:55.282+0000] {logging_mixin.py:188} INFO - [2024-05-30T07:45:55.282+0000] {dagbag.py:545} INFO - Filling up the DagBag from /home/airflow/.local/lib/python3.12/site-packages/airflow/example_dags/tutorial_dag.py
[2024-05-30T07:45:55.285+0000] {processor.py:840} INFO - DAG(s) 'tutorial_dag' retrieved from /home/airflow/.local/lib/python3.12/site-packages/airflow/example_dags/tutorial_dag.py
[2024-05-30T07:45:55.294+0000] {logging_mixin.py:188} INFO - [2024-05-30T07:45:55.294+0000] {dag.py:3096} INFO - Sync 1 DAGs
[2024-05-30T07:45:55.299+0000] {logging_mixin.py:188} INFO - [2024-05-30T07:45:55.299+0000] {dag.py:3954} INFO - Setting next_dagrun for tutorial_dag to None, run_after=None
[2024-05-30T07:45:55.306+0000] {processor.py:183} INFO - Processing /home/airflow/.local/lib/python3.12/site-packages/airflow/example_dags/tutorial_dag.py took 0.029 seconds
[2024-05-30T07:46:25.889+0000] {processor.py:161} INFO - Started process (PID=3488) to work on /home/airflow/.local/lib/python3.12/site-packages/airflow/example_dags/tutorial_dag.py
[2024-05-30T07:46:25.890+0000] {processor.py:830} INFO - Processing file /home/airflow/.local/lib/python3.12/site-packages/airflow/example_dags/tutorial_dag.py for tasks to queue
[2024-05-30T07:46:25.891+0000] {logging_mixin.py:188} INFO - [2024-05-30T07:46:25.891+0000] {dagbag.py:545} INFO - Filling up the DagBag from /home/airflow/.local/lib/python3.12/site-packages/airflow/example_dags/tutorial_dag.py
[2024-05-30T07:46:25.894+0000] {processor.py:840} INFO - DAG(s) 'tutorial_dag' retrieved from /home/airflow/.local/lib/python3.12/site-packages/airflow/example_dags/tutorial_dag.py
[2024-05-30T07:46:25.905+0000] {logging_mixin.py:188} INFO - [2024-05-30T07:46:25.905+0000] {dag.py:3096} INFO - Sync 1 DAGs
[2024-05-30T07:46:25.911+0000] {logging_mixin.py:188} INFO - [2024-05-30T07:46:25.910+0000] {dag.py:3954} INFO - Setting next_dagrun for tutorial_dag to None, run_after=None
[2024-05-30T07:46:25.918+0000] {processor.py:183} INFO - Processing /home/airflow/.local/lib/python3.12/site-packages/airflow/example_dags/tutorial_dag.py took 0.032 seconds
[2024-05-30T07:46:56.542+0000] {processor.py:161} INFO - Started process (PID=3898) to work on /home/airflow/.local/lib/python3.12/site-packages/airflow/example_dags/tutorial_dag.py
[2024-05-30T07:46:56.543+0000] {processor.py:830} INFO - Processing file /home/airflow/.local/lib/python3.12/site-packages/airflow/example_dags/tutorial_dag.py for tasks to queue
[2024-05-30T07:46:56.544+0000] {logging_mixin.py:188} INFO - [2024-05-30T07:46:56.544+0000] {dagbag.py:545} INFO - Filling up the DagBag from /home/airflow/.local/lib/python3.12/site-packages/airflow/example_dags/tutorial_dag.py
[2024-05-30T07:46:56.547+0000] {processor.py:840} INFO - DAG(s) 'tutorial_dag' retrieved from /home/airflow/.local/lib/python3.12/site-packages/airflow/example_dags/tutorial_dag.py
[2024-05-30T07:46:56.556+0000] {logging_mixin.py:188} INFO - [2024-05-30T07:46:56.556+0000] {dag.py:3096} INFO - Sync 1 DAGs
[2024-05-30T07:46:56.562+0000] {logging_mixin.py:188} INFO - [2024-05-30T07:46:56.562+0000] {dag.py:3954} INFO - Setting next_dagrun for tutorial_dag to None, run_after=None
[2024-05-30T07:46:56.569+0000] {processor.py:183} INFO - Processing /home/airflow/.local/lib/python3.12/site-packages/airflow/example_dags/tutorial_dag.py took 0.029 seconds
[2024-05-30T07:47:27.301+0000] {processor.py:161} INFO - Started process (PID=4160) to work on /home/airflow/.local/lib/python3.12/site-packages/airflow/example_dags/tutorial_dag.py
[2024-05-30T07:47:27.302+0000] {processor.py:830} INFO - Processing file /home/airflow/.local/lib/python3.12/site-packages/airflow/example_dags/tutorial_dag.py for tasks to queue
[2024-05-30T07:47:27.303+0000] {logging_mixin.py:188} INFO - [2024-05-30T07:47:27.303+0000] {dagbag.py:545} INFO - Filling up the DagBag from /home/airflow/.local/lib/python3.12/site-packages/airflow/example_dags/tutorial_dag.py
[2024-05-30T07:47:27.306+0000] {processor.py:840} INFO - DAG(s) 'tutorial_dag' retrieved from /home/airflow/.local/lib/python3.12/site-packages/airflow/example_dags/tutorial_dag.py
[2024-05-30T07:47:27.316+0000] {logging_mixin.py:188} INFO - [2024-05-30T07:47:27.316+0000] {dag.py:3096} INFO - Sync 1 DAGs
[2024-05-30T07:47:27.322+0000] {logging_mixin.py:188} INFO - [2024-05-30T07:47:27.322+0000] {dag.py:3954} INFO - Setting next_dagrun for tutorial_dag to None, run_after=None
[2024-05-30T07:47:27.333+0000] {processor.py:183} INFO - Processing /home/airflow/.local/lib/python3.12/site-packages/airflow/example_dags/tutorial_dag.py took 0.035 seconds
[2024-05-30T07:47:57.905+0000] {processor.py:161} INFO - Started process (PID=4422) to work on /home/airflow/.local/lib/python3.12/site-packages/airflow/example_dags/tutorial_dag.py
[2024-05-30T07:47:57.905+0000] {processor.py:830} INFO - Processing file /home/airflow/.local/lib/python3.12/site-packages/airflow/example_dags/tutorial_dag.py for tasks to queue
[2024-05-30T07:47:57.906+0000] {logging_mixin.py:188} INFO - [2024-05-30T07:47:57.906+0000] {dagbag.py:545} INFO - Filling up the DagBag from /home/airflow/.local/lib/python3.12/site-packages/airflow/example_dags/tutorial_dag.py
[2024-05-30T07:47:57.909+0000] {processor.py:840} INFO - DAG(s) 'tutorial_dag' retrieved from /home/airflow/.local/lib/python3.12/site-packages/airflow/example_dags/tutorial_dag.py
[2024-05-30T07:47:57.919+0000] {logging_mixin.py:188} INFO - [2024-05-30T07:47:57.918+0000] {dag.py:3096} INFO - Sync 1 DAGs
[2024-05-30T07:47:57.924+0000] {logging_mixin.py:188} INFO - [2024-05-30T07:47:57.924+0000] {dag.py:3954} INFO - Setting next_dagrun for tutorial_dag to None, run_after=None
[2024-05-30T07:47:57.931+0000] {processor.py:183} INFO - Processing /home/airflow/.local/lib/python3.12/site-packages/airflow/example_dags/tutorial_dag.py took 0.030 seconds
[2024-05-30T07:48:28.687+0000] {processor.py:161} INFO - Started process (PID=4684) to work on /home/airflow/.local/lib/python3.12/site-packages/airflow/example_dags/tutorial_dag.py
[2024-05-30T07:48:28.687+0000] {processor.py:830} INFO - Processing file /home/airflow/.local/lib/python3.12/site-packages/airflow/example_dags/tutorial_dag.py for tasks to queue
[2024-05-30T07:48:28.688+0000] {logging_mixin.py:188} INFO - [2024-05-30T07:48:28.688+0000] {dagbag.py:545} INFO - Filling up the DagBag from /home/airflow/.local/lib/python3.12/site-packages/airflow/example_dags/tutorial_dag.py
[2024-05-30T07:48:28.691+0000] {processor.py:840} INFO - DAG(s) 'tutorial_dag' retrieved from /home/airflow/.local/lib/python3.12/site-packages/airflow/example_dags/tutorial_dag.py
[2024-05-30T07:48:28.701+0000] {logging_mixin.py:188} INFO - [2024-05-30T07:48:28.700+0000] {dag.py:3096} INFO - Sync 1 DAGs
[2024-05-30T07:48:28.709+0000] {logging_mixin.py:188} INFO - [2024-05-30T07:48:28.708+0000] {dag.py:3954} INFO - Setting next_dagrun for tutorial_dag to None, run_after=None
[2024-05-30T07:48:28.716+0000] {processor.py:183} INFO - Processing /home/airflow/.local/lib/python3.12/site-packages/airflow/example_dags/tutorial_dag.py took 0.032 seconds
[2024-05-30T07:48:58.812+0000] {processor.py:161} INFO - Started process (PID=4946) to work on /home/airflow/.local/lib/python3.12/site-packages/airflow/example_dags/tutorial_dag.py
[2024-05-30T07:48:58.813+0000] {processor.py:830} INFO - Processing file /home/airflow/.local/lib/python3.12/site-packages/airflow/example_dags/tutorial_dag.py for tasks to queue
[2024-05-30T07:48:58.814+0000] {logging_mixin.py:188} INFO - [2024-05-30T07:48:58.814+0000] {dagbag.py:545} INFO - Filling up the DagBag from /home/airflow/.local/lib/python3.12/site-packages/airflow/example_dags/tutorial_dag.py
[2024-05-30T07:48:58.817+0000] {processor.py:840} INFO - DAG(s) 'tutorial_dag' retrieved from /home/airflow/.local/lib/python3.12/site-packages/airflow/example_dags/tutorial_dag.py
[2024-05-30T07:48:58.826+0000] {logging_mixin.py:188} INFO - [2024-05-30T07:48:58.826+0000] {dag.py:3096} INFO - Sync 1 DAGs
[2024-05-30T07:48:58.832+0000] {logging_mixin.py:188} INFO - [2024-05-30T07:48:58.831+0000] {dag.py:3954} INFO - Setting next_dagrun for tutorial_dag to None, run_after=None
[2024-05-30T07:48:58.840+0000] {processor.py:183} INFO - Processing /home/airflow/.local/lib/python3.12/site-packages/airflow/example_dags/tutorial_dag.py took 0.030 seconds
[2024-05-30T07:49:29.500+0000] {processor.py:161} INFO - Started process (PID=5208) to work on /home/airflow/.local/lib/python3.12/site-packages/airflow/example_dags/tutorial_dag.py
[2024-05-30T07:49:29.501+0000] {processor.py:830} INFO - Processing file /home/airflow/.local/lib/python3.12/site-packages/airflow/example_dags/tutorial_dag.py for tasks to queue
[2024-05-30T07:49:29.502+0000] {logging_mixin.py:188} INFO - [2024-05-30T07:49:29.502+0000] {dagbag.py:545} INFO - Filling up the DagBag from /home/airflow/.local/lib/python3.12/site-packages/airflow/example_dags/tutorial_dag.py
[2024-05-30T07:49:29.505+0000] {processor.py:840} INFO - DAG(s) 'tutorial_dag' retrieved from /home/airflow/.local/lib/python3.12/site-packages/airflow/example_dags/tutorial_dag.py
[2024-05-30T07:49:29.515+0000] {logging_mixin.py:188} INFO - [2024-05-30T07:49:29.515+0000] {dag.py:3096} INFO - Sync 1 DAGs
[2024-05-30T07:49:29.520+0000] {logging_mixin.py:188} INFO - [2024-05-30T07:49:29.520+0000] {dag.py:3954} INFO - Setting next_dagrun for tutorial_dag to None, run_after=None
[2024-05-30T07:49:29.527+0000] {processor.py:183} INFO - Processing /home/airflow/.local/lib/python3.12/site-packages/airflow/example_dags/tutorial_dag.py took 0.030 seconds
[2024-05-30T07:50:00.192+0000] {processor.py:161} INFO - Started process (PID=5470) to work on /home/airflow/.local/lib/python3.12/site-packages/airflow/example_dags/tutorial_dag.py
[2024-05-30T07:50:00.193+0000] {processor.py:830} INFO - Processing file /home/airflow/.local/lib/python3.12/site-packages/airflow/example_dags/tutorial_dag.py for tasks to queue
[2024-05-30T07:50:00.194+0000] {logging_mixin.py:188} INFO - [2024-05-30T07:50:00.194+0000] {dagbag.py:545} INFO - Filling up the DagBag from /home/airflow/.local/lib/python3.12/site-packages/airflow/example_dags/tutorial_dag.py
[2024-05-30T07:50:00.197+0000] {processor.py:840} INFO - DAG(s) 'tutorial_dag' retrieved from /home/airflow/.local/lib/python3.12/site-packages/airflow/example_dags/tutorial_dag.py
[2024-05-30T07:50:00.208+0000] {logging_mixin.py:188} INFO - [2024-05-30T07:50:00.208+0000] {dag.py:3096} INFO - Sync 1 DAGs
[2024-05-30T07:50:00.214+0000] {logging_mixin.py:188} INFO - [2024-05-30T07:50:00.214+0000] {dag.py:3954} INFO - Setting next_dagrun for tutorial_dag to None, run_after=None
[2024-05-30T07:50:00.221+0000] {processor.py:183} INFO - Processing /home/airflow/.local/lib/python3.12/site-packages/airflow/example_dags/tutorial_dag.py took 0.032 seconds
[2024-05-30T07:50:30.871+0000] {processor.py:161} INFO - Started process (PID=5732) to work on /home/airflow/.local/lib/python3.12/site-packages/airflow/example_dags/tutorial_dag.py
[2024-05-30T07:50:30.871+0000] {processor.py:830} INFO - Processing file /home/airflow/.local/lib/python3.12/site-packages/airflow/example_dags/tutorial_dag.py for tasks to queue
[2024-05-30T07:50:30.872+0000] {logging_mixin.py:188} INFO - [2024-05-30T07:50:30.872+0000] {dagbag.py:545} INFO - Filling up the DagBag from /home/airflow/.local/lib/python3.12/site-packages/airflow/example_dags/tutorial_dag.py
[2024-05-30T07:50:30.875+0000] {processor.py:840} INFO - DAG(s) 'tutorial_dag' retrieved from /home/airflow/.local/lib/python3.12/site-packages/airflow/example_dags/tutorial_dag.py
[2024-05-30T07:50:30.884+0000] {logging_mixin.py:188} INFO - [2024-05-30T07:50:30.884+0000] {dag.py:3096} INFO - Sync 1 DAGs
[2024-05-30T07:50:30.889+0000] {logging_mixin.py:188} INFO - [2024-05-30T07:50:30.889+0000] {dag.py:3954} INFO - Setting next_dagrun for tutorial_dag to None, run_after=None
[2024-05-30T07:50:30.896+0000] {processor.py:183} INFO - Processing /home/airflow/.local/lib/python3.12/site-packages/airflow/example_dags/tutorial_dag.py took 0.028 seconds
[2024-05-30T07:51:01.593+0000] {processor.py:161} INFO - Started process (PID=5997) to work on /home/airflow/.local/lib/python3.12/site-packages/airflow/example_dags/tutorial_dag.py
[2024-05-30T07:51:01.594+0000] {processor.py:830} INFO - Processing file /home/airflow/.local/lib/python3.12/site-packages/airflow/example_dags/tutorial_dag.py for tasks to queue
[2024-05-30T07:51:01.595+0000] {logging_mixin.py:188} INFO - [2024-05-30T07:51:01.594+0000] {dagbag.py:545} INFO - Filling up the DagBag from /home/airflow/.local/lib/python3.12/site-packages/airflow/example_dags/tutorial_dag.py
[2024-05-30T07:51:01.597+0000] {processor.py:840} INFO - DAG(s) 'tutorial_dag' retrieved from /home/airflow/.local/lib/python3.12/site-packages/airflow/example_dags/tutorial_dag.py
[2024-05-30T07:51:01.607+0000] {logging_mixin.py:188} INFO - [2024-05-30T07:51:01.607+0000] {dag.py:3096} INFO - Sync 1 DAGs
[2024-05-30T07:51:01.613+0000] {logging_mixin.py:188} INFO - [2024-05-30T07:51:01.612+0000] {dag.py:3954} INFO - Setting next_dagrun for tutorial_dag to None, run_after=None
[2024-05-30T07:51:01.620+0000] {processor.py:183} INFO - Processing /home/airflow/.local/lib/python3.12/site-packages/airflow/example_dags/tutorial_dag.py took 0.029 seconds
