[2024-05-30T07:40:17.544+0000] {processor.py:161} INFO - Started process (PID=224) to work on /home/airflow/.local/lib/python3.12/site-packages/airflow/example_dags/tutorial.py
[2024-05-30T07:40:17.544+0000] {processor.py:830} INFO - Processing file /home/airflow/.local/lib/python3.12/site-packages/airflow/example_dags/tutorial.py for tasks to queue
[2024-05-30T07:40:17.545+0000] {logging_mixin.py:188} INFO - [2024-05-30T07:40:17.545+0000] {dagbag.py:545} INFO - Filling up the DagBag from /home/airflow/.local/lib/python3.12/site-packages/airflow/example_dags/tutorial.py
[2024-05-30T07:40:17.549+0000] {processor.py:840} INFO - DAG(s) 'tutorial' retrieved from /home/airflow/.local/lib/python3.12/site-packages/airflow/example_dags/tutorial.py
[2024-05-30T07:40:17.597+0000] {logging_mixin.py:188} INFO - [2024-05-30T07:40:17.596+0000] {override.py:1829} INFO - Created Permission View: can delete on DAG:tutorial
[2024-05-30T07:40:17.600+0000] {logging_mixin.py:188} INFO - [2024-05-30T07:40:17.600+0000] {override.py:1829} INFO - Created Permission View: can edit on DAG:tutorial
[2024-05-30T07:40:17.602+0000] {logging_mixin.py:188} INFO - [2024-05-30T07:40:17.602+0000] {override.py:1829} INFO - Created Permission View: can read on DAG:tutorial
[2024-05-30T07:40:17.602+0000] {logging_mixin.py:188} INFO - [2024-05-30T07:40:17.602+0000] {dag.py:3096} INFO - Sync 1 DAGs
[2024-05-30T07:40:17.606+0000] {logging_mixin.py:188} INFO - [2024-05-30T07:40:17.606+0000] {dag.py:3118} INFO - Creating ORM DAG for tutorial
[2024-05-30T07:40:17.612+0000] {logging_mixin.py:188} INFO - [2024-05-30T07:40:17.612+0000] {dag.py:3954} INFO - Setting next_dagrun for tutorial to 2024-05-29 00:00:00+00:00, run_after=2024-05-30 00:00:00+00:00
[2024-05-30T07:40:17.618+0000] {processor.py:183} INFO - Processing /home/airflow/.local/lib/python3.12/site-packages/airflow/example_dags/tutorial.py took 0.077 seconds
[2024-05-30T07:40:47.742+0000] {processor.py:161} INFO - Started process (PID=486) to work on /home/airflow/.local/lib/python3.12/site-packages/airflow/example_dags/tutorial.py
[2024-05-30T07:40:47.742+0000] {processor.py:830} INFO - Processing file /home/airflow/.local/lib/python3.12/site-packages/airflow/example_dags/tutorial.py for tasks to queue
[2024-05-30T07:40:47.744+0000] {logging_mixin.py:188} INFO - [2024-05-30T07:40:47.743+0000] {dagbag.py:545} INFO - Filling up the DagBag from /home/airflow/.local/lib/python3.12/site-packages/airflow/example_dags/tutorial.py
[2024-05-30T07:40:47.747+0000] {processor.py:840} INFO - DAG(s) 'tutorial' retrieved from /home/airflow/.local/lib/python3.12/site-packages/airflow/example_dags/tutorial.py
[2024-05-30T07:40:47.756+0000] {logging_mixin.py:188} INFO - [2024-05-30T07:40:47.756+0000] {dag.py:3096} INFO - Sync 1 DAGs
[2024-05-30T07:40:47.765+0000] {logging_mixin.py:188} INFO - [2024-05-30T07:40:47.765+0000] {dag.py:3954} INFO - Setting next_dagrun for tutorial to 2024-05-29 00:00:00+00:00, run_after=2024-05-30 00:00:00+00:00
[2024-05-30T07:40:47.772+0000] {processor.py:183} INFO - Processing /home/airflow/.local/lib/python3.12/site-packages/airflow/example_dags/tutorial.py took 0.033 seconds
[2024-05-30T07:41:18.330+0000] {processor.py:161} INFO - Started process (PID=748) to work on /home/airflow/.local/lib/python3.12/site-packages/airflow/example_dags/tutorial.py
[2024-05-30T07:41:18.330+0000] {processor.py:830} INFO - Processing file /home/airflow/.local/lib/python3.12/site-packages/airflow/example_dags/tutorial.py for tasks to queue
[2024-05-30T07:41:18.331+0000] {logging_mixin.py:188} INFO - [2024-05-30T07:41:18.331+0000] {dagbag.py:545} INFO - Filling up the DagBag from /home/airflow/.local/lib/python3.12/site-packages/airflow/example_dags/tutorial.py
[2024-05-30T07:41:18.334+0000] {processor.py:840} INFO - DAG(s) 'tutorial' retrieved from /home/airflow/.local/lib/python3.12/site-packages/airflow/example_dags/tutorial.py
[2024-05-30T07:41:18.343+0000] {logging_mixin.py:188} INFO - [2024-05-30T07:41:18.343+0000] {dag.py:3096} INFO - Sync 1 DAGs
[2024-05-30T07:41:18.352+0000] {logging_mixin.py:188} INFO - [2024-05-30T07:41:18.352+0000] {dag.py:3954} INFO - Setting next_dagrun for tutorial to 2024-05-29 00:00:00+00:00, run_after=2024-05-30 00:00:00+00:00
[2024-05-30T07:41:18.359+0000] {processor.py:183} INFO - Processing /home/airflow/.local/lib/python3.12/site-packages/airflow/example_dags/tutorial.py took 0.033 seconds
[2024-05-30T07:41:48.887+0000] {processor.py:161} INFO - Started process (PID=1010) to work on /home/airflow/.local/lib/python3.12/site-packages/airflow/example_dags/tutorial.py
[2024-05-30T07:41:48.887+0000] {processor.py:830} INFO - Processing file /home/airflow/.local/lib/python3.12/site-packages/airflow/example_dags/tutorial.py for tasks to queue
[2024-05-30T07:41:48.888+0000] {logging_mixin.py:188} INFO - [2024-05-30T07:41:48.888+0000] {dagbag.py:545} INFO - Filling up the DagBag from /home/airflow/.local/lib/python3.12/site-packages/airflow/example_dags/tutorial.py
[2024-05-30T07:41:48.891+0000] {processor.py:840} INFO - DAG(s) 'tutorial' retrieved from /home/airflow/.local/lib/python3.12/site-packages/airflow/example_dags/tutorial.py
[2024-05-30T07:41:48.900+0000] {logging_mixin.py:188} INFO - [2024-05-30T07:41:48.900+0000] {dag.py:3096} INFO - Sync 1 DAGs
[2024-05-30T07:41:48.909+0000] {logging_mixin.py:188} INFO - [2024-05-30T07:41:48.909+0000] {dag.py:3954} INFO - Setting next_dagrun for tutorial to 2024-05-29 00:00:00+00:00, run_after=2024-05-30 00:00:00+00:00
[2024-05-30T07:41:48.917+0000] {processor.py:183} INFO - Processing /home/airflow/.local/lib/python3.12/site-packages/airflow/example_dags/tutorial.py took 0.033 seconds
[2024-05-30T07:42:19.544+0000] {processor.py:161} INFO - Started process (PID=1274) to work on /home/airflow/.local/lib/python3.12/site-packages/airflow/example_dags/tutorial.py
[2024-05-30T07:42:19.545+0000] {processor.py:830} INFO - Processing file /home/airflow/.local/lib/python3.12/site-packages/airflow/example_dags/tutorial.py for tasks to queue
[2024-05-30T07:42:19.546+0000] {logging_mixin.py:188} INFO - [2024-05-30T07:42:19.545+0000] {dagbag.py:545} INFO - Filling up the DagBag from /home/airflow/.local/lib/python3.12/site-packages/airflow/example_dags/tutorial.py
[2024-05-30T07:42:19.548+0000] {processor.py:840} INFO - DAG(s) 'tutorial' retrieved from /home/airflow/.local/lib/python3.12/site-packages/airflow/example_dags/tutorial.py
[2024-05-30T07:42:19.558+0000] {logging_mixin.py:188} INFO - [2024-05-30T07:42:19.558+0000] {dag.py:3096} INFO - Sync 1 DAGs
[2024-05-30T07:42:19.567+0000] {logging_mixin.py:188} INFO - [2024-05-30T07:42:19.567+0000] {dag.py:3954} INFO - Setting next_dagrun for tutorial to 2024-05-29 00:00:00+00:00, run_after=2024-05-30 00:00:00+00:00
[2024-05-30T07:42:19.574+0000] {processor.py:183} INFO - Processing /home/airflow/.local/lib/python3.12/site-packages/airflow/example_dags/tutorial.py took 0.032 seconds
[2024-05-30T07:42:50.146+0000] {processor.py:161} INFO - Started process (PID=1534) to work on /home/airflow/.local/lib/python3.12/site-packages/airflow/example_dags/tutorial.py
[2024-05-30T07:42:50.146+0000] {processor.py:830} INFO - Processing file /home/airflow/.local/lib/python3.12/site-packages/airflow/example_dags/tutorial.py for tasks to queue
[2024-05-30T07:42:50.147+0000] {logging_mixin.py:188} INFO - [2024-05-30T07:42:50.147+0000] {dagbag.py:545} INFO - Filling up the DagBag from /home/airflow/.local/lib/python3.12/site-packages/airflow/example_dags/tutorial.py
[2024-05-30T07:42:50.150+0000] {processor.py:840} INFO - DAG(s) 'tutorial' retrieved from /home/airflow/.local/lib/python3.12/site-packages/airflow/example_dags/tutorial.py
[2024-05-30T07:42:50.159+0000] {logging_mixin.py:188} INFO - [2024-05-30T07:42:50.159+0000] {dag.py:3096} INFO - Sync 1 DAGs
[2024-05-30T07:42:50.168+0000] {logging_mixin.py:188} INFO - [2024-05-30T07:42:50.168+0000] {dag.py:3954} INFO - Setting next_dagrun for tutorial to 2024-05-29 00:00:00+00:00, run_after=2024-05-30 00:00:00+00:00
[2024-05-30T07:42:50.175+0000] {processor.py:183} INFO - Processing /home/airflow/.local/lib/python3.12/site-packages/airflow/example_dags/tutorial.py took 0.032 seconds
[2024-05-30T07:43:20.238+0000] {processor.py:161} INFO - Started process (PID=1796) to work on /home/airflow/.local/lib/python3.12/site-packages/airflow/example_dags/tutorial.py
[2024-05-30T07:43:20.238+0000] {processor.py:830} INFO - Processing file /home/airflow/.local/lib/python3.12/site-packages/airflow/example_dags/tutorial.py for tasks to queue
[2024-05-30T07:43:20.239+0000] {logging_mixin.py:188} INFO - [2024-05-30T07:43:20.239+0000] {dagbag.py:545} INFO - Filling up the DagBag from /home/airflow/.local/lib/python3.12/site-packages/airflow/example_dags/tutorial.py
[2024-05-30T07:43:20.242+0000] {processor.py:840} INFO - DAG(s) 'tutorial' retrieved from /home/airflow/.local/lib/python3.12/site-packages/airflow/example_dags/tutorial.py
[2024-05-30T07:43:20.251+0000] {logging_mixin.py:188} INFO - [2024-05-30T07:43:20.251+0000] {dag.py:3096} INFO - Sync 1 DAGs
[2024-05-30T07:43:20.259+0000] {logging_mixin.py:188} INFO - [2024-05-30T07:43:20.259+0000] {dag.py:3954} INFO - Setting next_dagrun for tutorial to 2024-05-29 00:00:00+00:00, run_after=2024-05-30 00:00:00+00:00
[2024-05-30T07:43:20.266+0000] {processor.py:183} INFO - Processing /home/airflow/.local/lib/python3.12/site-packages/airflow/example_dags/tutorial.py took 0.031 seconds
[2024-05-30T07:43:51.028+0000] {processor.py:161} INFO - Started process (PID=2060) to work on /home/airflow/.local/lib/python3.12/site-packages/airflow/example_dags/tutorial.py
[2024-05-30T07:43:51.028+0000] {processor.py:830} INFO - Processing file /home/airflow/.local/lib/python3.12/site-packages/airflow/example_dags/tutorial.py for tasks to queue
[2024-05-30T07:43:51.029+0000] {logging_mixin.py:188} INFO - [2024-05-30T07:43:51.029+0000] {dagbag.py:545} INFO - Filling up the DagBag from /home/airflow/.local/lib/python3.12/site-packages/airflow/example_dags/tutorial.py
[2024-05-30T07:43:51.033+0000] {processor.py:840} INFO - DAG(s) 'tutorial' retrieved from /home/airflow/.local/lib/python3.12/site-packages/airflow/example_dags/tutorial.py
[2024-05-30T07:43:51.043+0000] {logging_mixin.py:188} INFO - [2024-05-30T07:43:51.043+0000] {dag.py:3096} INFO - Sync 1 DAGs
[2024-05-30T07:43:51.052+0000] {logging_mixin.py:188} INFO - [2024-05-30T07:43:51.052+0000] {dag.py:3954} INFO - Setting next_dagrun for tutorial to 2024-05-29 00:00:00+00:00, run_after=2024-05-30 00:00:00+00:00
[2024-05-30T07:43:51.059+0000] {processor.py:183} INFO - Processing /home/airflow/.local/lib/python3.12/site-packages/airflow/example_dags/tutorial.py took 0.034 seconds
[2024-05-30T07:44:21.787+0000] {processor.py:161} INFO - Started process (PID=2320) to work on /home/airflow/.local/lib/python3.12/site-packages/airflow/example_dags/tutorial.py
[2024-05-30T07:44:21.787+0000] {processor.py:830} INFO - Processing file /home/airflow/.local/lib/python3.12/site-packages/airflow/example_dags/tutorial.py for tasks to queue
[2024-05-30T07:44:21.788+0000] {logging_mixin.py:188} INFO - [2024-05-30T07:44:21.788+0000] {dagbag.py:545} INFO - Filling up the DagBag from /home/airflow/.local/lib/python3.12/site-packages/airflow/example_dags/tutorial.py
[2024-05-30T07:44:21.791+0000] {processor.py:840} INFO - DAG(s) 'tutorial' retrieved from /home/airflow/.local/lib/python3.12/site-packages/airflow/example_dags/tutorial.py
[2024-05-30T07:44:21.800+0000] {logging_mixin.py:188} INFO - [2024-05-30T07:44:21.800+0000] {dag.py:3096} INFO - Sync 1 DAGs
[2024-05-30T07:44:21.809+0000] {logging_mixin.py:188} INFO - [2024-05-30T07:44:21.809+0000] {dag.py:3954} INFO - Setting next_dagrun for tutorial to 2024-05-29 00:00:00+00:00, run_after=2024-05-30 00:00:00+00:00
[2024-05-30T07:44:21.816+0000] {processor.py:183} INFO - Processing /home/airflow/.local/lib/python3.12/site-packages/airflow/example_dags/tutorial.py took 0.032 seconds
[2024-05-30T07:44:52.541+0000] {processor.py:161} INFO - Started process (PID=2584) to work on /home/airflow/.local/lib/python3.12/site-packages/airflow/example_dags/tutorial.py
[2024-05-30T07:44:52.542+0000] {processor.py:830} INFO - Processing file /home/airflow/.local/lib/python3.12/site-packages/airflow/example_dags/tutorial.py for tasks to queue
[2024-05-30T07:44:52.543+0000] {logging_mixin.py:188} INFO - [2024-05-30T07:44:52.542+0000] {dagbag.py:545} INFO - Filling up the DagBag from /home/airflow/.local/lib/python3.12/site-packages/airflow/example_dags/tutorial.py
[2024-05-30T07:44:52.546+0000] {processor.py:840} INFO - DAG(s) 'tutorial' retrieved from /home/airflow/.local/lib/python3.12/site-packages/airflow/example_dags/tutorial.py
[2024-05-30T07:44:52.556+0000] {logging_mixin.py:188} INFO - [2024-05-30T07:44:52.556+0000] {dag.py:3096} INFO - Sync 1 DAGs
[2024-05-30T07:44:52.565+0000] {logging_mixin.py:188} INFO - [2024-05-30T07:44:52.565+0000] {dag.py:3954} INFO - Setting next_dagrun for tutorial to 2024-05-29 00:00:00+00:00, run_after=2024-05-30 00:00:00+00:00
[2024-05-30T07:44:52.572+0000] {processor.py:183} INFO - Processing /home/airflow/.local/lib/python3.12/site-packages/airflow/example_dags/tutorial.py took 0.034 seconds
[2024-05-30T07:45:23.214+0000] {processor.py:161} INFO - Started process (PID=2844) to work on /home/airflow/.local/lib/python3.12/site-packages/airflow/example_dags/tutorial.py
[2024-05-30T07:45:23.214+0000] {processor.py:830} INFO - Processing file /home/airflow/.local/lib/python3.12/site-packages/airflow/example_dags/tutorial.py for tasks to queue
[2024-05-30T07:45:23.215+0000] {logging_mixin.py:188} INFO - [2024-05-30T07:45:23.215+0000] {dagbag.py:545} INFO - Filling up the DagBag from /home/airflow/.local/lib/python3.12/site-packages/airflow/example_dags/tutorial.py
[2024-05-30T07:45:23.219+0000] {processor.py:840} INFO - DAG(s) 'tutorial' retrieved from /home/airflow/.local/lib/python3.12/site-packages/airflow/example_dags/tutorial.py
[2024-05-30T07:45:23.229+0000] {logging_mixin.py:188} INFO - [2024-05-30T07:45:23.229+0000] {dag.py:3096} INFO - Sync 1 DAGs
[2024-05-30T07:45:23.238+0000] {logging_mixin.py:188} INFO - [2024-05-30T07:45:23.238+0000] {dag.py:3954} INFO - Setting next_dagrun for tutorial to 2024-05-29 00:00:00+00:00, run_after=2024-05-30 00:00:00+00:00
[2024-05-30T07:45:23.246+0000] {processor.py:183} INFO - Processing /home/airflow/.local/lib/python3.12/site-packages/airflow/example_dags/tutorial.py took 0.035 seconds
[2024-05-30T07:45:53.490+0000] {processor.py:161} INFO - Started process (PID=3106) to work on /home/airflow/.local/lib/python3.12/site-packages/airflow/example_dags/tutorial.py
[2024-05-30T07:45:53.491+0000] {processor.py:830} INFO - Processing file /home/airflow/.local/lib/python3.12/site-packages/airflow/example_dags/tutorial.py for tasks to queue
[2024-05-30T07:45:53.492+0000] {logging_mixin.py:188} INFO - [2024-05-30T07:45:53.492+0000] {dagbag.py:545} INFO - Filling up the DagBag from /home/airflow/.local/lib/python3.12/site-packages/airflow/example_dags/tutorial.py
[2024-05-30T07:45:53.495+0000] {processor.py:840} INFO - DAG(s) 'tutorial' retrieved from /home/airflow/.local/lib/python3.12/site-packages/airflow/example_dags/tutorial.py
[2024-05-30T07:45:53.505+0000] {logging_mixin.py:188} INFO - [2024-05-30T07:45:53.505+0000] {dag.py:3096} INFO - Sync 1 DAGs
[2024-05-30T07:45:53.518+0000] {logging_mixin.py:188} INFO - [2024-05-30T07:45:53.518+0000] {dag.py:3954} INFO - Setting next_dagrun for tutorial to 2024-05-29 00:00:00+00:00, run_after=2024-05-30 00:00:00+00:00
[2024-05-30T07:45:53.528+0000] {processor.py:183} INFO - Processing /home/airflow/.local/lib/python3.12/site-packages/airflow/example_dags/tutorial.py took 0.041 seconds
[2024-05-30T07:46:24.196+0000] {processor.py:161} INFO - Started process (PID=3370) to work on /home/airflow/.local/lib/python3.12/site-packages/airflow/example_dags/tutorial.py
[2024-05-30T07:46:24.197+0000] {processor.py:830} INFO - Processing file /home/airflow/.local/lib/python3.12/site-packages/airflow/example_dags/tutorial.py for tasks to queue
[2024-05-30T07:46:24.198+0000] {logging_mixin.py:188} INFO - [2024-05-30T07:46:24.197+0000] {dagbag.py:545} INFO - Filling up the DagBag from /home/airflow/.local/lib/python3.12/site-packages/airflow/example_dags/tutorial.py
[2024-05-30T07:46:24.201+0000] {processor.py:840} INFO - DAG(s) 'tutorial' retrieved from /home/airflow/.local/lib/python3.12/site-packages/airflow/example_dags/tutorial.py
[2024-05-30T07:46:24.211+0000] {logging_mixin.py:188} INFO - [2024-05-30T07:46:24.210+0000] {dag.py:3096} INFO - Sync 1 DAGs
[2024-05-30T07:46:24.219+0000] {logging_mixin.py:188} INFO - [2024-05-30T07:46:24.219+0000] {dag.py:3954} INFO - Setting next_dagrun for tutorial to 2024-05-29 00:00:00+00:00, run_after=2024-05-30 00:00:00+00:00
[2024-05-30T07:46:24.226+0000] {processor.py:183} INFO - Processing /home/airflow/.local/lib/python3.12/site-packages/airflow/example_dags/tutorial.py took 0.033 seconds
[2024-05-30T07:46:54.809+0000] {processor.py:161} INFO - Started process (PID=3778) to work on /home/airflow/.local/lib/python3.12/site-packages/airflow/example_dags/tutorial.py
[2024-05-30T07:46:54.809+0000] {processor.py:830} INFO - Processing file /home/airflow/.local/lib/python3.12/site-packages/airflow/example_dags/tutorial.py for tasks to queue
[2024-05-30T07:46:54.810+0000] {logging_mixin.py:188} INFO - [2024-05-30T07:46:54.810+0000] {dagbag.py:545} INFO - Filling up the DagBag from /home/airflow/.local/lib/python3.12/site-packages/airflow/example_dags/tutorial.py
[2024-05-30T07:46:54.813+0000] {processor.py:840} INFO - DAG(s) 'tutorial' retrieved from /home/airflow/.local/lib/python3.12/site-packages/airflow/example_dags/tutorial.py
[2024-05-30T07:46:54.822+0000] {logging_mixin.py:188} INFO - [2024-05-30T07:46:54.822+0000] {dag.py:3096} INFO - Sync 1 DAGs
[2024-05-30T07:46:54.831+0000] {logging_mixin.py:188} INFO - [2024-05-30T07:46:54.831+0000] {dag.py:3954} INFO - Setting next_dagrun for tutorial to 2024-05-29 00:00:00+00:00, run_after=2024-05-30 00:00:00+00:00
[2024-05-30T07:46:54.839+0000] {processor.py:183} INFO - Processing /home/airflow/.local/lib/python3.12/site-packages/airflow/example_dags/tutorial.py took 0.033 seconds
[2024-05-30T07:47:25.571+0000] {processor.py:161} INFO - Started process (PID=4040) to work on /home/airflow/.local/lib/python3.12/site-packages/airflow/example_dags/tutorial.py
[2024-05-30T07:47:25.572+0000] {processor.py:830} INFO - Processing file /home/airflow/.local/lib/python3.12/site-packages/airflow/example_dags/tutorial.py for tasks to queue
[2024-05-30T07:47:25.573+0000] {logging_mixin.py:188} INFO - [2024-05-30T07:47:25.573+0000] {dagbag.py:545} INFO - Filling up the DagBag from /home/airflow/.local/lib/python3.12/site-packages/airflow/example_dags/tutorial.py
[2024-05-30T07:47:25.576+0000] {processor.py:840} INFO - DAG(s) 'tutorial' retrieved from /home/airflow/.local/lib/python3.12/site-packages/airflow/example_dags/tutorial.py
[2024-05-30T07:47:25.586+0000] {logging_mixin.py:188} INFO - [2024-05-30T07:47:25.586+0000] {dag.py:3096} INFO - Sync 1 DAGs
[2024-05-30T07:47:25.595+0000] {logging_mixin.py:188} INFO - [2024-05-30T07:47:25.595+0000] {dag.py:3954} INFO - Setting next_dagrun for tutorial to 2024-05-29 00:00:00+00:00, run_after=2024-05-30 00:00:00+00:00
[2024-05-30T07:47:25.603+0000] {processor.py:183} INFO - Processing /home/airflow/.local/lib/python3.12/site-packages/airflow/example_dags/tutorial.py took 0.035 seconds
[2024-05-30T07:47:56.217+0000] {processor.py:161} INFO - Started process (PID=4302) to work on /home/airflow/.local/lib/python3.12/site-packages/airflow/example_dags/tutorial.py
[2024-05-30T07:47:56.217+0000] {processor.py:830} INFO - Processing file /home/airflow/.local/lib/python3.12/site-packages/airflow/example_dags/tutorial.py for tasks to queue
[2024-05-30T07:47:56.218+0000] {logging_mixin.py:188} INFO - [2024-05-30T07:47:56.218+0000] {dagbag.py:545} INFO - Filling up the DagBag from /home/airflow/.local/lib/python3.12/site-packages/airflow/example_dags/tutorial.py
[2024-05-30T07:47:56.221+0000] {processor.py:840} INFO - DAG(s) 'tutorial' retrieved from /home/airflow/.local/lib/python3.12/site-packages/airflow/example_dags/tutorial.py
[2024-05-30T07:47:56.231+0000] {logging_mixin.py:188} INFO - [2024-05-30T07:47:56.231+0000] {dag.py:3096} INFO - Sync 1 DAGs
[2024-05-30T07:47:56.240+0000] {logging_mixin.py:188} INFO - [2024-05-30T07:47:56.240+0000] {dag.py:3954} INFO - Setting next_dagrun for tutorial to 2024-05-29 00:00:00+00:00, run_after=2024-05-30 00:00:00+00:00
[2024-05-30T07:47:56.248+0000] {processor.py:183} INFO - Processing /home/airflow/.local/lib/python3.12/site-packages/airflow/example_dags/tutorial.py took 0.034 seconds
[2024-05-30T07:48:26.952+0000] {processor.py:161} INFO - Started process (PID=4564) to work on /home/airflow/.local/lib/python3.12/site-packages/airflow/example_dags/tutorial.py
[2024-05-30T07:48:26.952+0000] {processor.py:830} INFO - Processing file /home/airflow/.local/lib/python3.12/site-packages/airflow/example_dags/tutorial.py for tasks to queue
[2024-05-30T07:48:26.953+0000] {logging_mixin.py:188} INFO - [2024-05-30T07:48:26.953+0000] {dagbag.py:545} INFO - Filling up the DagBag from /home/airflow/.local/lib/python3.12/site-packages/airflow/example_dags/tutorial.py
[2024-05-30T07:48:26.956+0000] {processor.py:840} INFO - DAG(s) 'tutorial' retrieved from /home/airflow/.local/lib/python3.12/site-packages/airflow/example_dags/tutorial.py
[2024-05-30T07:48:26.966+0000] {logging_mixin.py:188} INFO - [2024-05-30T07:48:26.965+0000] {dag.py:3096} INFO - Sync 1 DAGs
[2024-05-30T07:48:26.975+0000] {logging_mixin.py:188} INFO - [2024-05-30T07:48:26.975+0000] {dag.py:3954} INFO - Setting next_dagrun for tutorial to 2024-05-29 00:00:00+00:00, run_after=2024-05-30 00:00:00+00:00
[2024-05-30T07:48:26.982+0000] {processor.py:183} INFO - Processing /home/airflow/.local/lib/python3.12/site-packages/airflow/example_dags/tutorial.py took 0.033 seconds
[2024-05-30T07:48:57.078+0000] {processor.py:161} INFO - Started process (PID=4828) to work on /home/airflow/.local/lib/python3.12/site-packages/airflow/example_dags/tutorial.py
[2024-05-30T07:48:57.078+0000] {processor.py:830} INFO - Processing file /home/airflow/.local/lib/python3.12/site-packages/airflow/example_dags/tutorial.py for tasks to queue
[2024-05-30T07:48:57.079+0000] {logging_mixin.py:188} INFO - [2024-05-30T07:48:57.079+0000] {dagbag.py:545} INFO - Filling up the DagBag from /home/airflow/.local/lib/python3.12/site-packages/airflow/example_dags/tutorial.py
[2024-05-30T07:48:57.082+0000] {processor.py:840} INFO - DAG(s) 'tutorial' retrieved from /home/airflow/.local/lib/python3.12/site-packages/airflow/example_dags/tutorial.py
[2024-05-30T07:48:57.091+0000] {logging_mixin.py:188} INFO - [2024-05-30T07:48:57.091+0000] {dag.py:3096} INFO - Sync 1 DAGs
[2024-05-30T07:48:57.100+0000] {logging_mixin.py:188} INFO - [2024-05-30T07:48:57.100+0000] {dag.py:3954} INFO - Setting next_dagrun for tutorial to 2024-05-29 00:00:00+00:00, run_after=2024-05-30 00:00:00+00:00
[2024-05-30T07:48:57.107+0000] {processor.py:183} INFO - Processing /home/airflow/.local/lib/python3.12/site-packages/airflow/example_dags/tutorial.py took 0.031 seconds
[2024-05-30T07:49:27.774+0000] {processor.py:161} INFO - Started process (PID=5088) to work on /home/airflow/.local/lib/python3.12/site-packages/airflow/example_dags/tutorial.py
[2024-05-30T07:49:27.775+0000] {processor.py:830} INFO - Processing file /home/airflow/.local/lib/python3.12/site-packages/airflow/example_dags/tutorial.py for tasks to queue
[2024-05-30T07:49:27.775+0000] {logging_mixin.py:188} INFO - [2024-05-30T07:49:27.775+0000] {dagbag.py:545} INFO - Filling up the DagBag from /home/airflow/.local/lib/python3.12/site-packages/airflow/example_dags/tutorial.py
[2024-05-30T07:49:27.779+0000] {processor.py:840} INFO - DAG(s) 'tutorial' retrieved from /home/airflow/.local/lib/python3.12/site-packages/airflow/example_dags/tutorial.py
[2024-05-30T07:49:27.788+0000] {logging_mixin.py:188} INFO - [2024-05-30T07:49:27.788+0000] {dag.py:3096} INFO - Sync 1 DAGs
[2024-05-30T07:49:27.796+0000] {logging_mixin.py:188} INFO - [2024-05-30T07:49:27.796+0000] {dag.py:3954} INFO - Setting next_dagrun for tutorial to 2024-05-29 00:00:00+00:00, run_after=2024-05-30 00:00:00+00:00
[2024-05-30T07:49:27.804+0000] {processor.py:183} INFO - Processing /home/airflow/.local/lib/python3.12/site-packages/airflow/example_dags/tutorial.py took 0.033 seconds
