[2024-05-30T07:46:35.712+0000] {local_task_job_runner.py:120} INFO - ::group::Pre task execution logs
[2024-05-30T07:46:35.750+0000] {taskinstance.py:2076} INFO - Dependencies all met for dep_context=non-requeueable deps ti=<TaskInstance: example_complex.update_tag_template manual__2024-05-30T07:46:29.496104+00:00 [queued]>
[2024-05-30T07:46:35.759+0000] {taskinstance.py:2076} INFO - Dependencies all met for dep_context=requeueable deps ti=<TaskInstance: example_complex.update_tag_template manual__2024-05-30T07:46:29.496104+00:00 [queued]>
[2024-05-30T07:46:35.761+0000] {taskinstance.py:2306} INFO - Starting attempt 1 of 1
[2024-05-30T07:46:35.768+0000] {taskinstance.py:2330} INFO - Executing <Task(BashOperator): update_tag_template> on 2024-05-30 07:46:29.496104+00:00
[2024-05-30T07:46:35.774+0000] {logging_mixin.py:188} WARNING - /home/***/.local/lib/python3.12/site-packages/***/task/task_runner/standard_task_runner.py:61 DeprecationWarning: This process (pid=3611) is multi-threaded, use of fork() may lead to deadlocks in the child.
[2024-05-30T07:46:35.775+0000] {standard_task_runner.py:63} INFO - Started process 3629 to run task
[2024-05-30T07:46:35.777+0000] {standard_task_runner.py:90} INFO - Running: ['***', 'tasks', 'run', 'example_complex', 'update_tag_template', 'manual__2024-05-30T07:46:29.496104+00:00', '--job-id', '18', '--raw', '--subdir', '/home/***/.local/lib/python3.12/site-packages/***/example_dags/example_complex.py', '--cfg-path', '/tmp/tmpfo442y_i']
[2024-05-30T07:46:35.779+0000] {standard_task_runner.py:91} INFO - Job 18: Subtask update_tag_template
[2024-05-30T07:46:35.816+0000] {task_command.py:426} INFO - Running <TaskInstance: example_complex.update_tag_template manual__2024-05-30T07:46:29.496104+00:00 [running]> on host fc2d9abb473f
[2024-05-30T07:46:35.887+0000] {taskinstance.py:2648} INFO - Exporting env vars: AIRFLOW_CTX_DAG_OWNER='***' AIRFLOW_CTX_DAG_ID='example_complex' AIRFLOW_CTX_TASK_ID='update_tag_template' AIRFLOW_CTX_EXECUTION_DATE='2024-05-30T07:46:29.496104+00:00' AIRFLOW_CTX_TRY_NUMBER='1' AIRFLOW_CTX_DAG_RUN_ID='manual__2024-05-30T07:46:29.496104+00:00'
[2024-05-30T07:46:35.898+0000] {taskinstance.py:430} INFO - ::endgroup::
[2024-05-30T07:46:35.909+0000] {subprocess.py:63} INFO - Tmp dir root location: /tmp
[2024-05-30T07:46:35.926+0000] {subprocess.py:75} INFO - Running command: ['/usr/bin/bash', '-c', 'echo update_tag_template']
[2024-05-30T07:46:35.953+0000] {subprocess.py:86} INFO - Output:
[2024-05-30T07:46:35.957+0000] {subprocess.py:93} INFO - update_tag_template
[2024-05-30T07:46:35.959+0000] {subprocess.py:97} INFO - Command exited with return code 0
[2024-05-30T07:46:35.960+0000] {taskinstance.py:441} INFO - ::group::Post task execution logs
[2024-05-30T07:46:36.055+0000] {taskinstance.py:1206} INFO - Marking task as SUCCESS. dag_id=example_complex, task_id=update_tag_template, run_id=manual__2024-05-30T07:46:29.496104+00:00, execution_date=20240530T074629, start_date=20240530T074635, end_date=20240530T074636
[2024-05-30T07:46:36.204+0000] {local_task_job_runner.py:240} INFO - Task exited with return code 0
[2024-05-30T07:46:36.236+0000] {taskinstance.py:3498} INFO - 0 downstream tasks scheduled from follow-on schedule check
[2024-05-30T07:46:36.236+0000] {local_task_job_runner.py:222} INFO - ::endgroup::
