[2024-05-30T07:46:33.483+0000] {local_task_job_runner.py:120} INFO - ::group::Pre task execution logs
[2024-05-30T07:46:33.534+0000] {taskinstance.py:2076} INFO - Dependencies all met for dep_context=non-requeueable deps ti=<TaskInstance: example_complex.create_entry_gcs_result2 manual__2024-05-30T07:46:29.496104+00:00 [queued]>
[2024-05-30T07:46:33.552+0000] {taskinstance.py:2076} INFO - Dependencies all met for dep_context=requeueable deps ti=<TaskInstance: example_complex.create_entry_gcs_result2 manual__2024-05-30T07:46:29.496104+00:00 [queued]>
[2024-05-30T07:46:33.552+0000] {taskinstance.py:2306} INFO - Starting attempt 1 of 1
[2024-05-30T07:46:33.559+0000] {taskinstance.py:2330} INFO - Executing <Task(BashOperator): create_entry_gcs_result2> on 2024-05-30 07:46:29.496104+00:00
[2024-05-30T07:46:33.568+0000] {logging_mixin.py:188} WARNING - /home/***/.local/lib/python3.12/site-packages/***/task/task_runner/standard_task_runner.py:61 DeprecationWarning: This process (pid=3583) is multi-threaded, use of fork() may lead to deadlocks in the child.
[2024-05-30T07:46:33.581+0000] {standard_task_runner.py:63} INFO - Started process 3596 to run task
[2024-05-30T07:46:33.578+0000] {standard_task_runner.py:90} INFO - Running: ['***', 'tasks', 'run', 'example_complex', 'create_entry_gcs_result2', 'manual__2024-05-30T07:46:29.496104+00:00', '--job-id', '8', '--raw', '--subdir', '/home/***/.local/lib/python3.12/site-packages/***/example_dags/example_complex.py', '--cfg-path', '/tmp/tmpa6spkbh1']
[2024-05-30T07:46:33.589+0000] {standard_task_runner.py:91} INFO - Job 8: Subtask create_entry_gcs_result2
[2024-05-30T07:46:33.657+0000] {task_command.py:426} INFO - Running <TaskInstance: example_complex.create_entry_gcs_result2 manual__2024-05-30T07:46:29.496104+00:00 [running]> on host fc2d9abb473f
[2024-05-30T07:46:33.720+0000] {taskinstance.py:2648} INFO - Exporting env vars: AIRFLOW_CTX_DAG_OWNER='***' AIRFLOW_CTX_DAG_ID='example_complex' AIRFLOW_CTX_TASK_ID='create_entry_gcs_result2' AIRFLOW_CTX_EXECUTION_DATE='2024-05-30T07:46:29.496104+00:00' AIRFLOW_CTX_TRY_NUMBER='1' AIRFLOW_CTX_DAG_RUN_ID='manual__2024-05-30T07:46:29.496104+00:00'
[2024-05-30T07:46:33.723+0000] {taskinstance.py:430} INFO - ::endgroup::
[2024-05-30T07:46:33.724+0000] {subprocess.py:63} INFO - Tmp dir root location: /tmp
[2024-05-30T07:46:33.726+0000] {subprocess.py:75} INFO - Running command: ['/usr/bin/bash', '-c', 'echo create_entry_gcs_result2']
[2024-05-30T07:46:33.742+0000] {subprocess.py:86} INFO - Output:
[2024-05-30T07:46:33.745+0000] {subprocess.py:93} INFO - create_entry_gcs_result2
[2024-05-30T07:46:33.747+0000] {subprocess.py:97} INFO - Command exited with return code 0
[2024-05-30T07:46:33.748+0000] {taskinstance.py:441} INFO - ::group::Post task execution logs
[2024-05-30T07:46:33.766+0000] {taskinstance.py:1206} INFO - Marking task as SUCCESS. dag_id=example_complex, task_id=create_entry_gcs_result2, run_id=manual__2024-05-30T07:46:29.496104+00:00, execution_date=20240530T074629, start_date=20240530T074633, end_date=20240530T074633
[2024-05-30T07:46:33.797+0000] {local_task_job_runner.py:240} INFO - Task exited with return code 0
[2024-05-30T07:46:33.808+0000] {taskinstance.py:3498} INFO - 0 downstream tasks scheduled from follow-on schedule check
[2024-05-30T07:46:33.810+0000] {local_task_job_runner.py:222} INFO - ::endgroup::
